
           ___      .______        ______  __    __  .______      
          /   \     |   _  \      /      ||  |  |  | |   _  \     
         /  ^  \    |  |_)  |    |  ,----'|  |__|  | |  |_)  |    
        /  /_\  \   |      /     |  |     |   __   | |      /     
       /  _____  \  |  |\  \\___ |  `----.|  |  |  | |  |\  \\___.
      /__/     \__\ | _| `._____| \______||__|  |__| | _| `._____|
    
Logging With ArchR!

Start Time : 2022-04-11 21:14:32

------- ArchR Info

ArchRThreads = 1
ArchRGenome = Hg19

------- System Info

Computer OS = unix
Total Cores = 16

------- Session Info

R version 4.1.3 (2022-03-10)
Platform: x86_64-pc-linux-gnu (64-bit)
Running under: Ubuntu 20.04.4 LTS

Matrix products: default
BLAS:   /usr/lib/x86_64-linux-gnu/blas/libblas.so.3.9.0
LAPACK: /usr/lib/x86_64-linux-gnu/lapack/liblapack.so.3.9.0

locale:
 [1] LC_CTYPE=en_US.UTF-8       LC_NUMERIC=C               LC_TIME=en_US.UTF-8       
 [4] LC_COLLATE=en_US.UTF-8     LC_MONETARY=en_US.UTF-8    LC_MESSAGES=en_US.UTF-8   
 [7] LC_PAPER=en_US.UTF-8       LC_NAME=C                  LC_ADDRESS=C              
[10] LC_TELEPHONE=C             LC_MEASUREMENT=en_US.UTF-8 LC_IDENTIFICATION=C       

attached base packages:
[1] parallel  stats4    stats     graphics  grDevices utils     datasets  methods  
[9] base     

other attached packages:
 [1] Rsamtools_2.8.0                   BSgenome.Hsapiens.UCSC.hg19_1.4.3
 [3] BSgenome_1.60.0                   rtracklayer_1.52.1               
 [5] Biostrings_2.60.2                 XVector_0.32.0                   
 [7] ArchR_1.0.1                       rhdf5_2.36.0                     
 [9] Matrix_1.4-1                      data.table_1.14.2                
[11] ggside_0.2.0                      scater_1.20.1                    
[13] scran_1.20.1                      scuttle_1.2.1                    
[15] SingleCellExperiment_1.14.1       SummarizedExperiment_1.22.0      
[17] Biobase_2.52.0                    GenomicRanges_1.44.0             
[19] GenomeInfoDb_1.28.4               IRanges_2.26.0                   
[21] S4Vectors_0.30.2                  BiocGenerics_0.38.0              
[23] scDblFinder_1.6.0                 sparseMatrixStats_1.4.2          
[25] MatrixGenerics_1.4.3              matrixStats_0.61.0               
[27] magrittr_2.0.3                    forcats_0.5.1                    
[29] stringr_1.4.0                     dplyr_1.0.8                      
[31] purrr_0.3.4                       readr_2.1.2                      
[33] tidyr_1.2.0                       tibble_3.1.6                     
[35] ggplot2_3.3.5                     tidyverse_1.3.1                  
[37] reticulate_1.24                  

loaded via a namespace (and not attached):
  [1] utf8_1.2.2                tidyselect_1.1.2          htmlwidgets_1.5.4        
  [4] grid_4.1.3                BiocParallel_1.26.2       Rtsne_0.15               
  [7] munsell_0.5.0             ScaledMatrix_1.0.0        codetools_0.2-18         
 [10] ica_1.0-2                 statmod_1.4.36            xgboost_1.5.2.1          
 [13] future_1.24.0             miniUI_0.1.1.1            withr_2.5.0              
 [16] spatstat.random_2.2-0     colorspace_2.0-3          knitr_1.38               
 [19] rstudioapi_0.13           Seurat_4.1.0              ROCR_1.0-11              
 [22] tensor_1.5                listenv_0.8.0             labeling_0.4.2           
 [25] GenomeInfoDbData_1.2.6    polyclip_1.10-0           farver_2.1.0             
 [28] bit64_4.0.5               parallelly_1.31.0         vctrs_0.4.0              
 [31] generics_0.1.2            xfun_0.30                 R6_2.5.1                 
 [34] ggbeeswarm_0.6.0          rsvd_1.0.5                locfit_1.5-9.5           
 [37] hdf5r_1.3.5               rhdf5filters_1.4.0        bitops_1.0-7             
 [40] spatstat.utils_2.3-0      DelayedArray_0.18.0       assertthat_0.2.1         
 [43] BiocIO_1.2.0              vroom_1.5.7               promises_1.2.0.1         
 [46] scales_1.1.1              beeswarm_0.4.0            gtable_0.3.0             
 [49] beachmat_2.8.1            Cairo_1.5-15              globals_0.14.0           
 [52] goftest_1.2-3             rlang_1.0.2               splines_4.1.3            
 [55] lazyeval_0.2.2            spatstat.geom_2.4-0       broom_0.7.12             
 [58] yaml_2.3.5                reshape2_1.4.4            abind_1.4-5              
 [61] modelr_0.1.8              backports_1.4.1           httpuv_1.6.5             
 [64] tools_4.1.3               ellipsis_0.3.2            spatstat.core_2.4-2      
 [67] RColorBrewer_1.1-3        ggridges_0.5.3            Rcpp_1.0.8.3             
 [70] plyr_1.8.7                zlibbioc_1.38.0           RCurl_1.98-1.6           
 [73] rpart_4.1.16              deldir_1.0-6              pbapply_1.5-0            
 [76] viridis_0.6.2             cowplot_1.1.1             zoo_1.8-9                
 [79] SeuratObject_4.0.4        haven_2.4.3               ggrepel_0.9.1            
 [82] cluster_2.1.3             fs_1.5.2                  RSpectra_0.16-0          
 [85] scattermore_0.8           lmtest_0.9-40             reprex_2.0.1             
 [88] RANN_2.6.1                fitdistrplus_1.1-8        hms_1.1.1                
 [91] patchwork_1.1.1           mime_0.12                 evaluate_0.15            
 [94] xtable_1.8-4              XML_3.99-0.9              readxl_1.4.0             
 [97] gridExtra_2.3             compiler_4.1.3            KernSmooth_2.23-20       
[100] crayon_1.5.1              htmltools_0.5.2           mgcv_1.8-40              
[103] later_1.3.0               tzdb_0.3.0                lubridate_1.8.0          
[106] DBI_1.1.2                 dbplyr_2.1.1              MASS_7.3-56              
[109] cli_3.2.0                 metapod_1.0.0             igraph_1.3.0             
[112] pkgconfig_2.0.3           GenomicAlignments_1.28.0  plotly_4.10.0            
[115] spatstat.sparse_2.1-0     xml2_1.3.3                vipor_0.4.5              
[118] dqrng_0.3.0               rvest_1.0.2               digest_0.6.29            
[121] sctransform_0.3.3         RcppAnnoy_0.0.19          spatstat.data_2.1-4      
[124] rmarkdown_2.13            cellranger_1.1.0          leiden_0.3.9             
[127] uwot_0.1.11               edgeR_3.34.1              DelayedMatrixStats_1.14.3
[130] restfulr_0.0.13           shiny_1.7.1               rjson_0.2.21             
[133] lifecycle_1.0.1           nlme_3.1-157              jsonlite_1.8.0           
[136] Rhdf5lib_1.14.2           BiocNeighbors_1.10.0      limma_3.48.3             
[139] viridisLite_0.4.0         fansi_1.0.3               pillar_1.7.0             
[142] lattice_0.20-45           fastmap_1.1.0             httr_1.4.2               
[145] survival_3.2-13           glue_1.6.2                png_0.1-7                
[148] bit_4.0.4                 bluster_1.2.1             stringi_1.7.6            
[151] BiocSingular_1.8.1        irlba_2.3.5               future.apply_1.8.1       


------- Log Info


2022-04-11 21:14:32 : createArrowFiles Input-Parameters, Class = list

createArrowFiles Input-Parameters$inputFiles: length = 1
                                                                                  pbmc_1 
"/mnt/sda/data/10X_pbmc_multiome_10k//pbmc_granulocyte_sorted_10k_atac_fragments.tsv.gz" 


createArrowFiles Input-Parameters$sampleNames: length = 1
[1] "pbmc_1"


createArrowFiles Input-Parameters$outputNames: length = 1
[1] "pbmc_1"


createArrowFiles Input-Parameters$validBarcodes: length = 0
NULL


createArrowFiles Input-Parameters$minTSS: length = 1
[1] 1


createArrowFiles Input-Parameters$minFrags: length = 1
[1] 1000


createArrowFiles Input-Parameters$maxFrags: length = 1
[1] 1e+05


createArrowFiles Input-Parameters$QCDir: length = 1
[1] "/home/philipp/Bioinfo_Playground/10x_pbmc_multiome_processing_output/Consensus_ArchR_QC"


createArrowFiles Input-Parameters$nucLength: length = 1
[1] 147


createArrowFiles Input-Parameters$promoterRegion: length = 2
[1] 2000  100


createArrowFiles Input-Parameters$excludeChr: length = 2
[1] "chrM" "chrY"


createArrowFiles Input-Parameters$nChunk: length = 1
[1] 5


createArrowFiles Input-Parameters$bcTag: length = 1
[1] "qname"


createArrowFiles Input-Parameters$gsubExpression: length = 0
NULL


createArrowFiles Input-Parameters$bamFlag: length = 0
NULL


createArrowFiles Input-Parameters$offsetPlus: length = 1
[1] 4


createArrowFiles Input-Parameters$offsetMinus: length = 1
[1] -5


createArrowFiles Input-Parameters$addTileMat: length = 1
[1] TRUE


createArrowFiles Input-Parameters$addGeneScoreMat: length = 1
[1] TRUE


createArrowFiles Input-Parameters$force: length = 1
[1] TRUE


createArrowFiles Input-Parameters$threads: length = 1
[1] 1


createArrowFiles Input-Parameters$parallelParam: length = 0
NULL


createArrowFiles Input-Parameters$subThreading: length = 1
[1] FALSE


createArrowFiles Input-Parameters$verbose: length = 1
[1] TRUE


createArrowFiles Input-Parameters$cleanTmp: length = 1
[1] TRUE


createArrowFiles Input-Parameters$logFile: length = 1
[1] "ArchRLogs/ArchR-createArrows-54e6a5ef922c3-Date-2022-04-11_Time-21-14-32.log"


createArrowFiles Input-Parameters$filterFrags: length = 1
[1] 1000


createArrowFiles Input-Parameters$filterTSS: length = 1
[1] 1



2022-04-11 21:14:32 : Cleaning Temporary Files
2022-04-11 21:14:32 : Batch Execution w/ safelapply!, 0 mins elapsed.

###########
2022-04-11 21:14:32 : Creating Arrow File pbmc_1.arrow (pbmc_1 : 1 of 1)
###########


2022-04-11 21:14:32 : validBC, Class = NULL

validBC: length = 0
NULL



2022-04-11 21:14:32 : (pbmc_1 : 1 of 1) Determining Arrow Method to use!
2022-04-11 21:14:32 : (pbmc_1 : 1 of 1) Reading In Fragments from inputFiles (readMethod = tabix), 0 mins elapsed.
2022-04-11 21:14:32 : (pbmc_1 : 1 of 1) Tabix Bed To Temporary File, 0 mins elapsed.

2022-04-11 21:14:32 : tileChromSizes, Class = GRanges
GRanges object with 120 ranges and 1 metadata column:
        seqnames              ranges strand |     chunkName
           <Rle>           <IRanges>  <Rle> |   <character>
    [1]     chr1          1-49850124      * |   chr1#chunk1
    [2]     chr1   49850125-99700248      * |   chr1#chunk2
    [3]     chr1  99700249-149550372      * |   chr1#chunk3
    [4]     chr1 149550373-199400496      * |   chr1#chunk4
    [5]     chr1 199400497-249250621      * |   chr1#chunk5
    ...      ...                 ...    ... .           ...
  [116]     chrY          1-11874713      * | chrY#chunk116
  [117]     chrY   11874714-23749426      * | chrY#chunk117
  [118]     chrY   23749427-35624139      * | chrY#chunk118
  [119]     chrY   35624140-47498852      * | chrY#chunk119
  [120]     chrY   47498853-59373566      * | chrY#chunk120
  -------
  seqinfo: 24 sequences from an unspecified genome; no seqlengths


2022-04-11 21:14:42 : (pbmc_1 : 1 of 1) .tabixToTmp Fragments-Chunk-(1 of 120)-chr1:1-49850124, Class = data.table
 
2022-04-11 21:14:42 : (pbmc_1 : 1 of 1) .tabixToTmp Fragments-Chunk-(1 of 120)-chr1:1-49850124, Class = data.frame
(pbmc_1 : 1 of 1) .tabixToTmp Fragments-Chunk-(1 of 120)-chr1:1-49850124: nRows = 6448168, nCols = 3



2022-04-11 21:14:42 : (pbmc_1 : 1 of 1) .tabixToTmp Barcodes-Chunk-(1 of 120)-chr1:1-49850124, Class = character

(pbmc_1 : 1 of 1) .tabixToTmp Barcodes-Chunk-(1 of 120)-chr1:1-49850124: length = 162292
[1] "TCAAGAACAGTAATAG-1" "AACCCGCAGGTAGCTT-1" "CGCATATAGGTTACGT-1" "GTAAGGTCACCCACAG-1"
[5] "TATTCGTTCCGCCTCA-1" "ATGAATGCATTGTCAG-1"


2022-04-11 21:15:39 : (pbmc_1 : 1 of 1) Reading TabixFile 8 Percent, 1.106 mins elapsed.
2022-04-11 21:16:29 : (pbmc_1 : 1 of 1) Reading TabixFile 17 Percent, 1.942 mins elapsed.
2022-04-11 21:17:16 : (pbmc_1 : 1 of 1) Reading TabixFile 25 Percent, 2.724 mins elapsed.
2022-04-11 21:17:58 : (pbmc_1 : 1 of 1) Reading TabixFile 33 Percent, 3.422 mins elapsed.
2022-04-11 21:18:39 : (pbmc_1 : 1 of 1) Reading TabixFile 42 Percent, 4.111 mins elapsed.
2022-04-11 21:19:24 : (pbmc_1 : 1 of 1) Reading TabixFile 50 Percent, 4.855 mins elapsed.
2022-04-11 21:19:55 : (pbmc_1 : 1 of 1) Reading TabixFile 58 Percent, 5.371 mins elapsed.
2022-04-11 21:20:31 : (pbmc_1 : 1 of 1) Reading TabixFile 67 Percent, 5.979 mins elapsed.
2022-04-11 21:21:08 : (pbmc_1 : 1 of 1) Reading TabixFile 75 Percent, 6.596 mins elapsed.
2022-04-11 21:21:48 : (pbmc_1 : 1 of 1) Reading TabixFile 83 Percent, 7.261 mins elapsed.
2022-04-11 21:22:09 : (pbmc_1 : 1 of 1) Reading TabixFile 92 Percent, 7.607 mins elapsed.
2022-04-11 21:22:30 : (pbmc_1 : 1 of 1) Reading TabixFile 100 Percent, 7.954 mins elapsed.
2022-04-11 21:22:31 : (pbmc_1 : 1 of 1) Successful creation of Temporary File, 7.97 mins elapsed.
2022-04-11 21:22:31 : (pbmc_1 : 1 of 1) Creating ArrowFile From Temporary File, 7.97 mins elapsed.

2022-04-11 21:22:31 : (pbmc_1 : 1 of 1) chunkChrNames, Class = data.frame
(pbmc_1 : 1 of 1) chunkChrNames: nRows = 118, nCols = 1


2022-04-11 21:22:31 : (pbmc_1 : 1 of 1) Counting Unique Barcodes From Temporary File, 7.971 mins elapsed.

2022-04-11 21:22:41 : (pbmc_1 : 1 of 1) BarcodeFrequencyTable, Class = data.table
 
2022-04-11 21:22:41 : (pbmc_1 : 1 of 1) BarcodeFrequencyTable, Class = data.frame
(pbmc_1 : 1 of 1) BarcodeFrequencyTable: nRows = 638777, nCols = 2



2022-04-11 21:22:41 : (pbmc_1 : 1 of 1) BarcodesMinMaxFrags, Class = data.frame
(pbmc_1 : 1 of 1) BarcodesMinMaxFrags: nRows = 11902, nCols = 1



2022-04-11 21:22:42 : (pbmc_1 : 1 of 1) Unique Chromosomes, Class = data.frame
(pbmc_1 : 1 of 1) Unique Chromosomes: nRows = 24, nCols = 1


2022-04-11 21:22:42 : (pbmc_1 : 1 of 1) Adding Chromosome 1 of 24, 8.164 mins elapsed.

2022-04-11 21:22:49 : (pbmc_1 : 1 of 1) .tmpToArrow Fragments-Chr-(1 of 24)-chr1, Class = IRanges

(pbmc_1 : 1 of 1) .tmpToArrow Fragments-Chr-(1 of 24)-chr1: length = 16766951
IRanges object with 6 ranges and 1 metadata column:
          start       end     width |                 RG
      <integer> <integer> <integer> |              <Rle>
  [1]    201378    201594       217 | TGAGCAAAGGCCTGGT-1
  [2]   1013448   1013670       223 | TGAGCAAAGGCCTGGT-1
  [3]   1068966   1069372       407 | TGAGCAAAGGCCTGGT-1
  [4]   1233969   1234339       371 | TGAGCAAAGGCCTGGT-1
  [5]   1234340   1234572       233 | TGAGCAAAGGCCTGGT-1
  [6]   1273654   1273844       191 | TGAGCAAAGGCCTGGT-1



2022-04-11 21:22:49 : (pbmc_1 : 1 of 1) .tmpToArrow Barcodes-Chr-(1 of 24)-chr1, Class = data.frame
(pbmc_1 : 1 of 1) .tmpToArrow Barcodes-Chr-(1 of 24)-chr1: nRows = 11902, nCols = 1


2022-04-11 21:22:51 : (pbmc_1 : 1 of 1) Adding Chromosome 2 of 24, 8.305 mins elapsed.
2022-04-11 21:22:57 : (pbmc_1 : 1 of 1) Adding Chromosome 3 of 24, 8.418 mins elapsed.
2022-04-11 21:23:03 : (pbmc_1 : 1 of 1) Adding Chromosome 4 of 24, 8.51 mins elapsed.
2022-04-11 21:23:07 : (pbmc_1 : 1 of 1) Adding Chromosome 5 of 24, 8.58 mins elapsed.
2022-04-11 21:23:12 : (pbmc_1 : 1 of 1) Adding Chromosome 6 of 24, 8.66 mins elapsed.
2022-04-11 21:23:18 : (pbmc_1 : 1 of 1) Adding Chromosome 7 of 24, 8.756 mins elapsed.
2022-04-11 21:23:23 : (pbmc_1 : 1 of 1) Adding Chromosome 8 of 24, 8.838 mins elapsed.
2022-04-11 21:23:27 : (pbmc_1 : 1 of 1) Adding Chromosome 9 of 24, 8.905 mins elapsed.
2022-04-11 21:23:31 : (pbmc_1 : 1 of 1) Adding Chromosome 10 of 24, 8.976 mins elapsed.
2022-04-11 21:23:36 : (pbmc_1 : 1 of 1) Adding Chromosome 11 of 24, 9.052 mins elapsed.
2022-04-11 21:23:41 : (pbmc_1 : 1 of 1) Adding Chromosome 12 of 24, 9.138 mins elapsed.
2022-04-11 21:23:46 : (pbmc_1 : 1 of 1) Adding Chromosome 13 of 24, 9.221 mins elapsed.
2022-04-11 21:23:49 : (pbmc_1 : 1 of 1) Adding Chromosome 14 of 24, 9.271 mins elapsed.
2022-04-11 21:23:52 : (pbmc_1 : 1 of 1) Adding Chromosome 15 of 24, 9.335 mins elapsed.
2022-04-11 21:23:56 : (pbmc_1 : 1 of 1) Adding Chromosome 16 of 24, 9.391 mins elapsed.
2022-04-11 21:24:00 : (pbmc_1 : 1 of 1) Adding Chromosome 17 of 24, 9.461 mins elapsed.
2022-04-11 21:24:06 : (pbmc_1 : 1 of 1) Adding Chromosome 18 of 24, 9.552 mins elapsed.
2022-04-11 21:24:08 : (pbmc_1 : 1 of 1) Adding Chromosome 19 of 24, 9.597 mins elapsed.
2022-04-11 21:24:14 : (pbmc_1 : 1 of 1) Adding Chromosome 20 of 24, 9.693 mins elapsed.
2022-04-11 21:24:17 : (pbmc_1 : 1 of 1) Adding Chromosome 21 of 24, 9.748 mins elapsed.
2022-04-11 21:24:20 : (pbmc_1 : 1 of 1) Adding Chromosome 22 of 24, 9.788 mins elapsed.
2022-04-11 21:24:23 : (pbmc_1 : 1 of 1) Adding Chromosome 23 of 24, 9.839 mins elapsed.
2022-04-11 21:24:26 : (pbmc_1 : 1 of 1) Adding Chromosome 24 of 24, 9.891 mins elapsed.
2022-04-11 21:24:27 : (pbmc_1 : 1 of 1) Successful creation of Arrow File, 9.912 mins elapsed.
2022-04-11 21:24:28 : (pbmc_1 : 1 of 1) Adding Fragment Summary, 9.93 mins elapsed.
2022-04-11 21:24:44 : (pbmc_1 : 1 of 1) Plotting Fragment Size Distribution, 10.2 mins elapsed.
2022-04-11 21:24:46 : (pbmc_1 : 1 of 1) Computing TSS Enrichment Scores, 10.221 mins elapsed.
2022-04-11 21:26:07 : (pbmc_1 : 1 of 1) Computed TSS Scores!, 1.354 mins elapsed.
2022-04-11 21:26:07 : (pbmc_1 : 1 of 1) CellStats : Number of Cells Pass Filter = 11472 , 11.575 mins elapsed.
2022-04-11 21:26:07 : (pbmc_1 : 1 of 1) CellStats : Median Frags = 13587 , 11.575 mins elapsed.
2022-04-11 21:26:07 : (pbmc_1 : 1 of 1) CellStats : Median TSS Enrichment = 1.715 , 11.575 mins elapsed.
2022-04-11 21:26:07 : (pbmc_1 : 1 of 1) Plotting TSS Enrichment Scores, 11.575 mins elapsed.
2022-04-11 21:26:09 : (pbmc_1 : 1 of 1) Adding Metadata to Fragments, 11.603 mins elapsed.
2022-04-11 21:26:10 : (pbmc_1 : 1 of 1) Adding Additional Feature Counts!, 11.619 mins elapsed.
2022-04-11 21:27:28 : (pbmc_1 : 1 of 1) Finished Adding Additional Feature Counts!, 12.932 mins elapsed.

2022-04-11 21:27:28 : (pbmc_1 : 1 of 1) Metadata, Class = DFrame
DataFrame with 11902 rows and 12 columns
                   cellNames    nFrags nMonoFrags  nDiFrags nMultiFrags TSSEnrichment
                 <character> <numeric>  <numeric> <numeric>   <numeric>     <numeric>
1     pbmc_1#TGAGCAAAGGCCT..     99635      20148     58332       21155         1.154
2     pbmc_1#AACCGCTCATATA..     93828      40133     36284       17411         1.437
3     pbmc_1#CAGCAAGCAGTAG..     92443      15407     56361       20675         0.988
4     pbmc_1#TTCATTCAGCCGC..     91766      43097     33117       15552         1.089
5     pbmc_1#GGAGTCTGTGAGC..     89393      44695     29125       15573         1.264
...                      ...       ...        ...       ...         ...           ...
11898 pbmc_1#AGAGGATGTAACG..      1001        396       498         107         0.792
11899 pbmc_1#CTCGCTAGTCAGG..      1001        654       276          71         0.594
11900 pbmc_1#GCACATTAGCGCT..      1001        628       268         105         0.297
11901 pbmc_1#TGAGCCGGTTCAT..      1001        393       392         216         1.089
11902 pbmc_1#TTACCGTGTTCAA..      1000        549       356          95         0.099
      ReadsInTSS      Keep ReadsInPromoter PromoterRatio ReadsInBlacklist
       <numeric> <numeric>       <numeric>     <numeric>        <numeric>
1            342         1            3194     0.0160285             1756
2            788         1            6491     0.0345899             2675
3            235         0            2222     0.0120182             2834
4            500         1            4895     0.0266711             3118
5            679         1            5922     0.0331234             2620
...          ...       ...             ...           ...              ...
11898          8         0              57     0.0284715               42
11899          6         0              52     0.0259740               22
11900          3         0              43     0.0214785               50
11901         11         1              72     0.0359640               20
11902          1         0              37     0.0185000               40
      BlacklistRatio
           <numeric>
1         0.00881216
2         0.01425481
3         0.01532836
4         0.01698886
5         0.01465439
...              ...
11898     0.02097902
11899     0.01098901
11900     0.02497502
11901     0.00999001
11902     0.02000000

2022-04-11 21:27:29 : (pbmc_1 : 1 of 1) Removing Fragments from Filtered Cells, 12.934 mins elapsed.
2022-04-11 21:27:29 : (pbmc_1 : 1 of 1) Creating Filtered Arrow File, 12.936 mins elapsed.

2022-04-11 21:27:30 : (pbmc_1 : 1 of 1) .filterCellsFromArrow Fragments-Chr-(1 of 24)-chr1, Class = GRanges
GRanges object with 16659758 ranges and 1 metadata column:
             seqnames              ranges strand |                     RG
                <Rle>           <IRanges>  <Rle> |                  <Rle>
         [1]     chr1       201378-201594      * | pbmc_1#TGAGCAAAGGCCT..
         [2]     chr1     1013448-1013670      * | pbmc_1#TGAGCAAAGGCCT..
         [3]     chr1     1068966-1069372      * | pbmc_1#TGAGCAAAGGCCT..
         [4]     chr1     1233969-1234339      * | pbmc_1#TGAGCAAAGGCCT..
         [5]     chr1     1234340-1234572      * | pbmc_1#TGAGCAAAGGCCT..
         ...      ...                 ...    ... .                    ...
  [16659754]     chr1 242147185-242147268      * | pbmc_1#TGAGCCGGTTCAT..
  [16659755]     chr1 243251756-243251953      * | pbmc_1#TGAGCCGGTTCAT..
  [16659756]     chr1 244461439-244461476      * | pbmc_1#TGAGCCGGTTCAT..
  [16659757]     chr1 247359026-247359076      * | pbmc_1#TGAGCCGGTTCAT..
  [16659758]     chr1 248859556-248859623      * | pbmc_1#TGAGCCGGTTCAT..
  -------
  seqinfo: 1 sequence from an unspecified genome; no seqlengths


2022-04-11 21:27:30 : (pbmc_1 : 1 of 1) .filterCellsFromArrow Barcodes-Chr-(1 of 24)-chr1, Class = data.frame
(pbmc_1 : 1 of 1) .filterCellsFromArrow Barcodes-Chr-(1 of 24)-chr1: nRows = 11472, nCols = 1


2022-04-11 21:28:14 : (pbmc_1 : 1 of 1) Finished Constructing Filtered Arrow File!, 13.69 mins elapsed.
2022-04-11 21:28:14 : (pbmc_1 : 1 of 1) Adding TileMatrix!, 13.691 mins elapsed.

2022-04-11 21:28:15 : pbmc_1 .addTileMat FeatureDF, Class = DFrame
DataFrame with 6072620 rows and 3 columns
           seqnames       idx     start
        <character> <integer> <numeric>
1              chr1         1         0
2              chr1         2       500
3              chr1         3      1000
4              chr1         4      1500
5              chr1         5      2000
...             ...       ...       ...
6072616        chrX    310538 155268500
6072617        chrX    310539 155269000
6072618        chrX    310540 155269500
6072619        chrX    310541 155270000
6072620        chrX    310542 155270500

2022-04-11 21:28:21 : Adding TileMatrix to pbmc_1 for Chr (1 of 23)!, 0.115 mins elapsed.

2022-04-11 21:28:22 : NTiles_TileMatrix_1_chr1, Class = numeric

NTiles_TileMatrix_1_chr1: length = 1
  chr1 
498502 



2022-04-11 21:28:22 : NCells_TileMatrix_1_chr1, Class = integer

NCells_TileMatrix_1_chr1: length = 1
[1] 11472



2022-04-11 21:28:22 : MinTile_TileMatrix_1_chr1, Class = numeric

MinTile_TileMatrix_1_chr1: length = 1
[1] 21



2022-04-11 21:28:22 : MaxTile_TileMatrix_1_chr1, Class = numeric

MaxTile_TileMatrix_1_chr1: length = 1
[1] 497893



2022-04-11 21:28:22 : MinCell_TileMatrix_1_chr1, Class = integer

MinCell_TileMatrix_1_chr1: length = 1
[1] 1



2022-04-11 21:28:22 : MaxCell_TileMatrix_1_chr1, Class = integer

MaxCell_TileMatrix_1_chr1: length = 1
[1] 11472


2022-04-11 21:28:30 : Adding TileMatrix to pbmc_1 for Chr (2 of 23)!, 0.263 mins elapsed.

2022-04-11 21:28:31 : NTiles_TileMatrix_2_chr2, Class = numeric

NTiles_TileMatrix_2_chr2: length = 1
  chr2 
486399 



2022-04-11 21:28:31 : NCells_TileMatrix_2_chr2, Class = integer

NCells_TileMatrix_2_chr2: length = 1
[1] 11472



2022-04-11 21:28:31 : MinTile_TileMatrix_2_chr2, Class = numeric

MinTile_TileMatrix_2_chr2: length = 1
[1] 21



2022-04-11 21:28:31 : MaxTile_TileMatrix_2_chr2, Class = numeric

MaxTile_TileMatrix_2_chr2: length = 1
[1] 484367



2022-04-11 21:28:31 : MinCell_TileMatrix_2_chr2, Class = integer

MinCell_TileMatrix_2_chr2: length = 1
[1] 1



2022-04-11 21:28:31 : MaxCell_TileMatrix_2_chr2, Class = integer

MaxCell_TileMatrix_2_chr2: length = 1
[1] 11472


2022-04-11 21:28:37 : Adding TileMatrix to pbmc_1 for Chr (3 of 23)!, 0.385 mins elapsed.

2022-04-11 21:28:38 : NTiles_TileMatrix_3_chr3, Class = numeric

NTiles_TileMatrix_3_chr3: length = 1
  chr3 
396045 



2022-04-11 21:28:38 : NCells_TileMatrix_3_chr3, Class = integer

NCells_TileMatrix_3_chr3: length = 1
[1] 11472



2022-04-11 21:28:38 : MinTile_TileMatrix_3_chr3, Class = numeric

MinTile_TileMatrix_3_chr3: length = 1
[1] 21



2022-04-11 21:28:38 : MaxTile_TileMatrix_3_chr3, Class = numeric

MaxTile_TileMatrix_3_chr3: length = 1
[1] 396045



2022-04-11 21:28:38 : MinCell_TileMatrix_3_chr3, Class = integer

MinCell_TileMatrix_3_chr3: length = 1
[1] 1



2022-04-11 21:28:38 : MaxCell_TileMatrix_3_chr3, Class = integer

MaxCell_TileMatrix_3_chr3: length = 1
[1] 11472


2022-04-11 21:28:43 : Adding TileMatrix to pbmc_1 for Chr (4 of 23)!, 0.486 mins elapsed.

2022-04-11 21:28:44 : NTiles_TileMatrix_4_chr4, Class = numeric

NTiles_TileMatrix_4_chr4: length = 1
  chr4 
382309 



2022-04-11 21:28:44 : NCells_TileMatrix_4_chr4, Class = integer

NCells_TileMatrix_4_chr4: length = 1
[1] 11472



2022-04-11 21:28:44 : MinTile_TileMatrix_4_chr4, Class = numeric

MinTile_TileMatrix_4_chr4: length = 1
[1] 21



2022-04-11 21:28:44 : MaxTile_TileMatrix_4_chr4, Class = numeric

MaxTile_TileMatrix_4_chr4: length = 1
[1] 380410



2022-04-11 21:28:44 : MinCell_TileMatrix_4_chr4, Class = integer

MinCell_TileMatrix_4_chr4: length = 1
[1] 1



2022-04-11 21:28:44 : MaxCell_TileMatrix_4_chr4, Class = integer

MaxCell_TileMatrix_4_chr4: length = 1
[1] 11472


2022-04-11 21:28:48 : Adding TileMatrix to pbmc_1 for Chr (5 of 23)!, 0.565 mins elapsed.

2022-04-11 21:28:48 : NTiles_TileMatrix_5_chr5, Class = numeric

NTiles_TileMatrix_5_chr5: length = 1
  chr5 
361831 



2022-04-11 21:28:48 : NCells_TileMatrix_5_chr5, Class = integer

NCells_TileMatrix_5_chr5: length = 1
[1] 11472



2022-04-11 21:28:48 : MinTile_TileMatrix_5_chr5, Class = numeric

MinTile_TileMatrix_5_chr5: length = 1
[1] 21



2022-04-11 21:28:48 : MaxTile_TileMatrix_5_chr5, Class = numeric

MaxTile_TileMatrix_5_chr5: length = 1
[1] 361831



2022-04-11 21:28:48 : MinCell_TileMatrix_5_chr5, Class = integer

MinCell_TileMatrix_5_chr5: length = 1
[1] 1



2022-04-11 21:28:48 : MaxCell_TileMatrix_5_chr5, Class = integer

MaxCell_TileMatrix_5_chr5: length = 1
[1] 11472


2022-04-11 21:28:53 : Adding TileMatrix to pbmc_1 for Chr (6 of 23)!, 0.65 mins elapsed.

2022-04-11 21:28:54 : NTiles_TileMatrix_6_chr6, Class = numeric

NTiles_TileMatrix_6_chr6: length = 1
  chr6 
342231 



2022-04-11 21:28:54 : NCells_TileMatrix_6_chr6, Class = integer

NCells_TileMatrix_6_chr6: length = 1
[1] 11472



2022-04-11 21:28:54 : MinTile_TileMatrix_6_chr6, Class = numeric

MinTile_TileMatrix_6_chr6: length = 1
[1] 128



2022-04-11 21:28:54 : MaxTile_TileMatrix_6_chr6, Class = numeric

MaxTile_TileMatrix_6_chr6: length = 1
[1] 341480



2022-04-11 21:28:54 : MinCell_TileMatrix_6_chr6, Class = integer

MinCell_TileMatrix_6_chr6: length = 1
[1] 1



2022-04-11 21:28:54 : MaxCell_TileMatrix_6_chr6, Class = integer

MaxCell_TileMatrix_6_chr6: length = 1
[1] 11472


2022-04-11 21:28:59 : Adding TileMatrix to pbmc_1 for Chr (7 of 23)!, 0.751 mins elapsed.

2022-04-11 21:29:00 : NTiles_TileMatrix_7_chr7, Class = numeric

NTiles_TileMatrix_7_chr7: length = 1
  chr7 
318278 



2022-04-11 21:29:00 : NCells_TileMatrix_7_chr7, Class = integer

NCells_TileMatrix_7_chr7: length = 1
[1] 11472



2022-04-11 21:29:00 : MinTile_TileMatrix_7_chr7, Class = numeric

MinTile_TileMatrix_7_chr7: length = 1
[1] 21



2022-04-11 21:29:00 : MaxTile_TileMatrix_7_chr7, Class = numeric

MaxTile_TileMatrix_7_chr7: length = 1
[1] 318278



2022-04-11 21:29:00 : MinCell_TileMatrix_7_chr7, Class = integer

MinCell_TileMatrix_7_chr7: length = 1
[1] 1



2022-04-11 21:29:00 : MaxCell_TileMatrix_7_chr7, Class = integer

MaxCell_TileMatrix_7_chr7: length = 1
[1] 11472


2022-04-11 21:29:04 : Adding TileMatrix to pbmc_1 for Chr (8 of 23)!, 0.838 mins elapsed.

2022-04-11 21:29:05 : NTiles_TileMatrix_8_chr8, Class = numeric

NTiles_TileMatrix_8_chr8: length = 1
  chr8 
292729 



2022-04-11 21:29:05 : NCells_TileMatrix_8_chr8, Class = integer

NCells_TileMatrix_8_chr8: length = 1
[1] 11472



2022-04-11 21:29:05 : MinTile_TileMatrix_8_chr8, Class = numeric

MinTile_TileMatrix_8_chr8: length = 1
[1] 143



2022-04-11 21:29:05 : MaxTile_TileMatrix_8_chr8, Class = numeric

MaxTile_TileMatrix_8_chr8: length = 1
[1] 290153



2022-04-11 21:29:05 : MinCell_TileMatrix_8_chr8, Class = integer

MinCell_TileMatrix_8_chr8: length = 1
[1] 1



2022-04-11 21:29:05 : MaxCell_TileMatrix_8_chr8, Class = integer

MaxCell_TileMatrix_8_chr8: length = 1
[1] 11472


2022-04-11 21:29:09 : Adding TileMatrix to pbmc_1 for Chr (9 of 23)!, 0.913 mins elapsed.

2022-04-11 21:29:09 : NTiles_TileMatrix_9_chr9, Class = numeric

NTiles_TileMatrix_9_chr9: length = 1
  chr9 
282427 



2022-04-11 21:29:09 : NCells_TileMatrix_9_chr9, Class = integer

NCells_TileMatrix_9_chr9: length = 1
[1] 11472



2022-04-11 21:29:09 : MinTile_TileMatrix_9_chr9, Class = numeric

MinTile_TileMatrix_9_chr9: length = 1
[1] 21



2022-04-11 21:29:09 : MaxTile_TileMatrix_9_chr9, Class = numeric

MaxTile_TileMatrix_9_chr9: length = 1
[1] 276457



2022-04-11 21:29:09 : MinCell_TileMatrix_9_chr9, Class = integer

MinCell_TileMatrix_9_chr9: length = 1
[1] 1



2022-04-11 21:29:09 : MaxCell_TileMatrix_9_chr9, Class = integer

MaxCell_TileMatrix_9_chr9: length = 1
[1] 11472


2022-04-11 21:29:13 : Adding TileMatrix to pbmc_1 for Chr (10 of 23)!, 0.992 mins elapsed.

2022-04-11 21:29:14 : NTiles_TileMatrix_10_chr10, Class = numeric

NTiles_TileMatrix_10_chr10: length = 1
 chr10 
271070 



2022-04-11 21:29:14 : NCells_TileMatrix_10_chr10, Class = integer

NCells_TileMatrix_10_chr10: length = 1
[1] 11472



2022-04-11 21:29:14 : MinTile_TileMatrix_10_chr10, Class = numeric

MinTile_TileMatrix_10_chr10: length = 1
[1] 21



2022-04-11 21:29:14 : MaxTile_TileMatrix_10_chr10, Class = numeric

MaxTile_TileMatrix_10_chr10: length = 1
[1] 267575



2022-04-11 21:29:14 : MinCell_TileMatrix_10_chr10, Class = integer

MinCell_TileMatrix_10_chr10: length = 1
[1] 1



2022-04-11 21:29:14 : MaxCell_TileMatrix_10_chr10, Class = integer

MaxCell_TileMatrix_10_chr10: length = 1
[1] 11472


2022-04-11 21:29:18 : Adding TileMatrix to pbmc_1 for Chr (11 of 23)!, 1.074 mins elapsed.

2022-04-11 21:29:19 : NTiles_TileMatrix_11_chr11, Class = numeric

NTiles_TileMatrix_11_chr11: length = 1
 chr11 
270014 



2022-04-11 21:29:19 : NCells_TileMatrix_11_chr11, Class = integer

NCells_TileMatrix_11_chr11: length = 1
[1] 11472



2022-04-11 21:29:19 : MinTile_TileMatrix_11_chr11, Class = numeric

MinTile_TileMatrix_11_chr11: length = 1
[1] 227



2022-04-11 21:29:19 : MaxTile_TileMatrix_11_chr11, Class = numeric

MaxTile_TileMatrix_11_chr11: length = 1
[1] 270014



2022-04-11 21:29:19 : MinCell_TileMatrix_11_chr11, Class = integer

MinCell_TileMatrix_11_chr11: length = 1
[1] 1



2022-04-11 21:29:19 : MaxCell_TileMatrix_11_chr11, Class = integer

MaxCell_TileMatrix_11_chr11: length = 1
[1] 11472


2022-04-11 21:29:24 : Adding TileMatrix to pbmc_1 for Chr (12 of 23)!, 1.167 mins elapsed.

2022-04-11 21:29:25 : NTiles_TileMatrix_12_chr12, Class = numeric

NTiles_TileMatrix_12_chr12: length = 1
 chr12 
267704 



2022-04-11 21:29:25 : NCells_TileMatrix_12_chr12, Class = integer

NCells_TileMatrix_12_chr12: length = 1
[1] 11472



2022-04-11 21:29:25 : MinTile_TileMatrix_12_chr12, Class = numeric

MinTile_TileMatrix_12_chr12: length = 1
[1] 21



2022-04-11 21:29:25 : MaxTile_TileMatrix_12_chr12, Class = numeric

MaxTile_TileMatrix_12_chr12: length = 1
[1] 266531



2022-04-11 21:29:25 : MinCell_TileMatrix_12_chr12, Class = integer

MinCell_TileMatrix_12_chr12: length = 1
[1] 1



2022-04-11 21:29:25 : MaxCell_TileMatrix_12_chr12, Class = integer

MaxCell_TileMatrix_12_chr12: length = 1
[1] 11472


2022-04-11 21:29:30 : Adding TileMatrix to pbmc_1 for Chr (13 of 23)!, 1.26 mins elapsed.

2022-04-11 21:29:30 : NTiles_TileMatrix_13_chr13, Class = numeric

NTiles_TileMatrix_13_chr13: length = 1
 chr13 
230340 



2022-04-11 21:29:30 : NCells_TileMatrix_13_chr13, Class = integer

NCells_TileMatrix_13_chr13: length = 1
[1] 11472



2022-04-11 21:29:30 : MinTile_TileMatrix_13_chr13, Class = numeric

MinTile_TileMatrix_13_chr13: length = 1
[1] 33839



2022-04-11 21:29:30 : MaxTile_TileMatrix_13_chr13, Class = numeric

MaxTile_TileMatrix_13_chr13: length = 1
[1] 228709



2022-04-11 21:29:30 : MinCell_TileMatrix_13_chr13, Class = integer

MinCell_TileMatrix_13_chr13: length = 1
[1] 1



2022-04-11 21:29:30 : MaxCell_TileMatrix_13_chr13, Class = integer

MaxCell_TileMatrix_13_chr13: length = 1
[1] 11472


2022-04-11 21:29:33 : Adding TileMatrix to pbmc_1 for Chr (14 of 23)!, 1.32 mins elapsed.

2022-04-11 21:29:34 : NTiles_TileMatrix_14_chr14, Class = numeric

NTiles_TileMatrix_14_chr14: length = 1
 chr14 
214700 



2022-04-11 21:29:34 : NCells_TileMatrix_14_chr14, Class = integer

NCells_TileMatrix_14_chr14: length = 1
[1] 11472



2022-04-11 21:29:34 : MinTile_TileMatrix_14_chr14, Class = numeric

MinTile_TileMatrix_14_chr14: length = 1
[1] 32082



2022-04-11 21:29:34 : MaxTile_TileMatrix_14_chr14, Class = numeric

MaxTile_TileMatrix_14_chr14: length = 1
[1] 213768



2022-04-11 21:29:34 : MinCell_TileMatrix_14_chr14, Class = integer

MinCell_TileMatrix_14_chr14: length = 1
[1] 1



2022-04-11 21:29:34 : MaxCell_TileMatrix_14_chr14, Class = integer

MaxCell_TileMatrix_14_chr14: length = 1
[1] 11472


2022-04-11 21:29:37 : Adding TileMatrix to pbmc_1 for Chr (15 of 23)!, 1.391 mins elapsed.

2022-04-11 21:29:38 : NTiles_TileMatrix_15_chr15, Class = numeric

NTiles_TileMatrix_15_chr15: length = 1
 chr15 
205063 



2022-04-11 21:29:38 : NCells_TileMatrix_15_chr15, Class = integer

NCells_TileMatrix_15_chr15: length = 1
[1] 11472



2022-04-11 21:29:38 : MinTile_TileMatrix_15_chr15, Class = numeric

MinTile_TileMatrix_15_chr15: length = 1
[1] 34020



2022-04-11 21:29:38 : MaxTile_TileMatrix_15_chr15, Class = numeric

MaxTile_TileMatrix_15_chr15: length = 1
[1] 203963



2022-04-11 21:29:38 : MinCell_TileMatrix_15_chr15, Class = integer

MinCell_TileMatrix_15_chr15: length = 1
[1] 1



2022-04-11 21:29:38 : MaxCell_TileMatrix_15_chr15, Class = integer

MaxCell_TileMatrix_15_chr15: length = 1
[1] 11472


2022-04-11 21:29:42 : Adding TileMatrix to pbmc_1 for Chr (16 of 23)!, 1.462 mins elapsed.

2022-04-11 21:29:42 : NTiles_TileMatrix_16_chr16, Class = numeric

NTiles_TileMatrix_16_chr16: length = 1
 chr16 
180710 



2022-04-11 21:29:42 : NCells_TileMatrix_16_chr16, Class = integer

NCells_TileMatrix_16_chr16: length = 1
[1] 11472



2022-04-11 21:29:42 : MinTile_TileMatrix_16_chr16, Class = numeric

MinTile_TileMatrix_16_chr16: length = 1
[1] 21



2022-04-11 21:29:42 : MaxTile_TileMatrix_16_chr16, Class = numeric

MaxTile_TileMatrix_16_chr16: length = 1
[1] 180450



2022-04-11 21:29:42 : MinCell_TileMatrix_16_chr16, Class = integer

MinCell_TileMatrix_16_chr16: length = 1
[1] 1



2022-04-11 21:29:42 : MaxCell_TileMatrix_16_chr16, Class = integer

MaxCell_TileMatrix_16_chr16: length = 1
[1] 11472


2022-04-11 21:29:46 : Adding TileMatrix to pbmc_1 for Chr (17 of 23)!, 1.541 mins elapsed.

2022-04-11 21:29:47 : NTiles_TileMatrix_17_chr17, Class = numeric

NTiles_TileMatrix_17_chr17: length = 1
 chr17 
162391 



2022-04-11 21:29:47 : NCells_TileMatrix_17_chr17, Class = integer

NCells_TileMatrix_17_chr17: length = 1
[1] 11472



2022-04-11 21:29:47 : MinTile_TileMatrix_17_chr17, Class = numeric

MinTile_TileMatrix_17_chr17: length = 1
[1] 156



2022-04-11 21:29:47 : MaxTile_TileMatrix_17_chr17, Class = numeric

MaxTile_TileMatrix_17_chr17: length = 1
[1] 162392



2022-04-11 21:29:47 : MinCell_TileMatrix_17_chr17, Class = integer

MinCell_TileMatrix_17_chr17: length = 1
[1] 1



2022-04-11 21:29:47 : MaxCell_TileMatrix_17_chr17, Class = integer

MaxCell_TileMatrix_17_chr17: length = 1
[1] 11472



************************************************************
2022-04-11 21:29:48 : ERROR Found in .addTileMat for pbmc_1 
LogFile = ArchRLogs/ArchR-createArrows-54e6a5ef922c3-Date-2022-04-11_Time-21-14-32.log

<simpleError in Matrix::sparseMatrix(i = c(trunc(start(fragments)/tileSize),     trunc(end(fragments)/tileSize)) + 1, j = as.vector(c(matchID,     matchID)), x = rep(1, 2 * length(fragments)), dims = c(nTiles,     length(cellNames))): all(dims >= dims.min) is not TRUE>

2022-04-11 21:29:48 : errorList, Class = list

errorList$ArrowFile: length = 1
[1] "pbmc_1.arrow"


errorList$chromLengths: length = 23
     chr1      chr2      chr3      chr4      chr5      chr6 
249250621 243199373 198022430 191154276 180915260 171115067 


errorList$chr: length = 1
   chr17 
81195210 


errorList$mat: length = 1
[1] "mat"



************************************************************


************************************************************
2022-04-11 21:29:48 : ERROR Found in .addTileMat for (pbmc_1 : 1 of 1) 
LogFile = ArchRLogs/ArchR-createArrows-54e6a5ef922c3-Date-2022-04-11_Time-21-14-32.log

<simpleError in .logError(e, fn = ".addTileMat", info = sampleName, errorList = errorList,     logFile = logFile): Exiting See Error Above>

2022-04-11 21:29:48 : errorList, Class = list

errorList$i: length = 1
[1] 1


errorList$ArrowFiles: length = 1
[1] "pbmc_1.arrow"


errorList$cellNames: length = 11472
[1] "pbmc_1#TGAGCAAAGGCCTGGT-1" "pbmc_1#AACCGCTCATATAACC-1" "pbmc_1#TTCATTCAGCCGCTTT-1"
[4] "pbmc_1#GGAGTCTGTGAGCAAG-1" "pbmc_1#CTAGTAGGTAGCAGCT-1" "pbmc_1#TAGCTAGGTTTGGGTA-1"


errorList$chromLengths: length = 24
     chr1      chr2      chr3      chr4      chr5      chr6 
249250621 243199373 198022430 191154276 180915260 171115067 


errorList$blacklist: length = 1569
GRanges object with 6 ranges and 2 metadata columns:
      seqnames          ranges strand | Buenrostro    Encode
         <Rle>       <IRanges>  <Rle> |  <logical> <logical>
  [1]     chr1        1-750100      * |       TRUE      TRUE
  [2]     chr1   814501-845200      * |      FALSE      TRUE
  [3]     chr1 2052401-2056000      * |      FALSE      TRUE
  [4]     chr1 2582801-2693900      * |      FALSE      TRUE
  [5]     chr1 4362201-4364300      * |      FALSE      TRUE
  [6]     chr1 5714801-5736800      * |      FALSE      TRUE
  -------
  seqinfo: 24 sequences from an unspecified genome; no seqlengths


errorList$force: length = 1
[1] TRUE


errorList$excludeChr: length = 2
[1] "chrM" "chrY"


errorList$logFile: length = 1
[1] "ArchRLogs/ArchR-createArrows-54e6a5ef922c3-Date-2022-04-11_Time-21-14-32.log"



************************************************************


2022-04-11 21:29:48 : createArrowFiles has encountered an error, checking if any ArrowFiles completed..

------- Completed

End Time : 2022-04-11 21:29:48
Elapsed Time Minutes = 15.2740736722946
Elapsed Time Hours = 0.254567936526404

-------



