
           ___      .______        ______  __    __  .______      
          /   \     |   _  \      /      ||  |  |  | |   _  \     
         /  ^  \    |  |_)  |    |  ,----'|  |__|  | |  |_)  |    
        /  /_\  \   |      /     |  |     |   __   | |      /     
       /  _____  \  |  |\  \\___ |  `----.|  |  |  | |  |\  \\___.
      /__/     \__\ | _| `._____| \______||__|  |__| | _| `._____|
    
Logging With ArchR!

Start Time : 2022-04-12 11:43:49

------- ArchR Info

ArchRThreads = 1
ArchRGenome = Hg19

------- System Info

Computer OS = unix
Total Cores = 16

------- Session Info

R version 4.1.3 (2022-03-10)
Platform: x86_64-pc-linux-gnu (64-bit)
Running under: Ubuntu 20.04.4 LTS

Matrix products: default
BLAS:   /usr/lib/x86_64-linux-gnu/blas/libblas.so.3.9.0
LAPACK: /usr/lib/x86_64-linux-gnu/lapack/liblapack.so.3.9.0

locale:
 [1] LC_CTYPE=en_US.UTF-8       LC_NUMERIC=C               LC_TIME=en_US.UTF-8       
 [4] LC_COLLATE=en_US.UTF-8     LC_MONETARY=en_US.UTF-8    LC_MESSAGES=en_US.UTF-8   
 [7] LC_PAPER=en_US.UTF-8       LC_NAME=C                  LC_ADDRESS=C              
[10] LC_TELEPHONE=C             LC_MEASUREMENT=en_US.UTF-8 LC_IDENTIFICATION=C       

attached base packages:
 [1] grid      parallel  stats4    stats     graphics  grDevices utils     datasets 
 [9] methods   base     

other attached packages:
 [1] gridExtra_2.3                     Rsamtools_2.8.0                  
 [3] BSgenome.Hsapiens.UCSC.hg38_1.4.3 BSgenome_1.60.0                  
 [5] rtracklayer_1.52.1                Biostrings_2.60.2                
 [7] XVector_0.32.0                    ArchR_1.0.1                      
 [9] rhdf5_2.36.0                      Matrix_1.4-1                     
[11] data.table_1.14.2                 ggside_0.2.0                     
[13] scater_1.20.1                     scran_1.20.1                     
[15] scuttle_1.2.1                     SingleCellExperiment_1.14.1      
[17] SummarizedExperiment_1.22.0       Biobase_2.52.0                   
[19] GenomicRanges_1.44.0              GenomeInfoDb_1.28.4              
[21] IRanges_2.26.0                    S4Vectors_0.30.2                 
[23] BiocGenerics_0.38.0               scDblFinder_1.6.0                
[25] sparseMatrixStats_1.4.2           MatrixGenerics_1.4.3             
[27] matrixStats_0.61.0                magrittr_2.0.3                   
[29] forcats_0.5.1                     stringr_1.4.0                    
[31] dplyr_1.0.8                       purrr_0.3.4                      
[33] readr_2.1.2                       tidyr_1.2.0                      
[35] tibble_3.1.6                      ggplot2_3.3.5                    
[37] tidyverse_1.3.1                   reticulate_1.24                  

loaded via a namespace (and not attached):
  [1] utf8_1.2.2                        tidyselect_1.1.2                 
  [3] htmlwidgets_1.5.4                 BiocParallel_1.26.2              
  [5] Rtsne_0.15                        munsell_0.5.0                    
  [7] ScaledMatrix_1.0.0                codetools_0.2-18                 
  [9] ica_1.0-2                         statmod_1.4.36                   
 [11] xgboost_1.5.2.1                   future_1.24.0                    
 [13] miniUI_0.1.1.1                    withr_2.5.0                      
 [15] spatstat.random_2.2-0             colorspace_2.0-3                 
 [17] knitr_1.38                        rstudioapi_0.13                  
 [19] Seurat_4.1.0                      ROCR_1.0-11                      
 [21] tensor_1.5                        listenv_0.8.0                    
 [23] labeling_0.4.2                    GenomeInfoDbData_1.2.6           
 [25] polyclip_1.10-0                   farver_2.1.0                     
 [27] bit64_4.0.5                       parallelly_1.31.0                
 [29] vctrs_0.4.0                       generics_0.1.2                   
 [31] xfun_0.30                         R6_2.5.1                         
 [33] ggbeeswarm_0.6.0                  rsvd_1.0.5                       
 [35] isoband_0.2.5                     locfit_1.5-9.5                   
 [37] hdf5r_1.3.5                       bitops_1.0-7                     
 [39] rhdf5filters_1.4.0                spatstat.utils_2.3-0             
 [41] DelayedArray_0.18.0               assertthat_0.2.1                 
 [43] BiocIO_1.2.0                      promises_1.2.0.1                 
 [45] scales_1.1.1                      vroom_1.5.7                      
 [47] beeswarm_0.4.0                    gtable_0.3.0                     
 [49] beachmat_2.8.1                    Cairo_1.5-15                     
 [51] globals_0.14.0                    goftest_1.2-3                    
 [53] rlang_1.0.2                       splines_4.1.3                    
 [55] lazyeval_0.2.2                    spatstat.geom_2.4-0              
 [57] broom_0.7.12                      yaml_2.3.5                       
 [59] reshape2_1.4.4                    abind_1.4-5                      
 [61] modelr_0.1.8                      backports_1.4.1                  
 [63] httpuv_1.6.5                      tools_4.1.3                      
 [65] ellipsis_0.3.2                    spatstat.core_2.4-2              
 [67] RColorBrewer_1.1-3                ggridges_0.5.3                   
 [69] Rcpp_1.0.8.3                      plyr_1.8.7                       
 [71] zlibbioc_1.38.0                   RCurl_1.98-1.6                   
 [73] rpart_4.1.16                      deldir_1.0-6                     
 [75] pbapply_1.5-0                     viridis_0.6.2                    
 [77] cowplot_1.1.1                     zoo_1.8-9                        
 [79] SeuratObject_4.0.4                haven_2.4.3                      
 [81] ggrepel_0.9.1                     cluster_2.1.3                    
 [83] fs_1.5.2                          RSpectra_0.16-0                  
 [85] scattermore_0.8                   lmtest_0.9-40                    
 [87] reprex_2.0.1                      RANN_2.6.1                       
 [89] fitdistrplus_1.1-8                hms_1.1.1                        
 [91] patchwork_1.1.1                   mime_0.12                        
 [93] evaluate_0.15                     xtable_1.8-4                     
 [95] XML_3.99-0.9                      readxl_1.4.0                     
 [97] compiler_4.1.3                    KernSmooth_2.23-20               
 [99] crayon_1.5.1                      BSgenome.Hsapiens.UCSC.hg19_1.4.3
[101] htmltools_0.5.2                   mgcv_1.8-40                      
[103] later_1.3.0                       tzdb_0.3.0                       
[105] lubridate_1.8.0                   DBI_1.1.2                        
[107] dbplyr_2.1.1                      MASS_7.3-56                      
[109] cli_3.2.0                         metapod_1.0.0                    
[111] igraph_1.3.0                      pkgconfig_2.0.3                  
[113] GenomicAlignments_1.28.0          plotly_4.10.0                    
[115] spatstat.sparse_2.1-0             xml2_1.3.3                       
[117] vipor_0.4.5                       dqrng_0.3.0                      
[119] rvest_1.0.2                       digest_0.6.29                    
[121] sctransform_0.3.3                 RcppAnnoy_0.0.19                 
[123] spatstat.data_2.1-4               rmarkdown_2.13                   
[125] cellranger_1.1.0                  leiden_0.3.9                     
[127] uwot_0.1.11                       edgeR_3.34.1                     
[129] DelayedMatrixStats_1.14.3         restfulr_0.0.13                  
[131] shiny_1.7.1                       rjson_0.2.21                     
[133] nlme_3.1-157                      lifecycle_1.0.1                  
[135] jsonlite_1.8.0                    Rhdf5lib_1.14.2                  
[137] BiocNeighbors_1.10.0              viridisLite_0.4.0                
[139] limma_3.48.3                      fansi_1.0.3                      
[141] pillar_1.7.0                      lattice_0.20-45                  
[143] fastmap_1.1.0                     httr_1.4.2                       
[145] survival_3.2-13                   glue_1.6.2                       
[147] png_0.1-7                         bluster_1.2.1                    
[149] bit_4.0.4                         stringi_1.7.6                    
[151] BiocSingular_1.8.1                irlba_2.3.5                      
[153] future.apply_1.8.1               


------- Log Info


2022-04-12 11:43:49 : createArrowFiles Input-Parameters, Class = list

createArrowFiles Input-Parameters$inputFiles: length = 1
                                                                                  pbmc_1 
"/mnt/sda/data/10X_pbmc_multiome_10k//pbmc_granulocyte_sorted_10k_atac_fragments.tsv.gz" 


createArrowFiles Input-Parameters$sampleNames: length = 1
[1] "pbmc_1"


createArrowFiles Input-Parameters$outputNames: length = 1
[1] "pbmc_1"


createArrowFiles Input-Parameters$validBarcodes: length = 0
NULL


createArrowFiles Input-Parameters$minTSS: length = 1
[1] 9


createArrowFiles Input-Parameters$minFrags: length = 1
[1] 6200


createArrowFiles Input-Parameters$maxFrags: length = 1
[1] 1e+05


createArrowFiles Input-Parameters$QCDir: length = 1
[1] "/home/philipp/Bioinfo_Playground/10x_pbmc_multiome_processing_output/Consensus_ArchR_QC"


createArrowFiles Input-Parameters$nucLength: length = 1
[1] 147


createArrowFiles Input-Parameters$promoterRegion: length = 2
[1] 2000  100


createArrowFiles Input-Parameters$excludeChr: length = 2
[1] "chrM" "chrY"


createArrowFiles Input-Parameters$nChunk: length = 1
[1] 5


createArrowFiles Input-Parameters$bcTag: length = 1
[1] "qname"


createArrowFiles Input-Parameters$gsubExpression: length = 0
NULL


createArrowFiles Input-Parameters$bamFlag: length = 0
NULL


createArrowFiles Input-Parameters$offsetPlus: length = 1
[1] 4


createArrowFiles Input-Parameters$offsetMinus: length = 1
[1] -5


createArrowFiles Input-Parameters$addTileMat: length = 1
[1] TRUE


createArrowFiles Input-Parameters$addGeneScoreMat: length = 1
[1] TRUE


createArrowFiles Input-Parameters$force: length = 1
[1] TRUE


createArrowFiles Input-Parameters$threads: length = 1
[1] 1


createArrowFiles Input-Parameters$parallelParam: length = 0
NULL


createArrowFiles Input-Parameters$subThreading: length = 1
[1] FALSE


createArrowFiles Input-Parameters$verbose: length = 1
[1] TRUE


createArrowFiles Input-Parameters$cleanTmp: length = 1
[1] TRUE


createArrowFiles Input-Parameters$logFile: length = 1
[1] "ArchRLogs/ArchR-createArrows-6bad819aed4-Date-2022-04-12_Time-11-43-49.log"


createArrowFiles Input-Parameters$filterFrags: length = 1
[1] 6200


createArrowFiles Input-Parameters$filterTSS: length = 1
[1] 9



2022-04-12 11:43:49 : Cleaning Temporary Files
2022-04-12 11:43:49 : Batch Execution w/ safelapply!, 0 mins elapsed.

###########
2022-04-12 11:43:49 : Creating Arrow File pbmc_1.arrow (pbmc_1 : 1 of 1)
###########


2022-04-12 11:43:49 : validBC, Class = NULL

validBC: length = 0
NULL



2022-04-12 11:43:49 : (pbmc_1 : 1 of 1) Checking if completed file exists!
2022-04-12 11:43:49 : (pbmc_1 : 1 of 1) Arrow Exists! Overriding since force = TRUE!, 0 mins elapsed.

2022-04-12 11:43:50 : (pbmc_1 : 1 of 1) Determining Arrow Method to use!
2022-04-12 11:43:50 : (pbmc_1 : 1 of 1) Reading In Fragments from inputFiles (readMethod = tabix), 0.003 mins elapsed.
2022-04-12 11:43:50 : (pbmc_1 : 1 of 1) Tabix Bed To Temporary File, 0.003 mins elapsed.

2022-04-12 11:43:50 : tileChromSizes, Class = GRanges
GRanges object with 120 ranges and 1 metadata column:
        seqnames              ranges strand |     chunkName
           <Rle>           <IRanges>  <Rle> |   <character>
    [1]     chr1          1-49791284      * |   chr1#chunk1
    [2]     chr1   49791285-99582568      * |   chr1#chunk2
    [3]     chr1  99582569-149373853      * |   chr1#chunk3
    [4]     chr1 149373854-199165137      * |   chr1#chunk4
    [5]     chr1 199165138-248956422      * |   chr1#chunk5
    ...      ...                 ...    ... .           ...
  [116]     chrY          1-11445483      * | chrY#chunk116
  [117]     chrY   11445484-22890966      * | chrY#chunk117
  [118]     chrY   22890967-34336449      * | chrY#chunk118
  [119]     chrY   34336450-45781932      * | chrY#chunk119
  [120]     chrY   45781933-57227415      * | chrY#chunk120
  -------
  seqinfo: 24 sequences from an unspecified genome; no seqlengths


2022-04-12 11:44:00 : (pbmc_1 : 1 of 1) .tabixToTmp Fragments-Chunk-(1 of 120)-chr1:1-49791284, Class = data.table
 
2022-04-12 11:44:00 : (pbmc_1 : 1 of 1) .tabixToTmp Fragments-Chunk-(1 of 120)-chr1:1-49791284, Class = data.frame
(pbmc_1 : 1 of 1) .tabixToTmp Fragments-Chunk-(1 of 120)-chr1:1-49791284: nRows = 6447704, nCols = 3



2022-04-12 11:44:00 : (pbmc_1 : 1 of 1) .tabixToTmp Barcodes-Chunk-(1 of 120)-chr1:1-49791284, Class = character

(pbmc_1 : 1 of 1) .tabixToTmp Barcodes-Chunk-(1 of 120)-chr1:1-49791284: length = 162278
[1] "TCAAGAACAGTAATAG-1" "AACCCGCAGGTAGCTT-1" "CGCATATAGGTTACGT-1" "GTAAGGTCACCCACAG-1"
[5] "TATTCGTTCCGCCTCA-1" "ATGAATGCATTGTCAG-1"


2022-04-12 11:44:55 : (pbmc_1 : 1 of 1) Reading TabixFile 8 Percent, 1.085 mins elapsed.
2022-04-12 11:45:44 : (pbmc_1 : 1 of 1) Reading TabixFile 17 Percent, 1.903 mins elapsed.
2022-04-12 11:46:29 : (pbmc_1 : 1 of 1) Reading TabixFile 25 Percent, 2.665 mins elapsed.
2022-04-12 11:47:10 : (pbmc_1 : 1 of 1) Reading TabixFile 33 Percent, 3.347 mins elapsed.
2022-04-12 11:47:51 : (pbmc_1 : 1 of 1) Reading TabixFile 42 Percent, 4.03 mins elapsed.
2022-04-12 11:48:35 : (pbmc_1 : 1 of 1) Reading TabixFile 50 Percent, 4.761 mins elapsed.
2022-04-12 11:49:06 : (pbmc_1 : 1 of 1) Reading TabixFile 58 Percent, 5.267 mins elapsed.
2022-04-12 11:49:41 : (pbmc_1 : 1 of 1) Reading TabixFile 67 Percent, 5.858 mins elapsed.
2022-04-12 11:50:19 : (pbmc_1 : 1 of 1) Reading TabixFile 75 Percent, 6.488 mins elapsed.
2022-04-12 11:50:58 : (pbmc_1 : 1 of 1) Reading TabixFile 83 Percent, 7.141 mins elapsed.
2022-04-12 11:51:18 : (pbmc_1 : 1 of 1) Reading TabixFile 92 Percent, 7.481 mins elapsed.
2022-04-12 11:51:39 : (pbmc_1 : 1 of 1) Reading TabixFile 100 Percent, 7.829 mins elapsed.
2022-04-12 11:51:40 : (pbmc_1 : 1 of 1) Successful creation of Temporary File, 7.844 mins elapsed.
2022-04-12 11:51:40 : (pbmc_1 : 1 of 1) Creating ArrowFile From Temporary File, 7.844 mins elapsed.

2022-04-12 11:51:40 : (pbmc_1 : 1 of 1) chunkChrNames, Class = data.frame
(pbmc_1 : 1 of 1) chunkChrNames: nRows = 118, nCols = 1


2022-04-12 11:51:40 : (pbmc_1 : 1 of 1) Counting Unique Barcodes From Temporary File, 7.845 mins elapsed.

2022-04-12 11:51:51 : (pbmc_1 : 1 of 1) BarcodeFrequencyTable, Class = data.table
 
2022-04-12 11:51:51 : (pbmc_1 : 1 of 1) BarcodeFrequencyTable, Class = data.frame
(pbmc_1 : 1 of 1) BarcodeFrequencyTable: nRows = 639399, nCols = 2



2022-04-12 11:51:51 : (pbmc_1 : 1 of 1) BarcodesMinMaxFrags, Class = data.frame
(pbmc_1 : 1 of 1) BarcodesMinMaxFrags: nRows = 10135, nCols = 1



2022-04-12 11:51:52 : (pbmc_1 : 1 of 1) Unique Chromosomes, Class = data.frame
(pbmc_1 : 1 of 1) Unique Chromosomes: nRows = 24, nCols = 1


2022-04-12 11:51:52 : (pbmc_1 : 1 of 1) Adding Chromosome 1 of 24, 8.041 mins elapsed.

2022-04-12 11:51:59 : (pbmc_1 : 1 of 1) .tmpToArrow Fragments-Chr-(1 of 24)-chr1, Class = IRanges

(pbmc_1 : 1 of 1) .tmpToArrow Fragments-Chr-(1 of 24)-chr1: length = 16261313
IRanges object with 6 ranges and 1 metadata column:
          start       end     width |                 RG
      <integer> <integer> <integer> |              <Rle>
  [1]    201378    201594       217 | TGAGCAAAGGCCTGGT-1
  [2]   1013448   1013670       223 | TGAGCAAAGGCCTGGT-1
  [3]   1068966   1069372       407 | TGAGCAAAGGCCTGGT-1
  [4]   1233969   1234339       371 | TGAGCAAAGGCCTGGT-1
  [5]   1234340   1234572       233 | TGAGCAAAGGCCTGGT-1
  [6]   1273654   1273844       191 | TGAGCAAAGGCCTGGT-1



2022-04-12 11:51:59 : (pbmc_1 : 1 of 1) .tmpToArrow Barcodes-Chr-(1 of 24)-chr1, Class = data.frame
(pbmc_1 : 1 of 1) .tmpToArrow Barcodes-Chr-(1 of 24)-chr1: nRows = 10135, nCols = 1


2022-04-12 11:52:00 : (pbmc_1 : 1 of 1) Adding Chromosome 2 of 24, 8.175 mins elapsed.
2022-04-12 11:52:06 : (pbmc_1 : 1 of 1) Adding Chromosome 3 of 24, 8.284 mins elapsed.
2022-04-12 11:52:12 : (pbmc_1 : 1 of 1) Adding Chromosome 4 of 24, 8.372 mins elapsed.
2022-04-12 11:52:16 : (pbmc_1 : 1 of 1) Adding Chromosome 5 of 24, 8.439 mins elapsed.
2022-04-12 11:52:20 : (pbmc_1 : 1 of 1) Adding Chromosome 6 of 24, 8.514 mins elapsed.
2022-04-12 11:52:26 : (pbmc_1 : 1 of 1) Adding Chromosome 7 of 24, 8.602 mins elapsed.
2022-04-12 11:52:30 : (pbmc_1 : 1 of 1) Adding Chromosome 8 of 24, 8.681 mins elapsed.
2022-04-12 11:52:34 : (pbmc_1 : 1 of 1) Adding Chromosome 9 of 24, 8.747 mins elapsed.
2022-04-12 11:52:38 : (pbmc_1 : 1 of 1) Adding Chromosome 10 of 24, 8.817 mins elapsed.
2022-04-12 11:52:43 : (pbmc_1 : 1 of 1) Adding Chromosome 11 of 24, 8.894 mins elapsed.
2022-04-12 11:52:49 : (pbmc_1 : 1 of 1) Adding Chromosome 12 of 24, 8.992 mins elapsed.
2022-04-12 11:52:54 : (pbmc_1 : 1 of 1) Adding Chromosome 13 of 24, 9.073 mins elapsed.
2022-04-12 11:52:57 : (pbmc_1 : 1 of 1) Adding Chromosome 14 of 24, 9.122 mins elapsed.
2022-04-12 11:53:00 : (pbmc_1 : 1 of 1) Adding Chromosome 15 of 24, 9.184 mins elapsed.
2022-04-12 11:53:04 : (pbmc_1 : 1 of 1) Adding Chromosome 16 of 24, 9.239 mins elapsed.
2022-04-12 11:53:08 : (pbmc_1 : 1 of 1) Adding Chromosome 17 of 24, 9.306 mins elapsed.
2022-04-12 11:53:13 : (pbmc_1 : 1 of 1) Adding Chromosome 18 of 24, 9.393 mins elapsed.
2022-04-12 11:53:15 : (pbmc_1 : 1 of 1) Adding Chromosome 19 of 24, 9.434 mins elapsed.
2022-04-12 11:53:21 : (pbmc_1 : 1 of 1) Adding Chromosome 20 of 24, 9.526 mins elapsed.
2022-04-12 11:53:24 : (pbmc_1 : 1 of 1) Adding Chromosome 21 of 24, 9.581 mins elapsed.
2022-04-12 11:53:26 : (pbmc_1 : 1 of 1) Adding Chromosome 22 of 24, 9.617 mins elapsed.
2022-04-12 11:53:29 : (pbmc_1 : 1 of 1) Adding Chromosome 23 of 24, 9.665 mins elapsed.
2022-04-12 11:53:32 : (pbmc_1 : 1 of 1) Adding Chromosome 24 of 24, 9.718 mins elapsed.
2022-04-12 11:53:34 : (pbmc_1 : 1 of 1) Successful creation of Arrow File, 9.74 mins elapsed.
2022-04-12 11:53:35 : (pbmc_1 : 1 of 1) Adding Fragment Summary, 9.758 mins elapsed.
2022-04-12 11:53:51 : (pbmc_1 : 1 of 1) Plotting Fragment Size Distribution, 10.02 mins elapsed.
2022-04-12 11:53:52 : (pbmc_1 : 1 of 1) Computing TSS Enrichment Scores, 10.041 mins elapsed.
2022-04-12 11:55:26 : (pbmc_1 : 1 of 1) Computed TSS Scores!, 1.568 mins elapsed.
2022-04-12 11:55:26 : (pbmc_1 : 1 of 1) CellStats : Number of Cells Pass Filter = 9969 , 11.61 mins elapsed.
2022-04-12 11:55:26 : (pbmc_1 : 1 of 1) CellStats : Median Frags = 14261 , 11.61 mins elapsed.
2022-04-12 11:55:26 : (pbmc_1 : 1 of 1) CellStats : Median TSS Enrichment = 13.672 , 11.61 mins elapsed.
2022-04-12 11:55:26 : (pbmc_1 : 1 of 1) Plotting TSS Enrichment Scores, 11.61 mins elapsed.
2022-04-12 11:55:27 : (pbmc_1 : 1 of 1) Adding Metadata to Fragments, 11.632 mins elapsed.
2022-04-12 11:55:28 : (pbmc_1 : 1 of 1) Adding Additional Feature Counts!, 11.645 mins elapsed.
2022-04-12 11:56:53 : (pbmc_1 : 1 of 1) Finished Adding Additional Feature Counts!, 13.063 mins elapsed.

2022-04-12 11:56:53 : (pbmc_1 : 1 of 1) Metadata, Class = DFrame
DataFrame with 10135 rows and 12 columns
                   cellNames    nFrags nMonoFrags  nDiFrags nMultiFrags TSSEnrichment
                 <character> <numeric>  <numeric> <numeric>   <numeric>     <numeric>
1     pbmc_1#TGAGCAAAGGCCT..     99678      20167     58346       21165         4.822
2     pbmc_1#AACCGCTCATATA..     94284      40334     36464       17486         8.795
3     pbmc_1#CAGCAAGCAGTAG..     92494      15417     56392       20685         3.344
4     pbmc_1#TTCATTCAGCCGC..     92303      43378     33301       15624         2.510
5     pbmc_1#GGAGTCTGTGAGC..     90198      45136     29367       15695         5.890
...                      ...       ...        ...       ...         ...           ...
10131 pbmc_1#GCTAGCGGTTAAG..      6222       2618      2466        1138        11.782
10132 pbmc_1#TTGCTTAGTGTGC..      6214       2633      2402        1179        16.929
10133 pbmc_1#CGACAAGCAGGTT..      6207       2621      2344        1242        11.404
10134 pbmc_1#GCAGGCAAGACAA..      6203       2670      2267        1266        12.886
10135 pbmc_1#CTTCACTCATTCA..      6200       2983      2017        1200        18.530
      ReadsInTSS      Keep ReadsInPromoter PromoterRatio ReadsInBlacklist
       <numeric> <numeric>       <numeric>     <numeric>        <numeric>
1           4568         0            6010     0.0301471              481
2          25890         0           27737     0.1470928              951
3           2496         0            3884     0.0209960             1272
4           5808         0           11180     0.0605614              993
5          17394         0           22415     0.1242544             1035
...          ...       ...             ...           ...              ...
10131       2743         1            2682      0.215526               62
10132       4078         1            3710      0.298519               87
10133       2770         1            2879      0.231916               82
10134       3540         1            3775      0.304288               67
10135       4866         1            4471      0.360565               84
      BlacklistRatio
           <numeric>
1         0.00241277
2         0.00504327
3         0.00687612
4         0.00537902
5         0.00573738
...              ...
10131     0.00498232
10132     0.00700032
10133     0.00660545
10134     0.00540061
10135     0.00677419

2022-04-12 11:56:53 : (pbmc_1 : 1 of 1) Removing Fragments from Filtered Cells, 13.065 mins elapsed.
2022-04-12 11:56:53 : (pbmc_1 : 1 of 1) Creating Filtered Arrow File, 13.066 mins elapsed.

2022-04-12 11:56:55 : (pbmc_1 : 1 of 1) .filterCellsFromArrow Fragments-Chr-(1 of 24)-chr1, Class = GRanges
GRanges object with 15687895 ranges and 1 metadata column:
             seqnames              ranges strand |                     RG
                <Rle>           <IRanges>  <Rle> |                  <Rle>
         [1]     chr1       267993-268016      * | pbmc_1#TAGCTAGGTTTGG..
         [2]     chr1       778900-778949      * | pbmc_1#TAGCTAGGTTTGG..
         [3]     chr1       939345-939532      * | pbmc_1#TAGCTAGGTTTGG..
         [4]     chr1       972765-972936      * | pbmc_1#TAGCTAGGTTTGG..
         [5]     chr1     1013425-1013447      * | pbmc_1#TAGCTAGGTTTGG..
         ...      ...                 ...    ... .                    ...
  [15687891]     chr1 244970982-244971340      * | pbmc_1#CTTCACTCATTCA..
  [15687892]     chr1 246724272-246724408      * | pbmc_1#CTTCACTCATTCA..
  [15687893]     chr1 246932121-246932219      * | pbmc_1#CTTCACTCATTCA..
  [15687894]     chr1 248858461-248858489      * | pbmc_1#CTTCACTCATTCA..
  [15687895]     chr1 248906125-248906191      * | pbmc_1#CTTCACTCATTCA..
  -------
  seqinfo: 1 sequence from an unspecified genome; no seqlengths


2022-04-12 11:56:55 : (pbmc_1 : 1 of 1) .filterCellsFromArrow Barcodes-Chr-(1 of 24)-chr1, Class = data.frame
(pbmc_1 : 1 of 1) .filterCellsFromArrow Barcodes-Chr-(1 of 24)-chr1: nRows = 9969, nCols = 1


2022-04-12 11:57:36 : (pbmc_1 : 1 of 1) Finished Constructing Filtered Arrow File!, 13.784 mins elapsed.
2022-04-12 11:57:37 : (pbmc_1 : 1 of 1) Adding TileMatrix!, 13.786 mins elapsed.

2022-04-12 11:57:37 : pbmc_1 .addTileMat FeatureDF, Class = DFrame
DataFrame with 6062095 rows and 3 columns
           seqnames       idx     start
        <character> <integer> <numeric>
1              chr1         1         0
2              chr1         2       500
3              chr1         3      1000
4              chr1         4      1500
5              chr1         5      2000
...             ...       ...       ...
6062091        chrX    312078 156038500
6062092        chrX    312079 156039000
6062093        chrX    312080 156039500
6062094        chrX    312081 156040000
6062095        chrX    312082 156040500

2022-04-12 11:57:43 : Adding TileMatrix to pbmc_1 for Chr (1 of 23)!, 0.112 mins elapsed.

2022-04-12 11:57:45 : NTiles_TileMatrix_1_chr1, Class = numeric

NTiles_TileMatrix_1_chr1: length = 1
  chr1 
497913 



2022-04-12 11:57:45 : NCells_TileMatrix_1_chr1, Class = integer

NCells_TileMatrix_1_chr1: length = 1
[1] 9969



2022-04-12 11:57:45 : MinTile_TileMatrix_1_chr1, Class = numeric

MinTile_TileMatrix_1_chr1: length = 1
[1] 21



2022-04-12 11:57:45 : MaxTile_TileMatrix_1_chr1, Class = numeric

MaxTile_TileMatrix_1_chr1: length = 1
[1] 497893



2022-04-12 11:57:45 : MinCell_TileMatrix_1_chr1, Class = integer

MinCell_TileMatrix_1_chr1: length = 1
[1] 1



2022-04-12 11:57:45 : MaxCell_TileMatrix_1_chr1, Class = integer

MaxCell_TileMatrix_1_chr1: length = 1
[1] 9969


2022-04-12 11:57:52 : Adding TileMatrix to pbmc_1 for Chr (2 of 23)!, 0.248 mins elapsed.

2022-04-12 11:57:52 : NTiles_TileMatrix_2_chr2, Class = numeric

NTiles_TileMatrix_2_chr2: length = 1
  chr2 
484388 



2022-04-12 11:57:52 : NCells_TileMatrix_2_chr2, Class = integer

NCells_TileMatrix_2_chr2: length = 1
[1] 9969



2022-04-12 11:57:52 : MinTile_TileMatrix_2_chr2, Class = numeric

MinTile_TileMatrix_2_chr2: length = 1
[1] 21



2022-04-12 11:57:52 : MaxTile_TileMatrix_2_chr2, Class = numeric

MaxTile_TileMatrix_2_chr2: length = 1
[1] 484367



2022-04-12 11:57:52 : MinCell_TileMatrix_2_chr2, Class = integer

MinCell_TileMatrix_2_chr2: length = 1
[1] 1



2022-04-12 11:57:52 : MaxCell_TileMatrix_2_chr2, Class = integer

MaxCell_TileMatrix_2_chr2: length = 1
[1] 9969


2022-04-12 11:57:58 : Adding TileMatrix to pbmc_1 for Chr (3 of 23)!, 0.355 mins elapsed.

2022-04-12 11:57:59 : NTiles_TileMatrix_3_chr3, Class = numeric

NTiles_TileMatrix_3_chr3: length = 1
  chr3 
396592 



2022-04-12 11:57:59 : NCells_TileMatrix_3_chr3, Class = integer

NCells_TileMatrix_3_chr3: length = 1
[1] 9969



2022-04-12 11:57:59 : MinTile_TileMatrix_3_chr3, Class = numeric

MinTile_TileMatrix_3_chr3: length = 1
[1] 21



2022-04-12 11:57:59 : MaxTile_TileMatrix_3_chr3, Class = numeric

MaxTile_TileMatrix_3_chr3: length = 1
[1] 396441



2022-04-12 11:57:59 : MinCell_TileMatrix_3_chr3, Class = integer

MinCell_TileMatrix_3_chr3: length = 1
[1] 1



2022-04-12 11:57:59 : MaxCell_TileMatrix_3_chr3, Class = integer

MaxCell_TileMatrix_3_chr3: length = 1
[1] 9969


2022-04-12 11:58:03 : Adding TileMatrix to pbmc_1 for Chr (4 of 23)!, 0.446 mins elapsed.

2022-04-12 11:58:04 : NTiles_TileMatrix_4_chr4, Class = numeric

NTiles_TileMatrix_4_chr4: length = 1
  chr4 
380430 



2022-04-12 11:58:04 : NCells_TileMatrix_4_chr4, Class = integer

NCells_TileMatrix_4_chr4: length = 1
[1] 9969



2022-04-12 11:58:04 : MinTile_TileMatrix_4_chr4, Class = numeric

MinTile_TileMatrix_4_chr4: length = 1
[1] 21



2022-04-12 11:58:04 : MaxTile_TileMatrix_4_chr4, Class = numeric

MaxTile_TileMatrix_4_chr4: length = 1
[1] 380410



2022-04-12 11:58:04 : MinCell_TileMatrix_4_chr4, Class = integer

MinCell_TileMatrix_4_chr4: length = 1
[1] 1



2022-04-12 11:58:04 : MaxCell_TileMatrix_4_chr4, Class = integer

MaxCell_TileMatrix_4_chr4: length = 1
[1] 9969


2022-04-12 11:58:08 : Adding TileMatrix to pbmc_1 for Chr (5 of 23)!, 0.521 mins elapsed.

2022-04-12 11:58:08 : NTiles_TileMatrix_5_chr5, Class = numeric

NTiles_TileMatrix_5_chr5: length = 1
  chr5 
363077 



2022-04-12 11:58:08 : NCells_TileMatrix_5_chr5, Class = integer

NCells_TileMatrix_5_chr5: length = 1
[1] 9969



2022-04-12 11:58:08 : MinTile_TileMatrix_5_chr5, Class = numeric

MinTile_TileMatrix_5_chr5: length = 1
[1] 21



2022-04-12 11:58:08 : MaxTile_TileMatrix_5_chr5, Class = numeric

MaxTile_TileMatrix_5_chr5: length = 1
[1] 362956



2022-04-12 11:58:08 : MinCell_TileMatrix_5_chr5, Class = integer

MinCell_TileMatrix_5_chr5: length = 1
[1] 1



2022-04-12 11:58:08 : MaxCell_TileMatrix_5_chr5, Class = integer

MaxCell_TileMatrix_5_chr5: length = 1
[1] 9969


2022-04-12 11:58:13 : Adding TileMatrix to pbmc_1 for Chr (6 of 23)!, 0.6 mins elapsed.

2022-04-12 11:58:13 : NTiles_TileMatrix_6_chr6, Class = numeric

NTiles_TileMatrix_6_chr6: length = 1
  chr6 
341612 



2022-04-12 11:58:13 : NCells_TileMatrix_6_chr6, Class = integer

NCells_TileMatrix_6_chr6: length = 1
[1] 9969



2022-04-12 11:58:13 : MinTile_TileMatrix_6_chr6, Class = numeric

MinTile_TileMatrix_6_chr6: length = 1
[1] 128



2022-04-12 11:58:13 : MaxTile_TileMatrix_6_chr6, Class = numeric

MaxTile_TileMatrix_6_chr6: length = 1
[1] 341479



2022-04-12 11:58:13 : MinCell_TileMatrix_6_chr6, Class = integer

MinCell_TileMatrix_6_chr6: length = 1
[1] 1



2022-04-12 11:58:13 : MaxCell_TileMatrix_6_chr6, Class = integer

MaxCell_TileMatrix_6_chr6: length = 1
[1] 9969


2022-04-12 11:58:18 : Adding TileMatrix to pbmc_1 for Chr (7 of 23)!, 0.692 mins elapsed.

2022-04-12 11:58:19 : NTiles_TileMatrix_7_chr7, Class = numeric

NTiles_TileMatrix_7_chr7: length = 1
  chr7 
318692 



2022-04-12 11:58:19 : NCells_TileMatrix_7_chr7, Class = integer

NCells_TileMatrix_7_chr7: length = 1
[1] 9969



2022-04-12 11:58:19 : MinTile_TileMatrix_7_chr7, Class = numeric

MinTile_TileMatrix_7_chr7: length = 1
[1] 21



2022-04-12 11:58:19 : MaxTile_TileMatrix_7_chr7, Class = numeric

MaxTile_TileMatrix_7_chr7: length = 1
[1] 318672



2022-04-12 11:58:19 : MinCell_TileMatrix_7_chr7, Class = integer

MinCell_TileMatrix_7_chr7: length = 1
[1] 1



2022-04-12 11:58:19 : MaxCell_TileMatrix_7_chr7, Class = integer

MaxCell_TileMatrix_7_chr7: length = 1
[1] 9969


2022-04-12 11:58:23 : Adding TileMatrix to pbmc_1 for Chr (8 of 23)!, 0.774 mins elapsed.

2022-04-12 11:58:24 : NTiles_TileMatrix_8_chr8, Class = numeric

NTiles_TileMatrix_8_chr8: length = 1
  chr8 
290278 



2022-04-12 11:58:24 : NCells_TileMatrix_8_chr8, Class = integer

NCells_TileMatrix_8_chr8: length = 1
[1] 9969



2022-04-12 11:58:24 : MinTile_TileMatrix_8_chr8, Class = numeric

MinTile_TileMatrix_8_chr8: length = 1
[1] 143



2022-04-12 11:58:24 : MaxTile_TileMatrix_8_chr8, Class = numeric

MaxTile_TileMatrix_8_chr8: length = 1
[1] 290153



2022-04-12 11:58:24 : MinCell_TileMatrix_8_chr8, Class = integer

MinCell_TileMatrix_8_chr8: length = 1
[1] 1



2022-04-12 11:58:24 : MaxCell_TileMatrix_8_chr8, Class = integer

MaxCell_TileMatrix_8_chr8: length = 1
[1] 9969


2022-04-12 11:58:27 : Adding TileMatrix to pbmc_1 for Chr (9 of 23)!, 0.845 mins elapsed.

2022-04-12 11:58:28 : NTiles_TileMatrix_9_chr9, Class = numeric

NTiles_TileMatrix_9_chr9: length = 1
  chr9 
276790 



2022-04-12 11:58:28 : NCells_TileMatrix_9_chr9, Class = integer

NCells_TileMatrix_9_chr9: length = 1
[1] 9969



2022-04-12 11:58:28 : MinTile_TileMatrix_9_chr9, Class = numeric

MinTile_TileMatrix_9_chr9: length = 1
[1] 21



2022-04-12 11:58:28 : MaxTile_TileMatrix_9_chr9, Class = numeric

MaxTile_TileMatrix_9_chr9: length = 1
[1] 276457



2022-04-12 11:58:28 : MinCell_TileMatrix_9_chr9, Class = integer

MinCell_TileMatrix_9_chr9: length = 1
[1] 1



2022-04-12 11:58:28 : MaxCell_TileMatrix_9_chr9, Class = integer

MaxCell_TileMatrix_9_chr9: length = 1
[1] 9969


2022-04-12 11:58:32 : Adding TileMatrix to pbmc_1 for Chr (10 of 23)!, 0.923 mins elapsed.

2022-04-12 11:58:33 : NTiles_TileMatrix_10_chr10, Class = numeric

NTiles_TileMatrix_10_chr10: length = 1
 chr10 
267595 



2022-04-12 11:58:33 : NCells_TileMatrix_10_chr10, Class = integer

NCells_TileMatrix_10_chr10: length = 1
[1] 9969



2022-04-12 11:58:33 : MinTile_TileMatrix_10_chr10, Class = numeric

MinTile_TileMatrix_10_chr10: length = 1
[1] 21



2022-04-12 11:58:33 : MaxTile_TileMatrix_10_chr10, Class = numeric

MaxTile_TileMatrix_10_chr10: length = 1
[1] 267575



2022-04-12 11:58:33 : MinCell_TileMatrix_10_chr10, Class = integer

MinCell_TileMatrix_10_chr10: length = 1
[1] 1



2022-04-12 11:58:33 : MaxCell_TileMatrix_10_chr10, Class = integer

MaxCell_TileMatrix_10_chr10: length = 1
[1] 9969


2022-04-12 11:58:37 : Adding TileMatrix to pbmc_1 for Chr (11 of 23)!, 1 mins elapsed.

2022-04-12 11:58:37 : NTiles_TileMatrix_11_chr11, Class = numeric

NTiles_TileMatrix_11_chr11: length = 1
 chr11 
270174 



2022-04-12 11:58:37 : NCells_TileMatrix_11_chr11, Class = integer

NCells_TileMatrix_11_chr11: length = 1
[1] 9969



2022-04-12 11:58:37 : MinTile_TileMatrix_11_chr11, Class = numeric

MinTile_TileMatrix_11_chr11: length = 1
[1] 227



2022-04-12 11:58:37 : MaxTile_TileMatrix_11_chr11, Class = numeric

MaxTile_TileMatrix_11_chr11: length = 1
[1] 270154



2022-04-12 11:58:37 : MinCell_TileMatrix_11_chr11, Class = integer

MinCell_TileMatrix_11_chr11: length = 1
[1] 1



2022-04-12 11:58:37 : MaxCell_TileMatrix_11_chr11, Class = integer

MaxCell_TileMatrix_11_chr11: length = 1
[1] 9969


2022-04-12 11:58:42 : Adding TileMatrix to pbmc_1 for Chr (12 of 23)!, 1.087 mins elapsed.

2022-04-12 11:58:42 : NTiles_TileMatrix_12_chr12, Class = numeric

NTiles_TileMatrix_12_chr12: length = 1
 chr12 
266551 



2022-04-12 11:58:42 : NCells_TileMatrix_12_chr12, Class = integer

NCells_TileMatrix_12_chr12: length = 1
[1] 9969



2022-04-12 11:58:42 : MinTile_TileMatrix_12_chr12, Class = numeric

MinTile_TileMatrix_12_chr12: length = 1
[1] 21



2022-04-12 11:58:43 : MaxTile_TileMatrix_12_chr12, Class = numeric

MaxTile_TileMatrix_12_chr12: length = 1
[1] 266531



2022-04-12 11:58:43 : MinCell_TileMatrix_12_chr12, Class = integer

MinCell_TileMatrix_12_chr12: length = 1
[1] 1



2022-04-12 11:58:43 : MaxCell_TileMatrix_12_chr12, Class = integer

MaxCell_TileMatrix_12_chr12: length = 1
[1] 9969


2022-04-12 11:58:47 : Adding TileMatrix to pbmc_1 for Chr (13 of 23)!, 1.174 mins elapsed.

2022-04-12 11:58:47 : NTiles_TileMatrix_13_chr13, Class = numeric

NTiles_TileMatrix_13_chr13: length = 1
 chr13 
228729 



2022-04-12 11:58:47 : NCells_TileMatrix_13_chr13, Class = integer

NCells_TileMatrix_13_chr13: length = 1
[1] 9969



2022-04-12 11:58:47 : MinTile_TileMatrix_13_chr13, Class = numeric

MinTile_TileMatrix_13_chr13: length = 1
[1] 33839



2022-04-12 11:58:47 : MaxTile_TileMatrix_13_chr13, Class = numeric

MaxTile_TileMatrix_13_chr13: length = 1
[1] 228709



2022-04-12 11:58:47 : MinCell_TileMatrix_13_chr13, Class = integer

MinCell_TileMatrix_13_chr13: length = 1
[1] 1



2022-04-12 11:58:47 : MaxCell_TileMatrix_13_chr13, Class = integer

MaxCell_TileMatrix_13_chr13: length = 1
[1] 9969


2022-04-12 11:58:51 : Adding TileMatrix to pbmc_1 for Chr (14 of 23)!, 1.233 mins elapsed.

2022-04-12 11:58:51 : NTiles_TileMatrix_14_chr14, Class = numeric

NTiles_TileMatrix_14_chr14: length = 1
 chr14 
214088 



2022-04-12 11:58:51 : NCells_TileMatrix_14_chr14, Class = integer

NCells_TileMatrix_14_chr14: length = 1
[1] 9969



2022-04-12 11:58:51 : MinTile_TileMatrix_14_chr14, Class = numeric

MinTile_TileMatrix_14_chr14: length = 1
[1] 32082



2022-04-12 11:58:51 : MaxTile_TileMatrix_14_chr14, Class = numeric

MaxTile_TileMatrix_14_chr14: length = 1
[1] 213768



2022-04-12 11:58:51 : MinCell_TileMatrix_14_chr14, Class = integer

MinCell_TileMatrix_14_chr14: length = 1
[1] 1



2022-04-12 11:58:51 : MaxCell_TileMatrix_14_chr14, Class = integer

MaxCell_TileMatrix_14_chr14: length = 1
[1] 9969


2022-04-12 11:58:55 : Adding TileMatrix to pbmc_1 for Chr (15 of 23)!, 1.305 mins elapsed.

2022-04-12 11:58:55 : NTiles_TileMatrix_15_chr15, Class = numeric

NTiles_TileMatrix_15_chr15: length = 1
 chr15 
203983 



2022-04-12 11:58:55 : NCells_TileMatrix_15_chr15, Class = integer

NCells_TileMatrix_15_chr15: length = 1
[1] 9969



2022-04-12 11:58:55 : MinTile_TileMatrix_15_chr15, Class = numeric

MinTile_TileMatrix_15_chr15: length = 1
[1] 34020



2022-04-12 11:58:55 : MaxTile_TileMatrix_15_chr15, Class = numeric

MaxTile_TileMatrix_15_chr15: length = 1
[1] 203963



2022-04-12 11:58:55 : MinCell_TileMatrix_15_chr15, Class = integer

MinCell_TileMatrix_15_chr15: length = 1
[1] 1



2022-04-12 11:58:55 : MaxCell_TileMatrix_15_chr15, Class = integer

MaxCell_TileMatrix_15_chr15: length = 1
[1] 9969


2022-04-12 11:58:59 : Adding TileMatrix to pbmc_1 for Chr (16 of 23)!, 1.371 mins elapsed.

2022-04-12 11:58:59 : NTiles_TileMatrix_16_chr16, Class = numeric

NTiles_TileMatrix_16_chr16: length = 1
 chr16 
180677 



2022-04-12 11:58:59 : NCells_TileMatrix_16_chr16, Class = integer

NCells_TileMatrix_16_chr16: length = 1
[1] 9969



2022-04-12 11:58:59 : MinTile_TileMatrix_16_chr16, Class = numeric

MinTile_TileMatrix_16_chr16: length = 1
[1] 21



2022-04-12 11:58:59 : MaxTile_TileMatrix_16_chr16, Class = numeric

MaxTile_TileMatrix_16_chr16: length = 1
[1] 180450



2022-04-12 11:58:59 : MinCell_TileMatrix_16_chr16, Class = integer

MinCell_TileMatrix_16_chr16: length = 1
[1] 1



2022-04-12 11:58:59 : MaxCell_TileMatrix_16_chr16, Class = integer

MaxCell_TileMatrix_16_chr16: length = 1
[1] 9969


2022-04-12 11:59:03 : Adding TileMatrix to pbmc_1 for Chr (17 of 23)!, 1.445 mins elapsed.

2022-04-12 11:59:04 : NTiles_TileMatrix_17_chr17, Class = numeric

NTiles_TileMatrix_17_chr17: length = 1
 chr17 
166515 



2022-04-12 11:59:04 : NCells_TileMatrix_17_chr17, Class = integer

NCells_TileMatrix_17_chr17: length = 1
[1] 9969



2022-04-12 11:59:04 : MinTile_TileMatrix_17_chr17, Class = numeric

MinTile_TileMatrix_17_chr17: length = 1
[1] 156



2022-04-12 11:59:04 : MaxTile_TileMatrix_17_chr17, Class = numeric

MaxTile_TileMatrix_17_chr17: length = 1
[1] 166495



2022-04-12 11:59:04 : MinCell_TileMatrix_17_chr17, Class = integer

MinCell_TileMatrix_17_chr17: length = 1
[1] 1



2022-04-12 11:59:04 : MaxCell_TileMatrix_17_chr17, Class = integer

MaxCell_TileMatrix_17_chr17: length = 1
[1] 9969


2022-04-12 11:59:09 : Adding TileMatrix to pbmc_1 for Chr (18 of 23)!, 1.543 mins elapsed.

2022-04-12 11:59:09 : NTiles_TileMatrix_18_chr18, Class = numeric

NTiles_TileMatrix_18_chr18: length = 1
 chr18 
160747 



2022-04-12 11:59:09 : NCells_TileMatrix_18_chr18, Class = integer

NCells_TileMatrix_18_chr18: length = 1
[1] 9969



2022-04-12 11:59:09 : MinTile_TileMatrix_18_chr18, Class = numeric

MinTile_TileMatrix_18_chr18: length = 1
[1] 21



2022-04-12 11:59:09 : MaxTile_TileMatrix_18_chr18, Class = numeric

MaxTile_TileMatrix_18_chr18: length = 1
[1] 160527



2022-04-12 11:59:09 : MinCell_TileMatrix_18_chr18, Class = integer

MinCell_TileMatrix_18_chr18: length = 1
[1] 1



2022-04-12 11:59:09 : MaxCell_TileMatrix_18_chr18, Class = integer

MaxCell_TileMatrix_18_chr18: length = 1
[1] 9969


2022-04-12 11:59:12 : Adding TileMatrix to pbmc_1 for Chr (19 of 23)!, 1.594 mins elapsed.

2022-04-12 11:59:13 : NTiles_TileMatrix_19_chr19, Class = numeric

NTiles_TileMatrix_19_chr19: length = 1
 chr19 
117236 



2022-04-12 11:59:13 : NCells_TileMatrix_19_chr19, Class = integer

NCells_TileMatrix_19_chr19: length = 1
[1] 9969



2022-04-12 11:59:13 : MinTile_TileMatrix_19_chr19, Class = numeric

MinTile_TileMatrix_19_chr19: length = 1
[1] 141



2022-04-12 11:59:13 : MaxTile_TileMatrix_19_chr19, Class = numeric

MaxTile_TileMatrix_19_chr19: length = 1
[1] 117216



2022-04-12 11:59:13 : MinCell_TileMatrix_19_chr19, Class = integer

MinCell_TileMatrix_19_chr19: length = 1
[1] 1



2022-04-12 11:59:13 : MaxCell_TileMatrix_19_chr19, Class = integer

MaxCell_TileMatrix_19_chr19: length = 1
[1] 9969


2022-04-12 11:59:18 : Adding TileMatrix to pbmc_1 for Chr (20 of 23)!, 1.694 mins elapsed.

2022-04-12 11:59:19 : NTiles_TileMatrix_20_chr20, Class = numeric

NTiles_TileMatrix_20_chr20: length = 1
 chr20 
128889 



2022-04-12 11:59:19 : NCells_TileMatrix_20_chr20, Class = integer

NCells_TileMatrix_20_chr20: length = 1
[1] 9969



2022-04-12 11:59:19 : MinTile_TileMatrix_20_chr20, Class = numeric

MinTile_TileMatrix_20_chr20: length = 1
[1] 121



2022-04-12 11:59:19 : MaxTile_TileMatrix_20_chr20, Class = numeric

MaxTile_TileMatrix_20_chr20: length = 1
[1] 128667



2022-04-12 11:59:19 : MinCell_TileMatrix_20_chr20, Class = integer

MinCell_TileMatrix_20_chr20: length = 1
[1] 1



2022-04-12 11:59:19 : MaxCell_TileMatrix_20_chr20, Class = integer

MaxCell_TileMatrix_20_chr20: length = 1
[1] 9969


2022-04-12 11:59:22 : Adding TileMatrix to pbmc_1 for Chr (21 of 23)!, 1.758 mins elapsed.

2022-04-12 11:59:22 : NTiles_TileMatrix_21_chr21, Class = numeric

NTiles_TileMatrix_21_chr21: length = 1
chr21 
93420 



2022-04-12 11:59:22 : NCells_TileMatrix_21_chr21, Class = integer

NCells_TileMatrix_21_chr21: length = 1
[1] 9969



2022-04-12 11:59:22 : MinTile_TileMatrix_21_chr21, Class = numeric

MinTile_TileMatrix_21_chr21: length = 1
[1] 10062



2022-04-12 11:59:22 : MaxTile_TileMatrix_21_chr21, Class = numeric

MaxTile_TileMatrix_21_chr21: length = 1
[1] 93400



2022-04-12 11:59:22 : MinCell_TileMatrix_21_chr21, Class = integer

MinCell_TileMatrix_21_chr21: length = 1
[1] 1



2022-04-12 11:59:22 : MaxCell_TileMatrix_21_chr21, Class = integer

MaxCell_TileMatrix_21_chr21: length = 1
[1] 9969


2022-04-12 11:59:25 : Adding TileMatrix to pbmc_1 for Chr (22 of 23)!, 1.809 mins elapsed.

2022-04-12 11:59:26 : NTiles_TileMatrix_22_chr22, Class = numeric

NTiles_TileMatrix_22_chr22: length = 1
 chr22 
101637 



2022-04-12 11:59:26 : NCells_TileMatrix_22_chr22, Class = integer

NCells_TileMatrix_22_chr22: length = 1
[1] 9969



2022-04-12 11:59:26 : MinTile_TileMatrix_22_chr22, Class = numeric

MinTile_TileMatrix_22_chr22: length = 1
[1] 21146



2022-04-12 11:59:26 : MaxTile_TileMatrix_22_chr22, Class = numeric

MaxTile_TileMatrix_22_chr22: length = 1
[1] 101617



2022-04-12 11:59:26 : MinCell_TileMatrix_22_chr22, Class = integer

MinCell_TileMatrix_22_chr22: length = 1
[1] 1



2022-04-12 11:59:26 : MaxCell_TileMatrix_22_chr22, Class = integer

MaxCell_TileMatrix_22_chr22: length = 1
[1] 9969


2022-04-12 11:59:29 : Adding TileMatrix to pbmc_1 for Chr (23 of 23)!, 1.87 mins elapsed.

2022-04-12 11:59:29 : NTiles_TileMatrix_23_chrX, Class = numeric

NTiles_TileMatrix_23_chrX: length = 1
  chrX 
312082 



2022-04-12 11:59:29 : NCells_TileMatrix_23_chrX, Class = integer

NCells_TileMatrix_23_chrX: length = 1
[1] 9969



2022-04-12 11:59:29 : MinTile_TileMatrix_23_chrX, Class = numeric

MinTile_TileMatrix_23_chrX: length = 1
[1] 21



2022-04-12 11:59:29 : MaxTile_TileMatrix_23_chrX, Class = numeric

MaxTile_TileMatrix_23_chrX: length = 1
[1] 312062



2022-04-12 11:59:29 : MinCell_TileMatrix_23_chrX, Class = integer

MinCell_TileMatrix_23_chrX: length = 1
[1] 1



2022-04-12 11:59:29 : MaxCell_TileMatrix_23_chrX, Class = integer

MaxCell_TileMatrix_23_chrX: length = 1
[1] 9969


2022-04-12 11:59:33 : (pbmc_1 : 1 of 1) Finished Adding TileMatrix!, 15.73 mins elapsed.
2022-04-12 11:59:33 : (pbmc_1 : 1 of 1) Adding GeneScoreMatrix!, 15.73 mins elapsed.


2022-04-12 11:59:33 : pbmc_1 .addGeneScoreMat geneRegions, Class = GRanges
GRanges object with 24919 ranges and 5 metadata columns:
          seqnames              ranges strand |     gene_id       symbol geneStart
             <Rle>           <IRanges>  <Rle> | <character>  <character> <integer>
      [1]     chr1         64091-70008      + |       79501        OR4F5     69091
      [2]     chr1       139790-145339      - |      729737    LOC729737    140339
      [3]     chr1       585990-634010      - |   101928626 LOC101928626    629010
      [4]     chr1       812371-819837      + |      400728       FAM87B    817371
      [5]     chr1       820138-859446      + |      643837    LINC01128    825138
      ...      ...                 ...    ... .         ...          ...       ...
  [24915]     chrX 155258241-155269589      - |      116442       RAB39B 155264589
  [24916]     chrX 155276211-155339657      - |        1193        CLIC2 155334657
  [24917]     chrX 155375787-155381134      + |      474382       H2AFB1 155380787
  [24918]     chrX 155377115-155383230      + |      474383         F8A2 155382115
  [24919]     chrX 155490115-155674944      - |       55217        TMLHE 155669944
            geneEnd geneWeight
          <integer>  <numeric>
      [1]     70008    4.40770
      [2]    139790    4.63365
      [3]    585990    1.41996
      [4]    819837    3.70079
      [5]    859446    1.51303
      ...       ...        ...
  [24915] 155258241    2.77696
  [24916] 155276211    1.31785
  [24917] 155381134    4.77090
  [24918] 155383230    4.29738
  [24919] 155490115    1.10911
  -------
  seqinfo: 23 sequences from hg38 genome

2022-04-12 11:59:34 : Creating Temp GeneScoreMatrix for pbmc_1, Chr (1 of 23)!, 0 mins elapsed.
2022-04-12 11:59:42 : Creating Temp GeneScoreMatrix for pbmc_1, Chr (2 of 23)!, 0.137 mins elapsed.
2022-04-12 11:59:49 : Creating Temp GeneScoreMatrix for pbmc_1, Chr (3 of 23)!, 0.249 mins elapsed.
2022-04-12 11:59:54 : Creating Temp GeneScoreMatrix for pbmc_1, Chr (4 of 23)!, 0.344 mins elapsed.
2022-04-12 11:59:59 : Creating Temp GeneScoreMatrix for pbmc_1, Chr (5 of 23)!, 0.416 mins elapsed.
2022-04-12 12:00:04 : Creating Temp GeneScoreMatrix for pbmc_1, Chr (6 of 23)!, 0.499 mins elapsed.
2022-04-12 12:00:09 : Creating Temp GeneScoreMatrix for pbmc_1, Chr (7 of 23)!, 0.591 mins elapsed.
2022-04-12 12:00:14 : Creating Temp GeneScoreMatrix for pbmc_1, Chr (8 of 23)!, 0.675 mins elapsed.
2022-04-12 12:00:18 : Creating Temp GeneScoreMatrix for pbmc_1, Chr (9 of 23)!, 0.745 mins elapsed.
2022-04-12 12:00:23 : Creating Temp GeneScoreMatrix for pbmc_1, Chr (10 of 23)!, 0.819 mins elapsed.
2022-04-12 12:00:27 : Creating Temp GeneScoreMatrix for pbmc_1, Chr (11 of 23)!, 0.895 mins elapsed.
2022-04-12 12:00:33 : Creating Temp GeneScoreMatrix for pbmc_1, Chr (12 of 23)!, 0.982 mins elapsed.
2022-04-12 12:00:38 : Creating Temp GeneScoreMatrix for pbmc_1, Chr (13 of 23)!, 1.07 mins elapsed.
2022-04-12 12:00:41 : Creating Temp GeneScoreMatrix for pbmc_1, Chr (14 of 23)!, 1.127 mins elapsed.
2022-04-12 12:00:46 : Creating Temp GeneScoreMatrix for pbmc_1, Chr (15 of 23)!, 1.199 mins elapsed.
2022-04-12 12:00:50 : Creating Temp GeneScoreMatrix for pbmc_1, Chr (16 of 23)!, 1.265 mins elapsed.
2022-04-12 12:00:54 : Creating Temp GeneScoreMatrix for pbmc_1, Chr (17 of 23)!, 1.34 mins elapsed.
2022-04-12 12:01:00 : Creating Temp GeneScoreMatrix for pbmc_1, Chr (18 of 23)!, 1.438 mins elapsed.
2022-04-12 12:01:03 : Creating Temp GeneScoreMatrix for pbmc_1, Chr (19 of 23)!, 1.49 mins elapsed.
2022-04-12 12:01:09 : Creating Temp GeneScoreMatrix for pbmc_1, Chr (20 of 23)!, 1.586 mins elapsed.
2022-04-12 12:01:13 : Creating Temp GeneScoreMatrix for pbmc_1, Chr (21 of 23)!, 1.647 mins elapsed.
2022-04-12 12:01:15 : Creating Temp GeneScoreMatrix for pbmc_1, Chr (22 of 23)!, 1.696 mins elapsed.
2022-04-12 12:01:19 : Creating Temp GeneScoreMatrix for pbmc_1, Chr (23 of 23)!, 1.753 mins elapsed.

2022-04-12 12:01:23 : pbmc_1 .addGeneScoreMat FeatureDF, Class = data.frame
pbmc_1 .addGeneScoreMat FeatureDF: nRows = 24919, nCols = 6


2022-04-12 12:01:24 : Adding GeneScoreMatrix to pbmc_1 for Chr (1 of 23)!, 1.837 mins elapsed.
2022-04-12 12:01:27 : Adding GeneScoreMatrix to pbmc_1 for Chr (2 of 23)!, 1.89 mins elapsed.
2022-04-12 12:01:29 : Adding GeneScoreMatrix to pbmc_1 for Chr (3 of 23)!, 1.929 mins elapsed.
2022-04-12 12:01:32 : Adding GeneScoreMatrix to pbmc_1 for Chr (4 of 23)!, 1.977 mins elapsed.
2022-04-12 12:01:34 : Adding GeneScoreMatrix to pbmc_1 for Chr (5 of 23)!, 2.006 mins elapsed.
2022-04-12 12:01:36 : Adding GeneScoreMatrix to pbmc_1 for Chr (6 of 23)!, 2.037 mins elapsed.
2022-04-12 12:01:39 : Adding GeneScoreMatrix to pbmc_1 for Chr (7 of 23)!, 2.084 mins elapsed.
2022-04-12 12:01:41 : Adding GeneScoreMatrix to pbmc_1 for Chr (8 of 23)!, 2.115 mins elapsed.
2022-04-12 12:01:42 : Adding GeneScoreMatrix to pbmc_1 for Chr (9 of 23)!, 2.143 mins elapsed.
2022-04-12 12:01:45 : Adding GeneScoreMatrix to pbmc_1 for Chr (10 of 23)!, 2.183 mins elapsed.
2022-04-12 12:01:47 : Adding GeneScoreMatrix to pbmc_1 for Chr (11 of 23)!, 2.213 mins elapsed.
2022-04-12 12:01:49 : Adding GeneScoreMatrix to pbmc_1 for Chr (12 of 23)!, 2.248 mins elapsed.
2022-04-12 12:01:51 : Adding GeneScoreMatrix to pbmc_1 for Chr (13 of 23)!, 2.292 mins elapsed.
2022-04-12 12:01:53 : Adding GeneScoreMatrix to pbmc_1 for Chr (14 of 23)!, 2.314 mins elapsed.
2022-04-12 12:01:54 : Adding GeneScoreMatrix to pbmc_1 for Chr (15 of 23)!, 2.342 mins elapsed.
2022-04-12 12:01:56 : Adding GeneScoreMatrix to pbmc_1 for Chr (16 of 23)!, 2.377 mins elapsed.
2022-04-12 12:01:58 : Adding GeneScoreMatrix to pbmc_1 for Chr (17 of 23)!, 2.409 mins elapsed.
2022-04-12 12:02:01 : Adding GeneScoreMatrix to pbmc_1 for Chr (18 of 23)!, 2.446 mins elapsed.
2022-04-12 12:02:02 : Adding GeneScoreMatrix to pbmc_1 for Chr (19 of 23)!, 2.477 mins elapsed.
2022-04-12 12:02:05 : Adding GeneScoreMatrix to pbmc_1 for Chr (20 of 23)!, 2.518 mins elapsed.
2022-04-12 12:02:06 : Adding GeneScoreMatrix to pbmc_1 for Chr (21 of 23)!, 2.543 mins elapsed.
2022-04-12 12:02:08 : Adding GeneScoreMatrix to pbmc_1 for Chr (22 of 23)!, 2.573 mins elapsed.
2022-04-12 12:02:10 : Adding GeneScoreMatrix to pbmc_1 for Chr (23 of 23)!, 2.599 mins elapsed.
2022-04-12 12:02:12 : (pbmc_1 : 1 of 1) Finished Adding GeneScoreMatrix!, 18.384 mins elapsed.
2022-04-12 12:02:12 : (pbmc_1 : 1 of 1) Finished Creating Arrow File, 18.384 mins elapsed.

------- Completed

End Time : 2022-04-12 12:02:12
Elapsed Time Minutes = 18.3992134491603
Elapsed Time Hours = 0.306653589804967

-------



