
           ___      .______        ______  __    __  .______      
          /   \     |   _  \      /      ||  |  |  | |   _  \     
         /  ^  \    |  |_)  |    |  ,----'|  |__|  | |  |_)  |    
        /  /_\  \   |      /     |  |     |   __   | |      /     
       /  _____  \  |  |\  \\___ |  `----.|  |  |  | |  |\  \\___.
      /__/     \__\ | _| `._____| \______||__|  |__| | _| `._____|
    
Logging With ArchR!

Start Time : 2022-04-11 21:05:17

------- ArchR Info

ArchRThreads = 1
ArchRGenome = Hg19

------- System Info

Computer OS = unix
Total Cores = 16

------- Session Info

R version 4.1.3 (2022-03-10)
Platform: x86_64-pc-linux-gnu (64-bit)
Running under: Ubuntu 20.04.4 LTS

Matrix products: default
BLAS:   /usr/lib/x86_64-linux-gnu/blas/libblas.so.3.9.0
LAPACK: /usr/lib/x86_64-linux-gnu/lapack/liblapack.so.3.9.0

locale:
 [1] LC_CTYPE=en_US.UTF-8       LC_NUMERIC=C               LC_TIME=en_US.UTF-8       
 [4] LC_COLLATE=en_US.UTF-8     LC_MONETARY=en_US.UTF-8    LC_MESSAGES=en_US.UTF-8   
 [7] LC_PAPER=en_US.UTF-8       LC_NAME=C                  LC_ADDRESS=C              
[10] LC_TELEPHONE=C             LC_MEASUREMENT=en_US.UTF-8 LC_IDENTIFICATION=C       

attached base packages:
[1] parallel  stats4    stats     graphics  grDevices utils     datasets  methods  
[9] base     

other attached packages:
 [1] Rsamtools_2.8.0                   BSgenome.Hsapiens.UCSC.hg19_1.4.3
 [3] BSgenome_1.60.0                   rtracklayer_1.52.1               
 [5] Biostrings_2.60.2                 XVector_0.32.0                   
 [7] ArchR_1.0.1                       rhdf5_2.36.0                     
 [9] Matrix_1.4-1                      data.table_1.14.2                
[11] ggside_0.2.0                      scater_1.20.1                    
[13] scran_1.20.1                      scuttle_1.2.1                    
[15] SingleCellExperiment_1.14.1       SummarizedExperiment_1.22.0      
[17] Biobase_2.52.0                    GenomicRanges_1.44.0             
[19] GenomeInfoDb_1.28.4               IRanges_2.26.0                   
[21] S4Vectors_0.30.2                  BiocGenerics_0.38.0              
[23] scDblFinder_1.6.0                 sparseMatrixStats_1.4.2          
[25] MatrixGenerics_1.4.3              matrixStats_0.61.0               
[27] magrittr_2.0.3                    forcats_0.5.1                    
[29] stringr_1.4.0                     dplyr_1.0.8                      
[31] purrr_0.3.4                       readr_2.1.2                      
[33] tidyr_1.2.0                       tibble_3.1.6                     
[35] ggplot2_3.3.5                     tidyverse_1.3.1                  
[37] reticulate_1.24                  

loaded via a namespace (and not attached):
  [1] utf8_1.2.2                tidyselect_1.1.2          htmlwidgets_1.5.4        
  [4] grid_4.1.3                BiocParallel_1.26.2       Rtsne_0.15               
  [7] munsell_0.5.0             ScaledMatrix_1.0.0        codetools_0.2-18         
 [10] ica_1.0-2                 statmod_1.4.36            xgboost_1.5.2.1          
 [13] future_1.24.0             miniUI_0.1.1.1            withr_2.5.0              
 [16] spatstat.random_2.2-0     colorspace_2.0-3          knitr_1.38               
 [19] rstudioapi_0.13           Seurat_4.1.0              ROCR_1.0-11              
 [22] tensor_1.5                listenv_0.8.0             labeling_0.4.2           
 [25] GenomeInfoDbData_1.2.6    polyclip_1.10-0           farver_2.1.0             
 [28] bit64_4.0.5               parallelly_1.31.0         vctrs_0.4.0              
 [31] generics_0.1.2            xfun_0.30                 R6_2.5.1                 
 [34] ggbeeswarm_0.6.0          rsvd_1.0.5                locfit_1.5-9.5           
 [37] hdf5r_1.3.5               rhdf5filters_1.4.0        bitops_1.0-7             
 [40] spatstat.utils_2.3-0      DelayedArray_0.18.0       assertthat_0.2.1         
 [43] BiocIO_1.2.0              vroom_1.5.7               promises_1.2.0.1         
 [46] scales_1.1.1              beeswarm_0.4.0            gtable_0.3.0             
 [49] beachmat_2.8.1            Cairo_1.5-15              globals_0.14.0           
 [52] goftest_1.2-3             rlang_1.0.2               splines_4.1.3            
 [55] lazyeval_0.2.2            spatstat.geom_2.4-0       broom_0.7.12             
 [58] yaml_2.3.5                reshape2_1.4.4            abind_1.4-5              
 [61] modelr_0.1.8              backports_1.4.1           httpuv_1.6.5             
 [64] tools_4.1.3               ellipsis_0.3.2            spatstat.core_2.4-2      
 [67] RColorBrewer_1.1-3        ggridges_0.5.3            Rcpp_1.0.8.3             
 [70] plyr_1.8.7                zlibbioc_1.38.0           RCurl_1.98-1.6           
 [73] rpart_4.1.16              deldir_1.0-6              pbapply_1.5-0            
 [76] viridis_0.6.2             cowplot_1.1.1             zoo_1.8-9                
 [79] SeuratObject_4.0.4        haven_2.4.3               ggrepel_0.9.1            
 [82] cluster_2.1.3             fs_1.5.2                  RSpectra_0.16-0          
 [85] scattermore_0.8           lmtest_0.9-40             reprex_2.0.1             
 [88] RANN_2.6.1                fitdistrplus_1.1-8        hms_1.1.1                
 [91] patchwork_1.1.1           mime_0.12                 evaluate_0.15            
 [94] xtable_1.8-4              XML_3.99-0.9              readxl_1.4.0             
 [97] gridExtra_2.3             compiler_4.1.3            KernSmooth_2.23-20       
[100] crayon_1.5.1              htmltools_0.5.2           mgcv_1.8-40              
[103] later_1.3.0               tzdb_0.3.0                lubridate_1.8.0          
[106] DBI_1.1.2                 dbplyr_2.1.1              MASS_7.3-56              
[109] cli_3.2.0                 metapod_1.0.0             igraph_1.3.0             
[112] pkgconfig_2.0.3           GenomicAlignments_1.28.0  plotly_4.10.0            
[115] spatstat.sparse_2.1-0     xml2_1.3.3                vipor_0.4.5              
[118] dqrng_0.3.0               rvest_1.0.2               digest_0.6.29            
[121] sctransform_0.3.3         RcppAnnoy_0.0.19          spatstat.data_2.1-4      
[124] rmarkdown_2.13            cellranger_1.1.0          leiden_0.3.9             
[127] uwot_0.1.11               edgeR_3.34.1              DelayedMatrixStats_1.14.3
[130] restfulr_0.0.13           shiny_1.7.1               rjson_0.2.21             
[133] lifecycle_1.0.1           nlme_3.1-157              jsonlite_1.8.0           
[136] Rhdf5lib_1.14.2           BiocNeighbors_1.10.0      limma_3.48.3             
[139] viridisLite_0.4.0         fansi_1.0.3               pillar_1.7.0             
[142] lattice_0.20-45           fastmap_1.1.0             httr_1.4.2               
[145] survival_3.2-13           glue_1.6.2                png_0.1-7                
[148] bit_4.0.4                 bluster_1.2.1             stringi_1.7.6            
[151] BiocSingular_1.8.1        irlba_2.3.5               future.apply_1.8.1       


------- Log Info


2022-04-11 21:05:17 : createArrowFiles Input-Parameters, Class = list

createArrowFiles Input-Parameters$inputFiles: length = 1
                                                                                  pbmc_1 
"/mnt/sda/data/10X_pbmc_multiome_10k//pbmc_granulocyte_sorted_10k_atac_fragments.tsv.gz" 


createArrowFiles Input-Parameters$sampleNames: length = 1
[1] "pbmc_1"


createArrowFiles Input-Parameters$outputNames: length = 1
[1] "pbmc_1"


createArrowFiles Input-Parameters$validBarcodes: length = 0
NULL


createArrowFiles Input-Parameters$minTSS: length = 1
[1] 1


createArrowFiles Input-Parameters$minFrags: length = 1
[1] 1000


createArrowFiles Input-Parameters$maxFrags: length = 1
[1] 1e+05


createArrowFiles Input-Parameters$QCDir: length = 1
[1] "/home/philipp/Bioinfo_Playground/10x_pbmc_multiome_processing_output/Consensus_ArchR_QC"


createArrowFiles Input-Parameters$nucLength: length = 1
[1] 147


createArrowFiles Input-Parameters$promoterRegion: length = 2
[1] 2000  100


createArrowFiles Input-Parameters$excludeChr: length = 2
[1] "chrM" "chrY"


createArrowFiles Input-Parameters$nChunk: length = 1
[1] 5


createArrowFiles Input-Parameters$bcTag: length = 1
[1] "qname"


createArrowFiles Input-Parameters$gsubExpression: length = 0
NULL


createArrowFiles Input-Parameters$bamFlag: length = 0
NULL


createArrowFiles Input-Parameters$offsetPlus: length = 1
[1] 4


createArrowFiles Input-Parameters$offsetMinus: length = 1
[1] -5


createArrowFiles Input-Parameters$addTileMat: length = 1
[1] TRUE


createArrowFiles Input-Parameters$addGeneScoreMat: length = 1
[1] TRUE


createArrowFiles Input-Parameters$force: length = 1
[1] TRUE


createArrowFiles Input-Parameters$threads: length = 1
[1] 1


createArrowFiles Input-Parameters$parallelParam: length = 0
NULL


createArrowFiles Input-Parameters$subThreading: length = 1
[1] FALSE


createArrowFiles Input-Parameters$verbose: length = 1
[1] TRUE


createArrowFiles Input-Parameters$cleanTmp: length = 1
[1] TRUE


createArrowFiles Input-Parameters$logFile: length = 1
[1] "ArchRLogs/ArchR-createArrows-54e6a26948f6-Date-2022-04-11_Time-21-05-17.log"


createArrowFiles Input-Parameters$filterFrags: length = 1
[1] 1000


createArrowFiles Input-Parameters$filterTSS: length = 1
[1] 1



2022-04-11 21:05:17 : Cleaning Temporary Files
2022-04-11 21:05:17 : Batch Execution w/ safelapply!, 0 mins elapsed.

###########
2022-04-11 21:05:17 : Creating Arrow File pbmc_1.arrow (pbmc_1 : 1 of 1)
###########


2022-04-11 21:05:17 : validBC, Class = NULL

validBC: length = 0
NULL



2022-04-11 21:05:17 : (pbmc_1 : 1 of 1) Determining Arrow Method to use!
2022-04-11 21:05:17 : (pbmc_1 : 1 of 1) Reading In Fragments from inputFiles (readMethod = tabix), 0 mins elapsed.
2022-04-11 21:05:17 : (pbmc_1 : 1 of 1) Tabix Bed To Temporary File, 0 mins elapsed.

2022-04-11 21:05:17 : tileChromSizes, Class = GRanges
GRanges object with 120 ranges and 1 metadata column:
        seqnames              ranges strand |     chunkName
           <Rle>           <IRanges>  <Rle> |   <character>
    [1]     chr1          1-49850124      * |   chr1#chunk1
    [2]     chr1   49850125-99700248      * |   chr1#chunk2
    [3]     chr1  99700249-149550372      * |   chr1#chunk3
    [4]     chr1 149550373-199400496      * |   chr1#chunk4
    [5]     chr1 199400497-249250621      * |   chr1#chunk5
    ...      ...                 ...    ... .           ...
  [116]     chrY          1-11874713      * | chrY#chunk116
  [117]     chrY   11874714-23749426      * | chrY#chunk117
  [118]     chrY   23749427-35624139      * | chrY#chunk118
  [119]     chrY   35624140-47498852      * | chrY#chunk119
  [120]     chrY   47498853-59373566      * | chrY#chunk120
  -------
  seqinfo: 24 sequences from an unspecified genome; no seqlengths


2022-04-11 21:05:30 : (pbmc_1 : 1 of 1) .tabixToTmp Fragments-Chunk-(1 of 120)-chr1:1-49850124, Class = data.table
 
2022-04-11 21:05:30 : (pbmc_1 : 1 of 1) .tabixToTmp Fragments-Chunk-(1 of 120)-chr1:1-49850124, Class = data.frame
(pbmc_1 : 1 of 1) .tabixToTmp Fragments-Chunk-(1 of 120)-chr1:1-49850124: nRows = 6448168, nCols = 3



2022-04-11 21:05:30 : (pbmc_1 : 1 of 1) .tabixToTmp Barcodes-Chunk-(1 of 120)-chr1:1-49850124, Class = character

(pbmc_1 : 1 of 1) .tabixToTmp Barcodes-Chunk-(1 of 120)-chr1:1-49850124: length = 162292
[1] "TCAAGAACAGTAATAG-1" "AACCCGCAGGTAGCTT-1" "CGCATATAGGTTACGT-1" "GTAAGGTCACCCACAG-1"
[5] "TATTCGTTCCGCCTCA-1" "ATGAATGCATTGTCAG-1"


2022-04-11 21:06:24 : (pbmc_1 : 1 of 1) Reading TabixFile 8 Percent, 1.109 mins elapsed.
2022-04-11 21:07:13 : (pbmc_1 : 1 of 1) Reading TabixFile 17 Percent, 1.937 mins elapsed.
2022-04-11 21:08:00 : (pbmc_1 : 1 of 1) Reading TabixFile 25 Percent, 2.705 mins elapsed.
2022-04-11 21:08:41 : (pbmc_1 : 1 of 1) Reading TabixFile 33 Percent, 3.402 mins elapsed.
2022-04-11 21:09:23 : (pbmc_1 : 1 of 1) Reading TabixFile 42 Percent, 4.099 mins elapsed.
2022-04-11 21:10:09 : (pbmc_1 : 1 of 1) Reading TabixFile 50 Percent, 4.856 mins elapsed.
2022-04-11 21:10:40 : (pbmc_1 : 1 of 1) Reading TabixFile 58 Percent, 5.373 mins elapsed.
2022-04-11 21:11:16 : (pbmc_1 : 1 of 1) Reading TabixFile 67 Percent, 5.976 mins elapsed.
2022-04-11 21:11:53 : (pbmc_1 : 1 of 1) Reading TabixFile 75 Percent, 6.594 mins elapsed.
2022-04-11 21:12:33 : (pbmc_1 : 1 of 1) Reading TabixFile 83 Percent, 7.259 mins elapsed.
2022-04-11 21:12:53 : (pbmc_1 : 1 of 1) Reading TabixFile 92 Percent, 7.603 mins elapsed.
2022-04-11 21:13:15 : (pbmc_1 : 1 of 1) Reading TabixFile 100 Percent, 7.957 mins elapsed.
2022-04-11 21:13:16 : (pbmc_1 : 1 of 1) Successful creation of Temporary File, 7.976 mins elapsed.
2022-04-11 21:13:16 : (pbmc_1 : 1 of 1) Creating ArrowFile From Temporary File, 7.976 mins elapsed.

2022-04-11 21:13:16 : (pbmc_1 : 1 of 1) chunkChrNames, Class = data.frame
(pbmc_1 : 1 of 1) chunkChrNames: nRows = 118, nCols = 1

************************************************************
2022-04-11 21:13:16 : ERROR Found in .tmpToArrow for (pbmc_1 : 1 of 1) 
LogFile = ArchRLogs/ArchR-createArrows-54e6a26948f6-Date-2022-04-11_Time-21-05-17.log

<simpleError in file(file, "wb"): cannot open the connection>

2022-04-11 21:13:16 : errorList, Class = list

errorList$tmpFile: length = 1
[1] "tmp/tmp-pbmc_1-arrow-54e6a717d1f93-Date-2022-04-11_Time-21-05-17.arrow"


errorList$outArrow: length = 1
[1] "pbmc_1.arrow"


errorList$genome: length = 1
[1] "BSgenome.Hsapiens.UCSC.hg19"


errorList$minFrags: length = 1
[1] 1000


errorList$maxFrags: length = 1
[1] 1e+05


errorList$sampleName: length = 1
[1] "pbmc_1"


errorList$prefix: length = 1
[1] "(pbmc_1 : 1 of 1)"


errorList$threads: length = 1
[1] 1


errorList$verbose: length = 1
[1] TRUE


errorList$tstart: length = 1
[1] "2022-04-11 21:05:17 CEST"


errorList$chromSizes: length = 24
GRanges object with 6 ranges and 0 metadata columns:
      seqnames      ranges strand
         <Rle>   <IRanges>  <Rle>
  [1]     chr1 1-249250621      *
  [2]     chr2 1-243199373      *
  [3]     chr3 1-198022430      *
  [4]     chr4 1-191154276      *
  [5]     chr5 1-180915260      *
  [6]     chr6 1-171115067      *
  -------
  seqinfo: 24 sequences from an unspecified genome


errorList$removeFilteredCells: length = 1
[1] TRUE



************************************************************


2022-04-11 21:13:16 : createArrowFiles has encountered an error, checking if any ArrowFiles completed..

------- Completed

End Time : 2022-04-11 21:13:16
Elapsed Time Minutes = 7.98841679096222
Elapsed Time Hours = 0.133140310049057

-------



