
           ___      .______        ______  __    __  .______      
          /   \     |   _  \      /      ||  |  |  | |   _  \     
         /  ^  \    |  |_)  |    |  ,----'|  |__|  | |  |_)  |    
        /  /_\  \   |      /     |  |     |   __   | |      /     
       /  _____  \  |  |\  \\___ |  `----.|  |  |  | |  |\  \\___.
      /__/     \__\ | _| `._____| \______||__|  |__| | _| `._____|
    
Logging With ArchR!

Start Time : 2022-04-12 12:02:12

------- ArchR Info

ArchRThreads = 1
ArchRGenome = Hg19

------- System Info

Computer OS = unix
Total Cores = 16

------- Session Info

R version 4.1.3 (2022-03-10)
Platform: x86_64-pc-linux-gnu (64-bit)
Running under: Ubuntu 20.04.4 LTS

Matrix products: default
BLAS:   /usr/lib/x86_64-linux-gnu/blas/libblas.so.3.9.0
LAPACK: /usr/lib/x86_64-linux-gnu/lapack/liblapack.so.3.9.0

locale:
 [1] LC_CTYPE=en_US.UTF-8       LC_NUMERIC=C               LC_TIME=en_US.UTF-8       
 [4] LC_COLLATE=en_US.UTF-8     LC_MONETARY=en_US.UTF-8    LC_MESSAGES=en_US.UTF-8   
 [7] LC_PAPER=en_US.UTF-8       LC_NAME=C                  LC_ADDRESS=C              
[10] LC_TELEPHONE=C             LC_MEASUREMENT=en_US.UTF-8 LC_IDENTIFICATION=C       

attached base packages:
 [1] grid      parallel  stats4    stats     graphics  grDevices utils     datasets 
 [9] methods   base     

other attached packages:
 [1] gridExtra_2.3                     Rsamtools_2.8.0                  
 [3] BSgenome.Hsapiens.UCSC.hg38_1.4.3 BSgenome_1.60.0                  
 [5] rtracklayer_1.52.1                Biostrings_2.60.2                
 [7] XVector_0.32.0                    ArchR_1.0.1                      
 [9] rhdf5_2.36.0                      Matrix_1.4-1                     
[11] data.table_1.14.2                 ggside_0.2.0                     
[13] scater_1.20.1                     scran_1.20.1                     
[15] scuttle_1.2.1                     SingleCellExperiment_1.14.1      
[17] SummarizedExperiment_1.22.0       Biobase_2.52.0                   
[19] GenomicRanges_1.44.0              GenomeInfoDb_1.28.4              
[21] IRanges_2.26.0                    S4Vectors_0.30.2                 
[23] BiocGenerics_0.38.0               scDblFinder_1.6.0                
[25] sparseMatrixStats_1.4.2           MatrixGenerics_1.4.3             
[27] matrixStats_0.61.0                magrittr_2.0.3                   
[29] forcats_0.5.1                     stringr_1.4.0                    
[31] dplyr_1.0.8                       purrr_0.3.4                      
[33] readr_2.1.2                       tidyr_1.2.0                      
[35] tibble_3.1.6                      ggplot2_3.3.5                    
[37] tidyverse_1.3.1                   reticulate_1.24                  

loaded via a namespace (and not attached):
  [1] utf8_1.2.2                        tidyselect_1.1.2                 
  [3] htmlwidgets_1.5.4                 BiocParallel_1.26.2              
  [5] Rtsne_0.15                        munsell_0.5.0                    
  [7] ScaledMatrix_1.0.0                codetools_0.2-18                 
  [9] ica_1.0-2                         statmod_1.4.36                   
 [11] xgboost_1.5.2.1                   future_1.24.0                    
 [13] miniUI_0.1.1.1                    withr_2.5.0                      
 [15] spatstat.random_2.2-0             colorspace_2.0-3                 
 [17] knitr_1.38                        rstudioapi_0.13                  
 [19] Seurat_4.1.0                      ROCR_1.0-11                      
 [21] tensor_1.5                        listenv_0.8.0                    
 [23] labeling_0.4.2                    GenomeInfoDbData_1.2.6           
 [25] polyclip_1.10-0                   farver_2.1.0                     
 [27] bit64_4.0.5                       parallelly_1.31.0                
 [29] vctrs_0.4.0                       generics_0.1.2                   
 [31] xfun_0.30                         R6_2.5.1                         
 [33] ggbeeswarm_0.6.0                  rsvd_1.0.5                       
 [35] isoband_0.2.5                     locfit_1.5-9.5                   
 [37] hdf5r_1.3.5                       bitops_1.0-7                     
 [39] rhdf5filters_1.4.0                spatstat.utils_2.3-0             
 [41] DelayedArray_0.18.0               assertthat_0.2.1                 
 [43] BiocIO_1.2.0                      promises_1.2.0.1                 
 [45] scales_1.1.1                      vroom_1.5.7                      
 [47] beeswarm_0.4.0                    gtable_0.3.0                     
 [49] beachmat_2.8.1                    Cairo_1.5-15                     
 [51] globals_0.14.0                    goftest_1.2-3                    
 [53] rlang_1.0.2                       splines_4.1.3                    
 [55] lazyeval_0.2.2                    spatstat.geom_2.4-0              
 [57] broom_0.7.12                      yaml_2.3.5                       
 [59] reshape2_1.4.4                    abind_1.4-5                      
 [61] modelr_0.1.8                      backports_1.4.1                  
 [63] httpuv_1.6.5                      tools_4.1.3                      
 [65] ellipsis_0.3.2                    spatstat.core_2.4-2              
 [67] RColorBrewer_1.1-3                ggridges_0.5.3                   
 [69] Rcpp_1.0.8.3                      plyr_1.8.7                       
 [71] zlibbioc_1.38.0                   RCurl_1.98-1.6                   
 [73] rpart_4.1.16                      deldir_1.0-6                     
 [75] pbapply_1.5-0                     viridis_0.6.2                    
 [77] cowplot_1.1.1                     zoo_1.8-9                        
 [79] SeuratObject_4.0.4                haven_2.4.3                      
 [81] ggrepel_0.9.1                     cluster_2.1.3                    
 [83] fs_1.5.2                          RSpectra_0.16-0                  
 [85] scattermore_0.8                   lmtest_0.9-40                    
 [87] reprex_2.0.1                      RANN_2.6.1                       
 [89] fitdistrplus_1.1-8                hms_1.1.1                        
 [91] patchwork_1.1.1                   mime_0.12                        
 [93] evaluate_0.15                     xtable_1.8-4                     
 [95] XML_3.99-0.9                      readxl_1.4.0                     
 [97] compiler_4.1.3                    KernSmooth_2.23-20               
 [99] crayon_1.5.1                      BSgenome.Hsapiens.UCSC.hg19_1.4.3
[101] htmltools_0.5.2                   mgcv_1.8-40                      
[103] later_1.3.0                       tzdb_0.3.0                       
[105] lubridate_1.8.0                   DBI_1.1.2                        
[107] dbplyr_2.1.1                      MASS_7.3-56                      
[109] cli_3.2.0                         metapod_1.0.0                    
[111] igraph_1.3.0                      pkgconfig_2.0.3                  
[113] GenomicAlignments_1.28.0          plotly_4.10.0                    
[115] spatstat.sparse_2.1-0             xml2_1.3.3                       
[117] vipor_0.4.5                       dqrng_0.3.0                      
[119] rvest_1.0.2                       digest_0.6.29                    
[121] sctransform_0.3.3                 RcppAnnoy_0.0.19                 
[123] spatstat.data_2.1-4               rmarkdown_2.13                   
[125] cellranger_1.1.0                  leiden_0.3.9                     
[127] uwot_0.1.11                       edgeR_3.34.1                     
[129] DelayedMatrixStats_1.14.3         restfulr_0.0.13                  
[131] shiny_1.7.1                       rjson_0.2.21                     
[133] nlme_3.1-157                      lifecycle_1.0.1                  
[135] jsonlite_1.8.0                    Rhdf5lib_1.14.2                  
[137] BiocNeighbors_1.10.0              viridisLite_0.4.0                
[139] limma_3.48.3                      fansi_1.0.3                      
[141] pillar_1.7.0                      lattice_0.20-45                  
[143] fastmap_1.1.0                     httr_1.4.2                       
[145] survival_3.2-13                   glue_1.6.2                       
[147] png_0.1-7                         bluster_1.2.1                    
[149] bit_4.0.4                         stringi_1.7.6                    
[151] BiocSingular_1.8.1                irlba_2.3.5                      
[153] future.apply_1.8.1               


------- Log Info


2022-04-12 12:02:13 : addDoubletScores Input-Parameters, Class = list

addDoubletScores Input-Parameters$input: length = 1
[1] "pbmc_1.arrow"


addDoubletScores Input-Parameters$useMatrix: length = 1
[1] "TileMatrix"


addDoubletScores Input-Parameters$k: length = 1
[1] 10


addDoubletScores Input-Parameters$nTrials: length = 1
[1] 5


addDoubletScores Input-Parameters$dimsToUse: length = 30
[1] 1 2 3 4 5 6


addDoubletScores Input-Parameters$LSIMethod: length = 1
[1] 1


addDoubletScores Input-Parameters$scaleDims: length = 1
[1] FALSE


addDoubletScores Input-Parameters$corCutOff: length = 1
[1] 0.75


addDoubletScores Input-Parameters$knnMethod: length = 1
[1] "UMAP"


addDoubletScores Input-Parameters$outDir: length = 1
[1] "/home/philipp/Bioinfo_Playground/10x_pbmc_multiome_processing_output/Consensus_ArchR_QC"


addDoubletScores Input-Parameters$threads: length = 1
[1] 1


addDoubletScores Input-Parameters$force: length = 1
[1] TRUE


addDoubletScores Input-Parameters$parallelParam: length = 0
NULL


addDoubletScores Input-Parameters$verbose: length = 1
[1] TRUE


addDoubletScores Input-Parameters$logFile: length = 1
[1] "ArchRLogs/ArchR-addDoubletScores-6bad787f7fd9-Date-2022-04-12_Time-12-02-12.log"


2022-04-12 12:02:13 : Batch Execution w/ safelapply!, 0 mins elapsed.
2022-04-12 12:02:13 : pbmc_1 (1 of 1) :  Computing Doublet Statistics, 0 mins elapsed.
2022-04-12 12:02:13 : Running IterativeLSI, 0.005 mins elapsed.

2022-04-12 12:02:13 : IterativeLSI Input-Parameters, Class = list

IterativeLSI Input-Parameters$ArchRProj: length = 1

IterativeLSI Input-Parameters$useMatrix: length = 1
[1] "TileMatrix"


IterativeLSI Input-Parameters$name: length = 1
[1] "IterativeLSI"


IterativeLSI Input-Parameters$iterations: length = 1
[1] 2


IterativeLSI Input-Parameters$firstSelection: length = 1
[1] "top"


IterativeLSI Input-Parameters$depthCol: length = 1
[1] "nFrags"


IterativeLSI Input-Parameters$varFeatures: length = 1
[1] 25000


IterativeLSI Input-Parameters$dimsToUse: length = 30
[1] 1 2 3 4 5 6


IterativeLSI Input-Parameters$LSIMethod: length = 1
[1] 1


IterativeLSI Input-Parameters$scaleDims: length = 1
[1] FALSE


IterativeLSI Input-Parameters$corCutOff: length = 1
[1] 0.75


IterativeLSI Input-Parameters$binarize: length = 1
[1] TRUE


IterativeLSI Input-Parameters$outlierQuantiles: length = 0
NULL


IterativeLSI Input-Parameters$filterBias: length = 1
[1] FALSE


IterativeLSI Input-Parameters$sampleCellsPre: length = 1
[1] 10000


IterativeLSI Input-Parameters$projectCellsPre: length = 1
[1] FALSE


IterativeLSI Input-Parameters$sampleCellsFinal: length = 0
NULL


IterativeLSI Input-Parameters$selectionMethod: length = 1
[1] "var"


IterativeLSI Input-Parameters$scaleTo: length = 1
[1] 10000


IterativeLSI Input-Parameters$totalFeatures: length = 1
[1] 5e+05


IterativeLSI Input-Parameters$filterQuantile: length = 1
[1] 0.995


IterativeLSI Input-Parameters$excludeChr: length = 0
NULL


IterativeLSI Input-Parameters$saveIterations: length = 1
[1] FALSE


IterativeLSI Input-Parameters$nPlot: length = 1
[1] 10000


IterativeLSI Input-Parameters$outDir: length = 1
[1] "/home/philipp/Bioinfo_Playground/tmp/tmp-6bad5bfcf3f1-Date-2022-04-12_Time-12-02-13"


IterativeLSI Input-Parameters$threads: length = 1
[1] 1


IterativeLSI Input-Parameters$seed: length = 1
[1] 1


IterativeLSI Input-Parameters$verbose: length = 1
[1] FALSE


IterativeLSI Input-Parameters$force: length = 1
[1] TRUE


IterativeLSI Input-Parameters$logFile: length = 1
[1] "ArchRLogs/ArchR-addDoubletScores-6bad787f7fd9-Date-2022-04-12_Time-12-02-12.log"


2022-04-12 12:02:13 : Computing Total Across All Features, 0.002 mins elapsed.
2022-04-12 12:02:14 : Computing Top Features, 0.011 mins elapsed.
###########
2022-04-12 12:02:15 : Running LSI (1 of 2) on Top Features, 0.03 mins elapsed.
###########
2022-04-12 12:02:15 : Creating Partial Matrix, 0.03 mins elapsed.
2022-04-12 12:02:36 : Computing LSI, 0.38 mins elapsed.

2022-04-12 12:02:36 : LSI Parameters, Class = list

LSI Parameters$: length = 1
                       
1 function (name)      
2 .Internal(args(name))


LSI Parameters$mat: nRows = 25000, nCols = 9969
LSI Parameters$mat: NonZeroEntries = 50289648, EntryRange = [ 1 , 1 ]
5 x 5 sparse Matrix of class "dgCMatrix"
     pbmc_1#TAGCTAGGTTTGGGTA-1 pbmc_1#TTGGAGGCAGGCTTCG-1 pbmc_1#CATAGACTCCCTGGAA-1
[1,]                         .                         1                         .
[2,]                         .                         .                         .
[3,]                         .                         1                         .
[4,]                         .                         .                         .
[5,]                         .                         .                         1
     pbmc_1#GGTTGCGGTAAACAAG-1 pbmc_1#GGTGAGTAGGCGTAAA-1
[1,]                         .                         .
[2,]                         .                         .
[3,]                         .                         .
[4,]                         .                         .
[5,]                         .                         .


LSI Parameters$LSIMethod: length = 1
[1] 1


LSI Parameters$scaleTo: length = 1
[1] 10000


LSI Parameters$nDimensions: length = 1
[1] 30


LSI Parameters$binarize: length = 1
[1] TRUE


LSI Parameters$outlierQuantiles: length = 0
NULL


LSI Parameters$seed: length = 1
[1] 1


LSI Parameters$verbose: length = 1
[1] FALSE


LSI Parameters$tstart: length = 1
[1] "2022-04-12 12:02:13 CEST"


LSI Parameters$logFile: length = 1
[1] "ArchRLogs/ArchR-addDoubletScores-6bad787f7fd9-Date-2022-04-12_Time-12-02-12.log"


2022-04-12 12:02:36 : Running LSI, Input Matrix = 0.604 GB, 0.385 mins elapsed.
2022-04-12 12:02:36 : Binarizing Matrix, 0.385 mins elapsed.
2022-04-12 12:02:37 : Computing Term Frequency, 0.394 mins elapsed.
2022-04-12 12:02:37 : Removing 0 Sum Rows, 0.398 mins elapsed.
2022-04-12 12:02:38 : Computing Inverse Document Frequency, 0.425 mins elapsed.
2022-04-12 12:02:38 : Computing TF-IDF Matrix, 0.425 mins elapsed.
2022-04-12 12:02:40 : Computing SVD using irlba, 0.447 mins elapsed.
2022-04-12 12:03:03 : Finished LSI (TF-IDF SVD) using irlba, 0.838 mins elapsed.

2022-04-12 12:03:05 : outLSI-1, Class = SimpleList

outLSI-1$matSVD: nRows = 9969, nCols = 30
                                 LSI1         LSI2          LSI3          LSI4
pbmc_1#TAGCTAGGTTTGGGTA-1 -0.01123315 0.0010800664 -3.713412e-04  0.0001610139
pbmc_1#TTGGAGGCAGGCTTCG-1 -0.01118542 0.0005673750 -2.713237e-04 -0.0001878106
pbmc_1#CATAGACTCCCTGGAA-1 -0.01123738 0.0016586940  4.003711e-04  0.0001678901
pbmc_1#GGTTGCGGTAAACAAG-1 -0.01127339 0.0036886933  7.748313e-06 -0.0001715192
pbmc_1#GGTGAGTAGGCGTAAA-1 -0.01121260 0.0007829113 -8.928062e-04 -0.0017371482
                                   LSI5
pbmc_1#TAGCTAGGTTTGGGTA-1  1.622037e-04
pbmc_1#TTGGAGGCAGGCTTCG-1 -9.580067e-05
pbmc_1#CATAGACTCCCTGGAA-1  8.705101e-06
pbmc_1#GGTTGCGGTAAACAAG-1  2.554734e-04
pbmc_1#GGTGAGTAGGCGTAAA-1  1.046661e-04


outLSI-1$rowSm: length = 25000
[1] 1550 1757 1293 1539 2674 1412


outLSI-1$nCol: length = 1
[1] 9969


outLSI-1$exclude: length = 0
NULL


outLSI-1$idx: length = 25000
[1] 1 2 3 4 5 6


outLSI-1$u: nRows = 25000, nCols = 30
             [,1]         [,2]          [,3]          [,4]          [,5]
[1,] -0.005526113  0.002462458 -0.0084480769  3.864049e-03  5.179163e-05
[2,] -0.005907594  0.001488260 -0.0045052267  3.240147e-03 -6.117222e-04
[3,] -0.004765231 -0.003964643  0.0034546908 -7.767785e-03 -2.322292e-04
[4,] -0.005388523 -0.003467639  0.0035865726 -1.780537e-05 -1.076969e-03
[5,] -0.007306760 -0.003035796 -0.0005295011  2.416264e-03 -1.392586e-03


outLSI-1$v: nRows = 9969, nCols = 30
             [,1]        [,2]          [,3]         [,4]          [,5]
[1,] -0.010030919 0.003336010 -3.360928e-03  0.001560823  0.0022308793
[2,] -0.009988299 0.001752456 -2.455692e-03 -0.001820582 -0.0013176009
[3,] -0.010034697 0.005123222  3.623671e-03  0.001627479  0.0001197262
[4,] -0.010066850 0.011393298  7.012828e-05 -0.001662658  0.0035136697
[5,] -0.010012568 0.002418185 -8.080594e-03 -0.016839421  0.0014395325


outLSI-1$binarize: length = 1
[1] TRUE


outLSI-1$scaleTo: length = 1
[1] 10000


outLSI-1$nDimensions: length = 1
[1] 30


outLSI-1$LSIMethod: length = 1
[1] 1


outLSI-1$outliers: length = 1
[1] NA


outLSI-1$date: length = 1
[1] "2022-04-12"


outLSI-1$seed: length = 1
[1] 1


outLSI-1$scaleDims: length = 1
[1] FALSE


outLSI-1$useMatrix: length = 1
[1] "TileMatrix"


outLSI-1$tileSize: length = 1
[1] 500



2022-04-12 12:03:05 : Cluster Params, Class = list

Cluster Params$: length = 1
                       
1 function (name)      
2 .Internal(args(name))


Cluster Params$matSVD: nRows = 9969, nCols = 30
                                 LSI1         LSI2          LSI3          LSI4
pbmc_1#TAGCTAGGTTTGGGTA-1 -0.01123315 0.0010800664 -3.713412e-04  0.0001610139
pbmc_1#TTGGAGGCAGGCTTCG-1 -0.01118542 0.0005673750 -2.713237e-04 -0.0001878106
pbmc_1#CATAGACTCCCTGGAA-1 -0.01123738 0.0016586940  4.003711e-04  0.0001678901
pbmc_1#GGTTGCGGTAAACAAG-1 -0.01127339 0.0036886933  7.748313e-06 -0.0001715192
pbmc_1#GGTGAGTAGGCGTAAA-1 -0.01121260 0.0007829113 -8.928062e-04 -0.0017371482
                                   LSI5
pbmc_1#TAGCTAGGTTTGGGTA-1  1.622037e-04
pbmc_1#TTGGAGGCAGGCTTCG-1 -9.580067e-05
pbmc_1#CATAGACTCCCTGGAA-1  8.705101e-06
pbmc_1#GGTTGCGGTAAACAAG-1  2.554734e-04
pbmc_1#GGTGAGTAGGCGTAAA-1  1.046661e-04


Cluster Params$corCutOff: length = 1
[1] 0.75


Cluster Params$dimsToUse: length = 30
[1] 1 2 3 4 5 6


Cluster Params$scaleDims: length = 1
[1] FALSE


Cluster Params$verbose: length = 1
[1] FALSE


Cluster Params$j: length = 1
[1] 1


Cluster Params$filterBias: length = 1
[1] FALSE


Cluster Params$cellNames: length = 9969
[1] "pbmc_1#TAGCTAGGTTTGGGTA-1" "pbmc_1#TTGGAGGCAGGCTTCG-1" "pbmc_1#CATAGACTCCCTGGAA-1"
[4] "pbmc_1#GGTTGCGGTAAACAAG-1" "pbmc_1#GGTGAGTAGGCGTAAA-1" "pbmc_1#ATTTGCAAGCCGCAAC-1"


Cluster Params$cellDepth: length = 9969
pbmc_1#TAGCTAGGTTTGGGTA-1 pbmc_1#TTGGAGGCAGGCTTCG-1 pbmc_1#CATAGACTCCCTGGAA-1 
                 4.941149                  4.940940                  4.911387 
pbmc_1#GGTTGCGGTAAACAAG-1 pbmc_1#GGTGAGTAGGCGTAAA-1 pbmc_1#ATTTGCAAGCCGCAAC-1 
                 4.910923                  4.907879                  4.898369 


Cluster Params$tstart: length = 1
[1] "2022-04-12 12:02:13 CEST"


Cluster Params$logFile: length = 1
[1] "ArchRLogs/ArchR-addDoubletScores-6bad787f7fd9-Date-2022-04-12_Time-12-02-12.log"


2022-04-12 12:03:05 : Identifying Clusters, 0.868 mins elapsed.

2022-04-12 12:03:05 : addClusters Input-Parameters, Class = list

addClusters Input-Parameters$: length = 1
                       
1 function (name)      
2 .Internal(args(name))


addClusters Input-Parameters$input: nRows = 9969, nCols = 30
                                 LSI1         LSI2          LSI3          LSI4
pbmc_1#TAGCTAGGTTTGGGTA-1 -0.01123315 0.0010800664 -3.713412e-04  0.0001610139
pbmc_1#TTGGAGGCAGGCTTCG-1 -0.01118542 0.0005673750 -2.713237e-04 -0.0001878106
pbmc_1#CATAGACTCCCTGGAA-1 -0.01123738 0.0016586940  4.003711e-04  0.0001678901
pbmc_1#GGTTGCGGTAAACAAG-1 -0.01127339 0.0036886933  7.748313e-06 -0.0001715192
pbmc_1#GGTGAGTAGGCGTAAA-1 -0.01121260 0.0007829113 -8.928062e-04 -0.0017371482
                                   LSI5
pbmc_1#TAGCTAGGTTTGGGTA-1  1.622037e-04
pbmc_1#TTGGAGGCAGGCTTCG-1 -9.580067e-05
pbmc_1#CATAGACTCCCTGGAA-1  8.705101e-06
pbmc_1#GGTTGCGGTAAACAAG-1  2.554734e-04
pbmc_1#GGTGAGTAGGCGTAAA-1  1.046661e-04


addClusters Input-Parameters$reducedDims: length = 1
[1] "IterativeLSI"


addClusters Input-Parameters$name: length = 1
[1] "Clusters"


addClusters Input-Parameters$sampleCells: length = 1
[1] 10000


addClusters Input-Parameters$seed: length = 1
[1] 1


addClusters Input-Parameters$method: length = 1
[1] "Seurat"


addClusters Input-Parameters$dimsToUse: length = 0
NULL


addClusters Input-Parameters$scaleDims: length = 0
NULL


addClusters Input-Parameters$corCutOff: length = 1
[1] 0.75


addClusters Input-Parameters$knnAssign: length = 1
[1] 10


addClusters Input-Parameters$nOutlier: length = 1
[1] 5


addClusters Input-Parameters$maxClusters: length = 1
[1] 6


addClusters Input-Parameters$testBias: length = 1
[1] TRUE


addClusters Input-Parameters$filterBias: length = 1
[1] FALSE


addClusters Input-Parameters$biasClusters: length = 1
[1] 0.01


addClusters Input-Parameters$biasCol: length = 1
[1] "nFrags"


addClusters Input-Parameters$biasVals: length = 9969
[1] 4.941149 4.940940 4.911387 4.910923 4.907879 4.898369


addClusters Input-Parameters$biasQuantiles: length = 2
[1] 0.05 0.95


addClusters Input-Parameters$biasEnrich: length = 1
[1] 10


addClusters Input-Parameters$biasProportion: length = 1
[1] 0.5


addClusters Input-Parameters$biasPval: length = 1
[1] 0.05


addClusters Input-Parameters$nPerm: length = 1
[1] 500


addClusters Input-Parameters$prefix: length = 1
[1] "C"


addClusters Input-Parameters$ArchRProj: length = 0
NULL


addClusters Input-Parameters$verbose: length = 1
[1] FALSE


addClusters Input-Parameters$tstart: length = 0
NULL


addClusters Input-Parameters$force: length = 1
[1] FALSE


addClusters Input-Parameters$logFile: length = 1
[1] "ArchRLogs/ArchR-addDoubletScores-6bad787f7fd9-Date-2022-04-12_Time-12-02-12.log"


addClusters Input-Parameters$...: length = 2

2022-04-12 12:03:05 : Running Seurats FindClusters (Stuart et al. Cell 2019), 0 mins elapsed.
2022-04-12 12:03:15 : Testing Biased Clusters, 0.162 mins elapsed.
2022-04-12 12:03:15 : Identified Biased Clusters (n = 1), set filterBias = TRUE to re-assign these cells: , 0.163 mins elapsed.
2022-04-12 12:03:15 : Testing Outlier Clusters, 0.163 mins elapsed.
2022-04-12 12:03:15 : Identified more clusters than maxClusters allowed (n = 0). Merging clusters to maxClusters (n = 6).
If this is not desired set maxClusters = NULL!, 0.163 mins elapsed.
2022-04-12 12:03:15 : Assigning Cluster Names to 6 Clusters, 0.163 mins elapsed.
2022-04-12 12:03:15 : Finished addClusters, 0.163 mins elapsed.
2022-04-12 12:03:15 : Identified 6 Clusters, 1.031 mins elapsed.

2022-04-12 12:03:15 : clusterDF-1, Class = DFrame
DataFrame with 9969 rows and 2 columns
                  cellNames    clusters
                <character> <character>
1    pbmc_1#TAGCTAGGTTTGG..          C5
2    pbmc_1#TTGGAGGCAGGCT..          C5
3    pbmc_1#CATAGACTCCCTG..          C5
4    pbmc_1#GGTTGCGGTAAAC..          C1
5    pbmc_1#GGTGAGTAGGCGT..          C5
...                     ...         ...
9965 pbmc_1#GCTAGCGGTTAAG..          C1
9966 pbmc_1#TTGCTTAGTGTGC..          C4
9967 pbmc_1#CGACAAGCAGGTT..          C1
9968 pbmc_1#GCAGGCAAGACAA..          C3
9969 pbmc_1#CTTCACTCATTCA..          C4

2022-04-12 12:03:15 : Creating Cluster Matrix on the total Group Features, 1.031 mins elapsed.
2022-04-12 12:03:59 : Computing Variable Features, 1.76 mins elapsed.
###########
2022-04-12 12:03:59 : Running LSI (2 of 2) on Variable Features, 1.761 mins elapsed.
###########
2022-04-12 12:03:59 : Creating Partial Matrix, 1.761 mins elapsed.
2022-04-12 12:04:14 : Computing LSI, 2.022 mins elapsed.

2022-04-12 12:04:14 : LSI Parameters, Class = list

LSI Parameters$: length = 1
                       
1 function (name)      
2 .Internal(args(name))


LSI Parameters$mat: nRows = 25000, nCols = 9969
LSI Parameters$mat: NonZeroEntries = 33137966, EntryRange = [ 1 , 1 ]
5 x 5 sparse Matrix of class "dgCMatrix"
     pbmc_1#TAGCTAGGTTTGGGTA-1 pbmc_1#TTGGAGGCAGGCTTCG-1 pbmc_1#CATAGACTCCCTGGAA-1
[1,]                         .                         .                         .
[2,]                         1                         .                         .
[3,]                         1                         1                         1
[4,]                         .                         1                         .
[5,]                         .                         .                         .
     pbmc_1#GGTTGCGGTAAACAAG-1 pbmc_1#GGTGAGTAGGCGTAAA-1
[1,]                         1                         .
[2,]                         .                         .
[3,]                         .                         .
[4,]                         1                         .
[5,]                         .                         .


LSI Parameters$LSIMethod: length = 1
[1] 1


LSI Parameters$scaleTo: length = 1
[1] 10000


LSI Parameters$nDimensions: length = 1
[1] 30


LSI Parameters$binarize: length = 1
[1] TRUE


LSI Parameters$outlierQuantiles: length = 0
NULL


LSI Parameters$seed: length = 1
[1] 1


LSI Parameters$verbose: length = 1
[1] FALSE


LSI Parameters$tstart: length = 1
[1] "2022-04-12 12:02:13 CEST"


LSI Parameters$logFile: length = 1
[1] "ArchRLogs/ArchR-addDoubletScores-6bad787f7fd9-Date-2022-04-12_Time-12-02-12.log"


2022-04-12 12:04:14 : Running LSI, Input Matrix = 0.399 GB, 2.024 mins elapsed.
2022-04-12 12:04:14 : Binarizing Matrix, 2.024 mins elapsed.
2022-04-12 12:04:15 : Computing Term Frequency, 2.029 mins elapsed.
2022-04-12 12:04:15 : Removing 0 Sum Rows, 2.031 mins elapsed.
2022-04-12 12:04:16 : Computing Inverse Document Frequency, 2.05 mins elapsed.
2022-04-12 12:04:16 : Computing TF-IDF Matrix, 2.05 mins elapsed.
2022-04-12 12:04:17 : Computing SVD using irlba, 2.071 mins elapsed.
2022-04-12 12:04:28 : Finished LSI (TF-IDF SVD) using irlba, 2.244 mins elapsed.

2022-04-12 12:04:29 : outLSI-2, Class = SimpleList

outLSI-2$matSVD: nRows = 9969, nCols = 30
                                 LSI1        LSI2          LSI3          LSI4
pbmc_1#TAGCTAGGTTTGGGTA-1 -0.01327578 0.003646268  0.0002608515 -0.0001315027
pbmc_1#TTGGAGGCAGGCTTCG-1 -0.01280781 0.003523860 -0.0022669817 -0.0015410245
pbmc_1#CATAGACTCCCTGGAA-1 -0.01313551 0.004950141  0.0007966271  0.0006919652
pbmc_1#GGTTGCGGTAAACAAG-1 -0.01279422 0.009155452  0.0004238516  0.0003296774
pbmc_1#GGTGAGTAGGCGTAAA-1 -0.01284632 0.002602902 -0.0069876793 -0.0003289244
                                   LSI5
pbmc_1#TAGCTAGGTTTGGGTA-1  0.0002657961
pbmc_1#TTGGAGGCAGGCTTCG-1 -0.0002575766
pbmc_1#CATAGACTCCCTGGAA-1 -0.0001648627
pbmc_1#GGTTGCGGTAAACAAG-1 -0.0005245107
pbmc_1#GGTGAGTAGGCGTAAA-1  0.0011603120


outLSI-2$rowSm: length = 25000
[1] 1759 1499 1589 2450  863 4770


outLSI-2$nCol: length = 1
[1] 9969


outLSI-2$exclude: length = 0
NULL


outLSI-2$idx: length = 25000
[1] 1 2 3 4 5 6


outLSI-2$u: nRows = 25000, nCols = 30
             [,1]         [,2]         [,3]        [,4]         [,5]
[1,] -0.007406702 -0.003930063 -0.014538695 0.005903227  0.004449599
[2,] -0.006939103 -0.006164345  0.001565231 0.002935262 -0.002307316
[3,] -0.007151939 -0.006322150 -0.007623776 0.005172465 -0.002102317
[4,] -0.009065888 -0.005865304 -0.004833587 0.004314222  0.002132190
[5,] -0.005206018 -0.007367021  0.005425439 0.015992402 -0.003018428


outLSI-2$v: nRows = 9969, nCols = 30
             [,1]        [,2]          [,3]          [,4]          [,5]
[1,] -0.009862368 0.005281764  0.0008075513 -0.0004662909  0.0014789469
[2,] -0.009514720 0.005104452 -0.0070181851 -0.0054642669 -0.0014332120
[3,] -0.009758164 0.007170477  0.0024662203  0.0024536159 -0.0009173318
[4,] -0.009504627 0.013262038  0.0013121716  0.0011689921 -0.0029184908
[5,] -0.009543329 0.003770408 -0.0216326521 -0.0011663218  0.0064562262


outLSI-2$binarize: length = 1
[1] TRUE


outLSI-2$scaleTo: length = 1
[1] 10000


outLSI-2$nDimensions: length = 1
[1] 30


outLSI-2$LSIMethod: length = 1
[1] 1


outLSI-2$outliers: length = 1
[1] NA


outLSI-2$date: length = 1
[1] "2022-04-12"


outLSI-2$seed: length = 1
[1] 1


outLSI-2$scaleDims: length = 1
[1] FALSE


outLSI-2$useMatrix: length = 1
[1] "TileMatrix"


outLSI-2$tileSize: length = 1
[1] 500


2022-04-12 12:04:29 : Finished Running IterativeLSI, 2.275 mins elapsed.
2022-04-12 12:04:29 : Constructing Partial Matrix for Projection, 2.281 mins elapsed.

2022-04-12 12:04:30 : pbmc_1 (1 of 1) : LSI Result, Class = SimpleList

pbmc_1 (1 of 1) : LSI Result$matSVD: nRows = 9969, nCols = 30
                                 LSI1        LSI2          LSI3          LSI4
pbmc_1#TAGCTAGGTTTGGGTA-1 -0.01327578 0.003646268  0.0002608515 -0.0001315027
pbmc_1#TTGGAGGCAGGCTTCG-1 -0.01280781 0.003523860 -0.0022669817 -0.0015410245
pbmc_1#CATAGACTCCCTGGAA-1 -0.01313551 0.004950141  0.0007966271  0.0006919652
pbmc_1#GGTTGCGGTAAACAAG-1 -0.01279422 0.009155452  0.0004238516  0.0003296774
pbmc_1#GGTGAGTAGGCGTAAA-1 -0.01284632 0.002602902 -0.0069876793 -0.0003289244
                                   LSI5
pbmc_1#TAGCTAGGTTTGGGTA-1  0.0002657961
pbmc_1#TTGGAGGCAGGCTTCG-1 -0.0002575766
pbmc_1#CATAGACTCCCTGGAA-1 -0.0001648627
pbmc_1#GGTTGCGGTAAACAAG-1 -0.0005245107
pbmc_1#GGTGAGTAGGCGTAAA-1  0.0011603120


pbmc_1 (1 of 1) : LSI Result$rowSm: length = 25000
[1] 1759 1499 1589 2450  863 4770


pbmc_1 (1 of 1) : LSI Result$nCol: length = 1
[1] 9969


pbmc_1 (1 of 1) : LSI Result$exclude: length = 0
NULL


pbmc_1 (1 of 1) : LSI Result$idx: length = 25000
[1] 1 2 3 4 5 6


pbmc_1 (1 of 1) : LSI Result$u: nRows = 25000, nCols = 30
             [,1]         [,2]         [,3]        [,4]         [,5]
[1,] -0.007406702 -0.003930063 -0.014538695 0.005903227  0.004449599
[2,] -0.006939103 -0.006164345  0.001565231 0.002935262 -0.002307316
[3,] -0.007151939 -0.006322150 -0.007623776 0.005172465 -0.002102317
[4,] -0.009065888 -0.005865304 -0.004833587 0.004314222  0.002132190
[5,] -0.005206018 -0.007367021  0.005425439 0.015992402 -0.003018428


pbmc_1 (1 of 1) : LSI Result$v: nRows = 9969, nCols = 30
             [,1]        [,2]          [,3]          [,4]          [,5]
[1,] -0.009862368 0.005281764  0.0008075513 -0.0004662909  0.0014789469
[2,] -0.009514720 0.005104452 -0.0070181851 -0.0054642669 -0.0014332120
[3,] -0.009758164 0.007170477  0.0024662203  0.0024536159 -0.0009173318
[4,] -0.009504627 0.013262038  0.0013121716  0.0011689921 -0.0029184908
[5,] -0.009543329 0.003770408 -0.0216326521 -0.0011663218  0.0064562262


pbmc_1 (1 of 1) : LSI Result$binarize: length = 1
[1] TRUE


pbmc_1 (1 of 1) : LSI Result$scaleTo: length = 1
[1] 10000


pbmc_1 (1 of 1) : LSI Result$nDimensions: length = 1
[1] 30


pbmc_1 (1 of 1) : LSI Result$LSIMethod: length = 1
[1] 1


pbmc_1 (1 of 1) : LSI Result$outliers: length = 1
[1] NA


pbmc_1 (1 of 1) : LSI Result$date: length = 1
[1] "2022-04-12"


pbmc_1 (1 of 1) : LSI Result$seed: length = 1
[1] 1


pbmc_1 (1 of 1) : LSI Result$scaleDims: length = 1
[1] FALSE


pbmc_1 (1 of 1) : LSI Result$useMatrix: length = 1
[1] "TileMatrix"


pbmc_1 (1 of 1) : LSI Result$tileSize: length = 1
[1] 500


pbmc_1 (1 of 1) : LSI Result$dimsKept: length = 30
[1] 1 2 3 4 5 6


2022-04-12 12:04:46 : Running LSI UMAP, 2.55 mins elapsed.

2022-04-12 12:04:46 : pbmc_1 (1 of 1) : UMAP Params, Class = list

pbmc_1 (1 of 1) : UMAP Params$n_neighbors: length = 1
[1] 40


pbmc_1 (1 of 1) : UMAP Params$min_dist: length = 1
[1] 0.4


pbmc_1 (1 of 1) : UMAP Params$metric: length = 1
[1] "euclidean"


pbmc_1 (1 of 1) : UMAP Params$verbose: length = 1
[1] FALSE


pbmc_1 (1 of 1) : UMAP Params$X: nRows = 9969, nCols = 30
                                 LSI1        LSI2          LSI3          LSI4
pbmc_1#TAGCTAGGTTTGGGTA-1 -0.01327578 0.003646268  0.0002608515 -0.0001315027
pbmc_1#TTGGAGGCAGGCTTCG-1 -0.01280781 0.003523860 -0.0022669817 -0.0015410245
pbmc_1#CATAGACTCCCTGGAA-1 -0.01313551 0.004950141  0.0007966271  0.0006919652
pbmc_1#GGTTGCGGTAAACAAG-1 -0.01279422 0.009155452  0.0004238516  0.0003296774
pbmc_1#GGTGAGTAGGCGTAAA-1 -0.01284632 0.002602902 -0.0069876793 -0.0003289244
                                   LSI5
pbmc_1#TAGCTAGGTTTGGGTA-1  0.0002657961
pbmc_1#TTGGAGGCAGGCTTCG-1 -0.0002575766
pbmc_1#CATAGACTCCCTGGAA-1 -0.0001648627
pbmc_1#GGTTGCGGTAAACAAG-1 -0.0005245107
pbmc_1#GGTGAGTAGGCGTAAA-1  0.0011603120


pbmc_1 (1 of 1) : UMAP Params$ret_nn: length = 1
[1] TRUE


pbmc_1 (1 of 1) : UMAP Params$ret_model: length = 1
[1] TRUE


pbmc_1 (1 of 1) : UMAP Params$n_threads: length = 1
[1] 1


2022-04-12 12:04:59 : Simulating and Projecting Doublets, 2.776 mins elapsed.

2022-04-12 12:05:59 : pbmc_1 (1 of 1) : SimulatedLSI, Class = matrix
 
2022-04-12 12:05:59 : pbmc_1 (1 of 1) : SimulatedLSI, Class = array
            LSI1         LSI2          LSI3          LSI4         LSI5
[1,] -0.01282124  0.009709242  0.0009100397  1.907486e-04 0.0001551488
[2,] -0.01331406 -0.002392074 -0.0064029769 -1.106914e-05 0.0015159937
[3,] -0.01402782 -0.005020794  0.0003423278  5.038434e-04 0.0004206958
[4,] -0.01322047  0.004984039  0.0009822079  9.326239e-04 0.0001873525
[5,] -0.01284072  0.005303522 -0.0044608961  1.344272e-04 0.0011613657

pbmc_1 (1 of 1) : SimulatedLSI: nRows = 45000, nCols = 30


2022-04-12 12:06:02 : pbmc_1 (1 of 1) : OriginalLSI, Class = matrix
 
2022-04-12 12:06:02 : pbmc_1 (1 of 1) : OriginalLSI, Class = array
                                 LSI1        LSI2          LSI3          LSI4
pbmc_1#TAGCTAGGTTTGGGTA-1 -0.01327578 0.003646268  0.0002608515 -0.0001315027
pbmc_1#TTGGAGGCAGGCTTCG-1 -0.01280781 0.003523860 -0.0022669817 -0.0015410245
pbmc_1#CATAGACTCCCTGGAA-1 -0.01313551 0.004950141  0.0007966271  0.0006919652
pbmc_1#GGTTGCGGTAAACAAG-1 -0.01279422 0.009155452  0.0004238516  0.0003296774
pbmc_1#GGTGAGTAGGCGTAAA-1 -0.01284632 0.002602902 -0.0069876793 -0.0003289244
                                   LSI5
pbmc_1#TAGCTAGGTTTGGGTA-1  0.0002657961
pbmc_1#TTGGAGGCAGGCTTCG-1 -0.0002575766
pbmc_1#CATAGACTCCCTGGAA-1 -0.0001648627
pbmc_1#GGTTGCGGTAAACAAG-1 -0.0005245107
pbmc_1#GGTGAGTAGGCGTAAA-1  0.0011603120

pbmc_1 (1 of 1) : OriginalLSI: nRows = 9969, nCols = 30


2022-04-12 12:06:02 : pbmc_1 (1 of 1) : OriginalReProjectedLSI, Class = matrix
 
2022-04-12 12:06:02 : pbmc_1 (1 of 1) : OriginalReProjectedLSI, Class = array
                                 LSI1        LSI2          LSI3          LSI4
pbmc_1#TAGCTAGGTTTGGGTA-1 -0.01327578 0.003646268  0.0002608515 -0.0001315027
pbmc_1#TTGGAGGCAGGCTTCG-1 -0.01280781 0.003523860 -0.0022669817 -0.0015410245
pbmc_1#CATAGACTCCCTGGAA-1 -0.01313551 0.004950141  0.0007966271  0.0006919652
pbmc_1#GGTTGCGGTAAACAAG-1 -0.01279422 0.009155452  0.0004238516  0.0003296774
pbmc_1#GGTGAGTAGGCGTAAA-1 -0.01284632 0.002602902 -0.0069876793 -0.0003289244
                                   LSI5
pbmc_1#TAGCTAGGTTTGGGTA-1  0.0002657961
pbmc_1#TTGGAGGCAGGCTTCG-1 -0.0002575766
pbmc_1#CATAGACTCCCTGGAA-1 -0.0001648627
pbmc_1#GGTTGCGGTAAACAAG-1 -0.0005245107
pbmc_1#GGTGAGTAGGCGTAAA-1  0.0011603120

pbmc_1 (1 of 1) : OriginalReProjectedLSI: nRows = 9969, nCols = 30


2022-04-12 12:06:24 : pbmc_1 (1 of 1) : OriginalUMAP, Class = matrix
 
2022-04-12 12:06:24 : pbmc_1 (1 of 1) : OriginalUMAP, Class = array
                               [,1]      [,2]
pbmc_1#TAGCTAGGTTTGGGTA-1  4.818749  7.013575
pbmc_1#TTGGAGGCAGGCTTCG-1  4.321359  9.710732
pbmc_1#CATAGACTCCCTGGAA-1  5.245351  6.948862
pbmc_1#GGTTGCGGTAAACAAG-1 12.454967 -1.174878
pbmc_1#GGTGAGTAGGCGTAAA-1  4.796242  9.954901

pbmc_1 (1 of 1) : OriginalUMAP: nRows = 9969, nCols = 2


2022-04-12 12:06:24 : pbmc_1 (1 of 1) : OriginalReProjectedUMAP, Class = matrix
 
2022-04-12 12:06:24 : pbmc_1 (1 of 1) : OriginalReProjectedUMAP, Class = array
                               [,1]      [,2]
pbmc_1#TAGCTAGGTTTGGGTA-1  4.799140  7.036637
pbmc_1#TTGGAGGCAGGCTTCG-1  4.377354  9.425657
pbmc_1#CATAGACTCCCTGGAA-1  5.404027  6.945894
pbmc_1#GGTTGCGGTAAACAAG-1 12.571473 -1.268839
pbmc_1#GGTGAGTAGGCGTAAA-1  4.723679  9.820111

pbmc_1 (1 of 1) : OriginalReProjectedUMAP: nRows = 9969, nCols = 2


2022-04-12 12:06:24 : pbmc_1 (1 of 1) : UMAP Projection R^2 = 0.99956

2022-04-12 12:06:27 : pbmc_1 (1 of 1) : Number of Nearby Simulated Doublets, Class = numeric

pbmc_1 (1 of 1) : Number of Nearby Simulated Doublets: length = 9969
pbmc_1#TAGCTAGGTTTGGGTA-1 pbmc_1#TTGGAGGCAGGCTTCG-1 pbmc_1#CATAGACTCCCTGGAA-1 
                      315                       270                      1035 
pbmc_1#GGTTGCGGTAAACAAG-1 pbmc_1#GGTGAGTAGGCGTAAA-1 pbmc_1#ATTTGCAAGCCGCAAC-1 
                       90                       495                       225 



2022-04-12 12:06:27 : pbmc_1 (1 of 1) : DoubletScoresLSI, Class = numeric

pbmc_1 (1 of 1) : DoubletScoresLSI: length = 9969
pbmc_1#TAGCTAGGTTTGGGTA-1 pbmc_1#TTGGAGGCAGGCTTCG-1 pbmc_1#CATAGACTCCCTGGAA-1 
               147.045839                110.421730                323.306215 
pbmc_1#GGTTGCGGTAAACAAG-1 pbmc_1#GGTGAGTAGGCGTAAA-1 pbmc_1#ATTTGCAAGCCGCAAC-1 
                 4.574494                319.307564                 77.048424 



2022-04-12 12:06:27 : pbmc_1 (1 of 1) : DoubletEnrichLSI, Class = numeric

pbmc_1 (1 of 1) : DoubletEnrichLSI: length = 9969
pbmc_1#TAGCTAGGTTTGGGTA-1 pbmc_1#TTGGAGGCAGGCTTCG-1 pbmc_1#CATAGACTCCCTGGAA-1 
                        7                         6                        23 
pbmc_1#GGTTGCGGTAAACAAG-1 pbmc_1#GGTGAGTAGGCGTAAA-1 pbmc_1#ATTTGCAAGCCGCAAC-1 
                        2                        11                         5 



2022-04-12 12:06:27 : pbmc_1 (1 of 1) : DoubletScoresUMAP, Class = numeric

pbmc_1 (1 of 1) : DoubletScoresUMAP: length = 9969
pbmc_1#TAGCTAGGTTTGGGTA-1 pbmc_1#TTGGAGGCAGGCTTCG-1 pbmc_1#CATAGACTCCCTGGAA-1 
                 172.1485                   26.4310                  315.1736 
pbmc_1#GGTTGCGGTAAACAAG-1 pbmc_1#GGTGAGTAGGCGTAAA-1 pbmc_1#ATTTGCAAGCCGCAAC-1 
                   0.0000                  323.3062                  323.3062 



2022-04-12 12:06:27 : pbmc_1 (1 of 1) : DoubletEnrichUMAP, Class = numeric

pbmc_1 (1 of 1) : DoubletEnrichUMAP: length = 9969
pbmc_1#TAGCTAGGTTTGGGTA-1 pbmc_1#TTGGAGGCAGGCTTCG-1 pbmc_1#CATAGACTCCCTGGAA-1 
                 7.644444                  3.177778                 10.911111 
pbmc_1#GGTTGCGGTAAACAAG-1 pbmc_1#GGTGAGTAGGCGTAAA-1 pbmc_1#ATTTGCAAGCCGCAAC-1 
                 1.244444                 12.822222                 13.733333 



2022-04-12 12:06:27 : pbmc_1 (1 of 1) : SimulationResults, Class = SimpleList

pbmc_1 (1 of 1) : SimulationResults$doubletUMAP: nRows = 45000, nCols = 2
      [,1]      [,2]
 13.684814 -1.721194
  2.793030 11.111498
 -9.565170 -2.769520
  4.557574  5.978204
  4.802228  9.677615


pbmc_1 (1 of 1) : SimulationResults$doubletScore: length = 9969
pbmc_1#TAGCTAGGTTTGGGTA-1 pbmc_1#TTGGAGGCAGGCTTCG-1 pbmc_1#CATAGACTCCCTGGAA-1 
                 172.1485                   26.4310                  315.1736 
pbmc_1#GGTTGCGGTAAACAAG-1 pbmc_1#GGTGAGTAGGCGTAAA-1 pbmc_1#ATTTGCAAGCCGCAAC-1 
                   0.0000                  323.3062                  323.3062 


pbmc_1 (1 of 1) : SimulationResults$doubletEnrich: length = 9969
pbmc_1#TAGCTAGGTTTGGGTA-1 pbmc_1#TTGGAGGCAGGCTTCG-1 pbmc_1#CATAGACTCCCTGGAA-1 
                 7.644444                  3.177778                 10.911111 
pbmc_1#GGTTGCGGTAAACAAG-1 pbmc_1#GGTGAGTAGGCGTAAA-1 pbmc_1#ATTTGCAAGCCGCAAC-1 
                 1.244444                 12.822222                 13.733333 



2022-04-12 12:06:28 : pbmc_1 (1 of 1) : Sample UMAP, Class = data.frame
pbmc_1 (1 of 1) : Sample UMAP: nRows = 9969, nCols = 5



2022-04-12 12:06:28 : pbmc_1 (1 of 1) : Simulated Doublet UMAP, Class = data.frame
pbmc_1 (1 of 1) : Simulated Doublet UMAP: nRows = 45000, nCols = 5



------- Completed

End Time : 2022-04-12 12:06:35
Elapsed Time Minutes = 4.39187378088633
Elapsed Time Hours = 0.0731979376077652

-------



