
           ___      .______        ______  __    __  .______      
          /   \     |   _  \      /      ||  |  |  | |   _  \     
         /  ^  \    |  |_)  |    |  ,----'|  |__|  | |  |_)  |    
        /  /_\  \   |      /     |  |     |   __   | |      /     
       /  _____  \  |  |\  \\___ |  `----.|  |  |  | |  |\  \\___.
      /__/     \__\ | _| `._____| \______||__|  |__| | _| `._____|
    
Logging With ArchR!

Start Time : 2022-04-11 21:34:13

------- ArchR Info

ArchRThreads = 1
ArchRGenome = Hg19

------- System Info

Computer OS = unix
Total Cores = 16

------- Session Info

R version 4.1.3 (2022-03-10)
Platform: x86_64-pc-linux-gnu (64-bit)
Running under: Ubuntu 20.04.4 LTS

Matrix products: default
BLAS:   /usr/lib/x86_64-linux-gnu/blas/libblas.so.3.9.0
LAPACK: /usr/lib/x86_64-linux-gnu/lapack/liblapack.so.3.9.0

locale:
 [1] LC_CTYPE=en_US.UTF-8       LC_NUMERIC=C               LC_TIME=en_US.UTF-8       
 [4] LC_COLLATE=en_US.UTF-8     LC_MONETARY=en_US.UTF-8    LC_MESSAGES=en_US.UTF-8   
 [7] LC_PAPER=en_US.UTF-8       LC_NAME=C                  LC_ADDRESS=C              
[10] LC_TELEPHONE=C             LC_MEASUREMENT=en_US.UTF-8 LC_IDENTIFICATION=C       

attached base packages:
[1] parallel  stats4    stats     graphics  grDevices utils     datasets  methods  
[9] base     

other attached packages:
 [1] BSgenome.Hsapiens.UCSC.hg19_1.4.3 BSgenome_1.60.0                  
 [3] rtracklayer_1.52.1                Biostrings_2.60.2                
 [5] XVector_0.32.0                    ArchR_1.0.1                      
 [7] rhdf5_2.36.0                      Matrix_1.4-1                     
 [9] data.table_1.14.2                 ggside_0.2.0                     
[11] scater_1.20.1                     scran_1.20.1                     
[13] scuttle_1.2.1                     SingleCellExperiment_1.14.1      
[15] SummarizedExperiment_1.22.0       Biobase_2.52.0                   
[17] GenomicRanges_1.44.0              GenomeInfoDb_1.28.4              
[19] IRanges_2.26.0                    S4Vectors_0.30.2                 
[21] BiocGenerics_0.38.0               scDblFinder_1.6.0                
[23] sparseMatrixStats_1.4.2           MatrixGenerics_1.4.3             
[25] matrixStats_0.61.0                magrittr_2.0.3                   
[27] forcats_0.5.1                     stringr_1.4.0                    
[29] dplyr_1.0.8                       purrr_0.3.4                      
[31] readr_2.1.2                       tidyr_1.2.0                      
[33] tibble_3.1.6                      ggplot2_3.3.5                    
[35] tidyverse_1.3.1                   reticulate_1.24                  

loaded via a namespace (and not attached):
  [1] utf8_1.2.2                tidyselect_1.1.2          htmlwidgets_1.5.4        
  [4] grid_4.1.3                BiocParallel_1.26.2       Rtsne_0.15               
  [7] munsell_0.5.0             ScaledMatrix_1.0.0        codetools_0.2-18         
 [10] ica_1.0-2                 statmod_1.4.36            xgboost_1.5.2.1          
 [13] future_1.24.0             miniUI_0.1.1.1            withr_2.5.0              
 [16] spatstat.random_2.2-0     colorspace_2.0-3          knitr_1.38               
 [19] rstudioapi_0.13           Seurat_4.1.0              ROCR_1.0-11              
 [22] tensor_1.5                listenv_0.8.0             labeling_0.4.2           
 [25] GenomeInfoDbData_1.2.6    polyclip_1.10-0           farver_2.1.0             
 [28] bit64_4.0.5               parallelly_1.31.0         vctrs_0.4.0              
 [31] generics_0.1.2            xfun_0.30                 R6_2.5.1                 
 [34] ggbeeswarm_0.6.0          rsvd_1.0.5                locfit_1.5-9.5           
 [37] hdf5r_1.3.5               bitops_1.0-7              rhdf5filters_1.4.0       
 [40] spatstat.utils_2.3-0      DelayedArray_0.18.0       assertthat_0.2.1         
 [43] BiocIO_1.2.0              promises_1.2.0.1          scales_1.1.1             
 [46] vroom_1.5.7               beeswarm_0.4.0            gtable_0.3.0             
 [49] beachmat_2.8.1            Cairo_1.5-15              globals_0.14.0           
 [52] goftest_1.2-3             rlang_1.0.2               splines_4.1.3            
 [55] lazyeval_0.2.2            spatstat.geom_2.4-0       broom_0.7.12             
 [58] yaml_2.3.5                reshape2_1.4.4            abind_1.4-5              
 [61] modelr_0.1.8              backports_1.4.1           httpuv_1.6.5             
 [64] tools_4.1.3               ellipsis_0.3.2            spatstat.core_2.4-2      
 [67] RColorBrewer_1.1-3        ggridges_0.5.3            Rcpp_1.0.8.3             
 [70] plyr_1.8.7                zlibbioc_1.38.0           RCurl_1.98-1.6           
 [73] rpart_4.1.16              deldir_1.0-6              pbapply_1.5-0            
 [76] viridis_0.6.2             cowplot_1.1.1             zoo_1.8-9                
 [79] SeuratObject_4.0.4        haven_2.4.3               ggrepel_0.9.1            
 [82] cluster_2.1.3             fs_1.5.2                  RSpectra_0.16-0          
 [85] scattermore_0.8           lmtest_0.9-40             reprex_2.0.1             
 [88] RANN_2.6.1                fitdistrplus_1.1-8        hms_1.1.1                
 [91] patchwork_1.1.1           mime_0.12                 evaluate_0.15            
 [94] xtable_1.8-4              XML_3.99-0.9              readxl_1.4.0             
 [97] gridExtra_2.3             compiler_4.1.3            KernSmooth_2.23-20       
[100] crayon_1.5.1              htmltools_0.5.2           mgcv_1.8-40              
[103] later_1.3.0               tzdb_0.3.0                lubridate_1.8.0          
[106] DBI_1.1.2                 dbplyr_2.1.1              MASS_7.3-56              
[109] cli_3.2.0                 metapod_1.0.0             igraph_1.3.0             
[112] pkgconfig_2.0.3           GenomicAlignments_1.28.0  plotly_4.10.0            
[115] spatstat.sparse_2.1-0     xml2_1.3.3                vipor_0.4.5              
[118] dqrng_0.3.0               rvest_1.0.2               digest_0.6.29            
[121] sctransform_0.3.3         RcppAnnoy_0.0.19          spatstat.data_2.1-4      
[124] rmarkdown_2.13            cellranger_1.1.0          leiden_0.3.9             
[127] uwot_0.1.11               edgeR_3.34.1              DelayedMatrixStats_1.14.3
[130] restfulr_0.0.13           Rsamtools_2.8.0           shiny_1.7.1              
[133] rjson_0.2.21              nlme_3.1-157              lifecycle_1.0.1          
[136] jsonlite_1.8.0            Rhdf5lib_1.14.2           BiocNeighbors_1.10.0     
[139] viridisLite_0.4.0         limma_3.48.3              fansi_1.0.3              
[142] pillar_1.7.0              lattice_0.20-45           fastmap_1.1.0            
[145] httr_1.4.2                survival_3.2-13           glue_1.6.2               
[148] png_0.1-7                 bluster_1.2.1             bit_4.0.4                
[151] stringi_1.7.6             BiocSingular_1.8.1        irlba_2.3.5              
[154] future.apply_1.8.1       


------- Log Info


2022-04-11 21:34:13 : createArrowFiles Input-Parameters, Class = list

createArrowFiles Input-Parameters$inputFiles: length = 1
                                                                                  pbmc_1 
"/mnt/sda/data/10X_pbmc_multiome_10k//pbmc_granulocyte_sorted_10k_atac_fragments.tsv.gz" 


createArrowFiles Input-Parameters$sampleNames: length = 1
[1] "pbmc_1"


createArrowFiles Input-Parameters$outputNames: length = 1
[1] "pbmc_1"


createArrowFiles Input-Parameters$validBarcodes: length = 0
NULL


createArrowFiles Input-Parameters$minTSS: length = 1
[1] 1


createArrowFiles Input-Parameters$minFrags: length = 1
[1] 1000


createArrowFiles Input-Parameters$maxFrags: length = 1
[1] 1e+05


createArrowFiles Input-Parameters$QCDir: length = 1
[1] "/home/philipp/Bioinfo_Playground/10x_pbmc_multiome_processing_output/Consensus_ArchR_QC"


createArrowFiles Input-Parameters$nucLength: length = 1
[1] 147


createArrowFiles Input-Parameters$promoterRegion: length = 2
[1] 2000  100


createArrowFiles Input-Parameters$excludeChr: length = 2
[1] "chrM" "chrY"


createArrowFiles Input-Parameters$nChunk: length = 1
[1] 5


createArrowFiles Input-Parameters$bcTag: length = 1
[1] "qname"


createArrowFiles Input-Parameters$gsubExpression: length = 0
NULL


createArrowFiles Input-Parameters$bamFlag: length = 0
NULL


createArrowFiles Input-Parameters$offsetPlus: length = 1
[1] 4


createArrowFiles Input-Parameters$offsetMinus: length = 1
[1] -5


createArrowFiles Input-Parameters$addTileMat: length = 1
[1] TRUE


createArrowFiles Input-Parameters$addGeneScoreMat: length = 1
[1] TRUE


createArrowFiles Input-Parameters$force: length = 1
[1] TRUE


createArrowFiles Input-Parameters$threads: length = 1
[1] 1


createArrowFiles Input-Parameters$parallelParam: length = 0
NULL


createArrowFiles Input-Parameters$subThreading: length = 1
[1] FALSE


createArrowFiles Input-Parameters$verbose: length = 1
[1] TRUE


createArrowFiles Input-Parameters$cleanTmp: length = 1
[1] TRUE


createArrowFiles Input-Parameters$logFile: length = 1
[1] "ArchRLogs/ArchR-createArrows-56f1e2e5b3dc9-Date-2022-04-11_Time-21-34-13.log"


createArrowFiles Input-Parameters$filterFrags: length = 1
[1] 1000


createArrowFiles Input-Parameters$filterTSS: length = 1
[1] 1



2022-04-11 21:34:13 : Cleaning Temporary Files
2022-04-11 21:34:13 : Batch Execution w/ safelapply!, 0 mins elapsed.

###########
2022-04-11 21:34:13 : Creating Arrow File pbmc_1.arrow (pbmc_1 : 1 of 1)
###########


2022-04-11 21:34:13 : validBC, Class = NULL

validBC: length = 0
NULL



2022-04-11 21:34:13 : (pbmc_1 : 1 of 1) Determining Arrow Method to use!
2022-04-11 21:34:13 : (pbmc_1 : 1 of 1) Reading In Fragments from inputFiles (readMethod = tabix), 0 mins elapsed.
2022-04-11 21:34:13 : (pbmc_1 : 1 of 1) Tabix Bed To Temporary File, 0 mins elapsed.

2022-04-11 21:34:13 : tileChromSizes, Class = GRanges
GRanges object with 120 ranges and 1 metadata column:
        seqnames              ranges strand |     chunkName
           <Rle>           <IRanges>  <Rle> |   <character>
    [1]     chr1          1-49850124      * |   chr1#chunk1
    [2]     chr1   49850125-99700248      * |   chr1#chunk2
    [3]     chr1  99700249-149550372      * |   chr1#chunk3
    [4]     chr1 149550373-199400496      * |   chr1#chunk4
    [5]     chr1 199400497-249250621      * |   chr1#chunk5
    ...      ...                 ...    ... .           ...
  [116]     chrY          1-11874713      * | chrY#chunk116
  [117]     chrY   11874714-23749426      * | chrY#chunk117
  [118]     chrY   23749427-35624139      * | chrY#chunk118
  [119]     chrY   35624140-47498852      * | chrY#chunk119
  [120]     chrY   47498853-59373566      * | chrY#chunk120
  -------
  seqinfo: 24 sequences from an unspecified genome; no seqlengths


2022-04-11 21:34:28 : (pbmc_1 : 1 of 1) .tabixToTmp Fragments-Chunk-(1 of 120)-chr1:1-49850124, Class = data.table
 
2022-04-11 21:34:28 : (pbmc_1 : 1 of 1) .tabixToTmp Fragments-Chunk-(1 of 120)-chr1:1-49850124, Class = data.frame
(pbmc_1 : 1 of 1) .tabixToTmp Fragments-Chunk-(1 of 120)-chr1:1-49850124: nRows = 6448168, nCols = 3



2022-04-11 21:34:28 : (pbmc_1 : 1 of 1) .tabixToTmp Barcodes-Chunk-(1 of 120)-chr1:1-49850124, Class = character

(pbmc_1 : 1 of 1) .tabixToTmp Barcodes-Chunk-(1 of 120)-chr1:1-49850124: length = 162292
[1] "TCAAGAACAGTAATAG-1" "AACCCGCAGGTAGCTT-1" "CGCATATAGGTTACGT-1" "GTAAGGTCACCCACAG-1"
[5] "TATTCGTTCCGCCTCA-1" "ATGAATGCATTGTCAG-1"


2022-04-11 21:35:22 : (pbmc_1 : 1 of 1) Reading TabixFile 8 Percent, 1.144 mins elapsed.
2022-04-11 21:36:10 : (pbmc_1 : 1 of 1) Reading TabixFile 17 Percent, 1.956 mins elapsed.
2022-04-11 21:36:55 : (pbmc_1 : 1 of 1) Reading TabixFile 25 Percent, 2.706 mins elapsed.
2022-04-11 21:37:36 : (pbmc_1 : 1 of 1) Reading TabixFile 33 Percent, 3.386 mins elapsed.
2022-04-11 21:38:17 : (pbmc_1 : 1 of 1) Reading TabixFile 42 Percent, 4.067 mins elapsed.
2022-04-11 21:39:01 : (pbmc_1 : 1 of 1) Reading TabixFile 50 Percent, 4.8 mins elapsed.
2022-04-11 21:39:32 : (pbmc_1 : 1 of 1) Reading TabixFile 58 Percent, 5.31 mins elapsed.
2022-04-11 21:40:07 : (pbmc_1 : 1 of 1) Reading TabixFile 67 Percent, 5.9 mins elapsed.
2022-04-11 21:40:43 : (pbmc_1 : 1 of 1) Reading TabixFile 75 Percent, 6.501 mins elapsed.
2022-04-11 21:41:22 : (pbmc_1 : 1 of 1) Reading TabixFile 83 Percent, 7.152 mins elapsed.
2022-04-11 21:41:42 : (pbmc_1 : 1 of 1) Reading TabixFile 92 Percent, 7.484 mins elapsed.
2022-04-11 21:42:02 : (pbmc_1 : 1 of 1) Reading TabixFile 100 Percent, 7.824 mins elapsed.
2022-04-11 21:42:03 : (pbmc_1 : 1 of 1) Successful creation of Temporary File, 7.84 mins elapsed.
2022-04-11 21:42:03 : (pbmc_1 : 1 of 1) Creating ArrowFile From Temporary File, 7.84 mins elapsed.

2022-04-11 21:42:03 : (pbmc_1 : 1 of 1) chunkChrNames, Class = data.frame
(pbmc_1 : 1 of 1) chunkChrNames: nRows = 118, nCols = 1


2022-04-11 21:42:03 : (pbmc_1 : 1 of 1) Counting Unique Barcodes From Temporary File, 7.84 mins elapsed.

2022-04-11 21:42:14 : (pbmc_1 : 1 of 1) BarcodeFrequencyTable, Class = data.table
 
2022-04-11 21:42:14 : (pbmc_1 : 1 of 1) BarcodeFrequencyTable, Class = data.frame
(pbmc_1 : 1 of 1) BarcodeFrequencyTable: nRows = 638777, nCols = 2



2022-04-11 21:42:14 : (pbmc_1 : 1 of 1) BarcodesMinMaxFrags, Class = data.frame
(pbmc_1 : 1 of 1) BarcodesMinMaxFrags: nRows = 11902, nCols = 1



2022-04-11 21:42:15 : (pbmc_1 : 1 of 1) Unique Chromosomes, Class = data.frame
(pbmc_1 : 1 of 1) Unique Chromosomes: nRows = 24, nCols = 1


2022-04-11 21:42:15 : (pbmc_1 : 1 of 1) Adding Chromosome 1 of 24, 8.04 mins elapsed.

2022-04-11 21:42:22 : (pbmc_1 : 1 of 1) .tmpToArrow Fragments-Chr-(1 of 24)-chr1, Class = IRanges

(pbmc_1 : 1 of 1) .tmpToArrow Fragments-Chr-(1 of 24)-chr1: length = 16766951
IRanges object with 6 ranges and 1 metadata column:
          start       end     width |                 RG
      <integer> <integer> <integer> |              <Rle>
  [1]    201378    201594       217 | TGAGCAAAGGCCTGGT-1
  [2]   1013448   1013670       223 | TGAGCAAAGGCCTGGT-1
  [3]   1068966   1069372       407 | TGAGCAAAGGCCTGGT-1
  [4]   1233969   1234339       371 | TGAGCAAAGGCCTGGT-1
  [5]   1234340   1234572       233 | TGAGCAAAGGCCTGGT-1
  [6]   1273654   1273844       191 | TGAGCAAAGGCCTGGT-1



2022-04-11 21:42:22 : (pbmc_1 : 1 of 1) .tmpToArrow Barcodes-Chr-(1 of 24)-chr1, Class = data.frame
(pbmc_1 : 1 of 1) .tmpToArrow Barcodes-Chr-(1 of 24)-chr1: nRows = 11902, nCols = 1


2022-04-11 21:42:24 : (pbmc_1 : 1 of 1) Adding Chromosome 2 of 24, 8.181 mins elapsed.
2022-04-11 21:42:31 : (pbmc_1 : 1 of 1) Adding Chromosome 3 of 24, 8.292 mins elapsed.
2022-04-11 21:42:36 : (pbmc_1 : 1 of 1) Adding Chromosome 4 of 24, 8.385 mins elapsed.
2022-04-11 21:42:40 : (pbmc_1 : 1 of 1) Adding Chromosome 5 of 24, 8.455 mins elapsed.
2022-04-11 21:42:45 : (pbmc_1 : 1 of 1) Adding Chromosome 6 of 24, 8.534 mins elapsed.
2022-04-11 21:42:51 : (pbmc_1 : 1 of 1) Adding Chromosome 7 of 24, 8.628 mins elapsed.
2022-04-11 21:42:55 : (pbmc_1 : 1 of 1) Adding Chromosome 8 of 24, 8.706 mins elapsed.
2022-04-11 21:43:00 : (pbmc_1 : 1 of 1) Adding Chromosome 9 of 24, 8.777 mins elapsed.
2022-04-11 21:43:04 : (pbmc_1 : 1 of 1) Adding Chromosome 10 of 24, 8.849 mins elapsed.
2022-04-11 21:43:09 : (pbmc_1 : 1 of 1) Adding Chromosome 11 of 24, 8.929 mins elapsed.
2022-04-11 21:43:14 : (pbmc_1 : 1 of 1) Adding Chromosome 12 of 24, 9.015 mins elapsed.
2022-04-11 21:43:19 : (pbmc_1 : 1 of 1) Adding Chromosome 13 of 24, 9.101 mins elapsed.
2022-04-11 21:43:22 : (pbmc_1 : 1 of 1) Adding Chromosome 14 of 24, 9.152 mins elapsed.
2022-04-11 21:43:26 : (pbmc_1 : 1 of 1) Adding Chromosome 15 of 24, 9.216 mins elapsed.
2022-04-11 21:43:29 : (pbmc_1 : 1 of 1) Adding Chromosome 16 of 24, 9.272 mins elapsed.
2022-04-11 21:43:34 : (pbmc_1 : 1 of 1) Adding Chromosome 17 of 24, 9.344 mins elapsed.
2022-04-11 21:43:39 : (pbmc_1 : 1 of 1) Adding Chromosome 18 of 24, 9.433 mins elapsed.
2022-04-11 21:43:42 : (pbmc_1 : 1 of 1) Adding Chromosome 19 of 24, 9.477 mins elapsed.
2022-04-11 21:43:47 : (pbmc_1 : 1 of 1) Adding Chromosome 20 of 24, 9.574 mins elapsed.
2022-04-11 21:43:51 : (pbmc_1 : 1 of 1) Adding Chromosome 21 of 24, 9.627 mins elapsed.
2022-04-11 21:43:53 : (pbmc_1 : 1 of 1) Adding Chromosome 22 of 24, 9.663 mins elapsed.
2022-04-11 21:43:56 : (pbmc_1 : 1 of 1) Adding Chromosome 23 of 24, 9.711 mins elapsed.
2022-04-11 21:43:59 : (pbmc_1 : 1 of 1) Adding Chromosome 24 of 24, 9.765 mins elapsed.
2022-04-11 21:44:00 : (pbmc_1 : 1 of 1) Successful creation of Arrow File, 9.786 mins elapsed.
2022-04-11 21:44:01 : (pbmc_1 : 1 of 1) Adding Fragment Summary, 9.804 mins elapsed.
2022-04-11 21:44:18 : (pbmc_1 : 1 of 1) Plotting Fragment Size Distribution, 10.079 mins elapsed.
2022-04-11 21:44:19 : (pbmc_1 : 1 of 1) Computing TSS Enrichment Scores, 10.099 mins elapsed.
2022-04-11 21:45:39 : (pbmc_1 : 1 of 1) Computed TSS Scores!, 1.338 mins elapsed.
2022-04-11 21:45:39 : (pbmc_1 : 1 of 1) CellStats : Number of Cells Pass Filter = 11472 , 11.437 mins elapsed.
2022-04-11 21:45:39 : (pbmc_1 : 1 of 1) CellStats : Median Frags = 13587 , 11.437 mins elapsed.
2022-04-11 21:45:39 : (pbmc_1 : 1 of 1) CellStats : Median TSS Enrichment = 1.715 , 11.437 mins elapsed.
2022-04-11 21:45:39 : (pbmc_1 : 1 of 1) Plotting TSS Enrichment Scores, 11.437 mins elapsed.
2022-04-11 21:45:41 : (pbmc_1 : 1 of 1) Adding Metadata to Fragments, 11.463 mins elapsed.
2022-04-11 21:45:42 : (pbmc_1 : 1 of 1) Adding Additional Feature Counts!, 11.478 mins elapsed.
2022-04-11 21:46:59 : (pbmc_1 : 1 of 1) Finished Adding Additional Feature Counts!, 12.769 mins elapsed.

2022-04-11 21:46:59 : (pbmc_1 : 1 of 1) Metadata, Class = DFrame
DataFrame with 11902 rows and 12 columns
                   cellNames    nFrags nMonoFrags  nDiFrags nMultiFrags TSSEnrichment
                 <character> <numeric>  <numeric> <numeric>   <numeric>     <numeric>
1     pbmc_1#TGAGCAAAGGCCT..     99635      20148     58332       21155         1.154
2     pbmc_1#AACCGCTCATATA..     93828      40133     36284       17411         1.437
3     pbmc_1#CAGCAAGCAGTAG..     92443      15407     56361       20675         0.988
4     pbmc_1#TTCATTCAGCCGC..     91766      43097     33117       15552         1.089
5     pbmc_1#GGAGTCTGTGAGC..     89393      44695     29125       15573         1.264
...                      ...       ...        ...       ...         ...           ...
11898 pbmc_1#AGAGGATGTAACG..      1001        396       498         107         0.792
11899 pbmc_1#CTCGCTAGTCAGG..      1001        654       276          71         0.594
11900 pbmc_1#GCACATTAGCGCT..      1001        628       268         105         0.297
11901 pbmc_1#TGAGCCGGTTCAT..      1001        393       392         216         1.089
11902 pbmc_1#TTACCGTGTTCAA..      1000        549       356          95         0.099
      ReadsInTSS      Keep ReadsInPromoter PromoterRatio ReadsInBlacklist
       <numeric> <numeric>       <numeric>     <numeric>        <numeric>
1            342         1            3194     0.0160285             1756
2            788         1            6491     0.0345899             2675
3            235         0            2222     0.0120182             2834
4            500         1            4895     0.0266711             3118
5            679         1            5922     0.0331234             2620
...          ...       ...             ...           ...              ...
11898          8         0              57     0.0284715               42
11899          6         0              52     0.0259740               22
11900          3         0              43     0.0214785               50
11901         11         1              72     0.0359640               20
11902          1         0              37     0.0185000               40
      BlacklistRatio
           <numeric>
1         0.00881216
2         0.01425481
3         0.01532836
4         0.01698886
5         0.01465439
...              ...
11898     0.02097902
11899     0.01098901
11900     0.02497502
11901     0.00999001
11902     0.02000000

2022-04-11 21:46:59 : (pbmc_1 : 1 of 1) Removing Fragments from Filtered Cells, 12.771 mins elapsed.
2022-04-11 21:46:59 : (pbmc_1 : 1 of 1) Creating Filtered Arrow File, 12.771 mins elapsed.

2022-04-11 21:47:01 : (pbmc_1 : 1 of 1) .filterCellsFromArrow Fragments-Chr-(1 of 24)-chr1, Class = GRanges
GRanges object with 16659758 ranges and 1 metadata column:
             seqnames              ranges strand |                     RG
                <Rle>           <IRanges>  <Rle> |                  <Rle>
         [1]     chr1       201378-201594      * | pbmc_1#TGAGCAAAGGCCT..
         [2]     chr1     1013448-1013670      * | pbmc_1#TGAGCAAAGGCCT..
         [3]     chr1     1068966-1069372      * | pbmc_1#TGAGCAAAGGCCT..
         [4]     chr1     1233969-1234339      * | pbmc_1#TGAGCAAAGGCCT..
         [5]     chr1     1234340-1234572      * | pbmc_1#TGAGCAAAGGCCT..
         ...      ...                 ...    ... .                    ...
  [16659754]     chr1 242147185-242147268      * | pbmc_1#TGAGCCGGTTCAT..
  [16659755]     chr1 243251756-243251953      * | pbmc_1#TGAGCCGGTTCAT..
  [16659756]     chr1 244461439-244461476      * | pbmc_1#TGAGCCGGTTCAT..
  [16659757]     chr1 247359026-247359076      * | pbmc_1#TGAGCCGGTTCAT..
  [16659758]     chr1 248859556-248859623      * | pbmc_1#TGAGCCGGTTCAT..
  -------
  seqinfo: 1 sequence from an unspecified genome; no seqlengths


2022-04-11 21:47:01 : (pbmc_1 : 1 of 1) .filterCellsFromArrow Barcodes-Chr-(1 of 24)-chr1, Class = data.frame
(pbmc_1 : 1 of 1) .filterCellsFromArrow Barcodes-Chr-(1 of 24)-chr1: nRows = 11472, nCols = 1


2022-04-11 21:47:44 : (pbmc_1 : 1 of 1) Finished Constructing Filtered Arrow File!, 13.51 mins elapsed.
2022-04-11 21:47:44 : (pbmc_1 : 1 of 1) Adding TileMatrix!, 13.511 mins elapsed.

2022-04-11 21:47:44 : pbmc_1 .addTileMat FeatureDF, Class = DFrame
DataFrame with 6072620 rows and 3 columns
           seqnames       idx     start
        <character> <integer> <numeric>
1              chr1         1         0
2              chr1         2       500
3              chr1         3      1000
4              chr1         4      1500
5              chr1         5      2000
...             ...       ...       ...
6072616        chrX    310538 155268500
6072617        chrX    310539 155269000
6072618        chrX    310540 155269500
6072619        chrX    310541 155270000
6072620        chrX    310542 155270500

2022-04-11 21:47:50 : Adding TileMatrix to pbmc_1 for Chr (1 of 23)!, 0.113 mins elapsed.

2022-04-11 21:47:52 : NTiles_TileMatrix_1_chr1, Class = numeric

NTiles_TileMatrix_1_chr1: length = 1
  chr1 
498502 



2022-04-11 21:47:52 : NCells_TileMatrix_1_chr1, Class = integer

NCells_TileMatrix_1_chr1: length = 1
[1] 11472



2022-04-11 21:47:52 : MinTile_TileMatrix_1_chr1, Class = numeric

MinTile_TileMatrix_1_chr1: length = 1
[1] 21



2022-04-11 21:47:52 : MaxTile_TileMatrix_1_chr1, Class = numeric

MaxTile_TileMatrix_1_chr1: length = 1
[1] 497893



2022-04-11 21:47:52 : MinCell_TileMatrix_1_chr1, Class = integer

MinCell_TileMatrix_1_chr1: length = 1
[1] 1



2022-04-11 21:47:52 : MaxCell_TileMatrix_1_chr1, Class = integer

MaxCell_TileMatrix_1_chr1: length = 1
[1] 11472


2022-04-11 21:47:59 : Adding TileMatrix to pbmc_1 for Chr (2 of 23)!, 0.259 mins elapsed.

2022-04-11 21:48:00 : NTiles_TileMatrix_2_chr2, Class = numeric

NTiles_TileMatrix_2_chr2: length = 1
  chr2 
486399 



2022-04-11 21:48:00 : NCells_TileMatrix_2_chr2, Class = integer

NCells_TileMatrix_2_chr2: length = 1
[1] 11472



2022-04-11 21:48:00 : MinTile_TileMatrix_2_chr2, Class = numeric

MinTile_TileMatrix_2_chr2: length = 1
[1] 21



2022-04-11 21:48:00 : MaxTile_TileMatrix_2_chr2, Class = numeric

MaxTile_TileMatrix_2_chr2: length = 1
[1] 484367



2022-04-11 21:48:00 : MinCell_TileMatrix_2_chr2, Class = integer

MinCell_TileMatrix_2_chr2: length = 1
[1] 1



2022-04-11 21:48:00 : MaxCell_TileMatrix_2_chr2, Class = integer

MaxCell_TileMatrix_2_chr2: length = 1
[1] 11472


2022-04-11 21:48:06 : Adding TileMatrix to pbmc_1 for Chr (3 of 23)!, 0.378 mins elapsed.

2022-04-11 21:48:07 : NTiles_TileMatrix_3_chr3, Class = numeric

NTiles_TileMatrix_3_chr3: length = 1
  chr3 
396045 



2022-04-11 21:48:07 : NCells_TileMatrix_3_chr3, Class = integer

NCells_TileMatrix_3_chr3: length = 1
[1] 11472



2022-04-11 21:48:07 : MinTile_TileMatrix_3_chr3, Class = numeric

MinTile_TileMatrix_3_chr3: length = 1
[1] 21



2022-04-11 21:48:07 : MaxTile_TileMatrix_3_chr3, Class = numeric

MaxTile_TileMatrix_3_chr3: length = 1
[1] 396045



2022-04-11 21:48:07 : MinCell_TileMatrix_3_chr3, Class = integer

MinCell_TileMatrix_3_chr3: length = 1
[1] 1



2022-04-11 21:48:07 : MaxCell_TileMatrix_3_chr3, Class = integer

MaxCell_TileMatrix_3_chr3: length = 1
[1] 11472


2022-04-11 21:48:12 : Adding TileMatrix to pbmc_1 for Chr (4 of 23)!, 0.478 mins elapsed.

2022-04-11 21:48:13 : NTiles_TileMatrix_4_chr4, Class = numeric

NTiles_TileMatrix_4_chr4: length = 1
  chr4 
382309 



2022-04-11 21:48:13 : NCells_TileMatrix_4_chr4, Class = integer

NCells_TileMatrix_4_chr4: length = 1
[1] 11472



2022-04-11 21:48:13 : MinTile_TileMatrix_4_chr4, Class = numeric

MinTile_TileMatrix_4_chr4: length = 1
[1] 21



2022-04-11 21:48:13 : MaxTile_TileMatrix_4_chr4, Class = numeric

MaxTile_TileMatrix_4_chr4: length = 1
[1] 380410



2022-04-11 21:48:13 : MinCell_TileMatrix_4_chr4, Class = integer

MinCell_TileMatrix_4_chr4: length = 1
[1] 1



2022-04-11 21:48:13 : MaxCell_TileMatrix_4_chr4, Class = integer

MaxCell_TileMatrix_4_chr4: length = 1
[1] 11472


2022-04-11 21:48:17 : Adding TileMatrix to pbmc_1 for Chr (5 of 23)!, 0.558 mins elapsed.

2022-04-11 21:48:18 : NTiles_TileMatrix_5_chr5, Class = numeric

NTiles_TileMatrix_5_chr5: length = 1
  chr5 
361831 



2022-04-11 21:48:18 : NCells_TileMatrix_5_chr5, Class = integer

NCells_TileMatrix_5_chr5: length = 1
[1] 11472



2022-04-11 21:48:18 : MinTile_TileMatrix_5_chr5, Class = numeric

MinTile_TileMatrix_5_chr5: length = 1
[1] 21



2022-04-11 21:48:18 : MaxTile_TileMatrix_5_chr5, Class = numeric

MaxTile_TileMatrix_5_chr5: length = 1
[1] 361831



2022-04-11 21:48:18 : MinCell_TileMatrix_5_chr5, Class = integer

MinCell_TileMatrix_5_chr5: length = 1
[1] 1



2022-04-11 21:48:18 : MaxCell_TileMatrix_5_chr5, Class = integer

MaxCell_TileMatrix_5_chr5: length = 1
[1] 11472


2022-04-11 21:48:22 : Adding TileMatrix to pbmc_1 for Chr (6 of 23)!, 0.643 mins elapsed.

2022-04-11 21:48:23 : NTiles_TileMatrix_6_chr6, Class = numeric

NTiles_TileMatrix_6_chr6: length = 1
  chr6 
342231 



2022-04-11 21:48:23 : NCells_TileMatrix_6_chr6, Class = integer

NCells_TileMatrix_6_chr6: length = 1
[1] 11472



2022-04-11 21:48:23 : MinTile_TileMatrix_6_chr6, Class = numeric

MinTile_TileMatrix_6_chr6: length = 1
[1] 128



2022-04-11 21:48:23 : MaxTile_TileMatrix_6_chr6, Class = numeric

MaxTile_TileMatrix_6_chr6: length = 1
[1] 341480



2022-04-11 21:48:23 : MinCell_TileMatrix_6_chr6, Class = integer

MinCell_TileMatrix_6_chr6: length = 1
[1] 1



2022-04-11 21:48:23 : MaxCell_TileMatrix_6_chr6, Class = integer

MaxCell_TileMatrix_6_chr6: length = 1
[1] 11472


2022-04-11 21:48:29 : Adding TileMatrix to pbmc_1 for Chr (7 of 23)!, 0.753 mins elapsed.

2022-04-11 21:48:29 : NTiles_TileMatrix_7_chr7, Class = numeric

NTiles_TileMatrix_7_chr7: length = 1
  chr7 
318278 



2022-04-11 21:48:29 : NCells_TileMatrix_7_chr7, Class = integer

NCells_TileMatrix_7_chr7: length = 1
[1] 11472



2022-04-11 21:48:30 : MinTile_TileMatrix_7_chr7, Class = numeric

MinTile_TileMatrix_7_chr7: length = 1
[1] 21



2022-04-11 21:48:30 : MaxTile_TileMatrix_7_chr7, Class = numeric

MaxTile_TileMatrix_7_chr7: length = 1
[1] 318278



2022-04-11 21:48:30 : MinCell_TileMatrix_7_chr7, Class = integer

MinCell_TileMatrix_7_chr7: length = 1
[1] 1



2022-04-11 21:48:30 : MaxCell_TileMatrix_7_chr7, Class = integer

MaxCell_TileMatrix_7_chr7: length = 1
[1] 11472


2022-04-11 21:48:34 : Adding TileMatrix to pbmc_1 for Chr (8 of 23)!, 0.839 mins elapsed.

2022-04-11 21:48:35 : NTiles_TileMatrix_8_chr8, Class = numeric

NTiles_TileMatrix_8_chr8: length = 1
  chr8 
292729 



2022-04-11 21:48:35 : NCells_TileMatrix_8_chr8, Class = integer

NCells_TileMatrix_8_chr8: length = 1
[1] 11472



2022-04-11 21:48:35 : MinTile_TileMatrix_8_chr8, Class = numeric

MinTile_TileMatrix_8_chr8: length = 1
[1] 143



2022-04-11 21:48:35 : MaxTile_TileMatrix_8_chr8, Class = numeric

MaxTile_TileMatrix_8_chr8: length = 1
[1] 290153



2022-04-11 21:48:35 : MinCell_TileMatrix_8_chr8, Class = integer

MinCell_TileMatrix_8_chr8: length = 1
[1] 1



2022-04-11 21:48:35 : MaxCell_TileMatrix_8_chr8, Class = integer

MaxCell_TileMatrix_8_chr8: length = 1
[1] 11472


2022-04-11 21:48:39 : Adding TileMatrix to pbmc_1 for Chr (9 of 23)!, 0.913 mins elapsed.

2022-04-11 21:48:39 : NTiles_TileMatrix_9_chr9, Class = numeric

NTiles_TileMatrix_9_chr9: length = 1
  chr9 
282427 



2022-04-11 21:48:39 : NCells_TileMatrix_9_chr9, Class = integer

NCells_TileMatrix_9_chr9: length = 1
[1] 11472



2022-04-11 21:48:39 : MinTile_TileMatrix_9_chr9, Class = numeric

MinTile_TileMatrix_9_chr9: length = 1
[1] 21



2022-04-11 21:48:39 : MaxTile_TileMatrix_9_chr9, Class = numeric

MaxTile_TileMatrix_9_chr9: length = 1
[1] 276457



2022-04-11 21:48:39 : MinCell_TileMatrix_9_chr9, Class = integer

MinCell_TileMatrix_9_chr9: length = 1
[1] 1



2022-04-11 21:48:39 : MaxCell_TileMatrix_9_chr9, Class = integer

MaxCell_TileMatrix_9_chr9: length = 1
[1] 11472


2022-04-11 21:48:43 : Adding TileMatrix to pbmc_1 for Chr (10 of 23)!, 0.993 mins elapsed.

2022-04-11 21:48:44 : NTiles_TileMatrix_10_chr10, Class = numeric

NTiles_TileMatrix_10_chr10: length = 1
 chr10 
271070 



2022-04-11 21:48:44 : NCells_TileMatrix_10_chr10, Class = integer

NCells_TileMatrix_10_chr10: length = 1
[1] 11472



2022-04-11 21:48:44 : MinTile_TileMatrix_10_chr10, Class = numeric

MinTile_TileMatrix_10_chr10: length = 1
[1] 21



2022-04-11 21:48:44 : MaxTile_TileMatrix_10_chr10, Class = numeric

MaxTile_TileMatrix_10_chr10: length = 1
[1] 267575



2022-04-11 21:48:44 : MinCell_TileMatrix_10_chr10, Class = integer

MinCell_TileMatrix_10_chr10: length = 1
[1] 1



2022-04-11 21:48:44 : MaxCell_TileMatrix_10_chr10, Class = integer

MaxCell_TileMatrix_10_chr10: length = 1
[1] 11472


2022-04-11 21:48:48 : Adding TileMatrix to pbmc_1 for Chr (11 of 23)!, 1.075 mins elapsed.

2022-04-11 21:48:49 : NTiles_TileMatrix_11_chr11, Class = numeric

NTiles_TileMatrix_11_chr11: length = 1
 chr11 
270014 



2022-04-11 21:48:49 : NCells_TileMatrix_11_chr11, Class = integer

NCells_TileMatrix_11_chr11: length = 1
[1] 11472



2022-04-11 21:48:49 : MinTile_TileMatrix_11_chr11, Class = numeric

MinTile_TileMatrix_11_chr11: length = 1
[1] 227



2022-04-11 21:48:49 : MaxTile_TileMatrix_11_chr11, Class = numeric

MaxTile_TileMatrix_11_chr11: length = 1
[1] 270014



2022-04-11 21:48:49 : MinCell_TileMatrix_11_chr11, Class = integer

MinCell_TileMatrix_11_chr11: length = 1
[1] 1



2022-04-11 21:48:49 : MaxCell_TileMatrix_11_chr11, Class = integer

MaxCell_TileMatrix_11_chr11: length = 1
[1] 11472


2022-04-11 21:48:54 : Adding TileMatrix to pbmc_1 for Chr (12 of 23)!, 1.168 mins elapsed.

2022-04-11 21:48:54 : NTiles_TileMatrix_12_chr12, Class = numeric

NTiles_TileMatrix_12_chr12: length = 1
 chr12 
267704 



2022-04-11 21:48:54 : NCells_TileMatrix_12_chr12, Class = integer

NCells_TileMatrix_12_chr12: length = 1
[1] 11472



2022-04-11 21:48:54 : MinTile_TileMatrix_12_chr12, Class = numeric

MinTile_TileMatrix_12_chr12: length = 1
[1] 21



2022-04-11 21:48:54 : MaxTile_TileMatrix_12_chr12, Class = numeric

MaxTile_TileMatrix_12_chr12: length = 1
[1] 266531



2022-04-11 21:48:54 : MinCell_TileMatrix_12_chr12, Class = integer

MinCell_TileMatrix_12_chr12: length = 1
[1] 1



2022-04-11 21:48:54 : MaxCell_TileMatrix_12_chr12, Class = integer

MaxCell_TileMatrix_12_chr12: length = 1
[1] 11472


2022-04-11 21:48:59 : Adding TileMatrix to pbmc_1 for Chr (13 of 23)!, 1.261 mins elapsed.

2022-04-11 21:49:00 : NTiles_TileMatrix_13_chr13, Class = numeric

NTiles_TileMatrix_13_chr13: length = 1
 chr13 
230340 



2022-04-11 21:49:00 : NCells_TileMatrix_13_chr13, Class = integer

NCells_TileMatrix_13_chr13: length = 1
[1] 11472



2022-04-11 21:49:00 : MinTile_TileMatrix_13_chr13, Class = numeric

MinTile_TileMatrix_13_chr13: length = 1
[1] 33839



2022-04-11 21:49:00 : MaxTile_TileMatrix_13_chr13, Class = numeric

MaxTile_TileMatrix_13_chr13: length = 1
[1] 228709



2022-04-11 21:49:00 : MinCell_TileMatrix_13_chr13, Class = integer

MinCell_TileMatrix_13_chr13: length = 1
[1] 1



2022-04-11 21:49:00 : MaxCell_TileMatrix_13_chr13, Class = integer

MaxCell_TileMatrix_13_chr13: length = 1
[1] 11472


2022-04-11 21:49:03 : Adding TileMatrix to pbmc_1 for Chr (14 of 23)!, 1.32 mins elapsed.

2022-04-11 21:49:03 : NTiles_TileMatrix_14_chr14, Class = numeric

NTiles_TileMatrix_14_chr14: length = 1
 chr14 
214700 



2022-04-11 21:49:03 : NCells_TileMatrix_14_chr14, Class = integer

NCells_TileMatrix_14_chr14: length = 1
[1] 11472



2022-04-11 21:49:03 : MinTile_TileMatrix_14_chr14, Class = numeric

MinTile_TileMatrix_14_chr14: length = 1
[1] 32082



2022-04-11 21:49:03 : MaxTile_TileMatrix_14_chr14, Class = numeric

MaxTile_TileMatrix_14_chr14: length = 1
[1] 213768



2022-04-11 21:49:03 : MinCell_TileMatrix_14_chr14, Class = integer

MinCell_TileMatrix_14_chr14: length = 1
[1] 1



2022-04-11 21:49:03 : MaxCell_TileMatrix_14_chr14, Class = integer

MaxCell_TileMatrix_14_chr14: length = 1
[1] 11472


2022-04-11 21:49:07 : Adding TileMatrix to pbmc_1 for Chr (15 of 23)!, 1.392 mins elapsed.

2022-04-11 21:49:08 : NTiles_TileMatrix_15_chr15, Class = numeric

NTiles_TileMatrix_15_chr15: length = 1
 chr15 
205063 



2022-04-11 21:49:08 : NCells_TileMatrix_15_chr15, Class = integer

NCells_TileMatrix_15_chr15: length = 1
[1] 11472



2022-04-11 21:49:08 : MinTile_TileMatrix_15_chr15, Class = numeric

MinTile_TileMatrix_15_chr15: length = 1
[1] 34020



2022-04-11 21:49:08 : MaxTile_TileMatrix_15_chr15, Class = numeric

MaxTile_TileMatrix_15_chr15: length = 1
[1] 203963



2022-04-11 21:49:08 : MinCell_TileMatrix_15_chr15, Class = integer

MinCell_TileMatrix_15_chr15: length = 1
[1] 1



2022-04-11 21:49:08 : MaxCell_TileMatrix_15_chr15, Class = integer

MaxCell_TileMatrix_15_chr15: length = 1
[1] 11472


2022-04-11 21:49:11 : Adding TileMatrix to pbmc_1 for Chr (16 of 23)!, 1.46 mins elapsed.

2022-04-11 21:49:12 : NTiles_TileMatrix_16_chr16, Class = numeric

NTiles_TileMatrix_16_chr16: length = 1
 chr16 
180710 



2022-04-11 21:49:12 : NCells_TileMatrix_16_chr16, Class = integer

NCells_TileMatrix_16_chr16: length = 1
[1] 11472



2022-04-11 21:49:12 : MinTile_TileMatrix_16_chr16, Class = numeric

MinTile_TileMatrix_16_chr16: length = 1
[1] 21



2022-04-11 21:49:12 : MaxTile_TileMatrix_16_chr16, Class = numeric

MaxTile_TileMatrix_16_chr16: length = 1
[1] 180450



2022-04-11 21:49:12 : MinCell_TileMatrix_16_chr16, Class = integer

MinCell_TileMatrix_16_chr16: length = 1
[1] 1



2022-04-11 21:49:12 : MaxCell_TileMatrix_16_chr16, Class = integer

MaxCell_TileMatrix_16_chr16: length = 1
[1] 11472


2022-04-11 21:49:16 : Adding TileMatrix to pbmc_1 for Chr (17 of 23)!, 1.539 mins elapsed.

2022-04-11 21:49:17 : NTiles_TileMatrix_17_chr17, Class = numeric

NTiles_TileMatrix_17_chr17: length = 1
 chr17 
162391 



2022-04-11 21:49:17 : NCells_TileMatrix_17_chr17, Class = integer

NCells_TileMatrix_17_chr17: length = 1
[1] 11472



2022-04-11 21:49:17 : MinTile_TileMatrix_17_chr17, Class = numeric

MinTile_TileMatrix_17_chr17: length = 1
[1] 156



2022-04-11 21:49:17 : MaxTile_TileMatrix_17_chr17, Class = numeric

MaxTile_TileMatrix_17_chr17: length = 1
[1] 162392



2022-04-11 21:49:17 : MinCell_TileMatrix_17_chr17, Class = integer

MinCell_TileMatrix_17_chr17: length = 1
[1] 1



2022-04-11 21:49:17 : MaxCell_TileMatrix_17_chr17, Class = integer

MaxCell_TileMatrix_17_chr17: length = 1
[1] 11472



************************************************************
2022-04-11 21:49:17 : ERROR Found in .addTileMat for pbmc_1 
LogFile = ArchRLogs/ArchR-createArrows-56f1e2e5b3dc9-Date-2022-04-11_Time-21-34-13.log

<simpleError in Matrix::sparseMatrix(i = c(trunc(start(fragments)/tileSize),     trunc(end(fragments)/tileSize)) + 1, j = as.vector(c(matchID,     matchID)), x = rep(1, 2 * length(fragments)), dims = c(nTiles,     length(cellNames))): all(dims >= dims.min) is not TRUE>

2022-04-11 21:49:17 : errorList, Class = list

errorList$ArrowFile: length = 1
[1] "pbmc_1.arrow"


errorList$chromLengths: length = 23
     chr1      chr2      chr3      chr4      chr5      chr6 
249250621 243199373 198022430 191154276 180915260 171115067 


errorList$chr: length = 1
   chr17 
81195210 


errorList$mat: length = 1
[1] "mat"



************************************************************


************************************************************
2022-04-11 21:49:17 : ERROR Found in .addTileMat for (pbmc_1 : 1 of 1) 
LogFile = ArchRLogs/ArchR-createArrows-56f1e2e5b3dc9-Date-2022-04-11_Time-21-34-13.log

<simpleError in .logError(e, fn = ".addTileMat", info = sampleName, errorList = errorList,     logFile = logFile): Exiting See Error Above>

2022-04-11 21:49:17 : errorList, Class = list

errorList$i: length = 1
[1] 1


errorList$ArrowFiles: length = 1
[1] "pbmc_1.arrow"


errorList$cellNames: length = 11472
[1] "pbmc_1#TGAGCAAAGGCCTGGT-1" "pbmc_1#AACCGCTCATATAACC-1" "pbmc_1#TTCATTCAGCCGCTTT-1"
[4] "pbmc_1#GGAGTCTGTGAGCAAG-1" "pbmc_1#CTAGTAGGTAGCAGCT-1" "pbmc_1#TAGCTAGGTTTGGGTA-1"


errorList$chromLengths: length = 24
     chr1      chr2      chr3      chr4      chr5      chr6 
249250621 243199373 198022430 191154276 180915260 171115067 


errorList$blacklist: length = 1569
GRanges object with 6 ranges and 2 metadata columns:
      seqnames          ranges strand | Buenrostro    Encode
         <Rle>       <IRanges>  <Rle> |  <logical> <logical>
  [1]     chr1        1-750100      * |       TRUE      TRUE
  [2]     chr1   814501-845200      * |      FALSE      TRUE
  [3]     chr1 2052401-2056000      * |      FALSE      TRUE
  [4]     chr1 2582801-2693900      * |      FALSE      TRUE
  [5]     chr1 4362201-4364300      * |      FALSE      TRUE
  [6]     chr1 5714801-5736800      * |      FALSE      TRUE
  -------
  seqinfo: 24 sequences from an unspecified genome; no seqlengths


errorList$force: length = 1
[1] TRUE


errorList$excludeChr: length = 2
[1] "chrM" "chrY"


errorList$logFile: length = 1
[1] "ArchRLogs/ArchR-createArrows-56f1e2e5b3dc9-Date-2022-04-11_Time-21-34-13.log"



************************************************************


2022-04-11 21:49:17 : createArrowFiles has encountered an error, checking if any ArrowFiles completed..

------- Completed

End Time : 2022-04-11 21:49:17
Elapsed Time Minutes = 15.0833163936933
Elapsed Time Hours = 0.251388721797201

-------



