
           ___      .______        ______  __    __  .______      
          /   \     |   _  \      /      ||  |  |  | |   _  \     
         /  ^  \    |  |_)  |    |  ,----'|  |__|  | |  |_)  |    
        /  /_\  \   |      /     |  |     |   __   | |      /     
       /  _____  \  |  |\  \\___ |  `----.|  |  |  | |  |\  \\___.
      /__/     \__\ | _| `._____| \______||__|  |__| | _| `._____|
    
Logging With ArchR!

Start Time : 2022-04-12 11:13:30

------- ArchR Info

ArchRThreads = 1
ArchRGenome = Hg19

------- System Info

Computer OS = unix
Total Cores = 16

------- Session Info

R version 4.1.3 (2022-03-10)
Platform: x86_64-pc-linux-gnu (64-bit)
Running under: Ubuntu 20.04.4 LTS

Matrix products: default
BLAS:   /usr/lib/x86_64-linux-gnu/blas/libblas.so.3.9.0
LAPACK: /usr/lib/x86_64-linux-gnu/lapack/liblapack.so.3.9.0

locale:
 [1] LC_CTYPE=en_US.UTF-8       LC_NUMERIC=C               LC_TIME=en_US.UTF-8       
 [4] LC_COLLATE=en_US.UTF-8     LC_MONETARY=en_US.UTF-8    LC_MESSAGES=en_US.UTF-8   
 [7] LC_PAPER=en_US.UTF-8       LC_NAME=C                  LC_ADDRESS=C              
[10] LC_TELEPHONE=C             LC_MEASUREMENT=en_US.UTF-8 LC_IDENTIFICATION=C       

attached base packages:
 [1] grid      parallel  stats4    stats     graphics  grDevices utils     datasets 
 [9] methods   base     

other attached packages:
 [1] gridExtra_2.3                     Rsamtools_2.8.0                  
 [3] BSgenome.Hsapiens.UCSC.hg38_1.4.3 BSgenome_1.60.0                  
 [5] rtracklayer_1.52.1                Biostrings_2.60.2                
 [7] XVector_0.32.0                    ArchR_1.0.1                      
 [9] rhdf5_2.36.0                      Matrix_1.4-1                     
[11] data.table_1.14.2                 ggside_0.2.0                     
[13] scater_1.20.1                     scran_1.20.1                     
[15] scuttle_1.2.1                     SingleCellExperiment_1.14.1      
[17] SummarizedExperiment_1.22.0       Biobase_2.52.0                   
[19] GenomicRanges_1.44.0              GenomeInfoDb_1.28.4              
[21] IRanges_2.26.0                    S4Vectors_0.30.2                 
[23] BiocGenerics_0.38.0               scDblFinder_1.6.0                
[25] sparseMatrixStats_1.4.2           MatrixGenerics_1.4.3             
[27] matrixStats_0.61.0                magrittr_2.0.3                   
[29] forcats_0.5.1                     stringr_1.4.0                    
[31] dplyr_1.0.8                       purrr_0.3.4                      
[33] readr_2.1.2                       tidyr_1.2.0                      
[35] tibble_3.1.6                      ggplot2_3.3.5                    
[37] tidyverse_1.3.1                   reticulate_1.24                  

loaded via a namespace (and not attached):
  [1] utf8_1.2.2                        tidyselect_1.1.2                 
  [3] htmlwidgets_1.5.4                 BiocParallel_1.26.2              
  [5] Rtsne_0.15                        munsell_0.5.0                    
  [7] ScaledMatrix_1.0.0                codetools_0.2-18                 
  [9] ica_1.0-2                         statmod_1.4.36                   
 [11] xgboost_1.5.2.1                   future_1.24.0                    
 [13] miniUI_0.1.1.1                    withr_2.5.0                      
 [15] spatstat.random_2.2-0             colorspace_2.0-3                 
 [17] knitr_1.38                        rstudioapi_0.13                  
 [19] Seurat_4.1.0                      ROCR_1.0-11                      
 [21] tensor_1.5                        listenv_0.8.0                    
 [23] labeling_0.4.2                    GenomeInfoDbData_1.2.6           
 [25] polyclip_1.10-0                   farver_2.1.0                     
 [27] bit64_4.0.5                       parallelly_1.31.0                
 [29] vctrs_0.4.0                       generics_0.1.2                   
 [31] xfun_0.30                         R6_2.5.1                         
 [33] ggbeeswarm_0.6.0                  rsvd_1.0.5                       
 [35] isoband_0.2.5                     locfit_1.5-9.5                   
 [37] hdf5r_1.3.5                       bitops_1.0-7                     
 [39] rhdf5filters_1.4.0                spatstat.utils_2.3-0             
 [41] DelayedArray_0.18.0               assertthat_0.2.1                 
 [43] BiocIO_1.2.0                      promises_1.2.0.1                 
 [45] scales_1.1.1                      vroom_1.5.7                      
 [47] beeswarm_0.4.0                    gtable_0.3.0                     
 [49] beachmat_2.8.1                    Cairo_1.5-15                     
 [51] globals_0.14.0                    goftest_1.2-3                    
 [53] rlang_1.0.2                       splines_4.1.3                    
 [55] lazyeval_0.2.2                    spatstat.geom_2.4-0              
 [57] broom_0.7.12                      yaml_2.3.5                       
 [59] reshape2_1.4.4                    abind_1.4-5                      
 [61] modelr_0.1.8                      backports_1.4.1                  
 [63] httpuv_1.6.5                      tools_4.1.3                      
 [65] ellipsis_0.3.2                    spatstat.core_2.4-2              
 [67] RColorBrewer_1.1-3                ggridges_0.5.3                   
 [69] Rcpp_1.0.8.3                      plyr_1.8.7                       
 [71] zlibbioc_1.38.0                   RCurl_1.98-1.6                   
 [73] rpart_4.1.16                      deldir_1.0-6                     
 [75] pbapply_1.5-0                     viridis_0.6.2                    
 [77] cowplot_1.1.1                     zoo_1.8-9                        
 [79] SeuratObject_4.0.4                haven_2.4.3                      
 [81] ggrepel_0.9.1                     cluster_2.1.3                    
 [83] fs_1.5.2                          RSpectra_0.16-0                  
 [85] scattermore_0.8                   lmtest_0.9-40                    
 [87] reprex_2.0.1                      RANN_2.6.1                       
 [89] fitdistrplus_1.1-8                hms_1.1.1                        
 [91] patchwork_1.1.1                   mime_0.12                        
 [93] evaluate_0.15                     xtable_1.8-4                     
 [95] XML_3.99-0.9                      readxl_1.4.0                     
 [97] compiler_4.1.3                    KernSmooth_2.23-20               
 [99] crayon_1.5.1                      BSgenome.Hsapiens.UCSC.hg19_1.4.3
[101] htmltools_0.5.2                   mgcv_1.8-40                      
[103] later_1.3.0                       tzdb_0.3.0                       
[105] lubridate_1.8.0                   DBI_1.1.2                        
[107] dbplyr_2.1.1                      MASS_7.3-56                      
[109] cli_3.2.0                         metapod_1.0.0                    
[111] igraph_1.3.0                      pkgconfig_2.0.3                  
[113] GenomicAlignments_1.28.0          plotly_4.10.0                    
[115] spatstat.sparse_2.1-0             xml2_1.3.3                       
[117] vipor_0.4.5                       dqrng_0.3.0                      
[119] rvest_1.0.2                       digest_0.6.29                    
[121] sctransform_0.3.3                 RcppAnnoy_0.0.19                 
[123] spatstat.data_2.1-4               rmarkdown_2.13                   
[125] cellranger_1.1.0                  leiden_0.3.9                     
[127] uwot_0.1.11                       edgeR_3.34.1                     
[129] DelayedMatrixStats_1.14.3         restfulr_0.0.13                  
[131] shiny_1.7.1                       rjson_0.2.21                     
[133] nlme_3.1-157                      lifecycle_1.0.1                  
[135] jsonlite_1.8.0                    Rhdf5lib_1.14.2                  
[137] BiocNeighbors_1.10.0              viridisLite_0.4.0                
[139] limma_3.48.3                      fansi_1.0.3                      
[141] pillar_1.7.0                      lattice_0.20-45                  
[143] fastmap_1.1.0                     httr_1.4.2                       
[145] survival_3.2-13                   glue_1.6.2                       
[147] png_0.1-7                         bluster_1.2.1                    
[149] bit_4.0.4                         stringi_1.7.6                    
[151] BiocSingular_1.8.1                irlba_2.3.5                      
[153] future.apply_1.8.1               


------- Log Info


2022-04-12 11:13:30 : createArrowFiles Input-Parameters, Class = list

createArrowFiles Input-Parameters$inputFiles: length = 1
                                                                                  pbmc_1 
"/mnt/sda/data/10X_pbmc_multiome_10k//pbmc_granulocyte_sorted_10k_atac_fragments.tsv.gz" 


createArrowFiles Input-Parameters$sampleNames: length = 1
[1] "pbmc_1"


createArrowFiles Input-Parameters$outputNames: length = 1
[1] "pbmc_1"


createArrowFiles Input-Parameters$validBarcodes: length = 0
NULL


createArrowFiles Input-Parameters$minTSS: length = 1
[1] 9


createArrowFiles Input-Parameters$minFrags: length = 1
[1] 5600


createArrowFiles Input-Parameters$maxFrags: length = 1
[1] 1e+05


createArrowFiles Input-Parameters$QCDir: length = 1
[1] "/home/philipp/Bioinfo_Playground/10x_pbmc_multiome_processing_output/Consensus_ArchR_QC"


createArrowFiles Input-Parameters$nucLength: length = 1
[1] 147


createArrowFiles Input-Parameters$promoterRegion: length = 2
[1] 2000  100


createArrowFiles Input-Parameters$excludeChr: length = 2
[1] "chrM" "chrY"


createArrowFiles Input-Parameters$nChunk: length = 1
[1] 5


createArrowFiles Input-Parameters$bcTag: length = 1
[1] "qname"


createArrowFiles Input-Parameters$gsubExpression: length = 0
NULL


createArrowFiles Input-Parameters$bamFlag: length = 0
NULL


createArrowFiles Input-Parameters$offsetPlus: length = 1
[1] 4


createArrowFiles Input-Parameters$offsetMinus: length = 1
[1] -5


createArrowFiles Input-Parameters$addTileMat: length = 1
[1] FALSE


createArrowFiles Input-Parameters$addGeneScoreMat: length = 1
[1] FALSE


createArrowFiles Input-Parameters$force: length = 1
[1] TRUE


createArrowFiles Input-Parameters$threads: length = 1
[1] 1


createArrowFiles Input-Parameters$parallelParam: length = 0
NULL


createArrowFiles Input-Parameters$subThreading: length = 1
[1] FALSE


createArrowFiles Input-Parameters$verbose: length = 1
[1] TRUE


createArrowFiles Input-Parameters$cleanTmp: length = 1
[1] TRUE


createArrowFiles Input-Parameters$logFile: length = 1
[1] "ArchRLogs/ArchR-createArrows-6bad766dc1b4-Date-2022-04-12_Time-11-13-30.log"


createArrowFiles Input-Parameters$filterFrags: length = 1
[1] 5600


createArrowFiles Input-Parameters$filterTSS: length = 1
[1] 9



2022-04-12 11:13:30 : Cleaning Temporary Files
2022-04-12 11:13:30 : Batch Execution w/ safelapply!, 0 mins elapsed.

###########
2022-04-12 11:13:30 : Creating Arrow File pbmc_1.arrow (pbmc_1 : 1 of 1)
###########


2022-04-12 11:13:30 : validBC, Class = NULL

validBC: length = 0
NULL



2022-04-12 11:13:30 : (pbmc_1 : 1 of 1) Checking if completed file exists!
2022-04-12 11:13:30 : (pbmc_1 : 1 of 1) Arrow Exists! Overriding since force = TRUE!, 0 mins elapsed.

2022-04-12 11:13:30 : (pbmc_1 : 1 of 1) Determining Arrow Method to use!
2022-04-12 11:13:30 : (pbmc_1 : 1 of 1) Reading In Fragments from inputFiles (readMethod = tabix), 0.004 mins elapsed.
2022-04-12 11:13:30 : (pbmc_1 : 1 of 1) Tabix Bed To Temporary File, 0.004 mins elapsed.

2022-04-12 11:13:30 : tileChromSizes, Class = GRanges
GRanges object with 120 ranges and 1 metadata column:
        seqnames              ranges strand |     chunkName
           <Rle>           <IRanges>  <Rle> |   <character>
    [1]     chr1          1-49791284      * |   chr1#chunk1
    [2]     chr1   49791285-99582568      * |   chr1#chunk2
    [3]     chr1  99582569-149373853      * |   chr1#chunk3
    [4]     chr1 149373854-199165137      * |   chr1#chunk4
    [5]     chr1 199165138-248956422      * |   chr1#chunk5
    ...      ...                 ...    ... .           ...
  [116]     chrY          1-11445483      * | chrY#chunk116
  [117]     chrY   11445484-22890966      * | chrY#chunk117
  [118]     chrY   22890967-34336449      * | chrY#chunk118
  [119]     chrY   34336450-45781932      * | chrY#chunk119
  [120]     chrY   45781933-57227415      * | chrY#chunk120
  -------
  seqinfo: 24 sequences from an unspecified genome; no seqlengths


2022-04-12 11:13:40 : (pbmc_1 : 1 of 1) .tabixToTmp Fragments-Chunk-(1 of 120)-chr1:1-49791284, Class = data.table
 
2022-04-12 11:13:40 : (pbmc_1 : 1 of 1) .tabixToTmp Fragments-Chunk-(1 of 120)-chr1:1-49791284, Class = data.frame
(pbmc_1 : 1 of 1) .tabixToTmp Fragments-Chunk-(1 of 120)-chr1:1-49791284: nRows = 6447704, nCols = 3



2022-04-12 11:13:40 : (pbmc_1 : 1 of 1) .tabixToTmp Barcodes-Chunk-(1 of 120)-chr1:1-49791284, Class = character

(pbmc_1 : 1 of 1) .tabixToTmp Barcodes-Chunk-(1 of 120)-chr1:1-49791284: length = 162278
[1] "TCAAGAACAGTAATAG-1" "AACCCGCAGGTAGCTT-1" "CGCATATAGGTTACGT-1" "GTAAGGTCACCCACAG-1"
[5] "TATTCGTTCCGCCTCA-1" "ATGAATGCATTGTCAG-1"


2022-04-12 11:14:35 : (pbmc_1 : 1 of 1) Reading TabixFile 8 Percent, 1.081 mins elapsed.
2022-04-12 11:15:23 : (pbmc_1 : 1 of 1) Reading TabixFile 17 Percent, 1.888 mins elapsed.
2022-04-12 11:16:08 : (pbmc_1 : 1 of 1) Reading TabixFile 25 Percent, 2.645 mins elapsed.
2022-04-12 11:16:49 : (pbmc_1 : 1 of 1) Reading TabixFile 33 Percent, 3.313 mins elapsed.
2022-04-12 11:17:29 : (pbmc_1 : 1 of 1) Reading TabixFile 42 Percent, 3.992 mins elapsed.
2022-04-12 11:18:13 : (pbmc_1 : 1 of 1) Reading TabixFile 50 Percent, 4.721 mins elapsed.
2022-04-12 11:18:43 : (pbmc_1 : 1 of 1) Reading TabixFile 58 Percent, 5.225 mins elapsed.
2022-04-12 11:19:18 : (pbmc_1 : 1 of 1) Reading TabixFile 67 Percent, 5.812 mins elapsed.
2022-04-12 11:19:56 : (pbmc_1 : 1 of 1) Reading TabixFile 75 Percent, 6.435 mins elapsed.
2022-04-12 11:20:35 : (pbmc_1 : 1 of 1) Reading TabixFile 83 Percent, 7.089 mins elapsed.
2022-04-12 11:20:55 : (pbmc_1 : 1 of 1) Reading TabixFile 92 Percent, 7.428 mins elapsed.
2022-04-12 11:21:16 : (pbmc_1 : 1 of 1) Reading TabixFile 100 Percent, 7.771 mins elapsed.
2022-04-12 11:21:17 : (pbmc_1 : 1 of 1) Successful creation of Temporary File, 7.786 mins elapsed.
2022-04-12 11:21:17 : (pbmc_1 : 1 of 1) Creating ArrowFile From Temporary File, 7.786 mins elapsed.

2022-04-12 11:21:17 : (pbmc_1 : 1 of 1) chunkChrNames, Class = data.frame
(pbmc_1 : 1 of 1) chunkChrNames: nRows = 118, nCols = 1


2022-04-12 11:21:17 : (pbmc_1 : 1 of 1) Counting Unique Barcodes From Temporary File, 7.786 mins elapsed.

2022-04-12 11:21:28 : (pbmc_1 : 1 of 1) BarcodeFrequencyTable, Class = data.table
 
2022-04-12 11:21:28 : (pbmc_1 : 1 of 1) BarcodeFrequencyTable, Class = data.frame
(pbmc_1 : 1 of 1) BarcodeFrequencyTable: nRows = 639399, nCols = 2



2022-04-12 11:21:28 : (pbmc_1 : 1 of 1) BarcodesMinMaxFrags, Class = data.frame
(pbmc_1 : 1 of 1) BarcodesMinMaxFrags: nRows = 10265, nCols = 1



2022-04-12 11:21:28 : (pbmc_1 : 1 of 1) Unique Chromosomes, Class = data.frame
(pbmc_1 : 1 of 1) Unique Chromosomes: nRows = 24, nCols = 1


2022-04-12 11:21:29 : (pbmc_1 : 1 of 1) Adding Chromosome 1 of 24, 7.981 mins elapsed.

2022-04-12 11:21:35 : (pbmc_1 : 1 of 1) .tmpToArrow Fragments-Chr-(1 of 24)-chr1, Class = IRanges

(pbmc_1 : 1 of 1) .tmpToArrow Fragments-Chr-(1 of 24)-chr1: length = 16336831
IRanges object with 6 ranges and 1 metadata column:
          start       end     width |                 RG
      <integer> <integer> <integer> |              <Rle>
  [1]    201378    201594       217 | TGAGCAAAGGCCTGGT-1
  [2]   1013448   1013670       223 | TGAGCAAAGGCCTGGT-1
  [3]   1068966   1069372       407 | TGAGCAAAGGCCTGGT-1
  [4]   1233969   1234339       371 | TGAGCAAAGGCCTGGT-1
  [5]   1234340   1234572       233 | TGAGCAAAGGCCTGGT-1
  [6]   1273654   1273844       191 | TGAGCAAAGGCCTGGT-1



2022-04-12 11:21:35 : (pbmc_1 : 1 of 1) .tmpToArrow Barcodes-Chr-(1 of 24)-chr1, Class = data.frame
(pbmc_1 : 1 of 1) .tmpToArrow Barcodes-Chr-(1 of 24)-chr1: nRows = 10265, nCols = 1


2022-04-12 11:21:36 : (pbmc_1 : 1 of 1) Adding Chromosome 2 of 24, 8.111 mins elapsed.
2022-04-12 11:21:43 : (pbmc_1 : 1 of 1) Adding Chromosome 3 of 24, 8.215 mins elapsed.
2022-04-12 11:21:48 : (pbmc_1 : 1 of 1) Adding Chromosome 4 of 24, 8.304 mins elapsed.
2022-04-12 11:21:52 : (pbmc_1 : 1 of 1) Adding Chromosome 5 of 24, 8.372 mins elapsed.
2022-04-12 11:21:57 : (pbmc_1 : 1 of 1) Adding Chromosome 6 of 24, 8.449 mins elapsed.
2022-04-12 11:22:02 : (pbmc_1 : 1 of 1) Adding Chromosome 7 of 24, 8.536 mins elapsed.
2022-04-12 11:22:06 : (pbmc_1 : 1 of 1) Adding Chromosome 8 of 24, 8.611 mins elapsed.
2022-04-12 11:22:10 : (pbmc_1 : 1 of 1) Adding Chromosome 9 of 24, 8.677 mins elapsed.
2022-04-12 11:22:15 : (pbmc_1 : 1 of 1) Adding Chromosome 10 of 24, 8.748 mins elapsed.
2022-04-12 11:22:19 : (pbmc_1 : 1 of 1) Adding Chromosome 11 of 24, 8.821 mins elapsed.
2022-04-12 11:22:24 : (pbmc_1 : 1 of 1) Adding Chromosome 12 of 24, 8.903 mins elapsed.
2022-04-12 11:22:29 : (pbmc_1 : 1 of 1) Adding Chromosome 13 of 24, 8.987 mins elapsed.
2022-04-12 11:22:32 : (pbmc_1 : 1 of 1) Adding Chromosome 14 of 24, 9.033 mins elapsed.
2022-04-12 11:22:35 : (pbmc_1 : 1 of 1) Adding Chromosome 15 of 24, 9.094 mins elapsed.
2022-04-12 11:22:39 : (pbmc_1 : 1 of 1) Adding Chromosome 16 of 24, 9.152 mins elapsed.
2022-04-12 11:22:43 : (pbmc_1 : 1 of 1) Adding Chromosome 17 of 24, 9.219 mins elapsed.
2022-04-12 11:22:48 : (pbmc_1 : 1 of 1) Adding Chromosome 18 of 24, 9.308 mins elapsed.
2022-04-12 11:22:51 : (pbmc_1 : 1 of 1) Adding Chromosome 19 of 24, 9.353 mins elapsed.
2022-04-12 11:22:56 : (pbmc_1 : 1 of 1) Adding Chromosome 20 of 24, 9.445 mins elapsed.
2022-04-12 11:23:00 : (pbmc_1 : 1 of 1) Adding Chromosome 21 of 24, 9.498 mins elapsed.
2022-04-12 11:23:02 : (pbmc_1 : 1 of 1) Adding Chromosome 22 of 24, 9.534 mins elapsed.
2022-04-12 11:23:05 : (pbmc_1 : 1 of 1) Adding Chromosome 23 of 24, 9.581 mins elapsed.
2022-04-12 11:23:08 : (pbmc_1 : 1 of 1) Adding Chromosome 24 of 24, 9.632 mins elapsed.
2022-04-12 11:23:09 : (pbmc_1 : 1 of 1) Successful creation of Arrow File, 9.653 mins elapsed.
2022-04-12 11:23:10 : (pbmc_1 : 1 of 1) Adding Fragment Summary, 9.671 mins elapsed.
2022-04-12 11:23:25 : (pbmc_1 : 1 of 1) Plotting Fragment Size Distribution, 9.928 mins elapsed.
2022-04-12 11:23:26 : (pbmc_1 : 1 of 1) Computing TSS Enrichment Scores, 9.947 mins elapsed.
2022-04-12 11:24:59 : (pbmc_1 : 1 of 1) Computed TSS Scores!, 1.545 mins elapsed.
2022-04-12 11:24:59 : (pbmc_1 : 1 of 1) CellStats : Number of Cells Pass Filter = 10098 , 11.492 mins elapsed.
2022-04-12 11:24:59 : (pbmc_1 : 1 of 1) CellStats : Median Frags = 14194.5 , 11.492 mins elapsed.
2022-04-12 11:24:59 : (pbmc_1 : 1 of 1) CellStats : Median TSS Enrichment = 13.6725 , 11.492 mins elapsed.
2022-04-12 11:24:59 : (pbmc_1 : 1 of 1) Plotting TSS Enrichment Scores, 11.493 mins elapsed.
2022-04-12 11:25:01 : (pbmc_1 : 1 of 1) Adding Metadata to Fragments, 11.514 mins elapsed.
2022-04-12 11:25:01 : (pbmc_1 : 1 of 1) Adding Additional Feature Counts!, 11.528 mins elapsed.
2022-04-12 11:26:26 : (pbmc_1 : 1 of 1) Finished Adding Additional Feature Counts!, 12.933 mins elapsed.

2022-04-12 11:26:26 : (pbmc_1 : 1 of 1) Metadata, Class = DFrame
DataFrame with 10265 rows and 12 columns
                   cellNames    nFrags nMonoFrags  nDiFrags nMultiFrags TSSEnrichment
                 <character> <numeric>  <numeric> <numeric>   <numeric>     <numeric>
1     pbmc_1#TGAGCAAAGGCCT..     99678      20167     58346       21165         4.822
2     pbmc_1#AACCGCTCATATA..     94284      40334     36464       17486         8.795
3     pbmc_1#CAGCAAGCAGTAG..     92494      15417     56392       20685         3.344
4     pbmc_1#TTCATTCAGCCGC..     92303      43378     33301       15624         2.510
5     pbmc_1#GGAGTCTGTGAGC..     90198      45136     29367       15695         5.890
...                      ...       ...        ...       ...         ...           ...
10261 pbmc_1#AATAACCGTTCAC..      5619       2260      2302        1057        15.457
10262 pbmc_1#AGTTATGTCATCC..      5614       2332      2197        1085        10.875
10263 pbmc_1#AAAGCCGCACTGA..      5611       2521      2015        1075        13.155
10264 pbmc_1#GATTCGCCAGTAT..      5601       2558      1939        1104        16.612
10265 pbmc_1#GTTAAACGTCAAG..      5601       2749      1881         971        16.963
      ReadsInTSS      Keep ReadsInPromoter PromoterRatio ReadsInBlacklist
       <numeric> <numeric>       <numeric>     <numeric>        <numeric>
1           4568         0            6010     0.0301471              481
2          25890         0           27737     0.1470928              951
3           2496         0            3884     0.0209960             1272
4           5808         0           11180     0.0605614              993
5          17394         0           22415     0.1242544             1035
...          ...       ...             ...           ...              ...
10261       3333         1            3166      0.281723               56
10262       2658         1            2587      0.230406               71
10263       3481         1            3608      0.321511               68
10264       4228         1            3945      0.352169               62
10265       3735         1            3678      0.328334               54
      BlacklistRatio
           <numeric>
1         0.00241277
2         0.00504327
3         0.00687612
4         0.00537902
5         0.00573738
...              ...
10261     0.00498309
10262     0.00632348
10263     0.00605953
10264     0.00553473
10265     0.00482057

2022-04-12 11:26:26 : (pbmc_1 : 1 of 1) Removing Fragments from Filtered Cells, 12.934 mins elapsed.
2022-04-12 11:26:26 : (pbmc_1 : 1 of 1) Creating Filtered Arrow File, 12.935 mins elapsed.

2022-04-12 11:26:27 : (pbmc_1 : 1 of 1) .filterCellsFromArrow Fragments-Chr-(1 of 24)-chr1, Class = GRanges
GRanges object with 15762828 ranges and 1 metadata column:
             seqnames              ranges strand |                     RG
                <Rle>           <IRanges>  <Rle> |                  <Rle>
         [1]     chr1       267993-268016      * | pbmc_1#TAGCTAGGTTTGG..
         [2]     chr1       778900-778949      * | pbmc_1#TAGCTAGGTTTGG..
         [3]     chr1       939345-939532      * | pbmc_1#TAGCTAGGTTTGG..
         [4]     chr1       972765-972936      * | pbmc_1#TAGCTAGGTTTGG..
         [5]     chr1     1013425-1013447      * | pbmc_1#TAGCTAGGTTTGG..
         ...      ...                 ...    ... .                    ...
  [15762824]     chr1 247374031-247374209      * | pbmc_1#GTTAAACGTCAAG..
  [15762825]     chr1 248842470-248842773      * | pbmc_1#GTTAAACGTCAAG..
  [15762826]     chr1 248854221-248854443      * | pbmc_1#GTTAAACGTCAAG..
  [15762827]     chr1 248873857-248873902      * | pbmc_1#GTTAAACGTCAAG..
  [15762828]     chr1 248906752-248906782      * | pbmc_1#GTTAAACGTCAAG..
  -------
  seqinfo: 1 sequence from an unspecified genome; no seqlengths


2022-04-12 11:26:27 : (pbmc_1 : 1 of 1) .filterCellsFromArrow Barcodes-Chr-(1 of 24)-chr1, Class = data.frame
(pbmc_1 : 1 of 1) .filterCellsFromArrow Barcodes-Chr-(1 of 24)-chr1: nRows = 10098, nCols = 1


2022-04-12 11:27:08 : (pbmc_1 : 1 of 1) Finished Constructing Filtered Arrow File!, 13.64 mins elapsed.
2022-04-12 11:27:08 : (pbmc_1 : 1 of 1) Finished Creating Arrow File, 13.641 mins elapsed.

------- Completed

End Time : 2022-04-12 11:27:08
Elapsed Time Minutes = 13.6433694044749
Elapsed Time Hours = 0.227389533917109

-------



