
           ___      .______        ______  __    __  .______      
          /   \     |   _  \      /      ||  |  |  | |   _  \     
         /  ^  \    |  |_)  |    |  ,----'|  |__|  | |  |_)  |    
        /  /_\  \   |      /     |  |     |   __   | |      /     
       /  _____  \  |  |\  \\___ |  `----.|  |  |  | |  |\  \\___.
      /__/     \__\ | _| `._____| \______||__|  |__| | _| `._____|
    
Logging With ArchR!

Start Time : 2022-04-11 22:06:06

------- ArchR Info

ArchRThreads = 1
ArchRGenome = Hg19

------- System Info

Computer OS = unix
Total Cores = 16

------- Session Info

R version 4.1.3 (2022-03-10)
Platform: x86_64-pc-linux-gnu (64-bit)
Running under: Ubuntu 20.04.4 LTS

Matrix products: default
BLAS:   /usr/lib/x86_64-linux-gnu/blas/libblas.so.3.9.0
LAPACK: /usr/lib/x86_64-linux-gnu/lapack/liblapack.so.3.9.0

locale:
 [1] LC_CTYPE=en_US.UTF-8       LC_NUMERIC=C               LC_TIME=en_US.UTF-8       
 [4] LC_COLLATE=en_US.UTF-8     LC_MONETARY=en_US.UTF-8    LC_MESSAGES=en_US.UTF-8   
 [7] LC_PAPER=en_US.UTF-8       LC_NAME=C                  LC_ADDRESS=C              
[10] LC_TELEPHONE=C             LC_MEASUREMENT=en_US.UTF-8 LC_IDENTIFICATION=C       

attached base packages:
 [1] grid      parallel  stats4    stats     graphics  grDevices utils     datasets 
 [9] methods   base     

other attached packages:
 [1] gridExtra_2.3                     Rsamtools_2.8.0                  
 [3] BSgenome.Hsapiens.UCSC.hg19_1.4.3 BSgenome_1.60.0                  
 [5] rtracklayer_1.52.1                Biostrings_2.60.2                
 [7] XVector_0.32.0                    ArchR_1.0.1                      
 [9] rhdf5_2.36.0                      Matrix_1.4-1                     
[11] data.table_1.14.2                 ggside_0.2.0                     
[13] scater_1.20.1                     scran_1.20.1                     
[15] scuttle_1.2.1                     SingleCellExperiment_1.14.1      
[17] SummarizedExperiment_1.22.0       Biobase_2.52.0                   
[19] GenomicRanges_1.44.0              GenomeInfoDb_1.28.4              
[21] IRanges_2.26.0                    S4Vectors_0.30.2                 
[23] BiocGenerics_0.38.0               scDblFinder_1.6.0                
[25] sparseMatrixStats_1.4.2           MatrixGenerics_1.4.3             
[27] matrixStats_0.61.0                magrittr_2.0.3                   
[29] forcats_0.5.1                     stringr_1.4.0                    
[31] dplyr_1.0.8                       purrr_0.3.4                      
[33] readr_2.1.2                       tidyr_1.2.0                      
[35] tibble_3.1.6                      ggplot2_3.3.5                    
[37] tidyverse_1.3.1                   reticulate_1.24                  

loaded via a namespace (and not attached):
  [1] utf8_1.2.2                tidyselect_1.1.2          htmlwidgets_1.5.4        
  [4] BiocParallel_1.26.2       Rtsne_0.15                munsell_0.5.0            
  [7] ScaledMatrix_1.0.0        codetools_0.2-18          ica_1.0-2                
 [10] statmod_1.4.36            xgboost_1.5.2.1           future_1.24.0            
 [13] miniUI_0.1.1.1            withr_2.5.0               spatstat.random_2.2-0    
 [16] colorspace_2.0-3          knitr_1.38                rstudioapi_0.13          
 [19] Seurat_4.1.0              ROCR_1.0-11               tensor_1.5               
 [22] listenv_0.8.0             labeling_0.4.2            GenomeInfoDbData_1.2.6   
 [25] polyclip_1.10-0           farver_2.1.0              bit64_4.0.5              
 [28] parallelly_1.31.0         vctrs_0.4.0               generics_0.1.2           
 [31] xfun_0.30                 R6_2.5.1                  ggbeeswarm_0.6.0         
 [34] rsvd_1.0.5                locfit_1.5-9.5            hdf5r_1.3.5              
 [37] bitops_1.0-7              rhdf5filters_1.4.0        spatstat.utils_2.3-0     
 [40] DelayedArray_0.18.0       assertthat_0.2.1          BiocIO_1.2.0             
 [43] promises_1.2.0.1          scales_1.1.1              vroom_1.5.7              
 [46] beeswarm_0.4.0            gtable_0.3.0              beachmat_2.8.1           
 [49] Cairo_1.5-15              globals_0.14.0            goftest_1.2-3            
 [52] rlang_1.0.2               splines_4.1.3             lazyeval_0.2.2           
 [55] spatstat.geom_2.4-0       broom_0.7.12              yaml_2.3.5               
 [58] reshape2_1.4.4            abind_1.4-5               modelr_0.1.8             
 [61] backports_1.4.1           httpuv_1.6.5              tools_4.1.3              
 [64] ellipsis_0.3.2            spatstat.core_2.4-2       RColorBrewer_1.1-3       
 [67] ggridges_0.5.3            Rcpp_1.0.8.3              plyr_1.8.7               
 [70] zlibbioc_1.38.0           RCurl_1.98-1.6            rpart_4.1.16             
 [73] deldir_1.0-6              pbapply_1.5-0             viridis_0.6.2            
 [76] cowplot_1.1.1             zoo_1.8-9                 SeuratObject_4.0.4       
 [79] haven_2.4.3               ggrepel_0.9.1             cluster_2.1.3            
 [82] fs_1.5.2                  RSpectra_0.16-0           scattermore_0.8          
 [85] lmtest_0.9-40             reprex_2.0.1              RANN_2.6.1               
 [88] fitdistrplus_1.1-8        hms_1.1.1                 patchwork_1.1.1          
 [91] mime_0.12                 evaluate_0.15             xtable_1.8-4             
 [94] XML_3.99-0.9              readxl_1.4.0              compiler_4.1.3           
 [97] KernSmooth_2.23-20        crayon_1.5.1              htmltools_0.5.2          
[100] mgcv_1.8-40               later_1.3.0               tzdb_0.3.0               
[103] lubridate_1.8.0           DBI_1.1.2                 dbplyr_2.1.1             
[106] MASS_7.3-56               cli_3.2.0                 metapod_1.0.0            
[109] igraph_1.3.0              pkgconfig_2.0.3           GenomicAlignments_1.28.0 
[112] plotly_4.10.0             spatstat.sparse_2.1-0     xml2_1.3.3               
[115] vipor_0.4.5               dqrng_0.3.0               rvest_1.0.2              
[118] digest_0.6.29             sctransform_0.3.3         RcppAnnoy_0.0.19         
[121] spatstat.data_2.1-4       rmarkdown_2.13            cellranger_1.1.0         
[124] leiden_0.3.9              uwot_0.1.11               edgeR_3.34.1             
[127] DelayedMatrixStats_1.14.3 restfulr_0.0.13           shiny_1.7.1              
[130] rjson_0.2.21              nlme_3.1-157              lifecycle_1.0.1          
[133] jsonlite_1.8.0            Rhdf5lib_1.14.2           BiocNeighbors_1.10.0     
[136] viridisLite_0.4.0         limma_3.48.3              fansi_1.0.3              
[139] pillar_1.7.0              lattice_0.20-45           fastmap_1.1.0            
[142] httr_1.4.2                survival_3.2-13           glue_1.6.2               
[145] png_0.1-7                 bluster_1.2.1             bit_4.0.4                
[148] stringi_1.7.6             BiocSingular_1.8.1        irlba_2.3.5              
[151] future.apply_1.8.1       


------- Log Info


2022-04-11 22:06:06 : addDoubletScores Input-Parameters, Class = list

addDoubletScores Input-Parameters$input: length = 0
character(0)


addDoubletScores Input-Parameters$useMatrix: length = 1
[1] "TileMatrix"


addDoubletScores Input-Parameters$k: length = 1
[1] 10


addDoubletScores Input-Parameters$nTrials: length = 1
[1] 5


addDoubletScores Input-Parameters$dimsToUse: length = 30
[1] 1 2 3 4 5 6


addDoubletScores Input-Parameters$LSIMethod: length = 1
[1] 1


addDoubletScores Input-Parameters$scaleDims: length = 1
[1] FALSE


addDoubletScores Input-Parameters$corCutOff: length = 1
[1] 0.75


addDoubletScores Input-Parameters$knnMethod: length = 1
[1] "UMAP"


addDoubletScores Input-Parameters$outDir: length = 1
[1] "/home/philipp/Bioinfo_Playground/10x_pbmc_multiome_processing_output/Consensus_ArchR_QC"


addDoubletScores Input-Parameters$threads: length = 1
[1] 1


addDoubletScores Input-Parameters$force: length = 1
[1] TRUE


addDoubletScores Input-Parameters$parallelParam: length = 0
NULL


addDoubletScores Input-Parameters$verbose: length = 1
[1] TRUE


addDoubletScores Input-Parameters$logFile: length = 1
[1] "ArchRLogs/ArchR-addDoubletScores-56f1e7179019b-Date-2022-04-11_Time-22-06-06.log"


2022-04-11 22:06:06 : Batch Execution w/ safelapply!, 0 mins elapsed.

------- Completed

End Time : 2022-04-11 22:06:06
Elapsed Time Minutes = 0.00542132457097371
Elapsed Time Hours = 9.0385807885064e-05

-------



