
           ___      .______        ______  __    __  .______      
          /   \     |   _  \      /      ||  |  |  | |   _  \     
         /  ^  \    |  |_)  |    |  ,----'|  |__|  | |  |_)  |    
        /  /_\  \   |      /     |  |     |   __   | |      /     
       /  _____  \  |  |\  \\___ |  `----.|  |  |  | |  |\  \\___.
      /__/     \__\ | _| `._____| \______||__|  |__| | _| `._____|
    
Logging With ArchR!

Start Time : 2022-04-12 10:57:35

------- ArchR Info

ArchRThreads = 1
ArchRGenome = Hg19

------- System Info

Computer OS = unix
Total Cores = 16

------- Session Info

R version 4.1.3 (2022-03-10)
Platform: x86_64-pc-linux-gnu (64-bit)
Running under: Ubuntu 20.04.4 LTS

Matrix products: default
BLAS:   /usr/lib/x86_64-linux-gnu/blas/libblas.so.3.9.0
LAPACK: /usr/lib/x86_64-linux-gnu/lapack/liblapack.so.3.9.0

locale:
 [1] LC_CTYPE=en_US.UTF-8       LC_NUMERIC=C               LC_TIME=en_US.UTF-8       
 [4] LC_COLLATE=en_US.UTF-8     LC_MONETARY=en_US.UTF-8    LC_MESSAGES=en_US.UTF-8   
 [7] LC_PAPER=en_US.UTF-8       LC_NAME=C                  LC_ADDRESS=C              
[10] LC_TELEPHONE=C             LC_MEASUREMENT=en_US.UTF-8 LC_IDENTIFICATION=C       

attached base packages:
[1] parallel  stats4    stats     graphics  grDevices utils     datasets  methods  
[9] base     

other attached packages:
 [1] BSgenome.Hsapiens.UCSC.hg38_1.4.3 BSgenome_1.60.0                  
 [3] rtracklayer_1.52.1                Biostrings_2.60.2                
 [5] XVector_0.32.0                    ArchR_1.0.1                      
 [7] rhdf5_2.36.0                      Matrix_1.4-1                     
 [9] data.table_1.14.2                 ggside_0.2.0                     
[11] scater_1.20.1                     scran_1.20.1                     
[13] scuttle_1.2.1                     SingleCellExperiment_1.14.1      
[15] SummarizedExperiment_1.22.0       Biobase_2.52.0                   
[17] GenomicRanges_1.44.0              GenomeInfoDb_1.28.4              
[19] IRanges_2.26.0                    S4Vectors_0.30.2                 
[21] BiocGenerics_0.38.0               scDblFinder_1.6.0                
[23] sparseMatrixStats_1.4.2           MatrixGenerics_1.4.3             
[25] matrixStats_0.61.0                magrittr_2.0.3                   
[27] forcats_0.5.1                     stringr_1.4.0                    
[29] dplyr_1.0.8                       purrr_0.3.4                      
[31] readr_2.1.2                       tidyr_1.2.0                      
[33] tibble_3.1.6                      ggplot2_3.3.5                    
[35] tidyverse_1.3.1                   reticulate_1.24                  

loaded via a namespace (and not attached):
  [1] utf8_1.2.2                        tidyselect_1.1.2                 
  [3] htmlwidgets_1.5.4                 grid_4.1.3                       
  [5] BiocParallel_1.26.2               Rtsne_0.15                       
  [7] munsell_0.5.0                     ScaledMatrix_1.0.0               
  [9] codetools_0.2-18                  ica_1.0-2                        
 [11] statmod_1.4.36                    xgboost_1.5.2.1                  
 [13] future_1.24.0                     miniUI_0.1.1.1                   
 [15] withr_2.5.0                       spatstat.random_2.2-0            
 [17] colorspace_2.0-3                  knitr_1.38                       
 [19] rstudioapi_0.13                   Seurat_4.1.0                     
 [21] ROCR_1.0-11                       tensor_1.5                       
 [23] listenv_0.8.0                     labeling_0.4.2                   
 [25] GenomeInfoDbData_1.2.6            polyclip_1.10-0                  
 [27] farver_2.1.0                      bit64_4.0.5                      
 [29] parallelly_1.31.0                 vctrs_0.4.0                      
 [31] generics_0.1.2                    xfun_0.30                        
 [33] R6_2.5.1                          ggbeeswarm_0.6.0                 
 [35] rsvd_1.0.5                        locfit_1.5-9.5                   
 [37] hdf5r_1.3.5                       bitops_1.0-7                     
 [39] rhdf5filters_1.4.0                spatstat.utils_2.3-0             
 [41] DelayedArray_0.18.0               assertthat_0.2.1                 
 [43] BiocIO_1.2.0                      promises_1.2.0.1                 
 [45] scales_1.1.1                      vroom_1.5.7                      
 [47] beeswarm_0.4.0                    gtable_0.3.0                     
 [49] beachmat_2.8.1                    Cairo_1.5-15                     
 [51] globals_0.14.0                    goftest_1.2-3                    
 [53] rlang_1.0.2                       splines_4.1.3                    
 [55] lazyeval_0.2.2                    spatstat.geom_2.4-0              
 [57] broom_0.7.12                      yaml_2.3.5                       
 [59] reshape2_1.4.4                    abind_1.4-5                      
 [61] modelr_0.1.8                      backports_1.4.1                  
 [63] httpuv_1.6.5                      tools_4.1.3                      
 [65] ellipsis_0.3.2                    spatstat.core_2.4-2              
 [67] RColorBrewer_1.1-3                ggridges_0.5.3                   
 [69] Rcpp_1.0.8.3                      plyr_1.8.7                       
 [71] zlibbioc_1.38.0                   RCurl_1.98-1.6                   
 [73] rpart_4.1.16                      deldir_1.0-6                     
 [75] pbapply_1.5-0                     viridis_0.6.2                    
 [77] cowplot_1.1.1                     zoo_1.8-9                        
 [79] SeuratObject_4.0.4                haven_2.4.3                      
 [81] ggrepel_0.9.1                     cluster_2.1.3                    
 [83] fs_1.5.2                          RSpectra_0.16-0                  
 [85] scattermore_0.8                   lmtest_0.9-40                    
 [87] reprex_2.0.1                      RANN_2.6.1                       
 [89] fitdistrplus_1.1-8                hms_1.1.1                        
 [91] patchwork_1.1.1                   mime_0.12                        
 [93] evaluate_0.15                     xtable_1.8-4                     
 [95] XML_3.99-0.9                      readxl_1.4.0                     
 [97] gridExtra_2.3                     compiler_4.1.3                   
 [99] KernSmooth_2.23-20                crayon_1.5.1                     
[101] BSgenome.Hsapiens.UCSC.hg19_1.4.3 htmltools_0.5.2                  
[103] mgcv_1.8-40                       later_1.3.0                      
[105] tzdb_0.3.0                        lubridate_1.8.0                  
[107] DBI_1.1.2                         dbplyr_2.1.1                     
[109] MASS_7.3-56                       cli_3.2.0                        
[111] metapod_1.0.0                     igraph_1.3.0                     
[113] pkgconfig_2.0.3                   GenomicAlignments_1.28.0         
[115] plotly_4.10.0                     spatstat.sparse_2.1-0            
[117] xml2_1.3.3                        vipor_0.4.5                      
[119] dqrng_0.3.0                       rvest_1.0.2                      
[121] digest_0.6.29                     sctransform_0.3.3                
[123] RcppAnnoy_0.0.19                  spatstat.data_2.1-4              
[125] rmarkdown_2.13                    cellranger_1.1.0                 
[127] leiden_0.3.9                      uwot_0.1.11                      
[129] edgeR_3.34.1                      DelayedMatrixStats_1.14.3        
[131] restfulr_0.0.13                   Rsamtools_2.8.0                  
[133] shiny_1.7.1                       rjson_0.2.21                     
[135] nlme_3.1-157                      lifecycle_1.0.1                  
[137] jsonlite_1.8.0                    Rhdf5lib_1.14.2                  
[139] BiocNeighbors_1.10.0              viridisLite_0.4.0                
[141] limma_3.48.3                      fansi_1.0.3                      
[143] pillar_1.7.0                      lattice_0.20-45                  
[145] fastmap_1.1.0                     httr_1.4.2                       
[147] survival_3.2-13                   glue_1.6.2                       
[149] png_0.1-7                         bluster_1.2.1                    
[151] bit_4.0.4                         stringi_1.7.6                    
[153] BiocSingular_1.8.1                irlba_2.3.5                      
[155] future.apply_1.8.1               


------- Log Info


2022-04-12 10:57:35 : createArrowFiles Input-Parameters, Class = list

createArrowFiles Input-Parameters$inputFiles: length = 1
                                                                                  pbmc_1 
"/mnt/sda/data/10X_pbmc_multiome_10k//pbmc_granulocyte_sorted_10k_atac_fragments.tsv.gz" 


createArrowFiles Input-Parameters$sampleNames: length = 1
[1] "pbmc_1"


createArrowFiles Input-Parameters$outputNames: length = 1
[1] "pbmc_1"


createArrowFiles Input-Parameters$validBarcodes: length = 0
NULL


createArrowFiles Input-Parameters$minTSS: length = 1
[1] 3


createArrowFiles Input-Parameters$minFrags: length = 1
[1] 1000


createArrowFiles Input-Parameters$maxFrags: length = 1
[1] 1e+05


createArrowFiles Input-Parameters$QCDir: length = 1
[1] "/home/philipp/Bioinfo_Playground/10x_pbmc_multiome_processing_output/Pre_Consensus_ArchR_QC"


createArrowFiles Input-Parameters$nucLength: length = 1
[1] 147


createArrowFiles Input-Parameters$promoterRegion: length = 2
[1] 2000  100


createArrowFiles Input-Parameters$excludeChr: length = 2
[1] "chrM" "chrY"


createArrowFiles Input-Parameters$nChunk: length = 1
[1] 5


createArrowFiles Input-Parameters$bcTag: length = 1
[1] "qname"


createArrowFiles Input-Parameters$gsubExpression: length = 0
NULL


createArrowFiles Input-Parameters$bamFlag: length = 0
NULL


createArrowFiles Input-Parameters$offsetPlus: length = 1
[1] 4


createArrowFiles Input-Parameters$offsetMinus: length = 1
[1] -5


createArrowFiles Input-Parameters$addTileMat: length = 1
[1] TRUE


createArrowFiles Input-Parameters$addGeneScoreMat: length = 1
[1] FALSE


createArrowFiles Input-Parameters$force: length = 1
[1] TRUE


createArrowFiles Input-Parameters$threads: length = 1
[1] 1


createArrowFiles Input-Parameters$parallelParam: length = 0
NULL


createArrowFiles Input-Parameters$subThreading: length = 1
[1] FALSE


createArrowFiles Input-Parameters$verbose: length = 1
[1] TRUE


createArrowFiles Input-Parameters$cleanTmp: length = 1
[1] TRUE


createArrowFiles Input-Parameters$logFile: length = 1
[1] "ArchRLogs/ArchR-createArrows-6bad7f6dfb1a-Date-2022-04-12_Time-10-57-35.log"


createArrowFiles Input-Parameters$filterFrags: length = 1
[1] 1000


createArrowFiles Input-Parameters$filterTSS: length = 1
[1] 3



2022-04-12 10:57:35 : Cleaning Temporary Files
2022-04-12 10:57:36 : Batch Execution w/ safelapply!, 0 mins elapsed.

###########
2022-04-12 10:57:36 : Creating Arrow File pbmc_1.arrow (pbmc_1 : 1 of 1)
###########


2022-04-12 10:57:36 : validBC, Class = NULL

validBC: length = 0
NULL



2022-04-12 10:57:36 : (pbmc_1 : 1 of 1) Determining Arrow Method to use!
2022-04-12 10:57:36 : (pbmc_1 : 1 of 1) Reading In Fragments from inputFiles (readMethod = tabix), 0.002 mins elapsed.
2022-04-12 10:57:36 : (pbmc_1 : 1 of 1) Tabix Bed To Temporary File, 0.002 mins elapsed.

2022-04-12 10:57:36 : tileChromSizes, Class = GRanges
GRanges object with 120 ranges and 1 metadata column:
        seqnames              ranges strand |     chunkName
           <Rle>           <IRanges>  <Rle> |   <character>
    [1]     chr1          1-49791284      * |   chr1#chunk1
    [2]     chr1   49791285-99582568      * |   chr1#chunk2
    [3]     chr1  99582569-149373853      * |   chr1#chunk3
    [4]     chr1 149373854-199165137      * |   chr1#chunk4
    [5]     chr1 199165138-248956422      * |   chr1#chunk5
    ...      ...                 ...    ... .           ...
  [116]     chrY          1-11445483      * | chrY#chunk116
  [117]     chrY   11445484-22890966      * | chrY#chunk117
  [118]     chrY   22890967-34336449      * | chrY#chunk118
  [119]     chrY   34336450-45781932      * | chrY#chunk119
  [120]     chrY   45781933-57227415      * | chrY#chunk120
  -------
  seqinfo: 24 sequences from an unspecified genome; no seqlengths


2022-04-12 10:57:50 : (pbmc_1 : 1 of 1) .tabixToTmp Fragments-Chunk-(1 of 120)-chr1:1-49791284, Class = data.table
 
2022-04-12 10:57:50 : (pbmc_1 : 1 of 1) .tabixToTmp Fragments-Chunk-(1 of 120)-chr1:1-49791284, Class = data.frame
(pbmc_1 : 1 of 1) .tabixToTmp Fragments-Chunk-(1 of 120)-chr1:1-49791284: nRows = 6447704, nCols = 3



2022-04-12 10:57:50 : (pbmc_1 : 1 of 1) .tabixToTmp Barcodes-Chunk-(1 of 120)-chr1:1-49791284, Class = character

(pbmc_1 : 1 of 1) .tabixToTmp Barcodes-Chunk-(1 of 120)-chr1:1-49791284: length = 162278
[1] "TCAAGAACAGTAATAG-1" "AACCCGCAGGTAGCTT-1" "CGCATATAGGTTACGT-1" "GTAAGGTCACCCACAG-1"
[5] "TATTCGTTCCGCCTCA-1" "ATGAATGCATTGTCAG-1"


2022-04-12 10:58:45 : (pbmc_1 : 1 of 1) Reading TabixFile 8 Percent, 1.156 mins elapsed.
2022-04-12 10:59:34 : (pbmc_1 : 1 of 1) Reading TabixFile 17 Percent, 1.965 mins elapsed.
2022-04-12 11:00:19 : (pbmc_1 : 1 of 1) Reading TabixFile 25 Percent, 2.716 mins elapsed.
2022-04-12 11:00:59 : (pbmc_1 : 1 of 1) Reading TabixFile 33 Percent, 3.396 mins elapsed.
2022-04-12 11:01:40 : (pbmc_1 : 1 of 1) Reading TabixFile 42 Percent, 4.074 mins elapsed.
2022-04-12 11:02:24 : (pbmc_1 : 1 of 1) Reading TabixFile 50 Percent, 4.812 mins elapsed.
2022-04-12 11:02:55 : (pbmc_1 : 1 of 1) Reading TabixFile 58 Percent, 5.319 mins elapsed.
2022-04-12 11:03:30 : (pbmc_1 : 1 of 1) Reading TabixFile 67 Percent, 5.904 mins elapsed.
2022-04-12 11:04:08 : (pbmc_1 : 1 of 1) Reading TabixFile 75 Percent, 6.535 mins elapsed.
2022-04-12 11:04:47 : (pbmc_1 : 1 of 1) Reading TabixFile 83 Percent, 7.182 mins elapsed.
2022-04-12 11:05:07 : (pbmc_1 : 1 of 1) Reading TabixFile 92 Percent, 7.515 mins elapsed.
2022-04-12 11:05:27 : (pbmc_1 : 1 of 1) Reading TabixFile 100 Percent, 7.856 mins elapsed.
2022-04-12 11:05:28 : (pbmc_1 : 1 of 1) Successful creation of Temporary File, 7.872 mins elapsed.
2022-04-12 11:05:28 : (pbmc_1 : 1 of 1) Creating ArrowFile From Temporary File, 7.872 mins elapsed.

2022-04-12 11:05:28 : (pbmc_1 : 1 of 1) chunkChrNames, Class = data.frame
(pbmc_1 : 1 of 1) chunkChrNames: nRows = 118, nCols = 1


2022-04-12 11:05:28 : (pbmc_1 : 1 of 1) Counting Unique Barcodes From Temporary File, 7.874 mins elapsed.

2022-04-12 11:05:39 : (pbmc_1 : 1 of 1) BarcodeFrequencyTable, Class = data.table
 
2022-04-12 11:05:39 : (pbmc_1 : 1 of 1) BarcodeFrequencyTable, Class = data.frame
(pbmc_1 : 1 of 1) BarcodeFrequencyTable: nRows = 639399, nCols = 2



2022-04-12 11:05:39 : (pbmc_1 : 1 of 1) BarcodesMinMaxFrags, Class = data.frame
(pbmc_1 : 1 of 1) BarcodesMinMaxFrags: nRows = 11909, nCols = 1



2022-04-12 11:05:40 : (pbmc_1 : 1 of 1) Unique Chromosomes, Class = data.frame
(pbmc_1 : 1 of 1) Unique Chromosomes: nRows = 24, nCols = 1


2022-04-12 11:05:40 : (pbmc_1 : 1 of 1) Adding Chromosome 1 of 24, 8.068 mins elapsed.

2022-04-12 11:05:47 : (pbmc_1 : 1 of 1) .tmpToArrow Fragments-Chr-(1 of 24)-chr1, Class = IRanges

(pbmc_1 : 1 of 1) .tmpToArrow Fragments-Chr-(1 of 24)-chr1: length = 16767620
IRanges object with 6 ranges and 1 metadata column:
          start       end     width |                 RG
      <integer> <integer> <integer> |              <Rle>
  [1]    201378    201594       217 | TGAGCAAAGGCCTGGT-1
  [2]   1013448   1013670       223 | TGAGCAAAGGCCTGGT-1
  [3]   1068966   1069372       407 | TGAGCAAAGGCCTGGT-1
  [4]   1233969   1234339       371 | TGAGCAAAGGCCTGGT-1
  [5]   1234340   1234572       233 | TGAGCAAAGGCCTGGT-1
  [6]   1273654   1273844       191 | TGAGCAAAGGCCTGGT-1



2022-04-12 11:05:47 : (pbmc_1 : 1 of 1) .tmpToArrow Barcodes-Chr-(1 of 24)-chr1, Class = data.frame
(pbmc_1 : 1 of 1) .tmpToArrow Barcodes-Chr-(1 of 24)-chr1: nRows = 11909, nCols = 1


2022-04-12 11:05:48 : (pbmc_1 : 1 of 1) Adding Chromosome 2 of 24, 8.21 mins elapsed.
2022-04-12 11:05:55 : (pbmc_1 : 1 of 1) Adding Chromosome 3 of 24, 8.322 mins elapsed.
2022-04-12 11:06:01 : (pbmc_1 : 1 of 1) Adding Chromosome 4 of 24, 8.417 mins elapsed.
2022-04-12 11:06:05 : (pbmc_1 : 1 of 1) Adding Chromosome 5 of 24, 8.483 mins elapsed.
2022-04-12 11:06:09 : (pbmc_1 : 1 of 1) Adding Chromosome 6 of 24, 8.559 mins elapsed.
2022-04-12 11:06:15 : (pbmc_1 : 1 of 1) Adding Chromosome 7 of 24, 8.652 mins elapsed.
2022-04-12 11:06:19 : (pbmc_1 : 1 of 1) Adding Chromosome 8 of 24, 8.73 mins elapsed.
2022-04-12 11:06:23 : (pbmc_1 : 1 of 1) Adding Chromosome 9 of 24, 8.799 mins elapsed.
2022-04-12 11:06:28 : (pbmc_1 : 1 of 1) Adding Chromosome 10 of 24, 8.869 mins elapsed.
2022-04-12 11:06:32 : (pbmc_1 : 1 of 1) Adding Chromosome 11 of 24, 8.945 mins elapsed.
2022-04-12 11:06:37 : (pbmc_1 : 1 of 1) Adding Chromosome 12 of 24, 9.03 mins elapsed.
2022-04-12 11:06:42 : (pbmc_1 : 1 of 1) Adding Chromosome 13 of 24, 9.113 mins elapsed.
2022-04-12 11:06:45 : (pbmc_1 : 1 of 1) Adding Chromosome 14 of 24, 9.163 mins elapsed.
2022-04-12 11:06:49 : (pbmc_1 : 1 of 1) Adding Chromosome 15 of 24, 9.226 mins elapsed.
2022-04-12 11:06:53 : (pbmc_1 : 1 of 1) Adding Chromosome 16 of 24, 9.285 mins elapsed.
2022-04-12 11:06:57 : (pbmc_1 : 1 of 1) Adding Chromosome 17 of 24, 9.355 mins elapsed.
2022-04-12 11:07:02 : (pbmc_1 : 1 of 1) Adding Chromosome 18 of 24, 9.448 mins elapsed.
2022-04-12 11:07:05 : (pbmc_1 : 1 of 1) Adding Chromosome 19 of 24, 9.491 mins elapsed.
2022-04-12 11:07:11 : (pbmc_1 : 1 of 1) Adding Chromosome 20 of 24, 9.588 mins elapsed.
2022-04-12 11:07:14 : (pbmc_1 : 1 of 1) Adding Chromosome 21 of 24, 9.643 mins elapsed.
2022-04-12 11:07:16 : (pbmc_1 : 1 of 1) Adding Chromosome 22 of 24, 9.678 mins elapsed.
2022-04-12 11:07:19 : (pbmc_1 : 1 of 1) Adding Chromosome 23 of 24, 9.727 mins elapsed.
2022-04-12 11:07:22 : (pbmc_1 : 1 of 1) Adding Chromosome 24 of 24, 9.78 mins elapsed.
2022-04-12 11:07:24 : (pbmc_1 : 1 of 1) Successful creation of Arrow File, 9.801 mins elapsed.
2022-04-12 11:07:25 : (pbmc_1 : 1 of 1) Adding Fragment Summary, 9.817 mins elapsed.
2022-04-12 11:07:42 : (pbmc_1 : 1 of 1) Plotting Fragment Size Distribution, 10.105 mins elapsed.
2022-04-12 11:07:43 : (pbmc_1 : 1 of 1) Computing TSS Enrichment Scores, 10.125 mins elapsed.
2022-04-12 11:09:18 : (pbmc_1 : 1 of 1) Computed TSS Scores!, 1.578 mins elapsed.
2022-04-12 11:09:18 : (pbmc_1 : 1 of 1) CellStats : Number of Cells Pass Filter = 11701 , 11.704 mins elapsed.
2022-04-12 11:09:18 : (pbmc_1 : 1 of 1) CellStats : Median Frags = 13565 , 11.704 mins elapsed.
2022-04-12 11:09:18 : (pbmc_1 : 1 of 1) CellStats : Median TSS Enrichment = 13.597 , 11.704 mins elapsed.
2022-04-12 11:09:18 : (pbmc_1 : 1 of 1) Plotting TSS Enrichment Scores, 11.704 mins elapsed.
2022-04-12 11:09:19 : (pbmc_1 : 1 of 1) Adding Metadata to Fragments, 11.73 mins elapsed.
2022-04-12 11:09:20 : (pbmc_1 : 1 of 1) Adding Additional Feature Counts!, 11.744 mins elapsed.
2022-04-12 11:10:45 : (pbmc_1 : 1 of 1) Finished Adding Additional Feature Counts!, 13.159 mins elapsed.

2022-04-12 11:10:45 : (pbmc_1 : 1 of 1) Metadata, Class = DFrame
DataFrame with 11909 rows and 12 columns
                   cellNames    nFrags nMonoFrags  nDiFrags nMultiFrags TSSEnrichment
                 <character> <numeric>  <numeric> <numeric>   <numeric>     <numeric>
1     pbmc_1#TGAGCAAAGGCCT..     99678      20167     58346       21165         4.822
2     pbmc_1#AACCGCTCATATA..     94284      40334     36464       17486         8.795
3     pbmc_1#CAGCAAGCAGTAG..     92494      15417     56392       20685         3.344
4     pbmc_1#TTCATTCAGCCGC..     92303      43378     33301       15624         2.510
5     pbmc_1#GGAGTCTGTGAGC..     90198      45136     29367       15695         5.890
...                      ...       ...        ...       ...         ...           ...
11905 pbmc_1#ATTACGTCATTAT..      1004        433       396         175        19.411
11906 pbmc_1#CTTGAACAGCGGG..      1004        534       351         119         8.549
11907 pbmc_1#TAACCTAAGTAAA..      1002        677       228          97         5.633
11908 pbmc_1#TGAGTTTCAACAG..      1001        691       246          64         3.363
11909 pbmc_1#CAAGTATGTCTTT..      1000        414       400         186        10.129
      ReadsInTSS      Keep ReadsInPromoter PromoterRatio ReadsInBlacklist
       <numeric> <numeric>       <numeric>     <numeric>        <numeric>
1           4568         1            6010     0.0301471              481
2          25890         1           27737     0.1470928              951
3           2496         1            3884     0.0209960             1272
4           5808         0           11180     0.0605614              993
5          17394         1           22415     0.1242544             1035
...          ...       ...             ...           ...              ...
11905        745         1             679     0.3381474               14
11906        177         1             169     0.0841633                8
11907        128         1             185     0.0923154               10
11908         90         1             161     0.0804196               16
11909        445         1             434     0.2170000                8
      BlacklistRatio
           <numeric>
1         0.00241277
2         0.00504327
3         0.00687612
4         0.00537902
5         0.00573738
...              ...
11905     0.00697211
11906     0.00398406
11907     0.00499002
11908     0.00799201
11909     0.00400000

2022-04-12 11:10:45 : (pbmc_1 : 1 of 1) Removing Fragments from Filtered Cells, 13.162 mins elapsed.
2022-04-12 11:10:45 : (pbmc_1 : 1 of 1) Creating Filtered Arrow File, 13.162 mins elapsed.

2022-04-12 11:10:47 : (pbmc_1 : 1 of 1) .filterCellsFromArrow Fragments-Chr-(1 of 24)-chr1, Class = GRanges
GRanges object with 16649907 ranges and 1 metadata column:
             seqnames              ranges strand |                     RG
                <Rle>           <IRanges>  <Rle> |                  <Rle>
         [1]     chr1       201378-201594      * | pbmc_1#TGAGCAAAGGCCT..
         [2]     chr1     1013448-1013670      * | pbmc_1#TGAGCAAAGGCCT..
         [3]     chr1     1068966-1069372      * | pbmc_1#TGAGCAAAGGCCT..
         [4]     chr1     1233969-1234339      * | pbmc_1#TGAGCAAAGGCCT..
         [5]     chr1     1234340-1234572      * | pbmc_1#TGAGCAAAGGCCT..
         ...      ...                 ...    ... .                    ...
  [16649903]     chr1 235161318-235161362      * | pbmc_1#CAAGTATGTCTTT..
  [16649904]     chr1 235276622-235276797      * | pbmc_1#CAAGTATGTCTTT..
  [16649905]     chr1 236290550-236290733      * | pbmc_1#CAAGTATGTCTTT..
  [16649906]     chr1 241551698-241552000      * | pbmc_1#CAAGTATGTCTTT..
  [16649907]     chr1 247413835-247414028      * | pbmc_1#CAAGTATGTCTTT..
  -------
  seqinfo: 1 sequence from an unspecified genome; no seqlengths


2022-04-12 11:10:47 : (pbmc_1 : 1 of 1) .filterCellsFromArrow Barcodes-Chr-(1 of 24)-chr1, Class = data.frame
(pbmc_1 : 1 of 1) .filterCellsFromArrow Barcodes-Chr-(1 of 24)-chr1: nRows = 11701, nCols = 1


2022-04-12 11:11:29 : (pbmc_1 : 1 of 1) Finished Constructing Filtered Arrow File!, 13.884 mins elapsed.
2022-04-12 11:11:29 : (pbmc_1 : 1 of 1) Adding TileMatrix!, 13.885 mins elapsed.

2022-04-12 11:11:29 : pbmc_1 .addTileMat FeatureDF, Class = DFrame
DataFrame with 6062095 rows and 3 columns
           seqnames       idx     start
        <character> <integer> <numeric>
1              chr1         1         0
2              chr1         2       500
3              chr1         3      1000
4              chr1         4      1500
5              chr1         5      2000
...             ...       ...       ...
6062091        chrX    312078 156038500
6062092        chrX    312079 156039000
6062093        chrX    312080 156039500
6062094        chrX    312081 156040000
6062095        chrX    312082 156040500

2022-04-12 11:11:35 : Adding TileMatrix to pbmc_1 for Chr (1 of 23)!, 0.112 mins elapsed.

2022-04-12 11:11:37 : NTiles_TileMatrix_1_chr1, Class = numeric

NTiles_TileMatrix_1_chr1: length = 1
  chr1 
497913 



2022-04-12 11:11:37 : NCells_TileMatrix_1_chr1, Class = integer

NCells_TileMatrix_1_chr1: length = 1
[1] 11701



2022-04-12 11:11:37 : MinTile_TileMatrix_1_chr1, Class = numeric

MinTile_TileMatrix_1_chr1: length = 1
[1] 21



2022-04-12 11:11:37 : MaxTile_TileMatrix_1_chr1, Class = numeric

MaxTile_TileMatrix_1_chr1: length = 1
[1] 497893



2022-04-12 11:11:37 : MinCell_TileMatrix_1_chr1, Class = integer

MinCell_TileMatrix_1_chr1: length = 1
[1] 1



2022-04-12 11:11:37 : MaxCell_TileMatrix_1_chr1, Class = integer

MaxCell_TileMatrix_1_chr1: length = 1
[1] 11701


2022-04-12 11:11:44 : Adding TileMatrix to pbmc_1 for Chr (2 of 23)!, 0.252 mins elapsed.

2022-04-12 11:11:45 : NTiles_TileMatrix_2_chr2, Class = numeric

NTiles_TileMatrix_2_chr2: length = 1
  chr2 
484388 



2022-04-12 11:11:45 : NCells_TileMatrix_2_chr2, Class = integer

NCells_TileMatrix_2_chr2: length = 1
[1] 11701



2022-04-12 11:11:45 : MinTile_TileMatrix_2_chr2, Class = numeric

MinTile_TileMatrix_2_chr2: length = 1
[1] 21



2022-04-12 11:11:45 : MaxTile_TileMatrix_2_chr2, Class = numeric

MaxTile_TileMatrix_2_chr2: length = 1
[1] 484367



2022-04-12 11:11:45 : MinCell_TileMatrix_2_chr2, Class = integer

MinCell_TileMatrix_2_chr2: length = 1
[1] 1



2022-04-12 11:11:45 : MaxCell_TileMatrix_2_chr2, Class = integer

MaxCell_TileMatrix_2_chr2: length = 1
[1] 11701


2022-04-12 11:11:51 : Adding TileMatrix to pbmc_1 for Chr (3 of 23)!, 0.365 mins elapsed.

2022-04-12 11:11:51 : NTiles_TileMatrix_3_chr3, Class = numeric

NTiles_TileMatrix_3_chr3: length = 1
  chr3 
396592 



2022-04-12 11:11:51 : NCells_TileMatrix_3_chr3, Class = integer

NCells_TileMatrix_3_chr3: length = 1
[1] 11701



2022-04-12 11:11:51 : MinTile_TileMatrix_3_chr3, Class = numeric

MinTile_TileMatrix_3_chr3: length = 1
[1] 21



2022-04-12 11:11:51 : MaxTile_TileMatrix_3_chr3, Class = numeric

MaxTile_TileMatrix_3_chr3: length = 1
[1] 396441



2022-04-12 11:11:51 : MinCell_TileMatrix_3_chr3, Class = integer

MinCell_TileMatrix_3_chr3: length = 1
[1] 1



2022-04-12 11:11:51 : MaxCell_TileMatrix_3_chr3, Class = integer

MaxCell_TileMatrix_3_chr3: length = 1
[1] 11701


2022-04-12 11:11:56 : Adding TileMatrix to pbmc_1 for Chr (4 of 23)!, 0.459 mins elapsed.

2022-04-12 11:11:57 : NTiles_TileMatrix_4_chr4, Class = numeric

NTiles_TileMatrix_4_chr4: length = 1
  chr4 
380430 



2022-04-12 11:11:57 : NCells_TileMatrix_4_chr4, Class = integer

NCells_TileMatrix_4_chr4: length = 1
[1] 11701



2022-04-12 11:11:57 : MinTile_TileMatrix_4_chr4, Class = numeric

MinTile_TileMatrix_4_chr4: length = 1
[1] 21



2022-04-12 11:11:57 : MaxTile_TileMatrix_4_chr4, Class = numeric

MaxTile_TileMatrix_4_chr4: length = 1
[1] 380410



2022-04-12 11:11:57 : MinCell_TileMatrix_4_chr4, Class = integer

MinCell_TileMatrix_4_chr4: length = 1
[1] 1



2022-04-12 11:11:57 : MaxCell_TileMatrix_4_chr4, Class = integer

MaxCell_TileMatrix_4_chr4: length = 1
[1] 11701


2022-04-12 11:12:01 : Adding TileMatrix to pbmc_1 for Chr (5 of 23)!, 0.535 mins elapsed.

2022-04-12 11:12:01 : NTiles_TileMatrix_5_chr5, Class = numeric

NTiles_TileMatrix_5_chr5: length = 1
  chr5 
363077 



2022-04-12 11:12:01 : NCells_TileMatrix_5_chr5, Class = integer

NCells_TileMatrix_5_chr5: length = 1
[1] 11701



2022-04-12 11:12:01 : MinTile_TileMatrix_5_chr5, Class = numeric

MinTile_TileMatrix_5_chr5: length = 1
[1] 21



2022-04-12 11:12:01 : MaxTile_TileMatrix_5_chr5, Class = numeric

MaxTile_TileMatrix_5_chr5: length = 1
[1] 362956



2022-04-12 11:12:02 : MinCell_TileMatrix_5_chr5, Class = integer

MinCell_TileMatrix_5_chr5: length = 1
[1] 1



2022-04-12 11:12:02 : MaxCell_TileMatrix_5_chr5, Class = integer

MaxCell_TileMatrix_5_chr5: length = 1
[1] 11701


2022-04-12 11:12:06 : Adding TileMatrix to pbmc_1 for Chr (6 of 23)!, 0.624 mins elapsed.

2022-04-12 11:12:07 : NTiles_TileMatrix_6_chr6, Class = numeric

NTiles_TileMatrix_6_chr6: length = 1
  chr6 
341612 



2022-04-12 11:12:07 : NCells_TileMatrix_6_chr6, Class = integer

NCells_TileMatrix_6_chr6: length = 1
[1] 11701



2022-04-12 11:12:07 : MinTile_TileMatrix_6_chr6, Class = numeric

MinTile_TileMatrix_6_chr6: length = 1
[1] 128



2022-04-12 11:12:07 : MaxTile_TileMatrix_6_chr6, Class = numeric

MaxTile_TileMatrix_6_chr6: length = 1
[1] 341480



2022-04-12 11:12:07 : MinCell_TileMatrix_6_chr6, Class = integer

MinCell_TileMatrix_6_chr6: length = 1
[1] 1



2022-04-12 11:12:07 : MaxCell_TileMatrix_6_chr6, Class = integer

MaxCell_TileMatrix_6_chr6: length = 1
[1] 11701


2022-04-12 11:12:12 : Adding TileMatrix to pbmc_1 for Chr (7 of 23)!, 0.724 mins elapsed.

2022-04-12 11:12:13 : NTiles_TileMatrix_7_chr7, Class = numeric

NTiles_TileMatrix_7_chr7: length = 1
  chr7 
318692 



2022-04-12 11:12:13 : NCells_TileMatrix_7_chr7, Class = integer

NCells_TileMatrix_7_chr7: length = 1
[1] 11701



2022-04-12 11:12:13 : MinTile_TileMatrix_7_chr7, Class = numeric

MinTile_TileMatrix_7_chr7: length = 1
[1] 21



2022-04-12 11:12:13 : MaxTile_TileMatrix_7_chr7, Class = numeric

MaxTile_TileMatrix_7_chr7: length = 1
[1] 318672



2022-04-12 11:12:13 : MinCell_TileMatrix_7_chr7, Class = integer

MinCell_TileMatrix_7_chr7: length = 1
[1] 1



2022-04-12 11:12:13 : MaxCell_TileMatrix_7_chr7, Class = integer

MaxCell_TileMatrix_7_chr7: length = 1
[1] 11701


2022-04-12 11:12:17 : Adding TileMatrix to pbmc_1 for Chr (8 of 23)!, 0.808 mins elapsed.

2022-04-12 11:12:18 : NTiles_TileMatrix_8_chr8, Class = numeric

NTiles_TileMatrix_8_chr8: length = 1
  chr8 
290278 



2022-04-12 11:12:18 : NCells_TileMatrix_8_chr8, Class = integer

NCells_TileMatrix_8_chr8: length = 1
[1] 11701



2022-04-12 11:12:18 : MinTile_TileMatrix_8_chr8, Class = numeric

MinTile_TileMatrix_8_chr8: length = 1
[1] 143



2022-04-12 11:12:18 : MaxTile_TileMatrix_8_chr8, Class = numeric

MaxTile_TileMatrix_8_chr8: length = 1
[1] 290153



2022-04-12 11:12:18 : MinCell_TileMatrix_8_chr8, Class = integer

MinCell_TileMatrix_8_chr8: length = 1
[1] 1



2022-04-12 11:12:18 : MaxCell_TileMatrix_8_chr8, Class = integer

MaxCell_TileMatrix_8_chr8: length = 1
[1] 11701


2022-04-12 11:12:22 : Adding TileMatrix to pbmc_1 for Chr (9 of 23)!, 0.887 mins elapsed.

2022-04-12 11:12:23 : NTiles_TileMatrix_9_chr9, Class = numeric

NTiles_TileMatrix_9_chr9: length = 1
  chr9 
276790 



2022-04-12 11:12:23 : NCells_TileMatrix_9_chr9, Class = integer

NCells_TileMatrix_9_chr9: length = 1
[1] 11701



2022-04-12 11:12:23 : MinTile_TileMatrix_9_chr9, Class = numeric

MinTile_TileMatrix_9_chr9: length = 1
[1] 21



2022-04-12 11:12:23 : MaxTile_TileMatrix_9_chr9, Class = numeric

MaxTile_TileMatrix_9_chr9: length = 1
[1] 276457



2022-04-12 11:12:23 : MinCell_TileMatrix_9_chr9, Class = integer

MinCell_TileMatrix_9_chr9: length = 1
[1] 1



2022-04-12 11:12:23 : MaxCell_TileMatrix_9_chr9, Class = integer

MaxCell_TileMatrix_9_chr9: length = 1
[1] 11701


2022-04-12 11:12:27 : Adding TileMatrix to pbmc_1 for Chr (10 of 23)!, 0.97 mins elapsed.

2022-04-12 11:12:28 : NTiles_TileMatrix_10_chr10, Class = numeric

NTiles_TileMatrix_10_chr10: length = 1
 chr10 
267595 



2022-04-12 11:12:28 : NCells_TileMatrix_10_chr10, Class = integer

NCells_TileMatrix_10_chr10: length = 1
[1] 11701



2022-04-12 11:12:28 : MinTile_TileMatrix_10_chr10, Class = numeric

MinTile_TileMatrix_10_chr10: length = 1
[1] 21



2022-04-12 11:12:28 : MaxTile_TileMatrix_10_chr10, Class = numeric

MaxTile_TileMatrix_10_chr10: length = 1
[1] 267575



2022-04-12 11:12:28 : MinCell_TileMatrix_10_chr10, Class = integer

MinCell_TileMatrix_10_chr10: length = 1
[1] 1



2022-04-12 11:12:28 : MaxCell_TileMatrix_10_chr10, Class = integer

MaxCell_TileMatrix_10_chr10: length = 1
[1] 11701


2022-04-12 11:12:32 : Adding TileMatrix to pbmc_1 for Chr (11 of 23)!, 1.05 mins elapsed.

2022-04-12 11:12:32 : NTiles_TileMatrix_11_chr11, Class = numeric

NTiles_TileMatrix_11_chr11: length = 1
 chr11 
270174 



2022-04-12 11:12:32 : NCells_TileMatrix_11_chr11, Class = integer

NCells_TileMatrix_11_chr11: length = 1
[1] 11701



2022-04-12 11:12:32 : MinTile_TileMatrix_11_chr11, Class = numeric

MinTile_TileMatrix_11_chr11: length = 1
[1] 227



2022-04-12 11:12:32 : MaxTile_TileMatrix_11_chr11, Class = numeric

MaxTile_TileMatrix_11_chr11: length = 1
[1] 270154



2022-04-12 11:12:32 : MinCell_TileMatrix_11_chr11, Class = integer

MinCell_TileMatrix_11_chr11: length = 1
[1] 1



2022-04-12 11:12:32 : MaxCell_TileMatrix_11_chr11, Class = integer

MaxCell_TileMatrix_11_chr11: length = 1
[1] 11701


2022-04-12 11:12:37 : Adding TileMatrix to pbmc_1 for Chr (12 of 23)!, 1.138 mins elapsed.

2022-04-12 11:12:38 : NTiles_TileMatrix_12_chr12, Class = numeric

NTiles_TileMatrix_12_chr12: length = 1
 chr12 
266551 



2022-04-12 11:12:38 : NCells_TileMatrix_12_chr12, Class = integer

NCells_TileMatrix_12_chr12: length = 1
[1] 11701



2022-04-12 11:12:38 : MinTile_TileMatrix_12_chr12, Class = numeric

MinTile_TileMatrix_12_chr12: length = 1
[1] 21



2022-04-12 11:12:38 : MaxTile_TileMatrix_12_chr12, Class = numeric

MaxTile_TileMatrix_12_chr12: length = 1
[1] 266531



2022-04-12 11:12:38 : MinCell_TileMatrix_12_chr12, Class = integer

MinCell_TileMatrix_12_chr12: length = 1
[1] 1



2022-04-12 11:12:38 : MaxCell_TileMatrix_12_chr12, Class = integer

MaxCell_TileMatrix_12_chr12: length = 1
[1] 11701


2022-04-12 11:12:42 : Adding TileMatrix to pbmc_1 for Chr (13 of 23)!, 1.225 mins elapsed.

2022-04-12 11:12:43 : NTiles_TileMatrix_13_chr13, Class = numeric

NTiles_TileMatrix_13_chr13: length = 1
 chr13 
228729 



2022-04-12 11:12:43 : NCells_TileMatrix_13_chr13, Class = integer

NCells_TileMatrix_13_chr13: length = 1
[1] 11701



2022-04-12 11:12:43 : MinTile_TileMatrix_13_chr13, Class = numeric

MinTile_TileMatrix_13_chr13: length = 1
[1] 33839



2022-04-12 11:12:43 : MaxTile_TileMatrix_13_chr13, Class = numeric

MaxTile_TileMatrix_13_chr13: length = 1
[1] 228709



2022-04-12 11:12:43 : MinCell_TileMatrix_13_chr13, Class = integer

MinCell_TileMatrix_13_chr13: length = 1
[1] 1



2022-04-12 11:12:43 : MaxCell_TileMatrix_13_chr13, Class = integer

MaxCell_TileMatrix_13_chr13: length = 1
[1] 11701


2022-04-12 11:12:46 : Adding TileMatrix to pbmc_1 for Chr (14 of 23)!, 1.283 mins elapsed.

2022-04-12 11:12:46 : NTiles_TileMatrix_14_chr14, Class = numeric

NTiles_TileMatrix_14_chr14: length = 1
 chr14 
214088 



2022-04-12 11:12:46 : NCells_TileMatrix_14_chr14, Class = integer

NCells_TileMatrix_14_chr14: length = 1
[1] 11701



2022-04-12 11:12:46 : MinTile_TileMatrix_14_chr14, Class = numeric

MinTile_TileMatrix_14_chr14: length = 1
[1] 32082



2022-04-12 11:12:46 : MaxTile_TileMatrix_14_chr14, Class = numeric

MaxTile_TileMatrix_14_chr14: length = 1
[1] 213768



2022-04-12 11:12:46 : MinCell_TileMatrix_14_chr14, Class = integer

MinCell_TileMatrix_14_chr14: length = 1
[1] 1



2022-04-12 11:12:46 : MaxCell_TileMatrix_14_chr14, Class = integer

MaxCell_TileMatrix_14_chr14: length = 1
[1] 11701


2022-04-12 11:12:50 : Adding TileMatrix to pbmc_1 for Chr (15 of 23)!, 1.353 mins elapsed.

2022-04-12 11:12:50 : NTiles_TileMatrix_15_chr15, Class = numeric

NTiles_TileMatrix_15_chr15: length = 1
 chr15 
203983 



2022-04-12 11:12:50 : NCells_TileMatrix_15_chr15, Class = integer

NCells_TileMatrix_15_chr15: length = 1
[1] 11701



2022-04-12 11:12:50 : MinTile_TileMatrix_15_chr15, Class = numeric

MinTile_TileMatrix_15_chr15: length = 1
[1] 34020



2022-04-12 11:12:50 : MaxTile_TileMatrix_15_chr15, Class = numeric

MaxTile_TileMatrix_15_chr15: length = 1
[1] 203963



2022-04-12 11:12:50 : MinCell_TileMatrix_15_chr15, Class = integer

MinCell_TileMatrix_15_chr15: length = 1
[1] 1



2022-04-12 11:12:50 : MaxCell_TileMatrix_15_chr15, Class = integer

MaxCell_TileMatrix_15_chr15: length = 1
[1] 11701


2022-04-12 11:12:54 : Adding TileMatrix to pbmc_1 for Chr (16 of 23)!, 1.42 mins elapsed.

2022-04-12 11:12:54 : NTiles_TileMatrix_16_chr16, Class = numeric

NTiles_TileMatrix_16_chr16: length = 1
 chr16 
180677 



2022-04-12 11:12:54 : NCells_TileMatrix_16_chr16, Class = integer

NCells_TileMatrix_16_chr16: length = 1
[1] 11701



2022-04-12 11:12:54 : MinTile_TileMatrix_16_chr16, Class = numeric

MinTile_TileMatrix_16_chr16: length = 1
[1] 21



2022-04-12 11:12:54 : MaxTile_TileMatrix_16_chr16, Class = numeric

MaxTile_TileMatrix_16_chr16: length = 1
[1] 180450



2022-04-12 11:12:54 : MinCell_TileMatrix_16_chr16, Class = integer

MinCell_TileMatrix_16_chr16: length = 1
[1] 1



2022-04-12 11:12:54 : MaxCell_TileMatrix_16_chr16, Class = integer

MaxCell_TileMatrix_16_chr16: length = 1
[1] 11701


2022-04-12 11:12:58 : Adding TileMatrix to pbmc_1 for Chr (17 of 23)!, 1.495 mins elapsed.

2022-04-12 11:12:59 : NTiles_TileMatrix_17_chr17, Class = numeric

NTiles_TileMatrix_17_chr17: length = 1
 chr17 
166515 



2022-04-12 11:12:59 : NCells_TileMatrix_17_chr17, Class = integer

NCells_TileMatrix_17_chr17: length = 1
[1] 11701



2022-04-12 11:12:59 : MinTile_TileMatrix_17_chr17, Class = numeric

MinTile_TileMatrix_17_chr17: length = 1
[1] 156



2022-04-12 11:12:59 : MaxTile_TileMatrix_17_chr17, Class = numeric

MaxTile_TileMatrix_17_chr17: length = 1
[1] 166495



2022-04-12 11:12:59 : MinCell_TileMatrix_17_chr17, Class = integer

MinCell_TileMatrix_17_chr17: length = 1
[1] 1



2022-04-12 11:12:59 : MaxCell_TileMatrix_17_chr17, Class = integer

MaxCell_TileMatrix_17_chr17: length = 1
[1] 11701


2022-04-12 11:13:04 : Adding TileMatrix to pbmc_1 for Chr (18 of 23)!, 1.595 mins elapsed.

2022-04-12 11:13:05 : NTiles_TileMatrix_18_chr18, Class = numeric

NTiles_TileMatrix_18_chr18: length = 1
 chr18 
160747 



2022-04-12 11:13:05 : NCells_TileMatrix_18_chr18, Class = integer

NCells_TileMatrix_18_chr18: length = 1
[1] 11701



2022-04-12 11:13:05 : MinTile_TileMatrix_18_chr18, Class = numeric

MinTile_TileMatrix_18_chr18: length = 1
[1] 21



2022-04-12 11:13:05 : MaxTile_TileMatrix_18_chr18, Class = numeric

MaxTile_TileMatrix_18_chr18: length = 1
[1] 160527



2022-04-12 11:13:05 : MinCell_TileMatrix_18_chr18, Class = integer

MinCell_TileMatrix_18_chr18: length = 1
[1] 1



2022-04-12 11:13:05 : MaxCell_TileMatrix_18_chr18, Class = integer

MaxCell_TileMatrix_18_chr18: length = 1
[1] 11701


2022-04-12 11:13:08 : Adding TileMatrix to pbmc_1 for Chr (19 of 23)!, 1.652 mins elapsed.

2022-04-12 11:13:09 : NTiles_TileMatrix_19_chr19, Class = numeric

NTiles_TileMatrix_19_chr19: length = 1
 chr19 
117236 



2022-04-12 11:13:09 : NCells_TileMatrix_19_chr19, Class = integer

NCells_TileMatrix_19_chr19: length = 1
[1] 11701



2022-04-12 11:13:09 : MinTile_TileMatrix_19_chr19, Class = numeric

MinTile_TileMatrix_19_chr19: length = 1
[1] 141



2022-04-12 11:13:09 : MaxTile_TileMatrix_19_chr19, Class = numeric

MaxTile_TileMatrix_19_chr19: length = 1
[1] 117216



2022-04-12 11:13:09 : MinCell_TileMatrix_19_chr19, Class = integer

MinCell_TileMatrix_19_chr19: length = 1
[1] 1



2022-04-12 11:13:09 : MaxCell_TileMatrix_19_chr19, Class = integer

MaxCell_TileMatrix_19_chr19: length = 1
[1] 11701


2022-04-12 11:13:14 : Adding TileMatrix to pbmc_1 for Chr (20 of 23)!, 1.75 mins elapsed.

2022-04-12 11:13:14 : NTiles_TileMatrix_20_chr20, Class = numeric

NTiles_TileMatrix_20_chr20: length = 1
 chr20 
128889 



2022-04-12 11:13:14 : NCells_TileMatrix_20_chr20, Class = integer

NCells_TileMatrix_20_chr20: length = 1
[1] 11701



2022-04-12 11:13:14 : MinTile_TileMatrix_20_chr20, Class = numeric

MinTile_TileMatrix_20_chr20: length = 1
[1] 121



2022-04-12 11:13:14 : MaxTile_TileMatrix_20_chr20, Class = numeric

MaxTile_TileMatrix_20_chr20: length = 1
[1] 128667



2022-04-12 11:13:14 : MinCell_TileMatrix_20_chr20, Class = integer

MinCell_TileMatrix_20_chr20: length = 1
[1] 1



2022-04-12 11:13:14 : MaxCell_TileMatrix_20_chr20, Class = integer

MaxCell_TileMatrix_20_chr20: length = 1
[1] 11701


2022-04-12 11:13:18 : Adding TileMatrix to pbmc_1 for Chr (21 of 23)!, 1.815 mins elapsed.

2022-04-12 11:13:18 : NTiles_TileMatrix_21_chr21, Class = numeric

NTiles_TileMatrix_21_chr21: length = 1
chr21 
93420 



2022-04-12 11:13:18 : NCells_TileMatrix_21_chr21, Class = integer

NCells_TileMatrix_21_chr21: length = 1
[1] 11701



2022-04-12 11:13:18 : MinTile_TileMatrix_21_chr21, Class = numeric

MinTile_TileMatrix_21_chr21: length = 1
[1] 10062



2022-04-12 11:13:18 : MaxTile_TileMatrix_21_chr21, Class = numeric

MaxTile_TileMatrix_21_chr21: length = 1
[1] 93400



2022-04-12 11:13:18 : MinCell_TileMatrix_21_chr21, Class = integer

MinCell_TileMatrix_21_chr21: length = 1
[1] 1



2022-04-12 11:13:18 : MaxCell_TileMatrix_21_chr21, Class = integer

MaxCell_TileMatrix_21_chr21: length = 1
[1] 11701


2022-04-12 11:13:21 : Adding TileMatrix to pbmc_1 for Chr (22 of 23)!, 1.866 mins elapsed.

2022-04-12 11:13:21 : NTiles_TileMatrix_22_chr22, Class = numeric

NTiles_TileMatrix_22_chr22: length = 1
 chr22 
101637 



2022-04-12 11:13:21 : NCells_TileMatrix_22_chr22, Class = integer

NCells_TileMatrix_22_chr22: length = 1
[1] 11701



2022-04-12 11:13:21 : MinTile_TileMatrix_22_chr22, Class = numeric

MinTile_TileMatrix_22_chr22: length = 1
[1] 21146



2022-04-12 11:13:21 : MaxTile_TileMatrix_22_chr22, Class = numeric

MaxTile_TileMatrix_22_chr22: length = 1
[1] 101617



2022-04-12 11:13:21 : MinCell_TileMatrix_22_chr22, Class = integer

MinCell_TileMatrix_22_chr22: length = 1
[1] 1



2022-04-12 11:13:21 : MaxCell_TileMatrix_22_chr22, Class = integer

MaxCell_TileMatrix_22_chr22: length = 1
[1] 11701


2022-04-12 11:13:24 : Adding TileMatrix to pbmc_1 for Chr (23 of 23)!, 1.928 mins elapsed.

2022-04-12 11:13:25 : NTiles_TileMatrix_23_chrX, Class = numeric

NTiles_TileMatrix_23_chrX: length = 1
  chrX 
312082 



2022-04-12 11:13:25 : NCells_TileMatrix_23_chrX, Class = integer

NCells_TileMatrix_23_chrX: length = 1
[1] 11701



2022-04-12 11:13:25 : MinTile_TileMatrix_23_chrX, Class = numeric

MinTile_TileMatrix_23_chrX: length = 1
[1] 21



2022-04-12 11:13:25 : MaxTile_TileMatrix_23_chrX, Class = numeric

MaxTile_TileMatrix_23_chrX: length = 1
[1] 312062



2022-04-12 11:13:25 : MinCell_TileMatrix_23_chrX, Class = integer

MinCell_TileMatrix_23_chrX: length = 1
[1] 1



2022-04-12 11:13:25 : MaxCell_TileMatrix_23_chrX, Class = integer

MaxCell_TileMatrix_23_chrX: length = 1
[1] 11701


2022-04-12 11:13:29 : (pbmc_1 : 1 of 1) Finished Adding TileMatrix!, 15.889 mins elapsed.
2022-04-12 11:13:29 : (pbmc_1 : 1 of 1) Finished Creating Arrow File, 15.889 mins elapsed.

------- Completed

End Time : 2022-04-12 11:13:29
Elapsed Time Minutes = 15.9068009853363
Elapsed Time Hours = 0.265113436910841

-------



