
           ___      .______        ______  __    __  .______      
          /   \     |   _  \      /      ||  |  |  | |   _  \     
         /  ^  \    |  |_)  |    |  ,----'|  |__|  | |  |_)  |    
        /  /_\  \   |      /     |  |     |   __   | |      /     
       /  _____  \  |  |\  \\___ |  `----.|  |  |  | |  |\  \\___.
      /__/     \__\ | _| `._____| \______||__|  |__| | _| `._____|
    
Logging With ArchR!

Start Time : 2022-04-11 22:55:46

------- ArchR Info

ArchRThreads = 1
ArchRGenome = Hg19

------- System Info

Computer OS = unix
Total Cores = 16

------- Session Info

R version 4.1.3 (2022-03-10)
Platform: x86_64-pc-linux-gnu (64-bit)
Running under: Ubuntu 20.04.4 LTS

Matrix products: default
BLAS:   /usr/lib/x86_64-linux-gnu/blas/libblas.so.3.9.0
LAPACK: /usr/lib/x86_64-linux-gnu/lapack/liblapack.so.3.9.0

locale:
 [1] LC_CTYPE=en_US.UTF-8       LC_NUMERIC=C               LC_TIME=en_US.UTF-8       
 [4] LC_COLLATE=en_US.UTF-8     LC_MONETARY=en_US.UTF-8    LC_MESSAGES=en_US.UTF-8   
 [7] LC_PAPER=en_US.UTF-8       LC_NAME=C                  LC_ADDRESS=C              
[10] LC_TELEPHONE=C             LC_MEASUREMENT=en_US.UTF-8 LC_IDENTIFICATION=C       

attached base packages:
 [1] grid      parallel  stats4    stats     graphics  grDevices utils     datasets 
 [9] methods   base     

other attached packages:
 [1] nabor_0.5.0                       SeuratObject_4.0.4               
 [3] Seurat_4.1.0                      BSgenome.Hsapiens.UCSC.hg38_1.4.3
 [5] BiocManager_1.30.16               gridExtra_2.3                    
 [7] Rsamtools_2.8.0                   BSgenome.Hsapiens.UCSC.hg19_1.4.3
 [9] BSgenome_1.60.0                   rtracklayer_1.52.1               
[11] Biostrings_2.60.2                 XVector_0.32.0                   
[13] ArchR_1.0.1                       rhdf5_2.36.0                     
[15] Matrix_1.4-1                      data.table_1.14.2                
[17] ggside_0.2.0                      scater_1.20.1                    
[19] scran_1.20.1                      scuttle_1.2.1                    
[21] SingleCellExperiment_1.14.1       SummarizedExperiment_1.22.0      
[23] Biobase_2.52.0                    GenomicRanges_1.44.0             
[25] GenomeInfoDb_1.28.4               IRanges_2.26.0                   
[27] S4Vectors_0.30.2                  BiocGenerics_0.38.0              
[29] scDblFinder_1.6.0                 sparseMatrixStats_1.4.2          
[31] MatrixGenerics_1.4.3              matrixStats_0.61.0               
[33] magrittr_2.0.3                    forcats_0.5.1                    
[35] stringr_1.4.0                     dplyr_1.0.8                      
[37] purrr_0.3.4                       readr_2.1.2                      
[39] tidyr_1.2.0                       tibble_3.1.6                     
[41] ggplot2_3.3.5                     tidyverse_1.3.1                  
[43] reticulate_1.24                  

loaded via a namespace (and not attached):
  [1] utf8_1.2.2                tidyselect_1.1.2          htmlwidgets_1.5.4        
  [4] BiocParallel_1.26.2       Rtsne_0.15                munsell_0.5.0            
  [7] ScaledMatrix_1.0.0        codetools_0.2-18          ica_1.0-2                
 [10] statmod_1.4.36            xgboost_1.5.2.1           future_1.24.0            
 [13] miniUI_0.1.1.1            withr_2.5.0               spatstat.random_2.2-0    
 [16] colorspace_2.0-3          knitr_1.38                rstudioapi_0.13          
 [19] ROCR_1.0-11               tensor_1.5                listenv_0.8.0            
 [22] labeling_0.4.2            GenomeInfoDbData_1.2.6    polyclip_1.10-0          
 [25] farver_2.1.0              bit64_4.0.5               parallelly_1.31.0        
 [28] vctrs_0.4.0               generics_0.1.2            xfun_0.30                
 [31] R6_2.5.1                  ggbeeswarm_0.6.0          rsvd_1.0.5               
 [34] isoband_0.2.5             locfit_1.5-9.5            hdf5r_1.3.5              
 [37] bitops_1.0-7              rhdf5filters_1.4.0        spatstat.utils_2.3-0     
 [40] DelayedArray_0.18.0       assertthat_0.2.1          BiocIO_1.2.0             
 [43] promises_1.2.0.1          scales_1.1.1              vroom_1.5.7              
 [46] beeswarm_0.4.0            gtable_0.3.0              beachmat_2.8.1           
 [49] Cairo_1.5-15              globals_0.14.0            goftest_1.2-3            
 [52] rlang_1.0.2               splines_4.1.3             lazyeval_0.2.2           
 [55] spatstat.geom_2.4-0       broom_0.7.12              yaml_2.3.5               
 [58] reshape2_1.4.4            abind_1.4-5               modelr_0.1.8             
 [61] backports_1.4.1           httpuv_1.6.5              tools_4.1.3              
 [64] ellipsis_0.3.2            spatstat.core_2.4-2       RColorBrewer_1.1-3       
 [67] ggridges_0.5.3            Rcpp_1.0.8.3              plyr_1.8.7               
 [70] zlibbioc_1.38.0           RCurl_1.98-1.6            rpart_4.1.16             
 [73] deldir_1.0-6              pbapply_1.5-0             viridis_0.6.2            
 [76] cowplot_1.1.1             zoo_1.8-9                 haven_2.4.3              
 [79] ggrepel_0.9.1             cluster_2.1.3             fs_1.5.2                 
 [82] RSpectra_0.16-0           scattermore_0.8           lmtest_0.9-40            
 [85] reprex_2.0.1              RANN_2.6.1                fitdistrplus_1.1-8       
 [88] hms_1.1.1                 patchwork_1.1.1           mime_0.12                
 [91] evaluate_0.15             xtable_1.8-4              XML_3.99-0.9             
 [94] readxl_1.4.0              compiler_4.1.3            KernSmooth_2.23-20       
 [97] crayon_1.5.1              htmltools_0.5.2           mgcv_1.8-40              
[100] later_1.3.0               tzdb_0.3.0                lubridate_1.8.0          
[103] DBI_1.1.2                 dbplyr_2.1.1              MASS_7.3-56              
[106] cli_3.2.0                 metapod_1.0.0             igraph_1.3.0             
[109] pkgconfig_2.0.3           GenomicAlignments_1.28.0  plotly_4.10.0            
[112] spatstat.sparse_2.1-0     xml2_1.3.3                vipor_0.4.5              
[115] dqrng_0.3.0               rvest_1.0.2               digest_0.6.29            
[118] sctransform_0.3.3         RcppAnnoy_0.0.19          spatstat.data_2.1-4      
[121] rmarkdown_2.13            cellranger_1.1.0          leiden_0.3.9             
[124] uwot_0.1.11               edgeR_3.34.1              DelayedMatrixStats_1.14.3
[127] restfulr_0.0.13           gtools_3.9.2              shiny_1.7.1              
[130] rjson_0.2.21              nlme_3.1-157              lifecycle_1.0.1          
[133] jsonlite_1.8.0            Rhdf5lib_1.14.2           BiocNeighbors_1.10.0     
[136] viridisLite_0.4.0         limma_3.48.3              fansi_1.0.3              
[139] pillar_1.7.0              lattice_0.20-45           fastmap_1.1.0            
[142] httr_1.4.2                survival_3.2-13           glue_1.6.2               
[145] png_0.1-7                 bluster_1.2.1             bit_4.0.4                
[148] stringi_1.7.6             BiocSingular_1.8.1        irlba_2.3.5              
[151] future.apply_1.8.1       


------- Log Info


2022-04-11 22:55:47 : plotTSSEnrichment Input-Parameters, Class = list

plotTSSEnrichment Input-Parameters$ArchRProj: length = 1

plotTSSEnrichment Input-Parameters$groupBy: length = 1
[1] "Sample"


plotTSSEnrichment Input-Parameters$chromSizes: length = 24
GRanges object with 6 ranges and 0 metadata columns:
      seqnames      ranges strand
         <Rle>   <IRanges>  <Rle>
  [1]     chr1 1-248956422      *
  [2]     chr2 1-242193529      *
  [3]     chr3 1-198295559      *
  [4]     chr4 1-190214555      *
  [5]     chr5 1-181538259      *
  [6]     chr6 1-170805979      *
  -------
  seqinfo: 24 sequences from an unspecified genome


plotTSSEnrichment Input-Parameters$TSS: length = 166023
GRanges object with 6 ranges and 2 metadata columns:
      seqnames    ranges strand |     tx_id     tx_name
         <Rle> <IRanges>  <Rle> | <integer> <character>
  [1]     chr1     29554      + |         1  uc057aty.1
  [2]     chr1     30267      + |         2  uc057atz.1
  [3]     chr1     30366      + |         3  uc031tlb.1
  [4]     chr1     69091      + |         4  uc001aal.1
  [5]     chr1    160446      + |         5  uc057aum.1
  [6]     chr1    182393      + |         6  uc057auo.1
  -------
  seqinfo: 24 sequences from hg38 genome


plotTSSEnrichment Input-Parameters$flank: length = 1
[1] 2000


plotTSSEnrichment Input-Parameters$norm: length = 1
[1] 100


plotTSSEnrichment Input-Parameters$smooth: length = 1
[1] 11


plotTSSEnrichment Input-Parameters$pal: length = 0
NULL


plotTSSEnrichment Input-Parameters$returnDF: length = 1
[1] TRUE


plotTSSEnrichment Input-Parameters$threads: length = 1
[1] 1


plotTSSEnrichment Input-Parameters$logFile: length = 1
[1] "ArchRLogs/ArchR-plotTSSEnrichment-56f1e16a38bb9-Date-2022-04-11_Time-22-55-46.log"


2022-04-11 22:55:47 : pbmc_1 Computing TSS (1 of 1)!, 0.006 mins elapsed.

2022-04-11 22:55:47 : getFragmentsFromArrow Input-Parameters, Class = list

getFragmentsFromArrow Input-Parameters$ArrowFile: length = 1
                                                                                                               pbmc_1 
"/home/philipp/Bioinfo_Playground/10x_pbmc_multiome_processing_output/ConsensusQC_ArchR_PROJ/ArrowFiles/pbmc_1.arrow" 


getFragmentsFromArrow Input-Parameters$chr: length = 1
[1] "chr1"


getFragmentsFromArrow Input-Parameters$cellNames: length = 11904
[1] "pbmc_1#TGAGCAAAGGCCTGGT-1" "pbmc_1#AACCGCTCATATAACC-1" "pbmc_1#CAGCAAGCAGTAGGTG-1"
[4] "pbmc_1#TTCATTCAGCCGCTTT-1" "pbmc_1#GGAGTCTGTGAGCAAG-1" "pbmc_1#CTAGTAGGTAGCAGCT-1"


getFragmentsFromArrow Input-Parameters$verbose: length = 1
[1] FALSE


getFragmentsFromArrow Input-Parameters$logFile: length = 1
[1] "ArchRLogs/ArchR-plotTSSEnrichment-56f1e16a38bb9-Date-2022-04-11_Time-22-55-46.log"


2022-04-11 22:55:47 : Reading Chr 1 of 1, 0 mins elapsed.
###########
2022-04-11 22:55:48 : Merging, 0.026 mins elapsed.
###########

2022-04-11 22:55:59 : pbmc_1 : Cov : chr1, Class = Rle

pbmc_1 : Cov : chr1: length = 248946417
integer-Rle of length 6 with 1 run
  Lengths: 6
  Values : 0



2022-04-11 22:56:00 : pbmc_1 : SumTSS : chr1, Class = integer

pbmc_1 : SumTSS : chr1: length = 4001
[1] 6808 6745 6428 6352 7138 6669



2022-04-11 22:56:00 : getFragmentsFromArrow Input-Parameters, Class = list

getFragmentsFromArrow Input-Parameters$ArrowFile: length = 1
                                                                                                               pbmc_1 
"/home/philipp/Bioinfo_Playground/10x_pbmc_multiome_processing_output/ConsensusQC_ArchR_PROJ/ArrowFiles/pbmc_1.arrow" 


getFragmentsFromArrow Input-Parameters$chr: length = 1
[1] "chr2"


getFragmentsFromArrow Input-Parameters$cellNames: length = 11904
[1] "pbmc_1#TGAGCAAAGGCCTGGT-1" "pbmc_1#AACCGCTCATATAACC-1" "pbmc_1#CAGCAAGCAGTAGGTG-1"
[4] "pbmc_1#TTCATTCAGCCGCTTT-1" "pbmc_1#GGAGTCTGTGAGCAAG-1" "pbmc_1#CTAGTAGGTAGCAGCT-1"


getFragmentsFromArrow Input-Parameters$verbose: length = 1
[1] FALSE


getFragmentsFromArrow Input-Parameters$logFile: length = 1
[1] "ArchRLogs/ArchR-plotTSSEnrichment-56f1e16a38bb9-Date-2022-04-11_Time-22-55-46.log"


2022-04-11 22:56:00 : Reading Chr 1 of 1, 0.001 mins elapsed.
###########
2022-04-11 22:56:01 : Merging, 0.022 mins elapsed.
###########

2022-04-11 22:56:10 : pbmc_1 : Cov : chr2, Class = Rle

pbmc_1 : Cov : chr2: length = 242183467
integer-Rle of length 6 with 1 run
  Lengths: 6
  Values : 0



2022-04-11 22:56:11 : pbmc_1 : SumTSS : chr2, Class = integer

pbmc_1 : SumTSS : chr2: length = 4001
[1] 11880 11500 11332 11734 12361 11725



2022-04-11 22:56:11 : getFragmentsFromArrow Input-Parameters, Class = list

getFragmentsFromArrow Input-Parameters$ArrowFile: length = 1
                                                                                                               pbmc_1 
"/home/philipp/Bioinfo_Playground/10x_pbmc_multiome_processing_output/ConsensusQC_ArchR_PROJ/ArrowFiles/pbmc_1.arrow" 


getFragmentsFromArrow Input-Parameters$chr: length = 1
[1] "chr3"


getFragmentsFromArrow Input-Parameters$cellNames: length = 11904
[1] "pbmc_1#TGAGCAAAGGCCTGGT-1" "pbmc_1#AACCGCTCATATAACC-1" "pbmc_1#CAGCAAGCAGTAGGTG-1"
[4] "pbmc_1#TTCATTCAGCCGCTTT-1" "pbmc_1#GGAGTCTGTGAGCAAG-1" "pbmc_1#CTAGTAGGTAGCAGCT-1"


getFragmentsFromArrow Input-Parameters$verbose: length = 1
[1] FALSE


getFragmentsFromArrow Input-Parameters$logFile: length = 1
[1] "ArchRLogs/ArchR-plotTSSEnrichment-56f1e16a38bb9-Date-2022-04-11_Time-22-55-46.log"


2022-04-11 22:56:11 : Reading Chr 1 of 1, 0 mins elapsed.
###########
2022-04-11 22:56:12 : Merging, 0.018 mins elapsed.
###########

2022-04-11 22:56:18 : pbmc_1 : Cov : chr3, Class = Rle

pbmc_1 : Cov : chr3: length = 198220267
integer-Rle of length 6 with 1 run
  Lengths: 6
  Values : 0



2022-04-11 22:56:18 : pbmc_1 : SumTSS : chr3, Class = integer

pbmc_1 : SumTSS : chr3: length = 4001
[1] 15731 15102 15133 15700 15879 15460



2022-04-11 22:56:18 : getFragmentsFromArrow Input-Parameters, Class = list

getFragmentsFromArrow Input-Parameters$ArrowFile: length = 1
                                                                                                               pbmc_1 
"/home/philipp/Bioinfo_Playground/10x_pbmc_multiome_processing_output/ConsensusQC_ArchR_PROJ/ArrowFiles/pbmc_1.arrow" 


getFragmentsFromArrow Input-Parameters$chr: length = 1
[1] "chr4"


getFragmentsFromArrow Input-Parameters$cellNames: length = 11904
[1] "pbmc_1#TGAGCAAAGGCCTGGT-1" "pbmc_1#AACCGCTCATATAACC-1" "pbmc_1#CAGCAAGCAGTAGGTG-1"
[4] "pbmc_1#TTCATTCAGCCGCTTT-1" "pbmc_1#GGAGTCTGTGAGCAAG-1" "pbmc_1#CTAGTAGGTAGCAGCT-1"


getFragmentsFromArrow Input-Parameters$verbose: length = 1
[1] FALSE


getFragmentsFromArrow Input-Parameters$logFile: length = 1
[1] "ArchRLogs/ArchR-plotTSSEnrichment-56f1e16a38bb9-Date-2022-04-11_Time-22-55-46.log"


2022-04-11 22:56:18 : Reading Chr 1 of 1, 0.001 mins elapsed.
###########
2022-04-11 22:56:19 : Merging, 0.013 mins elapsed.
###########

2022-04-11 22:56:23 : pbmc_1 : Cov : chr4, Class = Rle

pbmc_1 : Cov : chr4: length = 190204543
integer-Rle of length 6 with 1 run
  Lengths: 6
  Values : 0



2022-04-11 22:56:24 : pbmc_1 : SumTSS : chr4, Class = integer

pbmc_1 : SumTSS : chr4: length = 4001
[1] 17729 17047 16953 17540 17779 17371



2022-04-11 22:56:24 : getFragmentsFromArrow Input-Parameters, Class = list

getFragmentsFromArrow Input-Parameters$ArrowFile: length = 1
                                                                                                               pbmc_1 
"/home/philipp/Bioinfo_Playground/10x_pbmc_multiome_processing_output/ConsensusQC_ArchR_PROJ/ArrowFiles/pbmc_1.arrow" 


getFragmentsFromArrow Input-Parameters$chr: length = 1
[1] "chr5"


getFragmentsFromArrow Input-Parameters$cellNames: length = 11904
[1] "pbmc_1#TGAGCAAAGGCCTGGT-1" "pbmc_1#AACCGCTCATATAACC-1" "pbmc_1#CAGCAAGCAGTAGGTG-1"
[4] "pbmc_1#TTCATTCAGCCGCTTT-1" "pbmc_1#GGAGTCTGTGAGCAAG-1" "pbmc_1#CTAGTAGGTAGCAGCT-1"


getFragmentsFromArrow Input-Parameters$verbose: length = 1
[1] FALSE


getFragmentsFromArrow Input-Parameters$logFile: length = 1
[1] "ArchRLogs/ArchR-plotTSSEnrichment-56f1e16a38bb9-Date-2022-04-11_Time-22-55-46.log"


2022-04-11 22:56:24 : Reading Chr 1 of 1, 0 mins elapsed.
###########
2022-04-11 22:56:25 : Merging, 0.017 mins elapsed.
###########

2022-04-11 22:56:30 : pbmc_1 : Cov : chr5, Class = Rle

pbmc_1 : Cov : chr5: length = 181477980
integer-Rle of length 6 with 1 run
  Lengths: 6
  Values : 0



2022-04-11 22:56:30 : pbmc_1 : SumTSS : chr5, Class = integer

pbmc_1 : SumTSS : chr5: length = 4001
[1] 21061 19999 19554 20466 20559 20335



2022-04-11 22:56:30 : getFragmentsFromArrow Input-Parameters, Class = list

getFragmentsFromArrow Input-Parameters$ArrowFile: length = 1
                                                                                                               pbmc_1 
"/home/philipp/Bioinfo_Playground/10x_pbmc_multiome_processing_output/ConsensusQC_ArchR_PROJ/ArrowFiles/pbmc_1.arrow" 


getFragmentsFromArrow Input-Parameters$chr: length = 1
[1] "chr6"


getFragmentsFromArrow Input-Parameters$cellNames: length = 11904
[1] "pbmc_1#TGAGCAAAGGCCTGGT-1" "pbmc_1#AACCGCTCATATAACC-1" "pbmc_1#CAGCAAGCAGTAGGTG-1"
[4] "pbmc_1#TTCATTCAGCCGCTTT-1" "pbmc_1#GGAGTCTGTGAGCAAG-1" "pbmc_1#CTAGTAGGTAGCAGCT-1"


getFragmentsFromArrow Input-Parameters$verbose: length = 1
[1] FALSE


getFragmentsFromArrow Input-Parameters$logFile: length = 1
[1] "ArchRLogs/ArchR-plotTSSEnrichment-56f1e16a38bb9-Date-2022-04-11_Time-22-55-46.log"


2022-04-11 22:56:30 : Reading Chr 1 of 1, 0 mins elapsed.
###########
2022-04-11 22:56:31 : Merging, 0.016 mins elapsed.
###########

2022-04-11 22:56:38 : pbmc_1 : Cov : chr6, Class = Rle

pbmc_1 : Cov : chr6: length = 170739989
integer-Rle of length 6 with 1 run
  Lengths: 6
  Values : 0



2022-04-11 22:56:38 : pbmc_1 : SumTSS : chr6, Class = integer

pbmc_1 : SumTSS : chr6: length = 4001
[1] 24820 23755 23012 24301 24443 24316



2022-04-11 22:56:38 : getFragmentsFromArrow Input-Parameters, Class = list

getFragmentsFromArrow Input-Parameters$ArrowFile: length = 1
                                                                                                               pbmc_1 
"/home/philipp/Bioinfo_Playground/10x_pbmc_multiome_processing_output/ConsensusQC_ArchR_PROJ/ArrowFiles/pbmc_1.arrow" 


getFragmentsFromArrow Input-Parameters$chr: length = 1
[1] "chr7"


getFragmentsFromArrow Input-Parameters$cellNames: length = 11904
[1] "pbmc_1#TGAGCAAAGGCCTGGT-1" "pbmc_1#AACCGCTCATATAACC-1" "pbmc_1#CAGCAAGCAGTAGGTG-1"
[4] "pbmc_1#TTCATTCAGCCGCTTT-1" "pbmc_1#GGAGTCTGTGAGCAAG-1" "pbmc_1#CTAGTAGGTAGCAGCT-1"


getFragmentsFromArrow Input-Parameters$verbose: length = 1
[1] FALSE


getFragmentsFromArrow Input-Parameters$logFile: length = 1
[1] "ArchRLogs/ArchR-plotTSSEnrichment-56f1e16a38bb9-Date-2022-04-11_Time-22-55-46.log"


2022-04-11 22:56:38 : Reading Chr 1 of 1, 0 mins elapsed.
###########
2022-04-11 22:56:40 : Merging, 0.027 mins elapsed.
###########

2022-04-11 22:56:45 : pbmc_1 : Cov : chr7, Class = Rle

pbmc_1 : Cov : chr7: length = 159335931
integer-Rle of length 6 with 1 run
  Lengths: 6
  Values : 0



2022-04-11 22:56:45 : pbmc_1 : SumTSS : chr7, Class = integer

pbmc_1 : SumTSS : chr7: length = 4001
[1] 27786 26516 25890 27007 27277 27195



2022-04-11 22:56:45 : getFragmentsFromArrow Input-Parameters, Class = list

getFragmentsFromArrow Input-Parameters$ArrowFile: length = 1
                                                                                                               pbmc_1 
"/home/philipp/Bioinfo_Playground/10x_pbmc_multiome_processing_output/ConsensusQC_ArchR_PROJ/ArrowFiles/pbmc_1.arrow" 


getFragmentsFromArrow Input-Parameters$chr: length = 1
[1] "chr8"


getFragmentsFromArrow Input-Parameters$cellNames: length = 11904
[1] "pbmc_1#TGAGCAAAGGCCTGGT-1" "pbmc_1#AACCGCTCATATAACC-1" "pbmc_1#CAGCAAGCAGTAGGTG-1"
[4] "pbmc_1#TTCATTCAGCCGCTTT-1" "pbmc_1#GGAGTCTGTGAGCAAG-1" "pbmc_1#CTAGTAGGTAGCAGCT-1"


getFragmentsFromArrow Input-Parameters$verbose: length = 1
[1] FALSE


getFragmentsFromArrow Input-Parameters$logFile: length = 1
[1] "ArchRLogs/ArchR-plotTSSEnrichment-56f1e16a38bb9-Date-2022-04-11_Time-22-55-46.log"


2022-04-11 22:56:45 : Reading Chr 1 of 1, 0.001 mins elapsed.
###########
2022-04-11 22:56:46 : Merging, 0.016 mins elapsed.
###########

2022-04-11 22:56:50 : pbmc_1 : Cov : chr8, Class = Rle

pbmc_1 : Cov : chr8: length = 145076001
integer-Rle of length 6 with 1 run
  Lengths: 6
  Values : 0



2022-04-11 22:56:50 : pbmc_1 : SumTSS : chr8, Class = integer

pbmc_1 : SumTSS : chr8: length = 4001
[1] 30293 29063 28553 29443 29621 29447



2022-04-11 22:56:50 : getFragmentsFromArrow Input-Parameters, Class = list

getFragmentsFromArrow Input-Parameters$ArrowFile: length = 1
                                                                                                               pbmc_1 
"/home/philipp/Bioinfo_Playground/10x_pbmc_multiome_processing_output/ConsensusQC_ArchR_PROJ/ArrowFiles/pbmc_1.arrow" 


getFragmentsFromArrow Input-Parameters$chr: length = 1
[1] "chr9"


getFragmentsFromArrow Input-Parameters$cellNames: length = 11904
[1] "pbmc_1#TGAGCAAAGGCCTGGT-1" "pbmc_1#AACCGCTCATATAACC-1" "pbmc_1#CAGCAAGCAGTAGGTG-1"
[4] "pbmc_1#TTCATTCAGCCGCTTT-1" "pbmc_1#GGAGTCTGTGAGCAAG-1" "pbmc_1#CTAGTAGGTAGCAGCT-1"


getFragmentsFromArrow Input-Parameters$verbose: length = 1
[1] FALSE


getFragmentsFromArrow Input-Parameters$logFile: length = 1
[1] "ArchRLogs/ArchR-plotTSSEnrichment-56f1e16a38bb9-Date-2022-04-11_Time-22-55-46.log"


2022-04-11 22:56:50 : Reading Chr 1 of 1, 0 mins elapsed.
###########
2022-04-11 22:56:51 : Merging, 0.019 mins elapsed.
###########

2022-04-11 22:56:56 : pbmc_1 : Cov : chr9, Class = Rle

pbmc_1 : Cov : chr9: length = 138228039
integer-Rle of length 6 with 1 run
  Lengths: 6
  Values : 0



2022-04-11 22:56:56 : pbmc_1 : SumTSS : chr9, Class = integer

pbmc_1 : SumTSS : chr9: length = 4001
[1] 32465 31135 30829 31940 32014 31800



2022-04-11 22:56:56 : getFragmentsFromArrow Input-Parameters, Class = list

getFragmentsFromArrow Input-Parameters$ArrowFile: length = 1
                                                                                                               pbmc_1 
"/home/philipp/Bioinfo_Playground/10x_pbmc_multiome_processing_output/ConsensusQC_ArchR_PROJ/ArrowFiles/pbmc_1.arrow" 


getFragmentsFromArrow Input-Parameters$chr: length = 1
[1] "chr10"


getFragmentsFromArrow Input-Parameters$cellNames: length = 11904
[1] "pbmc_1#TGAGCAAAGGCCTGGT-1" "pbmc_1#AACCGCTCATATAACC-1" "pbmc_1#CAGCAAGCAGTAGGTG-1"
[4] "pbmc_1#TTCATTCAGCCGCTTT-1" "pbmc_1#GGAGTCTGTGAGCAAG-1" "pbmc_1#CTAGTAGGTAGCAGCT-1"


getFragmentsFromArrow Input-Parameters$verbose: length = 1
[1] FALSE


getFragmentsFromArrow Input-Parameters$logFile: length = 1
[1] "ArchRLogs/ArchR-plotTSSEnrichment-56f1e16a38bb9-Date-2022-04-11_Time-22-55-46.log"


2022-04-11 22:56:56 : Reading Chr 1 of 1, 0 mins elapsed.
###########
2022-04-11 22:56:57 : Merging, 0.019 mins elapsed.
###########

2022-04-11 22:57:02 : pbmc_1 : Cov : chr10, Class = Rle

pbmc_1 : Cov : chr10: length = 133787382
integer-Rle of length 6 with 1 run
  Lengths: 6
  Values : 0



2022-04-11 22:57:02 : pbmc_1 : SumTSS : chr10, Class = integer

pbmc_1 : SumTSS : chr10: length = 4001
[1] 34656 33361 32913 33964 34299 33996



2022-04-11 22:57:02 : getFragmentsFromArrow Input-Parameters, Class = list

getFragmentsFromArrow Input-Parameters$ArrowFile: length = 1
                                                                                                               pbmc_1 
"/home/philipp/Bioinfo_Playground/10x_pbmc_multiome_processing_output/ConsensusQC_ArchR_PROJ/ArrowFiles/pbmc_1.arrow" 


getFragmentsFromArrow Input-Parameters$chr: length = 1
[1] "chr11"


getFragmentsFromArrow Input-Parameters$cellNames: length = 11904
[1] "pbmc_1#TGAGCAAAGGCCTGGT-1" "pbmc_1#AACCGCTCATATAACC-1" "pbmc_1#CAGCAAGCAGTAGGTG-1"
[4] "pbmc_1#TTCATTCAGCCGCTTT-1" "pbmc_1#GGAGTCTGTGAGCAAG-1" "pbmc_1#CTAGTAGGTAGCAGCT-1"


getFragmentsFromArrow Input-Parameters$verbose: length = 1
[1] FALSE


getFragmentsFromArrow Input-Parameters$logFile: length = 1
[1] "ArchRLogs/ArchR-plotTSSEnrichment-56f1e16a38bb9-Date-2022-04-11_Time-22-55-46.log"


2022-04-11 22:57:02 : Reading Chr 1 of 1, 0 mins elapsed.
###########
2022-04-11 22:57:03 : Merging, 0.019 mins elapsed.
###########

2022-04-11 22:57:09 : pbmc_1 : Cov : chr11, Class = Rle

pbmc_1 : Cov : chr11: length = 135076613
integer-Rle of length 6 with 1 run
  Lengths: 6
  Values : 0



2022-04-11 22:57:10 : pbmc_1 : SumTSS : chr11, Class = integer

pbmc_1 : SumTSS : chr11: length = 4001
[1] 41382 39917 39539 40689 41172 40535



2022-04-11 22:57:10 : getFragmentsFromArrow Input-Parameters, Class = list

getFragmentsFromArrow Input-Parameters$ArrowFile: length = 1
                                                                                                               pbmc_1 
"/home/philipp/Bioinfo_Playground/10x_pbmc_multiome_processing_output/ConsensusQC_ArchR_PROJ/ArrowFiles/pbmc_1.arrow" 


getFragmentsFromArrow Input-Parameters$chr: length = 1
[1] "chr12"


getFragmentsFromArrow Input-Parameters$cellNames: length = 11904
[1] "pbmc_1#TGAGCAAAGGCCTGGT-1" "pbmc_1#AACCGCTCATATAACC-1" "pbmc_1#CAGCAAGCAGTAGGTG-1"
[4] "pbmc_1#TTCATTCAGCCGCTTT-1" "pbmc_1#GGAGTCTGTGAGCAAG-1" "pbmc_1#CTAGTAGGTAGCAGCT-1"


getFragmentsFromArrow Input-Parameters$verbose: length = 1
[1] FALSE


getFragmentsFromArrow Input-Parameters$logFile: length = 1
[1] "ArchRLogs/ArchR-plotTSSEnrichment-56f1e16a38bb9-Date-2022-04-11_Time-22-55-46.log"


2022-04-11 22:57:10 : Reading Chr 1 of 1, 0 mins elapsed.
###########
2022-04-11 22:57:11 : Merging, 0.029 mins elapsed.
###########

2022-04-11 22:57:17 : pbmc_1 : Cov : chr12, Class = Rle

pbmc_1 : Cov : chr12: length = 133265307
integer-Rle of length 6 with 1 run
  Lengths: 6
  Values : 0



2022-04-11 22:57:18 : pbmc_1 : SumTSS : chr12, Class = integer

pbmc_1 : SumTSS : chr12: length = 4001
[1] 45767 44407 44212 45549 46053 45232



2022-04-11 22:57:18 : getFragmentsFromArrow Input-Parameters, Class = list

getFragmentsFromArrow Input-Parameters$ArrowFile: length = 1
                                                                                                               pbmc_1 
"/home/philipp/Bioinfo_Playground/10x_pbmc_multiome_processing_output/ConsensusQC_ArchR_PROJ/ArrowFiles/pbmc_1.arrow" 


getFragmentsFromArrow Input-Parameters$chr: length = 1
[1] "chr13"


getFragmentsFromArrow Input-Parameters$cellNames: length = 11904
[1] "pbmc_1#TGAGCAAAGGCCTGGT-1" "pbmc_1#AACCGCTCATATAACC-1" "pbmc_1#CAGCAAGCAGTAGGTG-1"
[4] "pbmc_1#TTCATTCAGCCGCTTT-1" "pbmc_1#GGAGTCTGTGAGCAAG-1" "pbmc_1#CTAGTAGGTAGCAGCT-1"


getFragmentsFromArrow Input-Parameters$verbose: length = 1
[1] FALSE


getFragmentsFromArrow Input-Parameters$logFile: length = 1
[1] "ArchRLogs/ArchR-plotTSSEnrichment-56f1e16a38bb9-Date-2022-04-11_Time-22-55-46.log"


2022-04-11 22:57:18 : Reading Chr 1 of 1, 0 mins elapsed.
###########
2022-04-11 22:57:18 : Merging, 0.01 mins elapsed.
###########

2022-04-11 22:57:21 : pbmc_1 : Cov : chr13, Class = Rle

pbmc_1 : Cov : chr13: length = 114354208
integer-Rle of length 6 with 1 run
  Lengths: 6
  Values : 0



2022-04-11 22:57:21 : pbmc_1 : SumTSS : chr13, Class = integer

pbmc_1 : SumTSS : chr13: length = 4001
[1] 46843 45572 45344 46587 47026 46130



2022-04-11 22:57:21 : getFragmentsFromArrow Input-Parameters, Class = list

getFragmentsFromArrow Input-Parameters$ArrowFile: length = 1
                                                                                                               pbmc_1 
"/home/philipp/Bioinfo_Playground/10x_pbmc_multiome_processing_output/ConsensusQC_ArchR_PROJ/ArrowFiles/pbmc_1.arrow" 


getFragmentsFromArrow Input-Parameters$chr: length = 1
[1] "chr14"


getFragmentsFromArrow Input-Parameters$cellNames: length = 11904
[1] "pbmc_1#TGAGCAAAGGCCTGGT-1" "pbmc_1#AACCGCTCATATAACC-1" "pbmc_1#CAGCAAGCAGTAGGTG-1"
[4] "pbmc_1#TTCATTCAGCCGCTTT-1" "pbmc_1#GGAGTCTGTGAGCAAG-1" "pbmc_1#CTAGTAGGTAGCAGCT-1"


getFragmentsFromArrow Input-Parameters$verbose: length = 1
[1] FALSE


getFragmentsFromArrow Input-Parameters$logFile: length = 1
[1] "ArchRLogs/ArchR-plotTSSEnrichment-56f1e16a38bb9-Date-2022-04-11_Time-22-55-46.log"


2022-04-11 22:57:21 : Reading Chr 1 of 1, 0 mins elapsed.
###########
2022-04-11 22:57:21 : Merging, 0.011 mins elapsed.
###########

2022-04-11 22:57:25 : pbmc_1 : Cov : chr14, Class = Rle

pbmc_1 : Cov : chr14: length = 106883743
integer-Rle of length 6 with 1 run
  Lengths: 6
  Values : 0



2022-04-11 22:57:25 : pbmc_1 : SumTSS : chr14, Class = integer

pbmc_1 : SumTSS : chr14: length = 4001
[1] 49769 48580 48153 49324 49902 49089



2022-04-11 22:57:25 : getFragmentsFromArrow Input-Parameters, Class = list

getFragmentsFromArrow Input-Parameters$ArrowFile: length = 1
                                                                                                               pbmc_1 
"/home/philipp/Bioinfo_Playground/10x_pbmc_multiome_processing_output/ConsensusQC_ArchR_PROJ/ArrowFiles/pbmc_1.arrow" 


getFragmentsFromArrow Input-Parameters$chr: length = 1
[1] "chr15"


getFragmentsFromArrow Input-Parameters$cellNames: length = 11904
[1] "pbmc_1#TGAGCAAAGGCCTGGT-1" "pbmc_1#AACCGCTCATATAACC-1" "pbmc_1#CAGCAAGCAGTAGGTG-1"
[4] "pbmc_1#TTCATTCAGCCGCTTT-1" "pbmc_1#GGAGTCTGTGAGCAAG-1" "pbmc_1#CTAGTAGGTAGCAGCT-1"


getFragmentsFromArrow Input-Parameters$verbose: length = 1
[1] FALSE


getFragmentsFromArrow Input-Parameters$logFile: length = 1
[1] "ArchRLogs/ArchR-plotTSSEnrichment-56f1e16a38bb9-Date-2022-04-11_Time-22-55-46.log"


2022-04-11 22:57:25 : Reading Chr 1 of 1, 0 mins elapsed.
###########
2022-04-11 22:57:26 : Merging, 0.012 mins elapsed.
###########

2022-04-11 22:57:30 : pbmc_1 : Cov : chr15, Class = Rle

pbmc_1 : Cov : chr15: length = 101981182
integer-Rle of length 6 with 1 run
  Lengths: 6
  Values : 0



2022-04-11 22:57:30 : pbmc_1 : SumTSS : chr15, Class = integer

pbmc_1 : SumTSS : chr15: length = 4001
[1] 51933 50946 50472 51649 52189 51358



2022-04-11 22:57:30 : getFragmentsFromArrow Input-Parameters, Class = list

getFragmentsFromArrow Input-Parameters$ArrowFile: length = 1
                                                                                                               pbmc_1 
"/home/philipp/Bioinfo_Playground/10x_pbmc_multiome_processing_output/ConsensusQC_ArchR_PROJ/ArrowFiles/pbmc_1.arrow" 


getFragmentsFromArrow Input-Parameters$chr: length = 1
[1] "chr16"


getFragmentsFromArrow Input-Parameters$cellNames: length = 11904
[1] "pbmc_1#TGAGCAAAGGCCTGGT-1" "pbmc_1#AACCGCTCATATAACC-1" "pbmc_1#CAGCAAGCAGTAGGTG-1"
[4] "pbmc_1#TTCATTCAGCCGCTTT-1" "pbmc_1#GGAGTCTGTGAGCAAG-1" "pbmc_1#CTAGTAGGTAGCAGCT-1"


getFragmentsFromArrow Input-Parameters$verbose: length = 1
[1] FALSE


getFragmentsFromArrow Input-Parameters$logFile: length = 1
[1] "ArchRLogs/ArchR-plotTSSEnrichment-56f1e16a38bb9-Date-2022-04-11_Time-22-55-46.log"


2022-04-11 22:57:30 : Reading Chr 1 of 1, 0 mins elapsed.
###########
2022-04-11 22:57:31 : Merging, 0.014 mins elapsed.
###########

2022-04-11 22:57:35 : pbmc_1 : Cov : chr16, Class = Rle

pbmc_1 : Cov : chr16: length = 90224816
integer-Rle of length 6 with 1 run
  Lengths: 6
  Values : 0



2022-04-11 22:57:36 : pbmc_1 : SumTSS : chr16, Class = integer

pbmc_1 : SumTSS : chr16: length = 4001
[1] 56942 55664 55098 56337 57539 56381



2022-04-11 22:57:36 : getFragmentsFromArrow Input-Parameters, Class = list

getFragmentsFromArrow Input-Parameters$ArrowFile: length = 1
                                                                                                               pbmc_1 
"/home/philipp/Bioinfo_Playground/10x_pbmc_multiome_processing_output/ConsensusQC_ArchR_PROJ/ArrowFiles/pbmc_1.arrow" 


getFragmentsFromArrow Input-Parameters$chr: length = 1
[1] "chr17"


getFragmentsFromArrow Input-Parameters$cellNames: length = 11904
[1] "pbmc_1#TGAGCAAAGGCCTGGT-1" "pbmc_1#AACCGCTCATATAACC-1" "pbmc_1#CAGCAAGCAGTAGGTG-1"
[4] "pbmc_1#TTCATTCAGCCGCTTT-1" "pbmc_1#GGAGTCTGTGAGCAAG-1" "pbmc_1#CTAGTAGGTAGCAGCT-1"


getFragmentsFromArrow Input-Parameters$verbose: length = 1
[1] FALSE


getFragmentsFromArrow Input-Parameters$logFile: length = 1
[1] "ArchRLogs/ArchR-plotTSSEnrichment-56f1e16a38bb9-Date-2022-04-11_Time-22-55-46.log"


2022-04-11 22:57:36 : Reading Chr 1 of 1, 0 mins elapsed.
###########
2022-04-11 22:57:37 : Merging, 0.019 mins elapsed.
###########

2022-04-11 22:57:41 : pbmc_1 : Cov : chr17, Class = Rle

pbmc_1 : Cov : chr17: length = 83247387
integer-Rle of length 6 with 1 run
  Lengths: 6
  Values : 0



2022-04-11 22:57:41 : pbmc_1 : SumTSS : chr17, Class = integer

pbmc_1 : SumTSS : chr17: length = 4001
[1] 63650 62405 61850 63154 64732 63232



2022-04-11 22:57:41 : getFragmentsFromArrow Input-Parameters, Class = list

getFragmentsFromArrow Input-Parameters$ArrowFile: length = 1
                                                                                                               pbmc_1 
"/home/philipp/Bioinfo_Playground/10x_pbmc_multiome_processing_output/ConsensusQC_ArchR_PROJ/ArrowFiles/pbmc_1.arrow" 


getFragmentsFromArrow Input-Parameters$chr: length = 1
[1] "chr18"


getFragmentsFromArrow Input-Parameters$cellNames: length = 11904
[1] "pbmc_1#TGAGCAAAGGCCTGGT-1" "pbmc_1#AACCGCTCATATAACC-1" "pbmc_1#CAGCAAGCAGTAGGTG-1"
[4] "pbmc_1#TTCATTCAGCCGCTTT-1" "pbmc_1#GGAGTCTGTGAGCAAG-1" "pbmc_1#CTAGTAGGTAGCAGCT-1"


getFragmentsFromArrow Input-Parameters$verbose: length = 1
[1] FALSE


getFragmentsFromArrow Input-Parameters$logFile: length = 1
[1] "ArchRLogs/ArchR-plotTSSEnrichment-56f1e16a38bb9-Date-2022-04-11_Time-22-55-46.log"


2022-04-11 22:57:41 : Reading Chr 1 of 1, 0 mins elapsed.
###########
2022-04-11 22:57:42 : Merging, 0.009 mins elapsed.
###########

2022-04-11 22:57:44 : pbmc_1 : Cov : chr18, Class = Rle

pbmc_1 : Cov : chr18: length = 80263214
integer-Rle of length 6 with 1 run
  Lengths: 6
  Values : 0



2022-04-11 22:57:44 : pbmc_1 : SumTSS : chr18, Class = integer

pbmc_1 : SumTSS : chr18: length = 4001
[1] 64564 63567 62885 64097 65701 64071



2022-04-11 22:57:44 : getFragmentsFromArrow Input-Parameters, Class = list

getFragmentsFromArrow Input-Parameters$ArrowFile: length = 1
                                                                                                               pbmc_1 
"/home/philipp/Bioinfo_Playground/10x_pbmc_multiome_processing_output/ConsensusQC_ArchR_PROJ/ArrowFiles/pbmc_1.arrow" 


getFragmentsFromArrow Input-Parameters$chr: length = 1
[1] "chr19"


getFragmentsFromArrow Input-Parameters$cellNames: length = 11904
[1] "pbmc_1#TGAGCAAAGGCCTGGT-1" "pbmc_1#AACCGCTCATATAACC-1" "pbmc_1#CAGCAAGCAGTAGGTG-1"
[4] "pbmc_1#TTCATTCAGCCGCTTT-1" "pbmc_1#GGAGTCTGTGAGCAAG-1" "pbmc_1#CTAGTAGGTAGCAGCT-1"


getFragmentsFromArrow Input-Parameters$verbose: length = 1
[1] FALSE


getFragmentsFromArrow Input-Parameters$logFile: length = 1
[1] "ArchRLogs/ArchR-plotTSSEnrichment-56f1e16a38bb9-Date-2022-04-11_Time-22-55-46.log"


2022-04-11 22:57:44 : Reading Chr 1 of 1, 0 mins elapsed.
###########
2022-04-11 22:57:45 : Merging, 0.017 mins elapsed.
###########

2022-04-11 22:57:49 : pbmc_1 : Cov : chr19, Class = Rle

pbmc_1 : Cov : chr19: length = 58607586
integer-Rle of length 6 with 1 run
  Lengths: 6
  Values : 0



2022-04-11 22:57:50 : pbmc_1 : SumTSS : chr19, Class = integer

pbmc_1 : SumTSS : chr19: length = 4001
[1] 74286 73342 72491 73433 75174 73326



2022-04-11 22:57:50 : getFragmentsFromArrow Input-Parameters, Class = list

getFragmentsFromArrow Input-Parameters$ArrowFile: length = 1
                                                                                                               pbmc_1 
"/home/philipp/Bioinfo_Playground/10x_pbmc_multiome_processing_output/ConsensusQC_ArchR_PROJ/ArrowFiles/pbmc_1.arrow" 


getFragmentsFromArrow Input-Parameters$chr: length = 1
[1] "chr20"


getFragmentsFromArrow Input-Parameters$cellNames: length = 11904
[1] "pbmc_1#TGAGCAAAGGCCTGGT-1" "pbmc_1#AACCGCTCATATAACC-1" "pbmc_1#CAGCAAGCAGTAGGTG-1"
[4] "pbmc_1#TTCATTCAGCCGCTTT-1" "pbmc_1#GGAGTCTGTGAGCAAG-1" "pbmc_1#CTAGTAGGTAGCAGCT-1"


getFragmentsFromArrow Input-Parameters$verbose: length = 1
[1] FALSE


getFragmentsFromArrow Input-Parameters$logFile: length = 1
[1] "ArchRLogs/ArchR-plotTSSEnrichment-56f1e16a38bb9-Date-2022-04-11_Time-22-55-46.log"


2022-04-11 22:57:50 : Reading Chr 1 of 1, 0 mins elapsed.
###########
2022-04-11 22:57:50 : Merging, 0.009 mins elapsed.
###########

2022-04-11 22:57:53 : pbmc_1 : Cov : chr20, Class = Rle

pbmc_1 : Cov : chr20: length = 64333397
integer-Rle of length 6 with 1 run
  Lengths: 6
  Values : 0



2022-04-11 22:57:54 : pbmc_1 : SumTSS : chr20, Class = integer

pbmc_1 : SumTSS : chr20: length = 4001
[1] 75895 75079 74262 75067 76948 75021



2022-04-11 22:57:54 : getFragmentsFromArrow Input-Parameters, Class = list

getFragmentsFromArrow Input-Parameters$ArrowFile: length = 1
                                                                                                               pbmc_1 
"/home/philipp/Bioinfo_Playground/10x_pbmc_multiome_processing_output/ConsensusQC_ArchR_PROJ/ArrowFiles/pbmc_1.arrow" 


getFragmentsFromArrow Input-Parameters$chr: length = 1
[1] "chr21"


getFragmentsFromArrow Input-Parameters$cellNames: length = 11904
[1] "pbmc_1#TGAGCAAAGGCCTGGT-1" "pbmc_1#AACCGCTCATATAACC-1" "pbmc_1#CAGCAAGCAGTAGGTG-1"
[4] "pbmc_1#TTCATTCAGCCGCTTT-1" "pbmc_1#GGAGTCTGTGAGCAAG-1" "pbmc_1#CTAGTAGGTAGCAGCT-1"


getFragmentsFromArrow Input-Parameters$verbose: length = 1
[1] FALSE


getFragmentsFromArrow Input-Parameters$logFile: length = 1
[1] "ArchRLogs/ArchR-plotTSSEnrichment-56f1e16a38bb9-Date-2022-04-11_Time-22-55-46.log"


2022-04-11 22:57:54 : Reading Chr 1 of 1, 0 mins elapsed.
###########
2022-04-11 22:57:54 : Merging, 0.006 mins elapsed.
###########

2022-04-11 22:57:55 : pbmc_1 : Cov : chr21, Class = Rle

pbmc_1 : Cov : chr21: length = 46699978
integer-Rle of length 6 with 1 run
  Lengths: 6
  Values : 0



2022-04-11 22:57:55 : pbmc_1 : SumTSS : chr21, Class = integer

pbmc_1 : SumTSS : chr21: length = 4001
[1] 76503 75605 74785 75709 77468 75646



2022-04-11 22:57:55 : getFragmentsFromArrow Input-Parameters, Class = list

getFragmentsFromArrow Input-Parameters$ArrowFile: length = 1
                                                                                                               pbmc_1 
"/home/philipp/Bioinfo_Playground/10x_pbmc_multiome_processing_output/ConsensusQC_ArchR_PROJ/ArrowFiles/pbmc_1.arrow" 


getFragmentsFromArrow Input-Parameters$chr: length = 1
[1] "chr22"


getFragmentsFromArrow Input-Parameters$cellNames: length = 11904
[1] "pbmc_1#TGAGCAAAGGCCTGGT-1" "pbmc_1#AACCGCTCATATAACC-1" "pbmc_1#CAGCAAGCAGTAGGTG-1"
[4] "pbmc_1#TTCATTCAGCCGCTTT-1" "pbmc_1#GGAGTCTGTGAGCAAG-1" "pbmc_1#CTAGTAGGTAGCAGCT-1"


getFragmentsFromArrow Input-Parameters$verbose: length = 1
[1] FALSE


getFragmentsFromArrow Input-Parameters$logFile: length = 1
[1] "ArchRLogs/ArchR-plotTSSEnrichment-56f1e16a38bb9-Date-2022-04-11_Time-22-55-46.log"


2022-04-11 22:57:56 : Reading Chr 1 of 1, 0.003 mins elapsed.
###########
2022-04-11 22:57:56 : Merging, 0.011 mins elapsed.
###########

2022-04-11 22:57:59 : pbmc_1 : Cov : chr22, Class = Rle

pbmc_1 : Cov : chr22: length = 50808425
integer-Rle of length 6 with 1 run
  Lengths: 6
  Values : 0



2022-04-11 22:57:59 : pbmc_1 : SumTSS : chr22, Class = integer

pbmc_1 : SumTSS : chr22: length = 4001
[1] 78305 77530 76542 77588 79250 77425



2022-04-11 22:57:59 : getFragmentsFromArrow Input-Parameters, Class = list

getFragmentsFromArrow Input-Parameters$ArrowFile: length = 1
                                                                                                               pbmc_1 
"/home/philipp/Bioinfo_Playground/10x_pbmc_multiome_processing_output/ConsensusQC_ArchR_PROJ/ArrowFiles/pbmc_1.arrow" 


getFragmentsFromArrow Input-Parameters$chr: length = 1
[1] "chrX"


getFragmentsFromArrow Input-Parameters$cellNames: length = 11904
[1] "pbmc_1#TGAGCAAAGGCCTGGT-1" "pbmc_1#AACCGCTCATATAACC-1" "pbmc_1#CAGCAAGCAGTAGGTG-1"
[4] "pbmc_1#TTCATTCAGCCGCTTT-1" "pbmc_1#GGAGTCTGTGAGCAAG-1" "pbmc_1#CTAGTAGGTAGCAGCT-1"


getFragmentsFromArrow Input-Parameters$verbose: length = 1
[1] FALSE


getFragmentsFromArrow Input-Parameters$logFile: length = 1
[1] "ArchRLogs/ArchR-plotTSSEnrichment-56f1e16a38bb9-Date-2022-04-11_Time-22-55-46.log"


2022-04-11 22:57:59 : Reading Chr 1 of 1, 0 mins elapsed.
###########
2022-04-11 22:58:00 : Merging, 0.009 mins elapsed.
###########

2022-04-11 22:58:02 : pbmc_1 : Cov : chrX, Class = Rle

pbmc_1 : Cov : chrX: length = 156030794
integer-Rle of length 6 with 1 run
  Lengths: 6
  Values : 0



2022-04-11 22:58:03 : pbmc_1 : SumTSS : chrX, Class = integer

pbmc_1 : SumTSS : chrX: length = 4001
[1] 79623 78994 77856 78844 80684 78737



2022-04-11 22:58:03 : getFragmentsFromArrow Input-Parameters, Class = list

getFragmentsFromArrow Input-Parameters$ArrowFile: length = 1
                                                                                                               pbmc_1 
"/home/philipp/Bioinfo_Playground/10x_pbmc_multiome_processing_output/ConsensusQC_ArchR_PROJ/ArrowFiles/pbmc_1.arrow" 


getFragmentsFromArrow Input-Parameters$chr: length = 1
[1] "chrY"


getFragmentsFromArrow Input-Parameters$cellNames: length = 11904
[1] "pbmc_1#TGAGCAAAGGCCTGGT-1" "pbmc_1#AACCGCTCATATAACC-1" "pbmc_1#CAGCAAGCAGTAGGTG-1"
[4] "pbmc_1#TTCATTCAGCCGCTTT-1" "pbmc_1#GGAGTCTGTGAGCAAG-1" "pbmc_1#CTAGTAGGTAGCAGCT-1"


getFragmentsFromArrow Input-Parameters$verbose: length = 1
[1] FALSE


getFragmentsFromArrow Input-Parameters$logFile: length = 1
[1] "ArchRLogs/ArchR-plotTSSEnrichment-56f1e16a38bb9-Date-2022-04-11_Time-22-55-46.log"


2022-04-11 22:58:03 : Reading Chr 1 of 1, 0 mins elapsed.
###########
2022-04-11 22:58:03 : Merging, 0.001 mins elapsed.
###########

2022-04-11 22:58:03 : pbmc_1 : Cov : chrY, Class = Rle

pbmc_1 : Cov : chrY: length = 56887256
integer-Rle of length 6 with 1 run
  Lengths: 6
  Values : 0



2022-04-11 22:58:03 : pbmc_1 : SumTSS : chrY, Class = integer

pbmc_1 : SumTSS : chrY: length = 4001
[1] 79623 78994 77856 78844 80684 78737



2022-04-11 22:58:03 : pbmc_1 : TSSDf, Class = DFrame
DataFrame with 4001 rows and 5 columns
           group         x     value normValue smoothValue
     <character> <numeric> <integer> <numeric>   <numeric>
1         pbmc_1     -2000     79623   1.17671     1.16442
2         pbmc_1     -1999     78994   1.16741     1.16442
3         pbmc_1     -1998     77856   1.15059     1.16442
4         pbmc_1     -1997     78844   1.16520     1.16442
5         pbmc_1     -1996     80684   1.19239     1.16442
...          ...       ...       ...       ...         ...
3997      pbmc_1      1996     53557  0.791491     0.81443
3998      pbmc_1      1997     55104  0.814354     0.81443
3999      pbmc_1      1998     54932  0.811812     0.81443
4000      pbmc_1      1999     56422  0.833832     0.81443
4001      pbmc_1      2000     55451  0.819482     0.81443

2022-04-11 22:58:03 : pbmc_1 Finished Computing TSS (1 of 1)!, 2.273 mins elapsed.

2022-04-11 22:58:03 : All : TSSDf, Class = DFrame
DataFrame with 4001 rows and 5 columns
           group         x     value normValue smoothValue
     <character> <numeric> <integer> <numeric>   <numeric>
1         pbmc_1     -2000     79623   1.17671     1.16442
2         pbmc_1     -1999     78994   1.16741     1.16442
3         pbmc_1     -1998     77856   1.15059     1.16442
4         pbmc_1     -1997     78844   1.16520     1.16442
5         pbmc_1     -1996     80684   1.19239     1.16442
...          ...       ...       ...       ...         ...
3997      pbmc_1      1996     53557  0.791491     0.81443
3998      pbmc_1      1997     55104  0.814354     0.81443
3999      pbmc_1      1998     54932  0.811812     0.81443
4000      pbmc_1      1999     56422  0.833832     0.81443
4001      pbmc_1      2000     55451  0.819482     0.81443


------- Completed

End Time : 2022-04-11 22:58:03
Elapsed Time Minutes = 2.28823920488358
Elapsed Time Hours = 0.0381373484267129

-------



