
           ___      .______        ______  __    __  .______      
          /   \     |   _  \      /      ||  |  |  | |   _  \     
         /  ^  \    |  |_)  |    |  ,----'|  |__|  | |  |_)  |    
        /  /_\  \   |      /     |  |     |   __   | |      /     
       /  _____  \  |  |\  \\___ |  `----.|  |  |  | |  |\  \\___.
      /__/     \__\ | _| `._____| \______||__|  |__| | _| `._____|
    
Logging With ArchR!

Start Time : 2022-04-11 22:17:16

------- ArchR Info

ArchRThreads = 1
ArchRGenome = Hg19

------- System Info

Computer OS = unix
Total Cores = 16

------- Session Info

R version 4.1.3 (2022-03-10)
Platform: x86_64-pc-linux-gnu (64-bit)
Running under: Ubuntu 20.04.4 LTS

Matrix products: default
BLAS:   /usr/lib/x86_64-linux-gnu/blas/libblas.so.3.9.0
LAPACK: /usr/lib/x86_64-linux-gnu/lapack/liblapack.so.3.9.0

locale:
 [1] LC_CTYPE=en_US.UTF-8       LC_NUMERIC=C               LC_TIME=en_US.UTF-8       
 [4] LC_COLLATE=en_US.UTF-8     LC_MONETARY=en_US.UTF-8    LC_MESSAGES=en_US.UTF-8   
 [7] LC_PAPER=en_US.UTF-8       LC_NAME=C                  LC_ADDRESS=C              
[10] LC_TELEPHONE=C             LC_MEASUREMENT=en_US.UTF-8 LC_IDENTIFICATION=C       

attached base packages:
 [1] grid      parallel  stats4    stats     graphics  grDevices utils     datasets 
 [9] methods   base     

other attached packages:
 [1] BSgenome.Hsapiens.UCSC.hg38_1.4.3 BiocManager_1.30.16              
 [3] gridExtra_2.3                     Rsamtools_2.8.0                  
 [5] BSgenome.Hsapiens.UCSC.hg19_1.4.3 BSgenome_1.60.0                  
 [7] rtracklayer_1.52.1                Biostrings_2.60.2                
 [9] XVector_0.32.0                    ArchR_1.0.1                      
[11] rhdf5_2.36.0                      Matrix_1.4-1                     
[13] data.table_1.14.2                 ggside_0.2.0                     
[15] scater_1.20.1                     scran_1.20.1                     
[17] scuttle_1.2.1                     SingleCellExperiment_1.14.1      
[19] SummarizedExperiment_1.22.0       Biobase_2.52.0                   
[21] GenomicRanges_1.44.0              GenomeInfoDb_1.28.4              
[23] IRanges_2.26.0                    S4Vectors_0.30.2                 
[25] BiocGenerics_0.38.0               scDblFinder_1.6.0                
[27] sparseMatrixStats_1.4.2           MatrixGenerics_1.4.3             
[29] matrixStats_0.61.0                magrittr_2.0.3                   
[31] forcats_0.5.1                     stringr_1.4.0                    
[33] dplyr_1.0.8                       purrr_0.3.4                      
[35] readr_2.1.2                       tidyr_1.2.0                      
[37] tibble_3.1.6                      ggplot2_3.3.5                    
[39] tidyverse_1.3.1                   reticulate_1.24                  

loaded via a namespace (and not attached):
  [1] utf8_1.2.2                tidyselect_1.1.2          htmlwidgets_1.5.4        
  [4] BiocParallel_1.26.2       Rtsne_0.15                munsell_0.5.0            
  [7] ScaledMatrix_1.0.0        codetools_0.2-18          ica_1.0-2                
 [10] statmod_1.4.36            xgboost_1.5.2.1           future_1.24.0            
 [13] miniUI_0.1.1.1            withr_2.5.0               spatstat.random_2.2-0    
 [16] colorspace_2.0-3          knitr_1.38                rstudioapi_0.13          
 [19] Seurat_4.1.0              ROCR_1.0-11               tensor_1.5               
 [22] listenv_0.8.0             labeling_0.4.2            GenomeInfoDbData_1.2.6   
 [25] polyclip_1.10-0           farver_2.1.0              bit64_4.0.5              
 [28] parallelly_1.31.0         vctrs_0.4.0               generics_0.1.2           
 [31] xfun_0.30                 R6_2.5.1                  ggbeeswarm_0.6.0         
 [34] rsvd_1.0.5                locfit_1.5-9.5            hdf5r_1.3.5              
 [37] bitops_1.0-7              rhdf5filters_1.4.0        spatstat.utils_2.3-0     
 [40] DelayedArray_0.18.0       assertthat_0.2.1          BiocIO_1.2.0             
 [43] promises_1.2.0.1          scales_1.1.1              vroom_1.5.7              
 [46] beeswarm_0.4.0            gtable_0.3.0              beachmat_2.8.1           
 [49] Cairo_1.5-15              globals_0.14.0            goftest_1.2-3            
 [52] rlang_1.0.2               splines_4.1.3             lazyeval_0.2.2           
 [55] spatstat.geom_2.4-0       broom_0.7.12              yaml_2.3.5               
 [58] reshape2_1.4.4            abind_1.4-5               modelr_0.1.8             
 [61] backports_1.4.1           httpuv_1.6.5              tools_4.1.3              
 [64] ellipsis_0.3.2            spatstat.core_2.4-2       RColorBrewer_1.1-3       
 [67] ggridges_0.5.3            Rcpp_1.0.8.3              plyr_1.8.7               
 [70] zlibbioc_1.38.0           RCurl_1.98-1.6            rpart_4.1.16             
 [73] deldir_1.0-6              pbapply_1.5-0             viridis_0.6.2            
 [76] cowplot_1.1.1             zoo_1.8-9                 SeuratObject_4.0.4       
 [79] haven_2.4.3               ggrepel_0.9.1             cluster_2.1.3            
 [82] fs_1.5.2                  RSpectra_0.16-0           scattermore_0.8          
 [85] lmtest_0.9-40             reprex_2.0.1              RANN_2.6.1               
 [88] fitdistrplus_1.1-8        hms_1.1.1                 patchwork_1.1.1          
 [91] mime_0.12                 evaluate_0.15             xtable_1.8-4             
 [94] XML_3.99-0.9              readxl_1.4.0              compiler_4.1.3           
 [97] KernSmooth_2.23-20        crayon_1.5.1              htmltools_0.5.2          
[100] mgcv_1.8-40               later_1.3.0               tzdb_0.3.0               
[103] lubridate_1.8.0           DBI_1.1.2                 dbplyr_2.1.1             
[106] MASS_7.3-56               cli_3.2.0                 metapod_1.0.0            
[109] igraph_1.3.0              pkgconfig_2.0.3           GenomicAlignments_1.28.0 
[112] plotly_4.10.0             spatstat.sparse_2.1-0     xml2_1.3.3               
[115] vipor_0.4.5               dqrng_0.3.0               rvest_1.0.2              
[118] digest_0.6.29             sctransform_0.3.3         RcppAnnoy_0.0.19         
[121] spatstat.data_2.1-4       rmarkdown_2.13            cellranger_1.1.0         
[124] leiden_0.3.9              uwot_0.1.11               edgeR_3.34.1             
[127] DelayedMatrixStats_1.14.3 restfulr_0.0.13           shiny_1.7.1              
[130] rjson_0.2.21              nlme_3.1-157              lifecycle_1.0.1          
[133] jsonlite_1.8.0            Rhdf5lib_1.14.2           BiocNeighbors_1.10.0     
[136] viridisLite_0.4.0         limma_3.48.3              fansi_1.0.3              
[139] pillar_1.7.0              lattice_0.20-45           fastmap_1.1.0            
[142] httr_1.4.2                survival_3.2-13           glue_1.6.2               
[145] png_0.1-7                 bluster_1.2.1             bit_4.0.4                
[148] stringi_1.7.6             BiocSingular_1.8.1        irlba_2.3.5              
[151] future.apply_1.8.1       


------- Log Info


2022-04-11 22:17:16 : createArrowFiles Input-Parameters, Class = list

createArrowFiles Input-Parameters$inputFiles: length = 1
                                                                                  pbmc_1 
"/mnt/sda/data/10X_pbmc_multiome_10k//pbmc_granulocyte_sorted_10k_atac_fragments.tsv.gz" 


createArrowFiles Input-Parameters$sampleNames: length = 1
[1] "pbmc_1"


createArrowFiles Input-Parameters$outputNames: length = 1
[1] "pbmc_1"


createArrowFiles Input-Parameters$validBarcodes: length = 0
NULL


createArrowFiles Input-Parameters$minTSS: length = 1
[1] 1


createArrowFiles Input-Parameters$minFrags: length = 1
[1] 1000


createArrowFiles Input-Parameters$maxFrags: length = 1
[1] 1e+05


createArrowFiles Input-Parameters$QCDir: length = 1
[1] "/home/philipp/Bioinfo_Playground/10x_pbmc_multiome_processing_output/Consensus_ArchR_QC"


createArrowFiles Input-Parameters$nucLength: length = 1
[1] 147


createArrowFiles Input-Parameters$promoterRegion: length = 2
[1] 2000  100


createArrowFiles Input-Parameters$excludeChr: length = 2
[1] "chrM" "chrY"


createArrowFiles Input-Parameters$nChunk: length = 1
[1] 5


createArrowFiles Input-Parameters$bcTag: length = 1
[1] "qname"


createArrowFiles Input-Parameters$gsubExpression: length = 0
NULL


createArrowFiles Input-Parameters$bamFlag: length = 0
NULL


createArrowFiles Input-Parameters$offsetPlus: length = 1
[1] 4


createArrowFiles Input-Parameters$offsetMinus: length = 1
[1] -5


createArrowFiles Input-Parameters$addTileMat: length = 1
[1] TRUE


createArrowFiles Input-Parameters$addGeneScoreMat: length = 1
[1] TRUE


createArrowFiles Input-Parameters$force: length = 1
[1] TRUE


createArrowFiles Input-Parameters$threads: length = 1
[1] 1


createArrowFiles Input-Parameters$parallelParam: length = 0
NULL


createArrowFiles Input-Parameters$subThreading: length = 1
[1] FALSE


createArrowFiles Input-Parameters$verbose: length = 1
[1] TRUE


createArrowFiles Input-Parameters$cleanTmp: length = 1
[1] TRUE


createArrowFiles Input-Parameters$logFile: length = 1
[1] "ArchRLogs/ArchR-createArrows-56f1e689081a9-Date-2022-04-11_Time-22-17-16.log"


createArrowFiles Input-Parameters$filterFrags: length = 1
[1] 1000


createArrowFiles Input-Parameters$filterTSS: length = 1
[1] 1



2022-04-11 22:17:16 : Cleaning Temporary Files
2022-04-11 22:17:16 : Batch Execution w/ safelapply!, 0 mins elapsed.

###########
2022-04-11 22:17:16 : Creating Arrow File pbmc_1.arrow (pbmc_1 : 1 of 1)
###########


2022-04-11 22:17:16 : validBC, Class = NULL

validBC: length = 0
NULL



2022-04-11 22:17:16 : (pbmc_1 : 1 of 1) Determining Arrow Method to use!
2022-04-11 22:17:16 : (pbmc_1 : 1 of 1) Reading In Fragments from inputFiles (readMethod = tabix), 0 mins elapsed.
2022-04-11 22:17:16 : (pbmc_1 : 1 of 1) Tabix Bed To Temporary File, 0 mins elapsed.

2022-04-11 22:17:16 : tileChromSizes, Class = GRanges
GRanges object with 120 ranges and 1 metadata column:
        seqnames              ranges strand |     chunkName
           <Rle>           <IRanges>  <Rle> |   <character>
    [1]     chr1          1-49791284      * |   chr1#chunk1
    [2]     chr1   49791285-99582568      * |   chr1#chunk2
    [3]     chr1  99582569-149373853      * |   chr1#chunk3
    [4]     chr1 149373854-199165137      * |   chr1#chunk4
    [5]     chr1 199165138-248956422      * |   chr1#chunk5
    ...      ...                 ...    ... .           ...
  [116]     chrY          1-11445483      * | chrY#chunk116
  [117]     chrY   11445484-22890966      * | chrY#chunk117
  [118]     chrY   22890967-34336449      * | chrY#chunk118
  [119]     chrY   34336450-45781932      * | chrY#chunk119
  [120]     chrY   45781933-57227415      * | chrY#chunk120
  -------
  seqinfo: 24 sequences from an unspecified genome; no seqlengths


2022-04-11 22:17:27 : (pbmc_1 : 1 of 1) .tabixToTmp Fragments-Chunk-(1 of 120)-chr1:1-49791284, Class = data.table
 
2022-04-11 22:17:27 : (pbmc_1 : 1 of 1) .tabixToTmp Fragments-Chunk-(1 of 120)-chr1:1-49791284, Class = data.frame
(pbmc_1 : 1 of 1) .tabixToTmp Fragments-Chunk-(1 of 120)-chr1:1-49791284: nRows = 6447704, nCols = 3



2022-04-11 22:17:27 : (pbmc_1 : 1 of 1) .tabixToTmp Barcodes-Chunk-(1 of 120)-chr1:1-49791284, Class = character

(pbmc_1 : 1 of 1) .tabixToTmp Barcodes-Chunk-(1 of 120)-chr1:1-49791284: length = 162278
[1] "TCAAGAACAGTAATAG-1" "AACCCGCAGGTAGCTT-1" "CGCATATAGGTTACGT-1" "GTAAGGTCACCCACAG-1"
[5] "TATTCGTTCCGCCTCA-1" "ATGAATGCATTGTCAG-1"


2022-04-11 22:18:22 : (pbmc_1 : 1 of 1) Reading TabixFile 8 Percent, 1.103 mins elapsed.
2022-04-11 22:19:11 : (pbmc_1 : 1 of 1) Reading TabixFile 17 Percent, 1.92 mins elapsed.
2022-04-11 22:19:57 : (pbmc_1 : 1 of 1) Reading TabixFile 25 Percent, 2.688 mins elapsed.
2022-04-11 22:20:38 : (pbmc_1 : 1 of 1) Reading TabixFile 33 Percent, 3.371 mins elapsed.
2022-04-11 22:21:20 : (pbmc_1 : 1 of 1) Reading TabixFile 42 Percent, 4.059 mins elapsed.
2022-04-11 22:22:04 : (pbmc_1 : 1 of 1) Reading TabixFile 50 Percent, 4.795 mins elapsed.
2022-04-11 22:22:35 : (pbmc_1 : 1 of 1) Reading TabixFile 58 Percent, 5.308 mins elapsed.
2022-04-11 22:23:10 : (pbmc_1 : 1 of 1) Reading TabixFile 67 Percent, 5.905 mins elapsed.
2022-04-11 22:23:49 : (pbmc_1 : 1 of 1) Reading TabixFile 75 Percent, 6.543 mins elapsed.
2022-04-11 22:24:28 : (pbmc_1 : 1 of 1) Reading TabixFile 83 Percent, 7.206 mins elapsed.
2022-04-11 22:24:49 : (pbmc_1 : 1 of 1) Reading TabixFile 92 Percent, 7.549 mins elapsed.
2022-04-11 22:25:10 : (pbmc_1 : 1 of 1) Reading TabixFile 100 Percent, 7.898 mins elapsed.
2022-04-11 22:25:11 : (pbmc_1 : 1 of 1) Successful creation of Temporary File, 7.914 mins elapsed.
2022-04-11 22:25:11 : (pbmc_1 : 1 of 1) Creating ArrowFile From Temporary File, 7.914 mins elapsed.

2022-04-11 22:25:11 : (pbmc_1 : 1 of 1) chunkChrNames, Class = data.frame
(pbmc_1 : 1 of 1) chunkChrNames: nRows = 118, nCols = 1


2022-04-11 22:25:11 : (pbmc_1 : 1 of 1) Counting Unique Barcodes From Temporary File, 7.914 mins elapsed.

2022-04-11 22:25:22 : (pbmc_1 : 1 of 1) BarcodeFrequencyTable, Class = data.table
 
2022-04-11 22:25:22 : (pbmc_1 : 1 of 1) BarcodeFrequencyTable, Class = data.frame
(pbmc_1 : 1 of 1) BarcodeFrequencyTable: nRows = 639399, nCols = 2



2022-04-11 22:25:22 : (pbmc_1 : 1 of 1) BarcodesMinMaxFrags, Class = data.frame
(pbmc_1 : 1 of 1) BarcodesMinMaxFrags: nRows = 11909, nCols = 1



2022-04-11 22:25:23 : (pbmc_1 : 1 of 1) Unique Chromosomes, Class = data.frame
(pbmc_1 : 1 of 1) Unique Chromosomes: nRows = 24, nCols = 1


2022-04-11 22:25:23 : (pbmc_1 : 1 of 1) Adding Chromosome 1 of 24, 8.114 mins elapsed.

2022-04-11 22:25:30 : (pbmc_1 : 1 of 1) .tmpToArrow Fragments-Chr-(1 of 24)-chr1, Class = IRanges

(pbmc_1 : 1 of 1) .tmpToArrow Fragments-Chr-(1 of 24)-chr1: length = 16767620
IRanges object with 6 ranges and 1 metadata column:
          start       end     width |                 RG
      <integer> <integer> <integer> |              <Rle>
  [1]    201378    201594       217 | TGAGCAAAGGCCTGGT-1
  [2]   1013448   1013670       223 | TGAGCAAAGGCCTGGT-1
  [3]   1068966   1069372       407 | TGAGCAAAGGCCTGGT-1
  [4]   1233969   1234339       371 | TGAGCAAAGGCCTGGT-1
  [5]   1234340   1234572       233 | TGAGCAAAGGCCTGGT-1
  [6]   1273654   1273844       191 | TGAGCAAAGGCCTGGT-1



2022-04-11 22:25:30 : (pbmc_1 : 1 of 1) .tmpToArrow Barcodes-Chr-(1 of 24)-chr1, Class = data.frame
(pbmc_1 : 1 of 1) .tmpToArrow Barcodes-Chr-(1 of 24)-chr1: nRows = 11909, nCols = 1


2022-04-11 22:25:31 : (pbmc_1 : 1 of 1) Adding Chromosome 2 of 24, 8.25 mins elapsed.
2022-04-11 22:25:37 : (pbmc_1 : 1 of 1) Adding Chromosome 3 of 24, 8.358 mins elapsed.
2022-04-11 22:25:43 : (pbmc_1 : 1 of 1) Adding Chromosome 4 of 24, 8.448 mins elapsed.
2022-04-11 22:25:47 : (pbmc_1 : 1 of 1) Adding Chromosome 5 of 24, 8.515 mins elapsed.
2022-04-11 22:25:52 : (pbmc_1 : 1 of 1) Adding Chromosome 6 of 24, 8.594 mins elapsed.
2022-04-11 22:25:57 : (pbmc_1 : 1 of 1) Adding Chromosome 7 of 24, 8.682 mins elapsed.
2022-04-11 22:26:02 : (pbmc_1 : 1 of 1) Adding Chromosome 8 of 24, 8.766 mins elapsed.
2022-04-11 22:26:06 : (pbmc_1 : 1 of 1) Adding Chromosome 9 of 24, 8.836 mins elapsed.
2022-04-11 22:26:10 : (pbmc_1 : 1 of 1) Adding Chromosome 10 of 24, 8.908 mins elapsed.
2022-04-11 22:26:15 : (pbmc_1 : 1 of 1) Adding Chromosome 11 of 24, 8.982 mins elapsed.
2022-04-11 22:26:20 : (pbmc_1 : 1 of 1) Adding Chromosome 12 of 24, 9.066 mins elapsed.
2022-04-11 22:26:25 : (pbmc_1 : 1 of 1) Adding Chromosome 13 of 24, 9.152 mins elapsed.
2022-04-11 22:26:28 : (pbmc_1 : 1 of 1) Adding Chromosome 14 of 24, 9.202 mins elapsed.
2022-04-11 22:26:32 : (pbmc_1 : 1 of 1) Adding Chromosome 15 of 24, 9.266 mins elapsed.
2022-04-11 22:26:35 : (pbmc_1 : 1 of 1) Adding Chromosome 16 of 24, 9.323 mins elapsed.
2022-04-11 22:26:40 : (pbmc_1 : 1 of 1) Adding Chromosome 17 of 24, 9.394 mins elapsed.
2022-04-11 22:26:45 : (pbmc_1 : 1 of 1) Adding Chromosome 18 of 24, 9.483 mins elapsed.
2022-04-11 22:26:48 : (pbmc_1 : 1 of 1) Adding Chromosome 19 of 24, 9.526 mins elapsed.
2022-04-11 22:26:53 : (pbmc_1 : 1 of 1) Adding Chromosome 20 of 24, 9.621 mins elapsed.
2022-04-11 22:26:57 : (pbmc_1 : 1 of 1) Adding Chromosome 21 of 24, 9.679 mins elapsed.
2022-04-11 22:26:59 : (pbmc_1 : 1 of 1) Adding Chromosome 22 of 24, 9.717 mins elapsed.
2022-04-11 22:27:02 : (pbmc_1 : 1 of 1) Adding Chromosome 23 of 24, 9.766 mins elapsed.
2022-04-11 22:27:05 : (pbmc_1 : 1 of 1) Adding Chromosome 24 of 24, 9.82 mins elapsed.
2022-04-11 22:27:07 : (pbmc_1 : 1 of 1) Successful creation of Arrow File, 9.842 mins elapsed.
2022-04-11 22:27:08 : (pbmc_1 : 1 of 1) Adding Fragment Summary, 9.863 mins elapsed.
2022-04-11 22:27:24 : (pbmc_1 : 1 of 1) Plotting Fragment Size Distribution, 10.134 mins elapsed.
2022-04-11 22:27:25 : (pbmc_1 : 1 of 1) Computing TSS Enrichment Scores, 10.152 mins elapsed.
2022-04-11 22:29:02 : (pbmc_1 : 1 of 1) Computed TSS Scores!, 1.619 mins elapsed.
2022-04-11 22:29:02 : (pbmc_1 : 1 of 1) CellStats : Number of Cells Pass Filter = 11904 , 11.771 mins elapsed.
2022-04-11 22:29:02 : (pbmc_1 : 1 of 1) CellStats : Median Frags = 13483 , 11.771 mins elapsed.
2022-04-11 22:29:02 : (pbmc_1 : 1 of 1) CellStats : Median TSS Enrichment = 13.552 , 11.771 mins elapsed.
2022-04-11 22:29:02 : (pbmc_1 : 1 of 1) Plotting TSS Enrichment Scores, 11.771 mins elapsed.
2022-04-11 22:29:04 : (pbmc_1 : 1 of 1) Adding Metadata to Fragments, 11.797 mins elapsed.
2022-04-11 22:29:05 : (pbmc_1 : 1 of 1) Adding Additional Feature Counts!, 11.813 mins elapsed.
2022-04-11 22:30:32 : (pbmc_1 : 1 of 1) Finished Adding Additional Feature Counts!, 13.269 mins elapsed.

2022-04-11 22:30:32 : (pbmc_1 : 1 of 1) Metadata, Class = DFrame
DataFrame with 11909 rows and 12 columns
                   cellNames    nFrags nMonoFrags  nDiFrags nMultiFrags TSSEnrichment
                 <character> <numeric>  <numeric> <numeric>   <numeric>     <numeric>
1     pbmc_1#TGAGCAAAGGCCT..     99678      20167     58346       21165         4.822
2     pbmc_1#AACCGCTCATATA..     94284      40334     36464       17486         8.795
3     pbmc_1#CAGCAAGCAGTAG..     92494      15417     56392       20685         3.344
4     pbmc_1#TTCATTCAGCCGC..     92303      43378     33301       15624         2.510
5     pbmc_1#GGAGTCTGTGAGC..     90198      45136     29367       15695         5.890
...                      ...       ...        ...       ...         ...           ...
11905 pbmc_1#ATTACGTCATTAT..      1004        433       396         175        19.411
11906 pbmc_1#CTTGAACAGCGGG..      1004        534       351         119         8.549
11907 pbmc_1#TAACCTAAGTAAA..      1002        677       228          97         5.633
11908 pbmc_1#TGAGTTTCAACAG..      1001        691       246          64         3.363
11909 pbmc_1#CAAGTATGTCTTT..      1000        414       400         186        10.129
      ReadsInTSS      Keep ReadsInPromoter PromoterRatio ReadsInBlacklist
       <numeric> <numeric>       <numeric>     <numeric>        <numeric>
1           4568         1            6010     0.0301471              481
2          25890         1           27737     0.1470928              951
3           2496         1            3884     0.0209960             1272
4           5808         1           11180     0.0605614              993
5          17394         1           22415     0.1242544             1035
...          ...       ...             ...           ...              ...
11905        745         1             679     0.3381474               14
11906        177         1             169     0.0841633                8
11907        128         1             185     0.0923154               10
11908         90         1             161     0.0804196               16
11909        445         1             434     0.2170000                8
      BlacklistRatio
           <numeric>
1         0.00241277
2         0.00504327
3         0.00687612
4         0.00537902
5         0.00573738
...              ...
11905     0.00697211
11906     0.00398406
11907     0.00499002
11908     0.00799201
11909     0.00400000

2022-04-11 22:30:32 : (pbmc_1 : 1 of 1) Removing Fragments from Filtered Cells, 13.271 mins elapsed.
2022-04-11 22:30:32 : (pbmc_1 : 1 of 1) Creating Filtered Arrow File, 13.272 mins elapsed.

2022-04-11 22:30:34 : (pbmc_1 : 1 of 1) .filterCellsFromArrow Fragments-Chr-(1 of 24)-chr1, Class = GRanges
GRanges object with 16766895 ranges and 1 metadata column:
             seqnames              ranges strand |                     RG
                <Rle>           <IRanges>  <Rle> |                  <Rle>
         [1]     chr1       201378-201594      * | pbmc_1#TGAGCAAAGGCCT..
         [2]     chr1     1013448-1013670      * | pbmc_1#TGAGCAAAGGCCT..
         [3]     chr1     1068966-1069372      * | pbmc_1#TGAGCAAAGGCCT..
         [4]     chr1     1233969-1234339      * | pbmc_1#TGAGCAAAGGCCT..
         [5]     chr1     1234340-1234572      * | pbmc_1#TGAGCAAAGGCCT..
         ...      ...                 ...    ... .                    ...
  [16766891]     chr1 235161318-235161362      * | pbmc_1#CAAGTATGTCTTT..
  [16766892]     chr1 235276622-235276797      * | pbmc_1#CAAGTATGTCTTT..
  [16766893]     chr1 236290550-236290733      * | pbmc_1#CAAGTATGTCTTT..
  [16766894]     chr1 241551698-241552000      * | pbmc_1#CAAGTATGTCTTT..
  [16766895]     chr1 247413835-247414028      * | pbmc_1#CAAGTATGTCTTT..
  -------
  seqinfo: 1 sequence from an unspecified genome; no seqlengths


2022-04-11 22:30:34 : (pbmc_1 : 1 of 1) .filterCellsFromArrow Barcodes-Chr-(1 of 24)-chr1, Class = data.frame
(pbmc_1 : 1 of 1) .filterCellsFromArrow Barcodes-Chr-(1 of 24)-chr1: nRows = 11904, nCols = 1


2022-04-11 22:31:18 : (pbmc_1 : 1 of 1) Finished Constructing Filtered Arrow File!, 14.03 mins elapsed.
2022-04-11 22:31:18 : (pbmc_1 : 1 of 1) Adding TileMatrix!, 14.031 mins elapsed.

2022-04-11 22:31:19 : pbmc_1 .addTileMat FeatureDF, Class = DFrame
DataFrame with 6062095 rows and 3 columns
           seqnames       idx     start
        <character> <integer> <numeric>
1              chr1         1         0
2              chr1         2       500
3              chr1         3      1000
4              chr1         4      1500
5              chr1         5      2000
...             ...       ...       ...
6062091        chrX    312078 156038500
6062092        chrX    312079 156039000
6062093        chrX    312080 156039500
6062094        chrX    312081 156040000
6062095        chrX    312082 156040500

2022-04-11 22:31:25 : Adding TileMatrix to pbmc_1 for Chr (1 of 23)!, 0.114 mins elapsed.

2022-04-11 22:31:26 : NTiles_TileMatrix_1_chr1, Class = numeric

NTiles_TileMatrix_1_chr1: length = 1
  chr1 
497913 



2022-04-11 22:31:26 : NCells_TileMatrix_1_chr1, Class = integer

NCells_TileMatrix_1_chr1: length = 1
[1] 11904



2022-04-11 22:31:26 : MinTile_TileMatrix_1_chr1, Class = numeric

MinTile_TileMatrix_1_chr1: length = 1
[1] 21



2022-04-11 22:31:26 : MaxTile_TileMatrix_1_chr1, Class = numeric

MaxTile_TileMatrix_1_chr1: length = 1
[1] 497893



2022-04-11 22:31:26 : MinCell_TileMatrix_1_chr1, Class = integer

MinCell_TileMatrix_1_chr1: length = 1
[1] 1



2022-04-11 22:31:26 : MaxCell_TileMatrix_1_chr1, Class = integer

MaxCell_TileMatrix_1_chr1: length = 1
[1] 11904


2022-04-11 22:31:33 : Adding TileMatrix to pbmc_1 for Chr (2 of 23)!, 0.254 mins elapsed.

2022-04-11 22:31:34 : NTiles_TileMatrix_2_chr2, Class = numeric

NTiles_TileMatrix_2_chr2: length = 1
  chr2 
484388 



2022-04-11 22:31:34 : NCells_TileMatrix_2_chr2, Class = integer

NCells_TileMatrix_2_chr2: length = 1
[1] 11904



2022-04-11 22:31:34 : MinTile_TileMatrix_2_chr2, Class = numeric

MinTile_TileMatrix_2_chr2: length = 1
[1] 21



2022-04-11 22:31:34 : MaxTile_TileMatrix_2_chr2, Class = numeric

MaxTile_TileMatrix_2_chr2: length = 1
[1] 484367



2022-04-11 22:31:34 : MinCell_TileMatrix_2_chr2, Class = integer

MinCell_TileMatrix_2_chr2: length = 1
[1] 1



2022-04-11 22:31:34 : MaxCell_TileMatrix_2_chr2, Class = integer

MaxCell_TileMatrix_2_chr2: length = 1
[1] 11904


2022-04-11 22:31:40 : Adding TileMatrix to pbmc_1 for Chr (3 of 23)!, 0.37 mins elapsed.

2022-04-11 22:31:41 : NTiles_TileMatrix_3_chr3, Class = numeric

NTiles_TileMatrix_3_chr3: length = 1
  chr3 
396592 



2022-04-11 22:31:41 : NCells_TileMatrix_3_chr3, Class = integer

NCells_TileMatrix_3_chr3: length = 1
[1] 11904



2022-04-11 22:31:41 : MinTile_TileMatrix_3_chr3, Class = numeric

MinTile_TileMatrix_3_chr3: length = 1
[1] 21



2022-04-11 22:31:41 : MaxTile_TileMatrix_3_chr3, Class = numeric

MaxTile_TileMatrix_3_chr3: length = 1
[1] 396441



2022-04-11 22:31:41 : MinCell_TileMatrix_3_chr3, Class = integer

MinCell_TileMatrix_3_chr3: length = 1
[1] 1



2022-04-11 22:31:41 : MaxCell_TileMatrix_3_chr3, Class = integer

MaxCell_TileMatrix_3_chr3: length = 1
[1] 11904


2022-04-11 22:31:46 : Adding TileMatrix to pbmc_1 for Chr (4 of 23)!, 0.471 mins elapsed.

2022-04-11 22:31:47 : NTiles_TileMatrix_4_chr4, Class = numeric

NTiles_TileMatrix_4_chr4: length = 1
  chr4 
380430 



2022-04-11 22:31:47 : NCells_TileMatrix_4_chr4, Class = integer

NCells_TileMatrix_4_chr4: length = 1
[1] 11904



2022-04-11 22:31:47 : MinTile_TileMatrix_4_chr4, Class = numeric

MinTile_TileMatrix_4_chr4: length = 1
[1] 21



2022-04-11 22:31:47 : MaxTile_TileMatrix_4_chr4, Class = numeric

MaxTile_TileMatrix_4_chr4: length = 1
[1] 380410



2022-04-11 22:31:47 : MinCell_TileMatrix_4_chr4, Class = integer

MinCell_TileMatrix_4_chr4: length = 1
[1] 1



2022-04-11 22:31:47 : MaxCell_TileMatrix_4_chr4, Class = integer

MaxCell_TileMatrix_4_chr4: length = 1
[1] 11904


2022-04-11 22:31:51 : Adding TileMatrix to pbmc_1 for Chr (5 of 23)!, 0.547 mins elapsed.

2022-04-11 22:31:51 : NTiles_TileMatrix_5_chr5, Class = numeric

NTiles_TileMatrix_5_chr5: length = 1
  chr5 
363077 



2022-04-11 22:31:51 : NCells_TileMatrix_5_chr5, Class = integer

NCells_TileMatrix_5_chr5: length = 1
[1] 11904



2022-04-11 22:31:51 : MinTile_TileMatrix_5_chr5, Class = numeric

MinTile_TileMatrix_5_chr5: length = 1
[1] 21



2022-04-11 22:31:51 : MaxTile_TileMatrix_5_chr5, Class = numeric

MaxTile_TileMatrix_5_chr5: length = 1
[1] 362956



2022-04-11 22:31:51 : MinCell_TileMatrix_5_chr5, Class = integer

MinCell_TileMatrix_5_chr5: length = 1
[1] 1



2022-04-11 22:31:51 : MaxCell_TileMatrix_5_chr5, Class = integer

MaxCell_TileMatrix_5_chr5: length = 1
[1] 11904


2022-04-11 22:31:56 : Adding TileMatrix to pbmc_1 for Chr (6 of 23)!, 0.633 mins elapsed.

2022-04-11 22:31:57 : NTiles_TileMatrix_6_chr6, Class = numeric

NTiles_TileMatrix_6_chr6: length = 1
  chr6 
341612 



2022-04-11 22:31:57 : NCells_TileMatrix_6_chr6, Class = integer

NCells_TileMatrix_6_chr6: length = 1
[1] 11904



2022-04-11 22:31:57 : MinTile_TileMatrix_6_chr6, Class = numeric

MinTile_TileMatrix_6_chr6: length = 1
[1] 128



2022-04-11 22:31:57 : MaxTile_TileMatrix_6_chr6, Class = numeric

MaxTile_TileMatrix_6_chr6: length = 1
[1] 341480



2022-04-11 22:31:57 : MinCell_TileMatrix_6_chr6, Class = integer

MinCell_TileMatrix_6_chr6: length = 1
[1] 1



2022-04-11 22:31:57 : MaxCell_TileMatrix_6_chr6, Class = integer

MaxCell_TileMatrix_6_chr6: length = 1
[1] 11904


2022-04-11 22:32:02 : Adding TileMatrix to pbmc_1 for Chr (7 of 23)!, 0.733 mins elapsed.

2022-04-11 22:32:03 : NTiles_TileMatrix_7_chr7, Class = numeric

NTiles_TileMatrix_7_chr7: length = 1
  chr7 
318692 



2022-04-11 22:32:03 : NCells_TileMatrix_7_chr7, Class = integer

NCells_TileMatrix_7_chr7: length = 1
[1] 11904



2022-04-11 22:32:03 : MinTile_TileMatrix_7_chr7, Class = numeric

MinTile_TileMatrix_7_chr7: length = 1
[1] 21



2022-04-11 22:32:03 : MaxTile_TileMatrix_7_chr7, Class = numeric

MaxTile_TileMatrix_7_chr7: length = 1
[1] 318672



2022-04-11 22:32:03 : MinCell_TileMatrix_7_chr7, Class = integer

MinCell_TileMatrix_7_chr7: length = 1
[1] 1



2022-04-11 22:32:03 : MaxCell_TileMatrix_7_chr7, Class = integer

MaxCell_TileMatrix_7_chr7: length = 1
[1] 11904


2022-04-11 22:32:07 : Adding TileMatrix to pbmc_1 for Chr (8 of 23)!, 0.82 mins elapsed.

2022-04-11 22:32:08 : NTiles_TileMatrix_8_chr8, Class = numeric

NTiles_TileMatrix_8_chr8: length = 1
  chr8 
290278 



2022-04-11 22:32:08 : NCells_TileMatrix_8_chr8, Class = integer

NCells_TileMatrix_8_chr8: length = 1
[1] 11904



2022-04-11 22:32:08 : MinTile_TileMatrix_8_chr8, Class = numeric

MinTile_TileMatrix_8_chr8: length = 1
[1] 143



2022-04-11 22:32:08 : MaxTile_TileMatrix_8_chr8, Class = numeric

MaxTile_TileMatrix_8_chr8: length = 1
[1] 290153



2022-04-11 22:32:08 : MinCell_TileMatrix_8_chr8, Class = integer

MinCell_TileMatrix_8_chr8: length = 1
[1] 1



2022-04-11 22:32:08 : MaxCell_TileMatrix_8_chr8, Class = integer

MaxCell_TileMatrix_8_chr8: length = 1
[1] 11904


2022-04-11 22:32:12 : Adding TileMatrix to pbmc_1 for Chr (9 of 23)!, 0.895 mins elapsed.

2022-04-11 22:32:12 : NTiles_TileMatrix_9_chr9, Class = numeric

NTiles_TileMatrix_9_chr9: length = 1
  chr9 
276790 



2022-04-11 22:32:12 : NCells_TileMatrix_9_chr9, Class = integer

NCells_TileMatrix_9_chr9: length = 1
[1] 11904



2022-04-11 22:32:12 : MinTile_TileMatrix_9_chr9, Class = numeric

MinTile_TileMatrix_9_chr9: length = 1
[1] 21



2022-04-11 22:32:12 : MaxTile_TileMatrix_9_chr9, Class = numeric

MaxTile_TileMatrix_9_chr9: length = 1
[1] 276457



2022-04-11 22:32:12 : MinCell_TileMatrix_9_chr9, Class = integer

MinCell_TileMatrix_9_chr9: length = 1
[1] 1



2022-04-11 22:32:12 : MaxCell_TileMatrix_9_chr9, Class = integer

MaxCell_TileMatrix_9_chr9: length = 1
[1] 11904


2022-04-11 22:32:17 : Adding TileMatrix to pbmc_1 for Chr (10 of 23)!, 0.978 mins elapsed.

2022-04-11 22:32:17 : NTiles_TileMatrix_10_chr10, Class = numeric

NTiles_TileMatrix_10_chr10: length = 1
 chr10 
267595 



2022-04-11 22:32:17 : NCells_TileMatrix_10_chr10, Class = integer

NCells_TileMatrix_10_chr10: length = 1
[1] 11904



2022-04-11 22:32:17 : MinTile_TileMatrix_10_chr10, Class = numeric

MinTile_TileMatrix_10_chr10: length = 1
[1] 21



2022-04-11 22:32:17 : MaxTile_TileMatrix_10_chr10, Class = numeric

MaxTile_TileMatrix_10_chr10: length = 1
[1] 267575



2022-04-11 22:32:17 : MinCell_TileMatrix_10_chr10, Class = integer

MinCell_TileMatrix_10_chr10: length = 1
[1] 1



2022-04-11 22:32:17 : MaxCell_TileMatrix_10_chr10, Class = integer

MaxCell_TileMatrix_10_chr10: length = 1
[1] 11904


2022-04-11 22:32:22 : Adding TileMatrix to pbmc_1 for Chr (11 of 23)!, 1.061 mins elapsed.

2022-04-11 22:32:22 : NTiles_TileMatrix_11_chr11, Class = numeric

NTiles_TileMatrix_11_chr11: length = 1
 chr11 
270174 



2022-04-11 22:32:22 : NCells_TileMatrix_11_chr11, Class = integer

NCells_TileMatrix_11_chr11: length = 1
[1] 11904



2022-04-11 22:32:22 : MinTile_TileMatrix_11_chr11, Class = numeric

MinTile_TileMatrix_11_chr11: length = 1
[1] 227



2022-04-11 22:32:22 : MaxTile_TileMatrix_11_chr11, Class = numeric

MaxTile_TileMatrix_11_chr11: length = 1
[1] 270154



2022-04-11 22:32:22 : MinCell_TileMatrix_11_chr11, Class = integer

MinCell_TileMatrix_11_chr11: length = 1
[1] 1



2022-04-11 22:32:22 : MaxCell_TileMatrix_11_chr11, Class = integer

MaxCell_TileMatrix_11_chr11: length = 1
[1] 11904


2022-04-11 22:32:27 : Adding TileMatrix to pbmc_1 for Chr (12 of 23)!, 1.151 mins elapsed.

2022-04-11 22:32:28 : NTiles_TileMatrix_12_chr12, Class = numeric

NTiles_TileMatrix_12_chr12: length = 1
 chr12 
266551 



2022-04-11 22:32:28 : NCells_TileMatrix_12_chr12, Class = integer

NCells_TileMatrix_12_chr12: length = 1
[1] 11904



2022-04-11 22:32:28 : MinTile_TileMatrix_12_chr12, Class = numeric

MinTile_TileMatrix_12_chr12: length = 1
[1] 21



2022-04-11 22:32:28 : MaxTile_TileMatrix_12_chr12, Class = numeric

MaxTile_TileMatrix_12_chr12: length = 1
[1] 266531



2022-04-11 22:32:28 : MinCell_TileMatrix_12_chr12, Class = integer

MinCell_TileMatrix_12_chr12: length = 1
[1] 1



2022-04-11 22:32:28 : MaxCell_TileMatrix_12_chr12, Class = integer

MaxCell_TileMatrix_12_chr12: length = 1
[1] 11904


2022-04-11 22:32:33 : Adding TileMatrix to pbmc_1 for Chr (13 of 23)!, 1.243 mins elapsed.

2022-04-11 22:32:33 : NTiles_TileMatrix_13_chr13, Class = numeric

NTiles_TileMatrix_13_chr13: length = 1
 chr13 
228729 



2022-04-11 22:32:33 : NCells_TileMatrix_13_chr13, Class = integer

NCells_TileMatrix_13_chr13: length = 1
[1] 11904



2022-04-11 22:32:33 : MinTile_TileMatrix_13_chr13, Class = numeric

MinTile_TileMatrix_13_chr13: length = 1
[1] 33839



2022-04-11 22:32:33 : MaxTile_TileMatrix_13_chr13, Class = numeric

MaxTile_TileMatrix_13_chr13: length = 1
[1] 228709



2022-04-11 22:32:33 : MinCell_TileMatrix_13_chr13, Class = integer

MinCell_TileMatrix_13_chr13: length = 1
[1] 1



2022-04-11 22:32:33 : MaxCell_TileMatrix_13_chr13, Class = integer

MaxCell_TileMatrix_13_chr13: length = 1
[1] 11904


2022-04-11 22:32:36 : Adding TileMatrix to pbmc_1 for Chr (14 of 23)!, 1.304 mins elapsed.

2022-04-11 22:32:37 : NTiles_TileMatrix_14_chr14, Class = numeric

NTiles_TileMatrix_14_chr14: length = 1
 chr14 
214088 



2022-04-11 22:32:37 : NCells_TileMatrix_14_chr14, Class = integer

NCells_TileMatrix_14_chr14: length = 1
[1] 11904



2022-04-11 22:32:37 : MinTile_TileMatrix_14_chr14, Class = numeric

MinTile_TileMatrix_14_chr14: length = 1
[1] 32071



2022-04-11 22:32:37 : MaxTile_TileMatrix_14_chr14, Class = numeric

MaxTile_TileMatrix_14_chr14: length = 1
[1] 213768



2022-04-11 22:32:37 : MinCell_TileMatrix_14_chr14, Class = integer

MinCell_TileMatrix_14_chr14: length = 1
[1] 1



2022-04-11 22:32:37 : MaxCell_TileMatrix_14_chr14, Class = integer

MaxCell_TileMatrix_14_chr14: length = 1
[1] 11904


2022-04-11 22:32:41 : Adding TileMatrix to pbmc_1 for Chr (15 of 23)!, 1.378 mins elapsed.

2022-04-11 22:32:41 : NTiles_TileMatrix_15_chr15, Class = numeric

NTiles_TileMatrix_15_chr15: length = 1
 chr15 
203983 



2022-04-11 22:32:41 : NCells_TileMatrix_15_chr15, Class = integer

NCells_TileMatrix_15_chr15: length = 1
[1] 11904



2022-04-11 22:32:41 : MinTile_TileMatrix_15_chr15, Class = numeric

MinTile_TileMatrix_15_chr15: length = 1
[1] 34020



2022-04-11 22:32:41 : MaxTile_TileMatrix_15_chr15, Class = numeric

MaxTile_TileMatrix_15_chr15: length = 1
[1] 203963



2022-04-11 22:32:41 : MinCell_TileMatrix_15_chr15, Class = integer

MinCell_TileMatrix_15_chr15: length = 1
[1] 1



2022-04-11 22:32:41 : MaxCell_TileMatrix_15_chr15, Class = integer

MaxCell_TileMatrix_15_chr15: length = 1
[1] 11904


2022-04-11 22:32:45 : Adding TileMatrix to pbmc_1 for Chr (16 of 23)!, 1.445 mins elapsed.

2022-04-11 22:32:45 : NTiles_TileMatrix_16_chr16, Class = numeric

NTiles_TileMatrix_16_chr16: length = 1
 chr16 
180677 



2022-04-11 22:32:45 : NCells_TileMatrix_16_chr16, Class = integer

NCells_TileMatrix_16_chr16: length = 1
[1] 11904



2022-04-11 22:32:45 : MinTile_TileMatrix_16_chr16, Class = numeric

MinTile_TileMatrix_16_chr16: length = 1
[1] 21



2022-04-11 22:32:45 : MaxTile_TileMatrix_16_chr16, Class = numeric

MaxTile_TileMatrix_16_chr16: length = 1
[1] 180450



2022-04-11 22:32:45 : MinCell_TileMatrix_16_chr16, Class = integer

MinCell_TileMatrix_16_chr16: length = 1
[1] 1



2022-04-11 22:32:45 : MaxCell_TileMatrix_16_chr16, Class = integer

MaxCell_TileMatrix_16_chr16: length = 1
[1] 11904


2022-04-11 22:32:49 : Adding TileMatrix to pbmc_1 for Chr (17 of 23)!, 1.524 mins elapsed.

2022-04-11 22:32:50 : NTiles_TileMatrix_17_chr17, Class = numeric

NTiles_TileMatrix_17_chr17: length = 1
 chr17 
166515 



2022-04-11 22:32:50 : NCells_TileMatrix_17_chr17, Class = integer

NCells_TileMatrix_17_chr17: length = 1
[1] 11904



2022-04-11 22:32:50 : MinTile_TileMatrix_17_chr17, Class = numeric

MinTile_TileMatrix_17_chr17: length = 1
[1] 156



2022-04-11 22:32:50 : MaxTile_TileMatrix_17_chr17, Class = numeric

MaxTile_TileMatrix_17_chr17: length = 1
[1] 166495



2022-04-11 22:32:50 : MinCell_TileMatrix_17_chr17, Class = integer

MinCell_TileMatrix_17_chr17: length = 1
[1] 1



2022-04-11 22:32:50 : MaxCell_TileMatrix_17_chr17, Class = integer

MaxCell_TileMatrix_17_chr17: length = 1
[1] 11904


2022-04-11 22:32:56 : Adding TileMatrix to pbmc_1 for Chr (18 of 23)!, 1.626 mins elapsed.

2022-04-11 22:32:56 : NTiles_TileMatrix_18_chr18, Class = numeric

NTiles_TileMatrix_18_chr18: length = 1
 chr18 
160747 



2022-04-11 22:32:56 : NCells_TileMatrix_18_chr18, Class = integer

NCells_TileMatrix_18_chr18: length = 1
[1] 11904



2022-04-11 22:32:56 : MinTile_TileMatrix_18_chr18, Class = numeric

MinTile_TileMatrix_18_chr18: length = 1
[1] 21



2022-04-11 22:32:56 : MaxTile_TileMatrix_18_chr18, Class = numeric

MaxTile_TileMatrix_18_chr18: length = 1
[1] 160527



2022-04-11 22:32:56 : MinCell_TileMatrix_18_chr18, Class = integer

MinCell_TileMatrix_18_chr18: length = 1
[1] 1



2022-04-11 22:32:56 : MaxCell_TileMatrix_18_chr18, Class = integer

MaxCell_TileMatrix_18_chr18: length = 1
[1] 11904


2022-04-11 22:32:59 : Adding TileMatrix to pbmc_1 for Chr (19 of 23)!, 1.683 mins elapsed.

2022-04-11 22:33:00 : NTiles_TileMatrix_19_chr19, Class = numeric

NTiles_TileMatrix_19_chr19: length = 1
 chr19 
117236 



2022-04-11 22:33:00 : NCells_TileMatrix_19_chr19, Class = integer

NCells_TileMatrix_19_chr19: length = 1
[1] 11904



2022-04-11 22:33:00 : MinTile_TileMatrix_19_chr19, Class = numeric

MinTile_TileMatrix_19_chr19: length = 1
[1] 141



2022-04-11 22:33:00 : MaxTile_TileMatrix_19_chr19, Class = numeric

MaxTile_TileMatrix_19_chr19: length = 1
[1] 117216



2022-04-11 22:33:00 : MinCell_TileMatrix_19_chr19, Class = integer

MinCell_TileMatrix_19_chr19: length = 1
[1] 1



2022-04-11 22:33:00 : MaxCell_TileMatrix_19_chr19, Class = integer

MaxCell_TileMatrix_19_chr19: length = 1
[1] 11904


2022-04-11 22:33:05 : Adding TileMatrix to pbmc_1 for Chr (20 of 23)!, 1.782 mins elapsed.

2022-04-11 22:33:05 : NTiles_TileMatrix_20_chr20, Class = numeric

NTiles_TileMatrix_20_chr20: length = 1
 chr20 
128889 



2022-04-11 22:33:05 : NCells_TileMatrix_20_chr20, Class = integer

NCells_TileMatrix_20_chr20: length = 1
[1] 11904



2022-04-11 22:33:05 : MinTile_TileMatrix_20_chr20, Class = numeric

MinTile_TileMatrix_20_chr20: length = 1
[1] 121



2022-04-11 22:33:05 : MaxTile_TileMatrix_20_chr20, Class = numeric

MaxTile_TileMatrix_20_chr20: length = 1
[1] 128667



2022-04-11 22:33:05 : MinCell_TileMatrix_20_chr20, Class = integer

MinCell_TileMatrix_20_chr20: length = 1
[1] 1



2022-04-11 22:33:05 : MaxCell_TileMatrix_20_chr20, Class = integer

MaxCell_TileMatrix_20_chr20: length = 1
[1] 11904


2022-04-11 22:33:09 : Adding TileMatrix to pbmc_1 for Chr (21 of 23)!, 1.849 mins elapsed.

2022-04-11 22:33:09 : NTiles_TileMatrix_21_chr21, Class = numeric

NTiles_TileMatrix_21_chr21: length = 1
chr21 
93420 



2022-04-11 22:33:09 : NCells_TileMatrix_21_chr21, Class = integer

NCells_TileMatrix_21_chr21: length = 1
[1] 11904



2022-04-11 22:33:09 : MinTile_TileMatrix_21_chr21, Class = numeric

MinTile_TileMatrix_21_chr21: length = 1
[1] 10062



2022-04-11 22:33:09 : MaxTile_TileMatrix_21_chr21, Class = numeric

MaxTile_TileMatrix_21_chr21: length = 1
[1] 93400



2022-04-11 22:33:09 : MinCell_TileMatrix_21_chr21, Class = integer

MinCell_TileMatrix_21_chr21: length = 1
[1] 1



2022-04-11 22:33:09 : MaxCell_TileMatrix_21_chr21, Class = integer

MaxCell_TileMatrix_21_chr21: length = 1
[1] 11904


2022-04-11 22:33:12 : Adding TileMatrix to pbmc_1 for Chr (22 of 23)!, 1.903 mins elapsed.

2022-04-11 22:33:13 : NTiles_TileMatrix_22_chr22, Class = numeric

NTiles_TileMatrix_22_chr22: length = 1
 chr22 
101637 



2022-04-11 22:33:13 : NCells_TileMatrix_22_chr22, Class = integer

NCells_TileMatrix_22_chr22: length = 1
[1] 11904



2022-04-11 22:33:13 : MinTile_TileMatrix_22_chr22, Class = numeric

MinTile_TileMatrix_22_chr22: length = 1
[1] 21145



2022-04-11 22:33:13 : MaxTile_TileMatrix_22_chr22, Class = numeric

MaxTile_TileMatrix_22_chr22: length = 1
[1] 101617



2022-04-11 22:33:13 : MinCell_TileMatrix_22_chr22, Class = integer

MinCell_TileMatrix_22_chr22: length = 1
[1] 1



2022-04-11 22:33:13 : MaxCell_TileMatrix_22_chr22, Class = integer

MaxCell_TileMatrix_22_chr22: length = 1
[1] 11904


2022-04-11 22:33:16 : Adding TileMatrix to pbmc_1 for Chr (23 of 23)!, 1.965 mins elapsed.

2022-04-11 22:33:16 : NTiles_TileMatrix_23_chrX, Class = numeric

NTiles_TileMatrix_23_chrX: length = 1
  chrX 
312082 



2022-04-11 22:33:16 : NCells_TileMatrix_23_chrX, Class = integer

NCells_TileMatrix_23_chrX: length = 1
[1] 11904



2022-04-11 22:33:16 : MinTile_TileMatrix_23_chrX, Class = numeric

MinTile_TileMatrix_23_chrX: length = 1
[1] 21



2022-04-11 22:33:16 : MaxTile_TileMatrix_23_chrX, Class = numeric

MaxTile_TileMatrix_23_chrX: length = 1
[1] 312062



2022-04-11 22:33:16 : MinCell_TileMatrix_23_chrX, Class = integer

MinCell_TileMatrix_23_chrX: length = 1
[1] 1



2022-04-11 22:33:16 : MaxCell_TileMatrix_23_chrX, Class = integer

MaxCell_TileMatrix_23_chrX: length = 1
[1] 11904


2022-04-11 22:33:20 : (pbmc_1 : 1 of 1) Finished Adding TileMatrix!, 16.073 mins elapsed.
2022-04-11 22:33:20 : (pbmc_1 : 1 of 1) Adding GeneScoreMatrix!, 16.073 mins elapsed.


2022-04-11 22:33:21 : pbmc_1 .addGeneScoreMat geneRegions, Class = GRanges
GRanges object with 24919 ranges and 5 metadata columns:
          seqnames              ranges strand |     gene_id       symbol geneStart
             <Rle>           <IRanges>  <Rle> | <character>  <character> <integer>
      [1]     chr1         64091-70008      + |       79501        OR4F5     69091
      [2]     chr1       139790-145339      - |      729737    LOC729737    140339
      [3]     chr1       585990-634010      - |   101928626 LOC101928626    629010
      [4]     chr1       812371-819837      + |      400728       FAM87B    817371
      [5]     chr1       820138-859446      + |      643837    LINC01128    825138
      ...      ...                 ...    ... .         ...          ...       ...
  [24915]     chrX 155258241-155269589      - |      116442       RAB39B 155264589
  [24916]     chrX 155276211-155339657      - |        1193        CLIC2 155334657
  [24917]     chrX 155375787-155381134      + |      474382       H2AFB1 155380787
  [24918]     chrX 155377115-155383230      + |      474383         F8A2 155382115
  [24919]     chrX 155490115-155674944      - |       55217        TMLHE 155669944
            geneEnd geneWeight
          <integer>  <numeric>
      [1]     70008    4.40770
      [2]    139790    4.63365
      [3]    585990    1.41996
      [4]    819837    3.70079
      [5]    859446    1.51303
      ...       ...        ...
  [24915] 155258241    2.77696
  [24916] 155276211    1.31785
  [24917] 155381134    4.77090
  [24918] 155383230    4.29738
  [24919] 155490115    1.10911
  -------
  seqinfo: 23 sequences from hg38 genome

2022-04-11 22:33:21 : Creating Temp GeneScoreMatrix for pbmc_1, Chr (1 of 23)!, 0 mins elapsed.
2022-04-11 22:33:29 : Creating Temp GeneScoreMatrix for pbmc_1, Chr (2 of 23)!, 0.143 mins elapsed.
2022-04-11 22:33:37 : Creating Temp GeneScoreMatrix for pbmc_1, Chr (3 of 23)!, 0.263 mins elapsed.
2022-04-11 22:33:43 : Creating Temp GeneScoreMatrix for pbmc_1, Chr (4 of 23)!, 0.36 mins elapsed.
2022-04-11 22:33:47 : Creating Temp GeneScoreMatrix for pbmc_1, Chr (5 of 23)!, 0.435 mins elapsed.
2022-04-11 22:33:52 : Creating Temp GeneScoreMatrix for pbmc_1, Chr (6 of 23)!, 0.522 mins elapsed.
2022-04-11 22:33:58 : Creating Temp GeneScoreMatrix for pbmc_1, Chr (7 of 23)!, 0.62 mins elapsed.
2022-04-11 22:34:03 : Creating Temp GeneScoreMatrix for pbmc_1, Chr (8 of 23)!, 0.706 mins elapsed.
2022-04-11 22:34:08 : Creating Temp GeneScoreMatrix for pbmc_1, Chr (9 of 23)!, 0.783 mins elapsed.
2022-04-11 22:34:13 : Creating Temp GeneScoreMatrix for pbmc_1, Chr (10 of 23)!, 0.861 mins elapsed.
2022-04-11 22:34:17 : Creating Temp GeneScoreMatrix for pbmc_1, Chr (11 of 23)!, 0.942 mins elapsed.
2022-04-11 22:34:23 : Creating Temp GeneScoreMatrix for pbmc_1, Chr (12 of 23)!, 1.031 mins elapsed.
2022-04-11 22:34:28 : Creating Temp GeneScoreMatrix for pbmc_1, Chr (13 of 23)!, 1.121 mins elapsed.
2022-04-11 22:34:32 : Creating Temp GeneScoreMatrix for pbmc_1, Chr (14 of 23)!, 1.181 mins elapsed.
2022-04-11 22:34:36 : Creating Temp GeneScoreMatrix for pbmc_1, Chr (15 of 23)!, 1.252 mins elapsed.
2022-04-11 22:34:40 : Creating Temp GeneScoreMatrix for pbmc_1, Chr (16 of 23)!, 1.319 mins elapsed.
2022-04-11 22:34:45 : Creating Temp GeneScoreMatrix for pbmc_1, Chr (17 of 23)!, 1.396 mins elapsed.
2022-04-11 22:34:50 : Creating Temp GeneScoreMatrix for pbmc_1, Chr (18 of 23)!, 1.493 mins elapsed.
2022-04-11 22:34:54 : Creating Temp GeneScoreMatrix for pbmc_1, Chr (19 of 23)!, 1.547 mins elapsed.
2022-04-11 22:35:00 : Creating Temp GeneScoreMatrix for pbmc_1, Chr (20 of 23)!, 1.644 mins elapsed.
2022-04-11 22:35:03 : Creating Temp GeneScoreMatrix for pbmc_1, Chr (21 of 23)!, 1.708 mins elapsed.
2022-04-11 22:35:06 : Creating Temp GeneScoreMatrix for pbmc_1, Chr (22 of 23)!, 1.757 mins elapsed.
2022-04-11 22:35:10 : Creating Temp GeneScoreMatrix for pbmc_1, Chr (23 of 23)!, 1.817 mins elapsed.

2022-04-11 22:35:14 : pbmc_1 .addGeneScoreMat FeatureDF, Class = data.frame
pbmc_1 .addGeneScoreMat FeatureDF: nRows = 24919, nCols = 6


2022-04-11 22:35:15 : Adding GeneScoreMatrix to pbmc_1 for Chr (1 of 23)!, 1.903 mins elapsed.
2022-04-11 22:35:19 : Adding GeneScoreMatrix to pbmc_1 for Chr (2 of 23)!, 1.961 mins elapsed.
2022-04-11 22:35:21 : Adding GeneScoreMatrix to pbmc_1 for Chr (3 of 23)!, 2.003 mins elapsed.
2022-04-11 22:35:24 : Adding GeneScoreMatrix to pbmc_1 for Chr (4 of 23)!, 2.051 mins elapsed.
2022-04-11 22:35:26 : Adding GeneScoreMatrix to pbmc_1 for Chr (5 of 23)!, 2.081 mins elapsed.
2022-04-11 22:35:28 : Adding GeneScoreMatrix to pbmc_1 for Chr (6 of 23)!, 2.118 mins elapsed.
2022-04-11 22:35:31 : Adding GeneScoreMatrix to pbmc_1 for Chr (7 of 23)!, 2.167 mins elapsed.
2022-04-11 22:35:33 : Adding GeneScoreMatrix to pbmc_1 for Chr (8 of 23)!, 2.206 mins elapsed.
2022-04-11 22:35:35 : Adding GeneScoreMatrix to pbmc_1 for Chr (9 of 23)!, 2.241 mins elapsed.
2022-04-11 22:35:38 : Adding GeneScoreMatrix to pbmc_1 for Chr (10 of 23)!, 2.287 mins elapsed.
2022-04-11 22:35:40 : Adding GeneScoreMatrix to pbmc_1 for Chr (11 of 23)!, 2.321 mins elapsed.
2022-04-11 22:35:43 : Adding GeneScoreMatrix to pbmc_1 for Chr (12 of 23)!, 2.361 mins elapsed.
2022-04-11 22:35:45 : Adding GeneScoreMatrix to pbmc_1 for Chr (13 of 23)!, 2.409 mins elapsed.
2022-04-11 22:35:47 : Adding GeneScoreMatrix to pbmc_1 for Chr (14 of 23)!, 2.434 mins elapsed.
2022-04-11 22:35:49 : Adding GeneScoreMatrix to pbmc_1 for Chr (15 of 23)!, 2.464 mins elapsed.
2022-04-11 22:35:51 : Adding GeneScoreMatrix to pbmc_1 for Chr (16 of 23)!, 2.507 mins elapsed.
2022-04-11 22:35:53 : Adding GeneScoreMatrix to pbmc_1 for Chr (17 of 23)!, 2.543 mins elapsed.
2022-04-11 22:35:56 : Adding GeneScoreMatrix to pbmc_1 for Chr (18 of 23)!, 2.589 mins elapsed.
2022-04-11 22:35:58 : Adding GeneScoreMatrix to pbmc_1 for Chr (19 of 23)!, 2.623 mins elapsed.
2022-04-11 22:36:01 : Adding GeneScoreMatrix to pbmc_1 for Chr (20 of 23)!, 2.674 mins elapsed.
2022-04-11 22:36:03 : Adding GeneScoreMatrix to pbmc_1 for Chr (21 of 23)!, 2.705 mins elapsed.
2022-04-11 22:36:05 : Adding GeneScoreMatrix to pbmc_1 for Chr (22 of 23)!, 2.736 mins elapsed.
2022-04-11 22:36:07 : Adding GeneScoreMatrix to pbmc_1 for Chr (23 of 23)!, 2.765 mins elapsed.
2022-04-11 22:36:10 : (pbmc_1 : 1 of 1) Finished Adding GeneScoreMatrix!, 18.896 mins elapsed.
2022-04-11 22:36:10 : (pbmc_1 : 1 of 1) Finished Creating Arrow File, 18.896 mins elapsed.

------- Completed

End Time : 2022-04-11 22:36:10
Elapsed Time Minutes = 18.9045969088872
Elapsed Time Hours = 0.31507664806313

-------



