
           ___      .______        ______  __    __  .______      
          /   \     |   _  \      /      ||  |  |  | |   _  \     
         /  ^  \    |  |_)  |    |  ,----'|  |__|  | |  |_)  |    
        /  /_\  \   |      /     |  |     |   __   | |      /     
       /  _____  \  |  |\  \\___ |  `----.|  |  |  | |  |\  \\___.
      /__/     \__\ | _| `._____| \______||__|  |__| | _| `._____|
    
Logging With ArchR!

Start Time : 2022-04-12 14:10:21

------- ArchR Info

ArchRThreads = 1
ArchRGenome = Hg19

------- System Info

Computer OS = unix
Total Cores = 16

------- Session Info

R version 4.1.3 (2022-03-10)
Platform: x86_64-pc-linux-gnu (64-bit)
Running under: Ubuntu 20.04.4 LTS

Matrix products: default
BLAS:   /usr/lib/x86_64-linux-gnu/blas/libblas.so.3.9.0
LAPACK: /usr/lib/x86_64-linux-gnu/lapack/liblapack.so.3.9.0

locale:
 [1] LC_CTYPE=en_US.UTF-8       LC_NUMERIC=C              
 [3] LC_TIME=en_US.UTF-8        LC_COLLATE=en_US.UTF-8    
 [5] LC_MONETARY=en_US.UTF-8    LC_MESSAGES=en_US.UTF-8   
 [7] LC_PAPER=en_US.UTF-8       LC_NAME=C                 
 [9] LC_ADDRESS=C               LC_TELEPHONE=C            
[11] LC_MEASUREMENT=en_US.UTF-8 LC_IDENTIFICATION=C       

attached base packages:
[1] parallel  stats4    stats     graphics  grDevices utils     datasets 
[8] methods   base     

other attached packages:
 [1] BSgenome.Hsapiens.UCSC.hg38_1.4.3 BSgenome_1.60.0                  
 [3] rtracklayer_1.52.1                Biostrings_2.60.2                
 [5] XVector_0.32.0                    ArchR_1.0.1                      
 [7] rhdf5_2.36.0                      Matrix_1.4-1                     
 [9] data.table_1.14.2                 ggside_0.2.0                     
[11] scater_1.20.1                     scran_1.20.1                     
[13] scuttle_1.2.1                     SingleCellExperiment_1.14.1      
[15] SummarizedExperiment_1.22.0       Biobase_2.52.0                   
[17] GenomicRanges_1.44.0              GenomeInfoDb_1.28.4              
[19] IRanges_2.26.0                    S4Vectors_0.30.2                 
[21] BiocGenerics_0.38.0               scDblFinder_1.6.0                
[23] sparseMatrixStats_1.4.2           MatrixGenerics_1.4.3             
[25] matrixStats_0.61.0                magrittr_2.0.3                   
[27] forcats_0.5.1                     stringr_1.4.0                    
[29] dplyr_1.0.8                       purrr_0.3.4                      
[31] readr_2.1.2                       tidyr_1.2.0                      
[33] tibble_3.1.6                      ggplot2_3.3.5                    
[35] tidyverse_1.3.1                   reticulate_1.24                  

loaded via a namespace (and not attached):
  [1] utf8_1.2.2                        tidyselect_1.1.2                 
  [3] htmlwidgets_1.5.4                 grid_4.1.3                       
  [5] BiocParallel_1.26.2               Rtsne_0.15                       
  [7] munsell_0.5.0                     ScaledMatrix_1.0.0               
  [9] codetools_0.2-18                  ica_1.0-2                        
 [11] statmod_1.4.36                    xgboost_1.5.2.1                  
 [13] future_1.24.0                     miniUI_0.1.1.1                   
 [15] withr_2.5.0                       spatstat.random_2.2-0            
 [17] colorspace_2.0-3                  highr_0.9                        
 [19] knitr_1.38                        rstudioapi_0.13                  
 [21] Seurat_4.1.0                      ROCR_1.0-11                      
 [23] tensor_1.5                        listenv_0.8.0                    
 [25] labeling_0.4.2                    GenomeInfoDbData_1.2.6           
 [27] polyclip_1.10-0                   farver_2.1.0                     
 [29] bit64_4.0.5                       parallelly_1.31.0                
 [31] vctrs_0.4.0                       generics_0.1.2                   
 [33] xfun_0.30                         R6_2.5.1                         
 [35] ggbeeswarm_0.6.0                  rsvd_1.0.5                       
 [37] locfit_1.5-9.5                    hdf5r_1.3.5                      
 [39] bitops_1.0-7                      rhdf5filters_1.4.0               
 [41] spatstat.utils_2.3-0              DelayedArray_0.18.0              
 [43] assertthat_0.2.1                  BiocIO_1.2.0                     
 [45] promises_1.2.0.1                  scales_1.1.1                     
 [47] vroom_1.5.7                       beeswarm_0.4.0                   
 [49] gtable_0.3.0                      beachmat_2.8.1                   
 [51] globals_0.14.0                    goftest_1.2-3                    
 [53] rlang_1.0.2                       splines_4.1.3                    
 [55] lazyeval_0.2.2                    spatstat.geom_2.4-0              
 [57] broom_0.7.12                      abind_1.4-5                      
 [59] yaml_2.3.5                        reshape2_1.4.4                   
 [61] modelr_0.1.8                      backports_1.4.1                  
 [63] httpuv_1.6.5                      tools_4.1.3                      
 [65] ellipsis_0.3.2                    spatstat.core_2.4-2              
 [67] jquerylib_0.1.4                   RColorBrewer_1.1-3               
 [69] ggridges_0.5.3                    Rcpp_1.0.8.3                     
 [71] plyr_1.8.7                        zlibbioc_1.38.0                  
 [73] RCurl_1.98-1.6                    rpart_4.1.16                     
 [75] deldir_1.0-6                      pbapply_1.5-0                    
 [77] viridis_0.6.2                     cowplot_1.1.1                    
 [79] zoo_1.8-9                         SeuratObject_4.0.4               
 [81] haven_2.4.3                       ggrepel_0.9.1                    
 [83] cluster_2.1.3                     fs_1.5.2                         
 [85] RSpectra_0.16-0                   scattermore_0.8                  
 [87] lmtest_0.9-40                     reprex_2.0.1                     
 [89] RANN_2.6.1                        fitdistrplus_1.1-8               
 [91] hms_1.1.1                         patchwork_1.1.1                  
 [93] mime_0.12                         evaluate_0.15                    
 [95] xtable_1.8-4                      XML_3.99-0.9                     
 [97] readxl_1.4.0                      gridExtra_2.3                    
 [99] compiler_4.1.3                    KernSmooth_2.23-20               
[101] crayon_1.5.1                      BSgenome.Hsapiens.UCSC.hg19_1.4.3
[103] htmltools_0.5.2                   mgcv_1.8-40                      
[105] later_1.3.0                       tzdb_0.3.0                       
[107] lubridate_1.8.0                   DBI_1.1.2                        
[109] dbplyr_2.1.1                      MASS_7.3-56                      
[111] cli_3.2.0                         metapod_1.0.0                    
[113] igraph_1.3.0                      pkgconfig_2.0.3                  
[115] GenomicAlignments_1.28.0          spatstat.sparse_2.1-0            
[117] plotly_4.10.0                     xml2_1.3.3                       
[119] vipor_0.4.5                       bslib_0.3.1                      
[121] dqrng_0.3.0                       rvest_1.0.2                      
[123] digest_0.6.29                     sctransform_0.3.3                
[125] RcppAnnoy_0.0.19                  spatstat.data_2.1-4              
[127] rmarkdown_2.13                    cellranger_1.1.0                 
[129] leiden_0.3.9                      uwot_0.1.11                      
[131] edgeR_3.34.1                      DelayedMatrixStats_1.14.3        
[133] restfulr_0.0.13                   Rsamtools_2.8.0                  
[135] shiny_1.7.1                       rjson_0.2.21                     
[137] nlme_3.1-157                      lifecycle_1.0.1                  
[139] jsonlite_1.8.0                    Rhdf5lib_1.14.2                  
[141] BiocNeighbors_1.10.0              viridisLite_0.4.0                
[143] limma_3.48.3                      fansi_1.0.3                      
[145] pillar_1.7.0                      lattice_0.20-45                  
[147] fastmap_1.1.0                     httr_1.4.2                       
[149] survival_3.2-13                   glue_1.6.2                       
[151] png_0.1-7                         bluster_1.2.1                    
[153] bit_4.0.4                         stringi_1.7.6                    
[155] sass_0.4.1                        BiocSingular_1.8.1               
[157] irlba_2.3.5                       future.apply_1.8.1               


------- Log Info


2022-04-12 14:10:21 : createArrowFiles Input-Parameters, Class = list

createArrowFiles Input-Parameters$inputFiles: length = 1
                                                                                  pbmc_1 
"/mnt/sda/data/10X_pbmc_multiome_10k//pbmc_granulocyte_sorted_10k_atac_fragments.tsv.gz" 


createArrowFiles Input-Parameters$sampleNames: length = 1
[1] "pbmc_1"


createArrowFiles Input-Parameters$outputNames: length = 1
[1] "pbmc_1"


createArrowFiles Input-Parameters$validBarcodes: length = 0
NULL


createArrowFiles Input-Parameters$minTSS: length = 1
[1] 3


createArrowFiles Input-Parameters$minFrags: length = 1
[1] 1000


createArrowFiles Input-Parameters$maxFrags: length = 1
[1] 1e+05


createArrowFiles Input-Parameters$QCDir: length = 1
[1] "/home/philipp/Bioinfo_Playground/10x_pbmc_multiome_processing_output/Pre_Consensus_ArchR_QC"


createArrowFiles Input-Parameters$nucLength: length = 1
[1] 147


createArrowFiles Input-Parameters$promoterRegion: length = 2
[1] 2000  100


createArrowFiles Input-Parameters$excludeChr: length = 2
[1] "chrM" "chrY"


createArrowFiles Input-Parameters$nChunk: length = 1
[1] 5


createArrowFiles Input-Parameters$bcTag: length = 1
[1] "qname"


createArrowFiles Input-Parameters$gsubExpression: length = 0
NULL


createArrowFiles Input-Parameters$bamFlag: length = 0
NULL


createArrowFiles Input-Parameters$offsetPlus: length = 1
[1] 4


createArrowFiles Input-Parameters$offsetMinus: length = 1
[1] -5


createArrowFiles Input-Parameters$addTileMat: length = 1
[1] TRUE


createArrowFiles Input-Parameters$addGeneScoreMat: length = 1
[1] FALSE


createArrowFiles Input-Parameters$force: length = 1
[1] TRUE


createArrowFiles Input-Parameters$threads: length = 1
[1] 1


createArrowFiles Input-Parameters$parallelParam: length = 0
NULL


createArrowFiles Input-Parameters$subThreading: length = 1
[1] FALSE


createArrowFiles Input-Parameters$verbose: length = 1
[1] TRUE


createArrowFiles Input-Parameters$cleanTmp: length = 1
[1] TRUE


createArrowFiles Input-Parameters$logFile: length = 1
[1] "ArchRLogs/ArchR-createArrows-e2421a4be882-Date-2022-04-12_Time-14-10-21.log"


createArrowFiles Input-Parameters$filterFrags: length = 1
[1] 1000


createArrowFiles Input-Parameters$filterTSS: length = 1
[1] 3



2022-04-12 14:10:21 : 
2022-04-12 14:10:21 : Batch Execution w/ safelapply!, 0 mins elapsed.

###########
2022-04-12 14:10:21 : Creating Arrow File pbmc_1.arrow (pbmc_1 : 1 of 1)
###########


2022-04-12 14:10:21 : validBC, Class = NULL

validBC: length = 0
NULL



2022-04-12 14:10:21 : 
2022-04-12 14:10:21 : (pbmc_1 : 1 of 1) Arrow Exists! Overriding since force = TRUE!, 0 mins elapsed.

2022-04-12 14:10:22 : 
2022-04-12 14:10:22 : (pbmc_1 : 1 of 1) Reading In Fragments from inputFiles (readMethod = tabix), 0.004 mins elapsed.
2022-04-12 14:10:22 : (pbmc_1 : 1 of 1) Tabix Bed To Temporary File, 0.004 mins elapsed.

2022-04-12 14:10:22 : tileChromSizes, Class = GRanges
GRanges object with 120 ranges and 1 metadata column:
        seqnames              ranges strand |     chunkName
           <Rle>           <IRanges>  <Rle> |   <character>
    [1]     chr1          1-49791284      * |   chr1#chunk1
    [2]     chr1   49791285-99582568      * |   chr1#chunk2
    [3]     chr1  99582569-149373853      * |   chr1#chunk3
    [4]     chr1 149373854-199165137      * |   chr1#chunk4
    [5]     chr1 199165138-248956422      * |   chr1#chunk5
    ...      ...                 ...    ... .           ...
  [116]     chrY          1-11445483      * | chrY#chunk116
  [117]     chrY   11445484-22890966      * | chrY#chunk117
  [118]     chrY   22890967-34336449      * | chrY#chunk118
  [119]     chrY   34336450-45781932      * | chrY#chunk119
  [120]     chrY   45781933-57227415      * | chrY#chunk120
  -------
  seqinfo: 24 sequences from an unspecified genome; no seqlengths


2022-04-12 14:10:35 : (pbmc_1 : 1 of 1) .tabixToTmp Fragments-Chunk-(1 of 120)-chr1:1-49791284, Class = data.table
 
2022-04-12 14:10:35 : (pbmc_1 : 1 of 1) .tabixToTmp Fragments-Chunk-(1 of 120)-chr1:1-49791284, Class = data.frame
(pbmc_1 : 1 of 1) .tabixToTmp Fragments-Chunk-(1 of 120)-chr1:1-49791284: nRows = 6447704, nCols = 3
      V2    V3                 V4
1: 10067 10478 TCAAGAACAGTAATAG-1
2: 10073 10191 AACCCGCAGGTAGCTT-1
3: 10074 10340 CGCATATAGGTTACGT-1
4: 10080 10192 GTAAGGTCACCCACAG-1
5: 10080 10277 TATTCGTTCCGCCTCA-1
6: 10080 10279 ATGAATGCATTGTCAG-1



2022-04-12 14:10:35 : (pbmc_1 : 1 of 1) .tabixToTmp Barcodes-Chunk-(1 of 120)-chr1:1-49791284, Class = character

(pbmc_1 : 1 of 1) .tabixToTmp Barcodes-Chunk-(1 of 120)-chr1:1-49791284: length = 162278
[1] "TCAAGAACAGTAATAG-1" "AACCCGCAGGTAGCTT-1" "CGCATATAGGTTACGT-1"
[4] "GTAAGGTCACCCACAG-1" "TATTCGTTCCGCCTCA-1" "ATGAATGCATTGTCAG-1"


2022-04-12 14:11:25 : (pbmc_1 : 1 of 1) Reading TabixFile 8 Percent, 1.069 mins elapsed.
2022-04-12 14:12:11 : (pbmc_1 : 1 of 1) Reading TabixFile 17 Percent, 1.823 mins elapsed.
2022-04-12 14:12:53 : (pbmc_1 : 1 of 1) Reading TabixFile 25 Percent, 2.523 mins elapsed.
2022-04-12 14:13:30 : (pbmc_1 : 1 of 1) Reading TabixFile 33 Percent, 3.144 mins elapsed.
2022-04-12 14:14:08 : (pbmc_1 : 1 of 1) Reading TabixFile 42 Percent, 3.77 mins elapsed.
2022-04-12 14:14:48 : (pbmc_1 : 1 of 1) Reading TabixFile 50 Percent, 4.446 mins elapsed.
2022-04-12 14:15:16 : (pbmc_1 : 1 of 1) Reading TabixFile 58 Percent, 4.903 mins elapsed.
2022-04-12 14:15:48 : (pbmc_1 : 1 of 1) Reading TabixFile 67 Percent, 5.44 mins elapsed.
2022-04-12 14:16:22 : (pbmc_1 : 1 of 1) Reading TabixFile 75 Percent, 6.014 mins elapsed.
2022-04-12 14:16:58 : (pbmc_1 : 1 of 1) Reading TabixFile 83 Percent, 6.611 mins elapsed.
2022-04-12 14:17:16 : (pbmc_1 : 1 of 1) Reading TabixFile 92 Percent, 6.907 mins elapsed.
2022-04-12 14:17:34 : (pbmc_1 : 1 of 1) Reading TabixFile 100 Percent, 7.207 mins elapsed.
2022-04-12 14:17:34 : (pbmc_1 : 1 of 1) Successful creation of Temporary File, 7.219 mins elapsed.
2022-04-12 14:17:34 : (pbmc_1 : 1 of 1) Creating ArrowFile From Temporary File, 7.219 mins elapsed.

2022-04-12 14:17:34 : (pbmc_1 : 1 of 1) chunkChrNames, Class = data.frame
(pbmc_1 : 1 of 1) chunkChrNames: nRows = 118, nCols = 1
     chunkNames
1   chr1#chunk1
2   chr1#chunk2
3   chr1#chunk3
4   chr1#chunk4
5   chr1#chunk5
6 chr10#chunk46


2022-04-12 14:17:34 : (pbmc_1 : 1 of 1) Counting Unique Barcodes From Temporary File, 7.22 mins elapsed.

2022-04-12 14:17:45 : (pbmc_1 : 1 of 1) BarcodeFrequencyTable, Class = data.table
 
2022-04-12 14:17:45 : (pbmc_1 : 1 of 1) BarcodeFrequencyTable, Class = data.frame
(pbmc_1 : 1 of 1) BarcodeFrequencyTable: nRows = 639399, nCols = 2
            values.V1     V1
1: CGTTAAATCCACCCTG-1 699530
2: TCTAACCGTATTGTCC-1 592007
3: TTGCGTCTCGCCTAAG-1 349553
4: ATGGCTTAGGCTACAT-1 344713
5: TAGTAAGCAAGGTAAC-1 318498
6: TACCCGGCATAATCCG-1 307370



2022-04-12 14:17:45 : (pbmc_1 : 1 of 1) BarcodesMinMaxFrags, Class = data.frame
(pbmc_1 : 1 of 1) BarcodesMinMaxFrags: nRows = 11909, nCols = 1
                  bc
1 TGAGCAAAGGCCTGGT-1
2 AACCGCTCATATAACC-1
3 CAGCAAGCAGTAGGTG-1
4 TTCATTCAGCCGCTTT-1
5 GGAGTCTGTGAGCAAG-1
6 CTAGTAGGTAGCAGCT-1



2022-04-12 14:17:46 : (pbmc_1 : 1 of 1) Unique Chromosomes, Class = data.frame
(pbmc_1 : 1 of 1) Unique Chromosomes: nRows = 24, nCols = 1
   chr
1 chr1
2 chr2
3 chr3
4 chr4
5 chr5
6 chr6


2022-04-12 14:17:46 : (pbmc_1 : 1 of 1) Adding Chromosome 1 of 24, 7.403 mins elapsed.

2022-04-12 14:17:52 : (pbmc_1 : 1 of 1) .tmpToArrow Fragments-Chr-(1 of 24)-chr1, Class = IRanges

(pbmc_1 : 1 of 1) .tmpToArrow Fragments-Chr-(1 of 24)-chr1: length = 16767620
IRanges object with 6 ranges and 1 metadata column:
          start       end     width |                 RG
      <integer> <integer> <integer> |              <Rle>
  [1]    201378    201594       217 | TGAGCAAAGGCCTGGT-1
  [2]   1013448   1013670       223 | TGAGCAAAGGCCTGGT-1
  [3]   1068966   1069372       407 | TGAGCAAAGGCCTGGT-1
  [4]   1233969   1234339       371 | TGAGCAAAGGCCTGGT-1
  [5]   1234340   1234572       233 | TGAGCAAAGGCCTGGT-1
  [6]   1273654   1273844       191 | TGAGCAAAGGCCTGGT-1



2022-04-12 14:17:52 : (pbmc_1 : 1 of 1) .tmpToArrow Barcodes-Chr-(1 of 24)-chr1, Class = data.frame
(pbmc_1 : 1 of 1) .tmpToArrow Barcodes-Chr-(1 of 24)-chr1: nRows = 11909, nCols = 1
                  bc
1 TGAGCAAAGGCCTGGT-1
2 AACCGCTCATATAACC-1
3 CAGCAAGCAGTAGGTG-1
4 TTCATTCAGCCGCTTT-1
5 GGAGTCTGTGAGCAAG-1
6 CTAGTAGGTAGCAGCT-1


2022-04-12 14:17:53 : (pbmc_1 : 1 of 1) Adding Chromosome 2 of 24, 7.532 mins elapsed.
2022-04-12 14:17:59 : (pbmc_1 : 1 of 1) Adding Chromosome 3 of 24, 7.632 mins elapsed.
2022-04-12 14:18:04 : (pbmc_1 : 1 of 1) Adding Chromosome 4 of 24, 7.715 mins elapsed.
2022-04-12 14:18:08 : (pbmc_1 : 1 of 1) Adding Chromosome 5 of 24, 7.776 mins elapsed.
2022-04-12 14:18:12 : (pbmc_1 : 1 of 1) Adding Chromosome 6 of 24, 7.847 mins elapsed.
2022-04-12 14:18:17 : (pbmc_1 : 1 of 1) Adding Chromosome 7 of 24, 7.93 mins elapsed.
2022-04-12 14:18:21 : (pbmc_1 : 1 of 1) Adding Chromosome 8 of 24, 8.001 mins elapsed.
2022-04-12 14:18:25 : (pbmc_1 : 1 of 1) Adding Chromosome 9 of 24, 8.061 mins elapsed.
2022-04-12 14:18:29 : (pbmc_1 : 1 of 1) Adding Chromosome 10 of 24, 8.124 mins elapsed.
2022-04-12 14:18:33 : (pbmc_1 : 1 of 1) Adding Chromosome 11 of 24, 8.191 mins elapsed.
2022-04-12 14:18:37 : (pbmc_1 : 1 of 1) Adding Chromosome 12 of 24, 8.267 mins elapsed.
2022-04-12 14:18:42 : (pbmc_1 : 1 of 1) Adding Chromosome 13 of 24, 8.342 mins elapsed.
2022-04-12 14:18:44 : (pbmc_1 : 1 of 1) Adding Chromosome 14 of 24, 8.382 mins elapsed.
2022-04-12 14:18:48 : (pbmc_1 : 1 of 1) Adding Chromosome 15 of 24, 8.437 mins elapsed.
2022-04-12 14:18:51 : (pbmc_1 : 1 of 1) Adding Chromosome 16 of 24, 8.487 mins elapsed.
2022-04-12 14:18:54 : (pbmc_1 : 1 of 1) Adding Chromosome 17 of 24, 8.55 mins elapsed.
2022-04-12 14:18:59 : (pbmc_1 : 1 of 1) Adding Chromosome 18 of 24, 8.633 mins elapsed.
2022-04-12 14:19:01 : (pbmc_1 : 1 of 1) Adding Chromosome 19 of 24, 8.668 mins elapsed.
2022-04-12 14:19:07 : (pbmc_1 : 1 of 1) Adding Chromosome 20 of 24, 8.755 mins elapsed.
2022-04-12 14:19:09 : (pbmc_1 : 1 of 1) Adding Chromosome 21 of 24, 8.802 mins elapsed.
2022-04-12 14:19:11 : (pbmc_1 : 1 of 1) Adding Chromosome 22 of 24, 8.831 mins elapsed.
2022-04-12 14:19:14 : (pbmc_1 : 1 of 1) Adding Chromosome 23 of 24, 8.873 mins elapsed.
2022-04-12 14:19:16 : (pbmc_1 : 1 of 1) Adding Chromosome 24 of 24, 8.918 mins elapsed.
2022-04-12 14:19:17 : (pbmc_1 : 1 of 1) Successful creation of Arrow File, 8.935 mins elapsed.
2022-04-12 14:19:18 : (pbmc_1 : 1 of 1) Adding Fragment Summary, 8.947 mins elapsed.
2022-04-12 14:19:32 : (pbmc_1 : 1 of 1) Plotting Fragment Size Distribution, 9.178 mins elapsed.
2022-04-12 14:19:33 : (pbmc_1 : 1 of 1) Computing TSS Enrichment Scores, 9.193 mins elapsed.
2022-04-12 14:20:59 : (pbmc_1 : 1 of 1) Computed TSS Scores!, 1.443 mins elapsed.
2022-04-12 14:20:59 : (pbmc_1 : 1 of 1) CellStats : Number of Cells Pass Filter = 11701 , 10.636 mins elapsed.
2022-04-12 14:20:59 : (pbmc_1 : 1 of 1) CellStats : Median Frags = 13565 , 10.636 mins elapsed.
2022-04-12 14:20:59 : (pbmc_1 : 1 of 1) CellStats : Median TSS Enrichment = 13.597 , 10.636 mins elapsed.
2022-04-12 14:20:59 : (pbmc_1 : 1 of 1) Plotting TSS Enrichment Scores, 10.636 mins elapsed.
2022-04-12 14:21:01 : (pbmc_1 : 1 of 1) Adding Metadata to Fragments, 10.66 mins elapsed.
2022-04-12 14:21:02 : (pbmc_1 : 1 of 1) Adding Additional Feature Counts!, 10.672 mins elapsed.
2022-04-12 14:22:19 : (pbmc_1 : 1 of 1) Finished Adding Additional Feature Counts!, 11.961 mins elapsed.

2022-04-12 14:22:19 : (pbmc_1 : 1 of 1) Metadata, Class = DFrame
DataFrame with 11909 rows and 12 columns
                   cellNames    nFrags nMonoFrags  nDiFrags nMultiFrags
                 <character> <numeric>  <numeric> <numeric>   <numeric>
1     pbmc_1#TGAGCAAAGGCCT..     99678      20167     58346       21165
2     pbmc_1#AACCGCTCATATA..     94284      40334     36464       17486
3     pbmc_1#CAGCAAGCAGTAG..     92494      15417     56392       20685
4     pbmc_1#TTCATTCAGCCGC..     92303      43378     33301       15624
5     pbmc_1#GGAGTCTGTGAGC..     90198      45136     29367       15695
...                      ...       ...        ...       ...         ...
11905 pbmc_1#ATTACGTCATTAT..      1004        433       396         175
11906 pbmc_1#CTTGAACAGCGGG..      1004        534       351         119
11907 pbmc_1#TAACCTAAGTAAA..      1002        677       228          97
11908 pbmc_1#TGAGTTTCAACAG..      1001        691       246          64
11909 pbmc_1#CAAGTATGTCTTT..      1000        414       400         186
      TSSEnrichment ReadsInTSS      Keep ReadsInPromoter PromoterRatio
          <numeric>  <numeric> <numeric>       <numeric>     <numeric>
1             4.822       4568         1            6010     0.0301471
2             8.795      25890         1           27737     0.1470928
3             3.344       2496         1            3884     0.0209960
4             2.510       5808         0           11180     0.0605614
5             5.890      17394         1           22415     0.1242544
...             ...        ...       ...             ...           ...
11905        19.411        745         1             679     0.3381474
11906         8.549        177         1             169     0.0841633
11907         5.633        128         1             185     0.0923154
11908         3.363         90         1             161     0.0804196
11909        10.129        445         1             434     0.2170000
      ReadsInBlacklist BlacklistRatio
             <numeric>      <numeric>
1                  481     0.00241277
2                  951     0.00504327
3                 1272     0.00687612
4                  993     0.00537902
5                 1035     0.00573738
...                ...            ...
11905               14     0.00697211
11906                8     0.00398406
11907               10     0.00499002
11908               16     0.00799201
11909                8     0.00400000

2022-04-12 14:22:19 : (pbmc_1 : 1 of 1) Removing Fragments from Filtered Cells, 11.963 mins elapsed.
2022-04-12 14:22:19 : (pbmc_1 : 1 of 1) Creating Filtered Arrow File, 11.963 mins elapsed.

2022-04-12 14:22:21 : (pbmc_1 : 1 of 1) .filterCellsFromArrow Fragments-Chr-(1 of 24)-chr1, Class = GRanges
GRanges object with 16649907 ranges and 1 metadata column:
             seqnames              ranges strand |                     RG
                <Rle>           <IRanges>  <Rle> |                  <Rle>
         [1]     chr1       201378-201594      * | pbmc_1#TGAGCAAAGGCCT..
         [2]     chr1     1013448-1013670      * | pbmc_1#TGAGCAAAGGCCT..
         [3]     chr1     1068966-1069372      * | pbmc_1#TGAGCAAAGGCCT..
         [4]     chr1     1233969-1234339      * | pbmc_1#TGAGCAAAGGCCT..
         [5]     chr1     1234340-1234572      * | pbmc_1#TGAGCAAAGGCCT..
         ...      ...                 ...    ... .                    ...
  [16649903]     chr1 235161318-235161362      * | pbmc_1#CAAGTATGTCTTT..
  [16649904]     chr1 235276622-235276797      * | pbmc_1#CAAGTATGTCTTT..
  [16649905]     chr1 236290550-236290733      * | pbmc_1#CAAGTATGTCTTT..
  [16649906]     chr1 241551698-241552000      * | pbmc_1#CAAGTATGTCTTT..
  [16649907]     chr1 247413835-247414028      * | pbmc_1#CAAGTATGTCTTT..
  -------
  seqinfo: 1 sequence from an unspecified genome; no seqlengths


2022-04-12 14:22:21 : (pbmc_1 : 1 of 1) .filterCellsFromArrow Barcodes-Chr-(1 of 24)-chr1, Class = data.frame
(pbmc_1 : 1 of 1) .filterCellsFromArrow Barcodes-Chr-(1 of 24)-chr1: nRows = 11701, nCols = 1
                         bc
1 pbmc_1#TGAGCAAAGGCCTGGT-1
2 pbmc_1#AACCGCTCATATAACC-1
3 pbmc_1#CAGCAAGCAGTAGGTG-1
4 pbmc_1#GGAGTCTGTGAGCAAG-1
5 pbmc_1#TAGCTAGGTTTGGGTA-1
6 pbmc_1#TTGGAGGCAGGCTTCG-1


2022-04-12 14:22:53 : (pbmc_1 : 1 of 1) Finished Constructing Filtered Arrow File!, 12.531 mins elapsed.
2022-04-12 14:22:53 : (pbmc_1 : 1 of 1) Adding TileMatrix!, 12.532 mins elapsed.

2022-04-12 14:22:54 : pbmc_1 .addTileMat FeatureDF, Class = DFrame
DataFrame with 6062095 rows and 3 columns
           seqnames       idx     start
        <character> <integer> <numeric>
1              chr1         1         0
2              chr1         2       500
3              chr1         3      1000
4              chr1         4      1500
5              chr1         5      2000
...             ...       ...       ...
6062091        chrX    312078 156038500
6062092        chrX    312079 156039000
6062093        chrX    312080 156039500
6062094        chrX    312081 156040000
6062095        chrX    312082 156040500

2022-04-12 14:23:00 : Adding TileMatrix to pbmc_1 for Chr (1 of 23)!, 0.105 mins elapsed.

2022-04-12 14:23:01 : NTiles_TileMatrix_1_chr1, Class = numeric

NTiles_TileMatrix_1_chr1: length = 1
  chr1 
497913 



2022-04-12 14:23:01 : NCells_TileMatrix_1_chr1, Class = integer

NCells_TileMatrix_1_chr1: length = 1
[1] 11701



2022-04-12 14:23:01 : MinTile_TileMatrix_1_chr1, Class = numeric

MinTile_TileMatrix_1_chr1: length = 1
[1] 21



2022-04-12 14:23:01 : MaxTile_TileMatrix_1_chr1, Class = numeric

MaxTile_TileMatrix_1_chr1: length = 1
[1] 497893



2022-04-12 14:23:01 : MinCell_TileMatrix_1_chr1, Class = integer

MinCell_TileMatrix_1_chr1: length = 1
[1] 1



2022-04-12 14:23:01 : MaxCell_TileMatrix_1_chr1, Class = integer

MaxCell_TileMatrix_1_chr1: length = 1
[1] 11701


2022-04-12 14:23:07 : Adding TileMatrix to pbmc_1 for Chr (2 of 23)!, 0.232 mins elapsed.

2022-04-12 14:23:08 : NTiles_TileMatrix_2_chr2, Class = numeric

NTiles_TileMatrix_2_chr2: length = 1
  chr2 
484388 



2022-04-12 14:23:08 : NCells_TileMatrix_2_chr2, Class = integer

NCells_TileMatrix_2_chr2: length = 1
[1] 11701



2022-04-12 14:23:08 : MinTile_TileMatrix_2_chr2, Class = numeric

MinTile_TileMatrix_2_chr2: length = 1
[1] 21



2022-04-12 14:23:08 : MaxTile_TileMatrix_2_chr2, Class = numeric

MaxTile_TileMatrix_2_chr2: length = 1
[1] 484367



2022-04-12 14:23:08 : MinCell_TileMatrix_2_chr2, Class = integer

MinCell_TileMatrix_2_chr2: length = 1
[1] 1



2022-04-12 14:23:08 : MaxCell_TileMatrix_2_chr2, Class = integer

MaxCell_TileMatrix_2_chr2: length = 1
[1] 11701


2022-04-12 14:23:13 : Adding TileMatrix to pbmc_1 for Chr (3 of 23)!, 0.329 mins elapsed.

2022-04-12 14:23:14 : NTiles_TileMatrix_3_chr3, Class = numeric

NTiles_TileMatrix_3_chr3: length = 1
  chr3 
396592 



2022-04-12 14:23:14 : NCells_TileMatrix_3_chr3, Class = integer

NCells_TileMatrix_3_chr3: length = 1
[1] 11701



2022-04-12 14:23:14 : MinTile_TileMatrix_3_chr3, Class = numeric

MinTile_TileMatrix_3_chr3: length = 1
[1] 21



2022-04-12 14:23:14 : MaxTile_TileMatrix_3_chr3, Class = numeric

MaxTile_TileMatrix_3_chr3: length = 1
[1] 396441



2022-04-12 14:23:14 : MinCell_TileMatrix_3_chr3, Class = integer

MinCell_TileMatrix_3_chr3: length = 1
[1] 1



2022-04-12 14:23:14 : MaxCell_TileMatrix_3_chr3, Class = integer

MaxCell_TileMatrix_3_chr3: length = 1
[1] 11701


2022-04-12 14:23:18 : Adding TileMatrix to pbmc_1 for Chr (4 of 23)!, 0.412 mins elapsed.

2022-04-12 14:23:18 : NTiles_TileMatrix_4_chr4, Class = numeric

NTiles_TileMatrix_4_chr4: length = 1
  chr4 
380430 



2022-04-12 14:23:18 : NCells_TileMatrix_4_chr4, Class = integer

NCells_TileMatrix_4_chr4: length = 1
[1] 11701



2022-04-12 14:23:18 : MinTile_TileMatrix_4_chr4, Class = numeric

MinTile_TileMatrix_4_chr4: length = 1
[1] 21



2022-04-12 14:23:18 : MaxTile_TileMatrix_4_chr4, Class = numeric

MaxTile_TileMatrix_4_chr4: length = 1
[1] 380410



2022-04-12 14:23:18 : MinCell_TileMatrix_4_chr4, Class = integer

MinCell_TileMatrix_4_chr4: length = 1
[1] 1



2022-04-12 14:23:18 : MaxCell_TileMatrix_4_chr4, Class = integer

MaxCell_TileMatrix_4_chr4: length = 1
[1] 11701


2022-04-12 14:23:22 : Adding TileMatrix to pbmc_1 for Chr (5 of 23)!, 0.475 mins elapsed.

2022-04-12 14:23:22 : NTiles_TileMatrix_5_chr5, Class = numeric

NTiles_TileMatrix_5_chr5: length = 1
  chr5 
363077 



2022-04-12 14:23:22 : NCells_TileMatrix_5_chr5, Class = integer

NCells_TileMatrix_5_chr5: length = 1
[1] 11701



2022-04-12 14:23:22 : MinTile_TileMatrix_5_chr5, Class = numeric

MinTile_TileMatrix_5_chr5: length = 1
[1] 21



2022-04-12 14:23:22 : MaxTile_TileMatrix_5_chr5, Class = numeric

MaxTile_TileMatrix_5_chr5: length = 1
[1] 362956



2022-04-12 14:23:22 : MinCell_TileMatrix_5_chr5, Class = integer

MinCell_TileMatrix_5_chr5: length = 1
[1] 1



2022-04-12 14:23:22 : MaxCell_TileMatrix_5_chr5, Class = integer

MaxCell_TileMatrix_5_chr5: length = 1
[1] 11701


2022-04-12 14:23:26 : Adding TileMatrix to pbmc_1 for Chr (6 of 23)!, 0.546 mins elapsed.

2022-04-12 14:23:27 : NTiles_TileMatrix_6_chr6, Class = numeric

NTiles_TileMatrix_6_chr6: length = 1
  chr6 
341612 



2022-04-12 14:23:27 : NCells_TileMatrix_6_chr6, Class = integer

NCells_TileMatrix_6_chr6: length = 1
[1] 11701



2022-04-12 14:23:27 : MinTile_TileMatrix_6_chr6, Class = numeric

MinTile_TileMatrix_6_chr6: length = 1
[1] 128



2022-04-12 14:23:27 : MaxTile_TileMatrix_6_chr6, Class = numeric

MaxTile_TileMatrix_6_chr6: length = 1
[1] 341480



2022-04-12 14:23:27 : MinCell_TileMatrix_6_chr6, Class = integer

MinCell_TileMatrix_6_chr6: length = 1
[1] 1



2022-04-12 14:23:27 : MaxCell_TileMatrix_6_chr6, Class = integer

MaxCell_TileMatrix_6_chr6: length = 1
[1] 11701


2022-04-12 14:23:31 : Adding TileMatrix to pbmc_1 for Chr (7 of 23)!, 0.629 mins elapsed.

2022-04-12 14:23:31 : NTiles_TileMatrix_7_chr7, Class = numeric

NTiles_TileMatrix_7_chr7: length = 1
  chr7 
318692 



2022-04-12 14:23:31 : NCells_TileMatrix_7_chr7, Class = integer

NCells_TileMatrix_7_chr7: length = 1
[1] 11701



2022-04-12 14:23:31 : MinTile_TileMatrix_7_chr7, Class = numeric

MinTile_TileMatrix_7_chr7: length = 1
[1] 21



2022-04-12 14:23:31 : MaxTile_TileMatrix_7_chr7, Class = numeric

MaxTile_TileMatrix_7_chr7: length = 1
[1] 318672



2022-04-12 14:23:31 : MinCell_TileMatrix_7_chr7, Class = integer

MinCell_TileMatrix_7_chr7: length = 1
[1] 1



2022-04-12 14:23:31 : MaxCell_TileMatrix_7_chr7, Class = integer

MaxCell_TileMatrix_7_chr7: length = 1
[1] 11701


2022-04-12 14:23:35 : Adding TileMatrix to pbmc_1 for Chr (8 of 23)!, 0.7 mins elapsed.

2022-04-12 14:23:36 : NTiles_TileMatrix_8_chr8, Class = numeric

NTiles_TileMatrix_8_chr8: length = 1
  chr8 
290278 



2022-04-12 14:23:36 : NCells_TileMatrix_8_chr8, Class = integer

NCells_TileMatrix_8_chr8: length = 1
[1] 11701



2022-04-12 14:23:36 : MinTile_TileMatrix_8_chr8, Class = numeric

MinTile_TileMatrix_8_chr8: length = 1
[1] 143



2022-04-12 14:23:36 : MaxTile_TileMatrix_8_chr8, Class = numeric

MaxTile_TileMatrix_8_chr8: length = 1
[1] 290153



2022-04-12 14:23:36 : MinCell_TileMatrix_8_chr8, Class = integer

MinCell_TileMatrix_8_chr8: length = 1
[1] 1



2022-04-12 14:23:36 : MaxCell_TileMatrix_8_chr8, Class = integer

MaxCell_TileMatrix_8_chr8: length = 1
[1] 11701


2022-04-12 14:23:39 : Adding TileMatrix to pbmc_1 for Chr (9 of 23)!, 0.763 mins elapsed.

2022-04-12 14:23:39 : NTiles_TileMatrix_9_chr9, Class = numeric

NTiles_TileMatrix_9_chr9: length = 1
  chr9 
276790 



2022-04-12 14:23:39 : NCells_TileMatrix_9_chr9, Class = integer

NCells_TileMatrix_9_chr9: length = 1
[1] 11701



2022-04-12 14:23:39 : MinTile_TileMatrix_9_chr9, Class = numeric

MinTile_TileMatrix_9_chr9: length = 1
[1] 21



2022-04-12 14:23:39 : MaxTile_TileMatrix_9_chr9, Class = numeric

MaxTile_TileMatrix_9_chr9: length = 1
[1] 276457



2022-04-12 14:23:39 : MinCell_TileMatrix_9_chr9, Class = integer

MinCell_TileMatrix_9_chr9: length = 1
[1] 1



2022-04-12 14:23:39 : MaxCell_TileMatrix_9_chr9, Class = integer

MaxCell_TileMatrix_9_chr9: length = 1
[1] 11701


2022-04-12 14:23:43 : Adding TileMatrix to pbmc_1 for Chr (10 of 23)!, 0.828 mins elapsed.

2022-04-12 14:23:43 : NTiles_TileMatrix_10_chr10, Class = numeric

NTiles_TileMatrix_10_chr10: length = 1
 chr10 
267595 



2022-04-12 14:23:43 : NCells_TileMatrix_10_chr10, Class = integer

NCells_TileMatrix_10_chr10: length = 1
[1] 11701



2022-04-12 14:23:43 : MinTile_TileMatrix_10_chr10, Class = numeric

MinTile_TileMatrix_10_chr10: length = 1
[1] 21



2022-04-12 14:23:43 : MaxTile_TileMatrix_10_chr10, Class = numeric

MaxTile_TileMatrix_10_chr10: length = 1
[1] 267575



2022-04-12 14:23:43 : MinCell_TileMatrix_10_chr10, Class = integer

MinCell_TileMatrix_10_chr10: length = 1
[1] 1



2022-04-12 14:23:43 : MaxCell_TileMatrix_10_chr10, Class = integer

MaxCell_TileMatrix_10_chr10: length = 1
[1] 11701


2022-04-12 14:23:47 : Adding TileMatrix to pbmc_1 for Chr (11 of 23)!, 0.895 mins elapsed.

2022-04-12 14:23:47 : NTiles_TileMatrix_11_chr11, Class = numeric

NTiles_TileMatrix_11_chr11: length = 1
 chr11 
270174 



2022-04-12 14:23:47 : NCells_TileMatrix_11_chr11, Class = integer

NCells_TileMatrix_11_chr11: length = 1
[1] 11701



2022-04-12 14:23:47 : MinTile_TileMatrix_11_chr11, Class = numeric

MinTile_TileMatrix_11_chr11: length = 1
[1] 227



2022-04-12 14:23:47 : MaxTile_TileMatrix_11_chr11, Class = numeric

MaxTile_TileMatrix_11_chr11: length = 1
[1] 270154



2022-04-12 14:23:47 : MinCell_TileMatrix_11_chr11, Class = integer

MinCell_TileMatrix_11_chr11: length = 1
[1] 1



2022-04-12 14:23:47 : MaxCell_TileMatrix_11_chr11, Class = integer

MaxCell_TileMatrix_11_chr11: length = 1
[1] 11701


2022-04-12 14:23:52 : Adding TileMatrix to pbmc_1 for Chr (12 of 23)!, 0.971 mins elapsed.

2022-04-12 14:23:52 : NTiles_TileMatrix_12_chr12, Class = numeric

NTiles_TileMatrix_12_chr12: length = 1
 chr12 
266551 



2022-04-12 14:23:52 : NCells_TileMatrix_12_chr12, Class = integer

NCells_TileMatrix_12_chr12: length = 1
[1] 11701



2022-04-12 14:23:52 : MinTile_TileMatrix_12_chr12, Class = numeric

MinTile_TileMatrix_12_chr12: length = 1
[1] 21



2022-04-12 14:23:52 : MaxTile_TileMatrix_12_chr12, Class = numeric

MaxTile_TileMatrix_12_chr12: length = 1
[1] 266531



2022-04-12 14:23:52 : MinCell_TileMatrix_12_chr12, Class = integer

MinCell_TileMatrix_12_chr12: length = 1
[1] 1



2022-04-12 14:23:52 : MaxCell_TileMatrix_12_chr12, Class = integer

MaxCell_TileMatrix_12_chr12: length = 1
[1] 11701


2022-04-12 14:23:56 : Adding TileMatrix to pbmc_1 for Chr (13 of 23)!, 1.047 mins elapsed.

2022-04-12 14:23:56 : NTiles_TileMatrix_13_chr13, Class = numeric

NTiles_TileMatrix_13_chr13: length = 1
 chr13 
228729 



2022-04-12 14:23:56 : NCells_TileMatrix_13_chr13, Class = integer

NCells_TileMatrix_13_chr13: length = 1
[1] 11701



2022-04-12 14:23:56 : MinTile_TileMatrix_13_chr13, Class = numeric

MinTile_TileMatrix_13_chr13: length = 1
[1] 33839



2022-04-12 14:23:56 : MaxTile_TileMatrix_13_chr13, Class = numeric

MaxTile_TileMatrix_13_chr13: length = 1
[1] 228709



2022-04-12 14:23:56 : MinCell_TileMatrix_13_chr13, Class = integer

MinCell_TileMatrix_13_chr13: length = 1
[1] 1



2022-04-12 14:23:56 : MaxCell_TileMatrix_13_chr13, Class = integer

MaxCell_TileMatrix_13_chr13: length = 1
[1] 11701


2022-04-12 14:23:59 : Adding TileMatrix to pbmc_1 for Chr (14 of 23)!, 1.093 mins elapsed.

2022-04-12 14:23:59 : NTiles_TileMatrix_14_chr14, Class = numeric

NTiles_TileMatrix_14_chr14: length = 1
 chr14 
214088 



2022-04-12 14:23:59 : NCells_TileMatrix_14_chr14, Class = integer

NCells_TileMatrix_14_chr14: length = 1
[1] 11701



2022-04-12 14:23:59 : MinTile_TileMatrix_14_chr14, Class = numeric

MinTile_TileMatrix_14_chr14: length = 1
[1] 32082



2022-04-12 14:23:59 : MaxTile_TileMatrix_14_chr14, Class = numeric

MaxTile_TileMatrix_14_chr14: length = 1
[1] 213768



2022-04-12 14:23:59 : MinCell_TileMatrix_14_chr14, Class = integer

MinCell_TileMatrix_14_chr14: length = 1
[1] 1



2022-04-12 14:23:59 : MaxCell_TileMatrix_14_chr14, Class = integer

MaxCell_TileMatrix_14_chr14: length = 1
[1] 11701


2022-04-12 14:24:02 : Adding TileMatrix to pbmc_1 for Chr (15 of 23)!, 1.151 mins elapsed.

2022-04-12 14:24:03 : NTiles_TileMatrix_15_chr15, Class = numeric

NTiles_TileMatrix_15_chr15: length = 1
 chr15 
203983 



2022-04-12 14:24:03 : NCells_TileMatrix_15_chr15, Class = integer

NCells_TileMatrix_15_chr15: length = 1
[1] 11701



2022-04-12 14:24:03 : MinTile_TileMatrix_15_chr15, Class = numeric

MinTile_TileMatrix_15_chr15: length = 1
[1] 34020



2022-04-12 14:24:03 : MaxTile_TileMatrix_15_chr15, Class = numeric

MaxTile_TileMatrix_15_chr15: length = 1
[1] 203963



2022-04-12 14:24:03 : MinCell_TileMatrix_15_chr15, Class = integer

MinCell_TileMatrix_15_chr15: length = 1
[1] 1



2022-04-12 14:24:03 : MaxCell_TileMatrix_15_chr15, Class = integer

MaxCell_TileMatrix_15_chr15: length = 1
[1] 11701


2022-04-12 14:24:06 : Adding TileMatrix to pbmc_1 for Chr (16 of 23)!, 1.206 mins elapsed.

2022-04-12 14:24:06 : NTiles_TileMatrix_16_chr16, Class = numeric

NTiles_TileMatrix_16_chr16: length = 1
 chr16 
180677 



2022-04-12 14:24:06 : NCells_TileMatrix_16_chr16, Class = integer

NCells_TileMatrix_16_chr16: length = 1
[1] 11701



2022-04-12 14:24:06 : MinTile_TileMatrix_16_chr16, Class = numeric

MinTile_TileMatrix_16_chr16: length = 1
[1] 21



2022-04-12 14:24:06 : MaxTile_TileMatrix_16_chr16, Class = numeric

MaxTile_TileMatrix_16_chr16: length = 1
[1] 180450



2022-04-12 14:24:06 : MinCell_TileMatrix_16_chr16, Class = integer

MinCell_TileMatrix_16_chr16: length = 1
[1] 1



2022-04-12 14:24:06 : MaxCell_TileMatrix_16_chr16, Class = integer

MaxCell_TileMatrix_16_chr16: length = 1
[1] 11701


2022-04-12 14:24:09 : Adding TileMatrix to pbmc_1 for Chr (17 of 23)!, 1.27 mins elapsed.

2022-04-12 14:24:10 : NTiles_TileMatrix_17_chr17, Class = numeric

NTiles_TileMatrix_17_chr17: length = 1
 chr17 
166515 



2022-04-12 14:24:10 : NCells_TileMatrix_17_chr17, Class = integer

NCells_TileMatrix_17_chr17: length = 1
[1] 11701



2022-04-12 14:24:10 : MinTile_TileMatrix_17_chr17, Class = numeric

MinTile_TileMatrix_17_chr17: length = 1
[1] 156



2022-04-12 14:24:10 : MaxTile_TileMatrix_17_chr17, Class = numeric

MaxTile_TileMatrix_17_chr17: length = 1
[1] 166495



2022-04-12 14:24:10 : MinCell_TileMatrix_17_chr17, Class = integer

MinCell_TileMatrix_17_chr17: length = 1
[1] 1



2022-04-12 14:24:10 : MaxCell_TileMatrix_17_chr17, Class = integer

MaxCell_TileMatrix_17_chr17: length = 1
[1] 11701


2022-04-12 14:24:14 : Adding TileMatrix to pbmc_1 for Chr (18 of 23)!, 1.353 mins elapsed.

2022-04-12 14:24:15 : NTiles_TileMatrix_18_chr18, Class = numeric

NTiles_TileMatrix_18_chr18: length = 1
 chr18 
160747 



2022-04-12 14:24:15 : NCells_TileMatrix_18_chr18, Class = integer

NCells_TileMatrix_18_chr18: length = 1
[1] 11701



2022-04-12 14:24:15 : MinTile_TileMatrix_18_chr18, Class = numeric

MinTile_TileMatrix_18_chr18: length = 1
[1] 21



2022-04-12 14:24:15 : MaxTile_TileMatrix_18_chr18, Class = numeric

MaxTile_TileMatrix_18_chr18: length = 1
[1] 160527



2022-04-12 14:24:15 : MinCell_TileMatrix_18_chr18, Class = integer

MinCell_TileMatrix_18_chr18: length = 1
[1] 1



2022-04-12 14:24:15 : MaxCell_TileMatrix_18_chr18, Class = integer

MaxCell_TileMatrix_18_chr18: length = 1
[1] 11701


2022-04-12 14:24:17 : Adding TileMatrix to pbmc_1 for Chr (19 of 23)!, 1.396 mins elapsed.

2022-04-12 14:24:18 : NTiles_TileMatrix_19_chr19, Class = numeric

NTiles_TileMatrix_19_chr19: length = 1
 chr19 
117236 



2022-04-12 14:24:18 : NCells_TileMatrix_19_chr19, Class = integer

NCells_TileMatrix_19_chr19: length = 1
[1] 11701



2022-04-12 14:24:18 : MinTile_TileMatrix_19_chr19, Class = numeric

MinTile_TileMatrix_19_chr19: length = 1
[1] 141



2022-04-12 14:24:18 : MaxTile_TileMatrix_19_chr19, Class = numeric

MaxTile_TileMatrix_19_chr19: length = 1
[1] 117216



2022-04-12 14:24:18 : MinCell_TileMatrix_19_chr19, Class = integer

MinCell_TileMatrix_19_chr19: length = 1
[1] 1



2022-04-12 14:24:18 : MaxCell_TileMatrix_19_chr19, Class = integer

MaxCell_TileMatrix_19_chr19: length = 1
[1] 11701


2022-04-12 14:24:22 : Adding TileMatrix to pbmc_1 for Chr (20 of 23)!, 1.483 mins elapsed.

2022-04-12 14:24:23 : NTiles_TileMatrix_20_chr20, Class = numeric

NTiles_TileMatrix_20_chr20: length = 1
 chr20 
128889 



2022-04-12 14:24:23 : NCells_TileMatrix_20_chr20, Class = integer

NCells_TileMatrix_20_chr20: length = 1
[1] 11701



2022-04-12 14:24:23 : MinTile_TileMatrix_20_chr20, Class = numeric

MinTile_TileMatrix_20_chr20: length = 1
[1] 121



2022-04-12 14:24:23 : MaxTile_TileMatrix_20_chr20, Class = numeric

MaxTile_TileMatrix_20_chr20: length = 1
[1] 128667



2022-04-12 14:24:23 : MinCell_TileMatrix_20_chr20, Class = integer

MinCell_TileMatrix_20_chr20: length = 1
[1] 1



2022-04-12 14:24:23 : MaxCell_TileMatrix_20_chr20, Class = integer

MaxCell_TileMatrix_20_chr20: length = 1
[1] 11701


2022-04-12 14:24:25 : Adding TileMatrix to pbmc_1 for Chr (21 of 23)!, 1.534 mins elapsed.

2022-04-12 14:24:25 : NTiles_TileMatrix_21_chr21, Class = numeric

NTiles_TileMatrix_21_chr21: length = 1
chr21 
93420 



2022-04-12 14:24:25 : NCells_TileMatrix_21_chr21, Class = integer

NCells_TileMatrix_21_chr21: length = 1
[1] 11701



2022-04-12 14:24:25 : MinTile_TileMatrix_21_chr21, Class = numeric

MinTile_TileMatrix_21_chr21: length = 1
[1] 10062



2022-04-12 14:24:25 : MaxTile_TileMatrix_21_chr21, Class = numeric

MaxTile_TileMatrix_21_chr21: length = 1
[1] 93400



2022-04-12 14:24:25 : MinCell_TileMatrix_21_chr21, Class = integer

MinCell_TileMatrix_21_chr21: length = 1
[1] 1



2022-04-12 14:24:25 : MaxCell_TileMatrix_21_chr21, Class = integer

MaxCell_TileMatrix_21_chr21: length = 1
[1] 11701


2022-04-12 14:24:28 : Adding TileMatrix to pbmc_1 for Chr (22 of 23)!, 1.574 mins elapsed.

2022-04-12 14:24:28 : NTiles_TileMatrix_22_chr22, Class = numeric

NTiles_TileMatrix_22_chr22: length = 1
 chr22 
101637 



2022-04-12 14:24:28 : NCells_TileMatrix_22_chr22, Class = integer

NCells_TileMatrix_22_chr22: length = 1
[1] 11701



2022-04-12 14:24:28 : MinTile_TileMatrix_22_chr22, Class = numeric

MinTile_TileMatrix_22_chr22: length = 1
[1] 21146



2022-04-12 14:24:28 : MaxTile_TileMatrix_22_chr22, Class = numeric

MaxTile_TileMatrix_22_chr22: length = 1
[1] 101617



2022-04-12 14:24:28 : MinCell_TileMatrix_22_chr22, Class = integer

MinCell_TileMatrix_22_chr22: length = 1
[1] 1



2022-04-12 14:24:28 : MaxCell_TileMatrix_22_chr22, Class = integer

MaxCell_TileMatrix_22_chr22: length = 1
[1] 11701


2022-04-12 14:24:31 : Adding TileMatrix to pbmc_1 for Chr (23 of 23)!, 1.622 mins elapsed.

2022-04-12 14:24:31 : NTiles_TileMatrix_23_chrX, Class = numeric

NTiles_TileMatrix_23_chrX: length = 1
  chrX 
312082 



2022-04-12 14:24:31 : NCells_TileMatrix_23_chrX, Class = integer

NCells_TileMatrix_23_chrX: length = 1
[1] 11701



2022-04-12 14:24:31 : MinTile_TileMatrix_23_chrX, Class = numeric

MinTile_TileMatrix_23_chrX: length = 1
[1] 21



2022-04-12 14:24:31 : MaxTile_TileMatrix_23_chrX, Class = numeric

MaxTile_TileMatrix_23_chrX: length = 1
[1] 312062



2022-04-12 14:24:31 : MinCell_TileMatrix_23_chrX, Class = integer

MinCell_TileMatrix_23_chrX: length = 1
[1] 1



2022-04-12 14:24:31 : MaxCell_TileMatrix_23_chrX, Class = integer

MaxCell_TileMatrix_23_chrX: length = 1
[1] 11701


2022-04-12 14:24:34 : (pbmc_1 : 1 of 1) Finished Adding TileMatrix!, 14.214 mins elapsed.
2022-04-12 14:24:34 : (pbmc_1 : 1 of 1) Finished Creating Arrow File, 14.214 mins elapsed.

------- Completed

End Time : 2022-04-12 14:24:34
Elapsed Time Minutes = 14.2277179996173
Elapsed Time Hours = 0.237128702004751

-------



