
           ___      .______        ______  __    __  .______      
          /   \     |   _  \      /      ||  |  |  | |   _  \     
         /  ^  \    |  |_)  |    |  ,----'|  |__|  | |  |_)  |    
        /  /_\  \   |      /     |  |     |   __   | |      /     
       /  _____  \  |  |\  \\___ |  `----.|  |  |  | |  |\  \\___.
      /__/     \__\ | _| `._____| \______||__|  |__| | _| `._____|
    
Logging With ArchR!

Start Time : 2022-04-12 08:35:38

------- ArchR Info

ArchRThreads = 1
ArchRGenome = Hg19

------- System Info

Computer OS = unix
Total Cores = 16

------- Session Info

R version 4.1.3 (2022-03-10)
Platform: x86_64-pc-linux-gnu (64-bit)
Running under: Ubuntu 20.04.4 LTS

Matrix products: default
BLAS:   /usr/lib/x86_64-linux-gnu/blas/libblas.so.3.9.0
LAPACK: /usr/lib/x86_64-linux-gnu/lapack/liblapack.so.3.9.0

locale:
 [1] LC_CTYPE=en_US.UTF-8       LC_NUMERIC=C               LC_TIME=en_US.UTF-8       
 [4] LC_COLLATE=en_US.UTF-8     LC_MONETARY=en_US.UTF-8    LC_MESSAGES=en_US.UTF-8   
 [7] LC_PAPER=en_US.UTF-8       LC_NAME=C                  LC_ADDRESS=C              
[10] LC_TELEPHONE=C             LC_MEASUREMENT=en_US.UTF-8 LC_IDENTIFICATION=C       

attached base packages:
 [1] grid      parallel  stats4    stats     graphics  grDevices utils     datasets 
 [9] methods   base     

other attached packages:
 [1] nabor_0.5.0                       SeuratObject_4.0.4               
 [3] Seurat_4.1.0                      gridExtra_2.3                    
 [5] Rsamtools_2.8.0                   BSgenome.Hsapiens.UCSC.hg38_1.4.3
 [7] BSgenome_1.60.0                   rtracklayer_1.52.1               
 [9] Biostrings_2.60.2                 XVector_0.32.0                   
[11] ArchR_1.0.1                       rhdf5_2.36.0                     
[13] Matrix_1.4-1                      data.table_1.14.2                
[15] ggside_0.2.0                      scater_1.20.1                    
[17] scran_1.20.1                      scuttle_1.2.1                    
[19] SingleCellExperiment_1.14.1       SummarizedExperiment_1.22.0      
[21] Biobase_2.52.0                    GenomicRanges_1.44.0             
[23] GenomeInfoDb_1.28.4               IRanges_2.26.0                   
[25] S4Vectors_0.30.2                  BiocGenerics_0.38.0              
[27] scDblFinder_1.6.0                 sparseMatrixStats_1.4.2          
[29] MatrixGenerics_1.4.3              matrixStats_0.61.0               
[31] magrittr_2.0.3                    forcats_0.5.1                    
[33] stringr_1.4.0                     dplyr_1.0.8                      
[35] purrr_0.3.4                       readr_2.1.2                      
[37] tidyr_1.2.0                       tibble_3.1.6                     
[39] ggplot2_3.3.5                     tidyverse_1.3.1                  
[41] reticulate_1.24                  

loaded via a namespace (and not attached):
  [1] utf8_1.2.2                        tidyselect_1.1.2                 
  [3] htmlwidgets_1.5.4                 BiocParallel_1.26.2              
  [5] Rtsne_0.15                        munsell_0.5.0                    
  [7] ScaledMatrix_1.0.0                codetools_0.2-18                 
  [9] ica_1.0-2                         statmod_1.4.36                   
 [11] xgboost_1.5.2.1                   future_1.24.0                    
 [13] miniUI_0.1.1.1                    withr_2.5.0                      
 [15] spatstat.random_2.2-0             colorspace_2.0-3                 
 [17] knitr_1.38                        rstudioapi_0.13                  
 [19] ROCR_1.0-11                       tensor_1.5                       
 [21] listenv_0.8.0                     labeling_0.4.2                   
 [23] GenomeInfoDbData_1.2.6            polyclip_1.10-0                  
 [25] farver_2.1.0                      bit64_4.0.5                      
 [27] parallelly_1.31.0                 vctrs_0.4.0                      
 [29] generics_0.1.2                    xfun_0.30                        
 [31] R6_2.5.1                          ggbeeswarm_0.6.0                 
 [33] rsvd_1.0.5                        isoband_0.2.5                    
 [35] locfit_1.5-9.5                    hdf5r_1.3.5                      
 [37] bitops_1.0-7                      rhdf5filters_1.4.0               
 [39] spatstat.utils_2.3-0              DelayedArray_0.18.0              
 [41] assertthat_0.2.1                  BiocIO_1.2.0                     
 [43] promises_1.2.0.1                  scales_1.1.1                     
 [45] vroom_1.5.7                       beeswarm_0.4.0                   
 [47] gtable_0.3.0                      beachmat_2.8.1                   
 [49] Cairo_1.5-15                      globals_0.14.0                   
 [51] goftest_1.2-3                     rlang_1.0.2                      
 [53] splines_4.1.3                     lazyeval_0.2.2                   
 [55] spatstat.geom_2.4-0               broom_0.7.12                     
 [57] yaml_2.3.5                        reshape2_1.4.4                   
 [59] abind_1.4-5                       modelr_0.1.8                     
 [61] backports_1.4.1                   httpuv_1.6.5                     
 [63] tools_4.1.3                       ellipsis_0.3.2                   
 [65] spatstat.core_2.4-2               RColorBrewer_1.1-3               
 [67] ggridges_0.5.3                    Rcpp_1.0.8.3                     
 [69] plyr_1.8.7                        zlibbioc_1.38.0                  
 [71] RCurl_1.98-1.6                    rpart_4.1.16                     
 [73] deldir_1.0-6                      pbapply_1.5-0                    
 [75] viridis_0.6.2                     cowplot_1.1.1                    
 [77] zoo_1.8-9                         haven_2.4.3                      
 [79] ggrepel_0.9.1                     cluster_2.1.3                    
 [81] fs_1.5.2                          RSpectra_0.16-0                  
 [83] scattermore_0.8                   lmtest_0.9-40                    
 [85] reprex_2.0.1                      RANN_2.6.1                       
 [87] fitdistrplus_1.1-8                hms_1.1.1                        
 [89] patchwork_1.1.1                   mime_0.12                        
 [91] evaluate_0.15                     xtable_1.8-4                     
 [93] XML_3.99-0.9                      readxl_1.4.0                     
 [95] compiler_4.1.3                    KernSmooth_2.23-20               
 [97] crayon_1.5.1                      BSgenome.Hsapiens.UCSC.hg19_1.4.3
 [99] htmltools_0.5.2                   mgcv_1.8-40                      
[101] later_1.3.0                       tzdb_0.3.0                       
[103] lubridate_1.8.0                   DBI_1.1.2                        
[105] dbplyr_2.1.1                      MASS_7.3-56                      
[107] cli_3.2.0                         metapod_1.0.0                    
[109] igraph_1.3.0                      pkgconfig_2.0.3                  
[111] GenomicAlignments_1.28.0          plotly_4.10.0                    
[113] spatstat.sparse_2.1-0             xml2_1.3.3                       
[115] vipor_0.4.5                       dqrng_0.3.0                      
[117] rvest_1.0.2                       digest_0.6.29                    
[119] sctransform_0.3.3                 RcppAnnoy_0.0.19                 
[121] spatstat.data_2.1-4               rmarkdown_2.13                   
[123] cellranger_1.1.0                  leiden_0.3.9                     
[125] uwot_0.1.11                       edgeR_3.34.1                     
[127] DelayedMatrixStats_1.14.3         restfulr_0.0.13                  
[129] gtools_3.9.2                      shiny_1.7.1                      
[131] rjson_0.2.21                      nlme_3.1-157                     
[133] lifecycle_1.0.1                   jsonlite_1.8.0                   
[135] Rhdf5lib_1.14.2                   BiocNeighbors_1.10.0             
[137] viridisLite_0.4.0                 limma_3.48.3                     
[139] fansi_1.0.3                       pillar_1.7.0                     
[141] lattice_0.20-45                   fastmap_1.1.0                    
[143] httr_1.4.2                        survival_3.2-13                  
[145] glue_1.6.2                        png_0.1-7                        
[147] bluster_1.2.1                     bit_4.0.4                        
[149] stringi_1.7.6                     BiocSingular_1.8.1               
[151] irlba_2.3.5                       future.apply_1.8.1               


------- Log Info


2022-04-12 08:35:38 : plotTSSEnrichment Input-Parameters, Class = list

plotTSSEnrichment Input-Parameters$ArchRProj: length = 1

plotTSSEnrichment Input-Parameters$groupBy: length = 1
[1] "Sample"


plotTSSEnrichment Input-Parameters$chromSizes: length = 24
GRanges object with 6 ranges and 0 metadata columns:
      seqnames      ranges strand
         <Rle>   <IRanges>  <Rle>
  [1]     chr1 1-248956422      *
  [2]     chr2 1-242193529      *
  [3]     chr3 1-198295559      *
  [4]     chr4 1-190214555      *
  [5]     chr5 1-181538259      *
  [6]     chr6 1-170805979      *
  -------
  seqinfo: 24 sequences from an unspecified genome


plotTSSEnrichment Input-Parameters$TSS: length = 166023
GRanges object with 6 ranges and 2 metadata columns:
      seqnames    ranges strand |     tx_id     tx_name
         <Rle> <IRanges>  <Rle> | <integer> <character>
  [1]     chr1     29554      + |         1  uc057aty.1
  [2]     chr1     30267      + |         2  uc057atz.1
  [3]     chr1     30366      + |         3  uc031tlb.1
  [4]     chr1     69091      + |         4  uc001aal.1
  [5]     chr1    160446      + |         5  uc057aum.1
  [6]     chr1    182393      + |         6  uc057auo.1
  -------
  seqinfo: 24 sequences from hg38 genome


plotTSSEnrichment Input-Parameters$flank: length = 1
[1] 2000


plotTSSEnrichment Input-Parameters$norm: length = 1
[1] 100


plotTSSEnrichment Input-Parameters$smooth: length = 1
[1] 11


plotTSSEnrichment Input-Parameters$pal: length = 0
NULL


plotTSSEnrichment Input-Parameters$returnDF: length = 1
[1] TRUE


plotTSSEnrichment Input-Parameters$threads: length = 1
[1] 1


plotTSSEnrichment Input-Parameters$logFile: length = 1
[1] "ArchRLogs/ArchR-plotTSSEnrichment-dff7dbdf447-Date-2022-04-12_Time-08-35-38.log"


2022-04-12 08:35:38 : pbmc_1 Computing TSS (1 of 1)!, 0.005 mins elapsed.

2022-04-12 08:35:38 : getFragmentsFromArrow Input-Parameters, Class = list

getFragmentsFromArrow Input-Parameters$ArrowFile: length = 1
                                                                                                               pbmc_1 
"/home/philipp/Bioinfo_Playground/10x_pbmc_multiome_processing_output/ConsensusQC_ArchR_PROJ/ArrowFiles/pbmc_1.arrow" 


getFragmentsFromArrow Input-Parameters$chr: length = 1
[1] "chr1"


getFragmentsFromArrow Input-Parameters$cellNames: length = 10098
[1] "pbmc_1#TAGCTAGGTTTGGGTA-1" "pbmc_1#TTGGAGGCAGGCTTCG-1" "pbmc_1#CATAGACTCCCTGGAA-1"
[4] "pbmc_1#GGTTGCGGTAAACAAG-1" "pbmc_1#GGTGAGTAGGCGTAAA-1" "pbmc_1#ATTTGCAAGCCGCAAC-1"


getFragmentsFromArrow Input-Parameters$verbose: length = 1
[1] FALSE


getFragmentsFromArrow Input-Parameters$logFile: length = 1
[1] "ArchRLogs/ArchR-plotTSSEnrichment-dff7dbdf447-Date-2022-04-12_Time-08-35-38.log"


2022-04-12 08:35:38 : Reading Chr 1 of 1, 0 mins elapsed.
###########
2022-04-12 08:35:39 : Merging, 0.024 mins elapsed.
###########

2022-04-12 08:35:50 : pbmc_1 : Cov : chr1, Class = Rle

pbmc_1 : Cov : chr1: length = 248946292
integer-Rle of length 6 with 1 run
  Lengths: 6
  Values : 0



2022-04-12 08:35:50 : pbmc_1 : SumTSS : chr1, Class = integer

pbmc_1 : SumTSS : chr1: length = 4001
[1] 6487 6429 6123 6091 6792 6384



2022-04-12 08:35:50 : getFragmentsFromArrow Input-Parameters, Class = list

getFragmentsFromArrow Input-Parameters$ArrowFile: length = 1
                                                                                                               pbmc_1 
"/home/philipp/Bioinfo_Playground/10x_pbmc_multiome_processing_output/ConsensusQC_ArchR_PROJ/ArrowFiles/pbmc_1.arrow" 


getFragmentsFromArrow Input-Parameters$chr: length = 1
[1] "chr2"


getFragmentsFromArrow Input-Parameters$cellNames: length = 10098
[1] "pbmc_1#TAGCTAGGTTTGGGTA-1" "pbmc_1#TTGGAGGCAGGCTTCG-1" "pbmc_1#CATAGACTCCCTGGAA-1"
[4] "pbmc_1#GGTTGCGGTAAACAAG-1" "pbmc_1#GGTGAGTAGGCGTAAA-1" "pbmc_1#ATTTGCAAGCCGCAAC-1"


getFragmentsFromArrow Input-Parameters$verbose: length = 1
[1] FALSE


getFragmentsFromArrow Input-Parameters$logFile: length = 1
[1] "ArchRLogs/ArchR-plotTSSEnrichment-dff7dbdf447-Date-2022-04-12_Time-08-35-38.log"


2022-04-12 08:35:50 : Reading Chr 1 of 1, 0 mins elapsed.
###########
2022-04-12 08:35:51 : Merging, 0.021 mins elapsed.
###########

2022-04-12 08:35:59 : pbmc_1 : Cov : chr2, Class = Rle

pbmc_1 : Cov : chr2: length = 242183467
integer-Rle of length 6 with 1 run
  Lengths: 6
  Values : 0



2022-04-12 08:35:59 : pbmc_1 : SumTSS : chr2, Class = integer

pbmc_1 : SumTSS : chr2: length = 4001
[1] 11294 10922 10785 11205 11767 11168



2022-04-12 08:35:59 : getFragmentsFromArrow Input-Parameters, Class = list

getFragmentsFromArrow Input-Parameters$ArrowFile: length = 1
                                                                                                               pbmc_1 
"/home/philipp/Bioinfo_Playground/10x_pbmc_multiome_processing_output/ConsensusQC_ArchR_PROJ/ArrowFiles/pbmc_1.arrow" 


getFragmentsFromArrow Input-Parameters$chr: length = 1
[1] "chr3"


getFragmentsFromArrow Input-Parameters$cellNames: length = 10098
[1] "pbmc_1#TAGCTAGGTTTGGGTA-1" "pbmc_1#TTGGAGGCAGGCTTCG-1" "pbmc_1#CATAGACTCCCTGGAA-1"
[4] "pbmc_1#GGTTGCGGTAAACAAG-1" "pbmc_1#GGTGAGTAGGCGTAAA-1" "pbmc_1#ATTTGCAAGCCGCAAC-1"


getFragmentsFromArrow Input-Parameters$verbose: length = 1
[1] FALSE


getFragmentsFromArrow Input-Parameters$logFile: length = 1
[1] "ArchRLogs/ArchR-plotTSSEnrichment-dff7dbdf447-Date-2022-04-12_Time-08-35-38.log"


2022-04-12 08:35:59 : Reading Chr 1 of 1, 0 mins elapsed.
###########
2022-04-12 08:36:00 : Merging, 0.019 mins elapsed.
###########

2022-04-12 08:36:06 : pbmc_1 : Cov : chr3, Class = Rle

pbmc_1 : Cov : chr3: length = 198220267
integer-Rle of length 6 with 1 run
  Lengths: 6
  Values : 0



2022-04-12 08:36:07 : pbmc_1 : SumTSS : chr3, Class = integer

pbmc_1 : SumTSS : chr3: length = 4001
[1] 14947 14310 14400 14956 15098 14725



2022-04-12 08:36:07 : getFragmentsFromArrow Input-Parameters, Class = list

getFragmentsFromArrow Input-Parameters$ArrowFile: length = 1
                                                                                                               pbmc_1 
"/home/philipp/Bioinfo_Playground/10x_pbmc_multiome_processing_output/ConsensusQC_ArchR_PROJ/ArrowFiles/pbmc_1.arrow" 


getFragmentsFromArrow Input-Parameters$chr: length = 1
[1] "chr4"


getFragmentsFromArrow Input-Parameters$cellNames: length = 10098
[1] "pbmc_1#TAGCTAGGTTTGGGTA-1" "pbmc_1#TTGGAGGCAGGCTTCG-1" "pbmc_1#CATAGACTCCCTGGAA-1"
[4] "pbmc_1#GGTTGCGGTAAACAAG-1" "pbmc_1#GGTGAGTAGGCGTAAA-1" "pbmc_1#ATTTGCAAGCCGCAAC-1"


getFragmentsFromArrow Input-Parameters$verbose: length = 1
[1] FALSE


getFragmentsFromArrow Input-Parameters$logFile: length = 1
[1] "ArchRLogs/ArchR-plotTSSEnrichment-dff7dbdf447-Date-2022-04-12_Time-08-35-38.log"


2022-04-12 08:36:07 : Reading Chr 1 of 1, 0 mins elapsed.
###########
2022-04-12 08:36:08 : Merging, 0.026 mins elapsed.
###########

2022-04-12 08:36:12 : pbmc_1 : Cov : chr4, Class = Rle

pbmc_1 : Cov : chr4: length = 190204543
integer-Rle of length 6 with 1 run
  Lengths: 6
  Values : 0



2022-04-12 08:36:12 : pbmc_1 : SumTSS : chr4, Class = integer

pbmc_1 : SumTSS : chr4: length = 4001
[1] 16837 16163 16125 16696 16905 16531



2022-04-12 08:36:12 : getFragmentsFromArrow Input-Parameters, Class = list

getFragmentsFromArrow Input-Parameters$ArrowFile: length = 1
                                                                                                               pbmc_1 
"/home/philipp/Bioinfo_Playground/10x_pbmc_multiome_processing_output/ConsensusQC_ArchR_PROJ/ArrowFiles/pbmc_1.arrow" 


getFragmentsFromArrow Input-Parameters$chr: length = 1
[1] "chr5"


getFragmentsFromArrow Input-Parameters$cellNames: length = 10098
[1] "pbmc_1#TAGCTAGGTTTGGGTA-1" "pbmc_1#TTGGAGGCAGGCTTCG-1" "pbmc_1#CATAGACTCCCTGGAA-1"
[4] "pbmc_1#GGTTGCGGTAAACAAG-1" "pbmc_1#GGTGAGTAGGCGTAAA-1" "pbmc_1#ATTTGCAAGCCGCAAC-1"


getFragmentsFromArrow Input-Parameters$verbose: length = 1
[1] FALSE


getFragmentsFromArrow Input-Parameters$logFile: length = 1
[1] "ArchRLogs/ArchR-plotTSSEnrichment-dff7dbdf447-Date-2022-04-12_Time-08-35-38.log"


2022-04-12 08:36:12 : Reading Chr 1 of 1, 0 mins elapsed.
###########
2022-04-12 08:36:13 : Merging, 0.011 mins elapsed.
###########

2022-04-12 08:36:18 : pbmc_1 : Cov : chr5, Class = Rle

pbmc_1 : Cov : chr5: length = 181477980
integer-Rle of length 6 with 1 run
  Lengths: 6
  Values : 0



2022-04-12 08:36:18 : pbmc_1 : SumTSS : chr5, Class = integer

pbmc_1 : SumTSS : chr5: length = 4001
[1] 20005 18954 18608 19484 19538 19354



2022-04-12 08:36:18 : getFragmentsFromArrow Input-Parameters, Class = list

getFragmentsFromArrow Input-Parameters$ArrowFile: length = 1
                                                                                                               pbmc_1 
"/home/philipp/Bioinfo_Playground/10x_pbmc_multiome_processing_output/ConsensusQC_ArchR_PROJ/ArrowFiles/pbmc_1.arrow" 


getFragmentsFromArrow Input-Parameters$chr: length = 1
[1] "chr6"


getFragmentsFromArrow Input-Parameters$cellNames: length = 10098
[1] "pbmc_1#TAGCTAGGTTTGGGTA-1" "pbmc_1#TTGGAGGCAGGCTTCG-1" "pbmc_1#CATAGACTCCCTGGAA-1"
[4] "pbmc_1#GGTTGCGGTAAACAAG-1" "pbmc_1#GGTGAGTAGGCGTAAA-1" "pbmc_1#ATTTGCAAGCCGCAAC-1"


getFragmentsFromArrow Input-Parameters$verbose: length = 1
[1] FALSE


getFragmentsFromArrow Input-Parameters$logFile: length = 1
[1] "ArchRLogs/ArchR-plotTSSEnrichment-dff7dbdf447-Date-2022-04-12_Time-08-35-38.log"


2022-04-12 08:36:18 : Reading Chr 1 of 1, 0 mins elapsed.
###########
2022-04-12 08:36:19 : Merging, 0.017 mins elapsed.
###########

2022-04-12 08:36:25 : pbmc_1 : Cov : chr6, Class = Rle

pbmc_1 : Cov : chr6: length = 170739460
integer-Rle of length 6 with 1 run
  Lengths: 6
  Values : 0



2022-04-12 08:36:25 : pbmc_1 : SumTSS : chr6, Class = integer

pbmc_1 : SumTSS : chr6: length = 4001
[1] 23598 22544 21911 23153 23268 23154



2022-04-12 08:36:25 : getFragmentsFromArrow Input-Parameters, Class = list

getFragmentsFromArrow Input-Parameters$ArrowFile: length = 1
                                                                                                               pbmc_1 
"/home/philipp/Bioinfo_Playground/10x_pbmc_multiome_processing_output/ConsensusQC_ArchR_PROJ/ArrowFiles/pbmc_1.arrow" 


getFragmentsFromArrow Input-Parameters$chr: length = 1
[1] "chr7"


getFragmentsFromArrow Input-Parameters$cellNames: length = 10098
[1] "pbmc_1#TAGCTAGGTTTGGGTA-1" "pbmc_1#TTGGAGGCAGGCTTCG-1" "pbmc_1#CATAGACTCCCTGGAA-1"
[4] "pbmc_1#GGTTGCGGTAAACAAG-1" "pbmc_1#GGTGAGTAGGCGTAAA-1" "pbmc_1#ATTTGCAAGCCGCAAC-1"


getFragmentsFromArrow Input-Parameters$verbose: length = 1
[1] FALSE


getFragmentsFromArrow Input-Parameters$logFile: length = 1
[1] "ArchRLogs/ArchR-plotTSSEnrichment-dff7dbdf447-Date-2022-04-12_Time-08-35-38.log"


2022-04-12 08:36:25 : Reading Chr 1 of 1, 0 mins elapsed.
###########
2022-04-12 08:36:26 : Merging, 0.012 mins elapsed.
###########

2022-04-12 08:36:31 : pbmc_1 : Cov : chr7, Class = Rle

pbmc_1 : Cov : chr7: length = 159335931
integer-Rle of length 6 with 1 run
  Lengths: 6
  Values : 0



2022-04-12 08:36:31 : pbmc_1 : SumTSS : chr7, Class = integer

pbmc_1 : SumTSS : chr7: length = 4001
[1] 26430 25171 24651 25712 25956 25888



2022-04-12 08:36:31 : getFragmentsFromArrow Input-Parameters, Class = list

getFragmentsFromArrow Input-Parameters$ArrowFile: length = 1
                                                                                                               pbmc_1 
"/home/philipp/Bioinfo_Playground/10x_pbmc_multiome_processing_output/ConsensusQC_ArchR_PROJ/ArrowFiles/pbmc_1.arrow" 


getFragmentsFromArrow Input-Parameters$chr: length = 1
[1] "chr8"


getFragmentsFromArrow Input-Parameters$cellNames: length = 10098
[1] "pbmc_1#TAGCTAGGTTTGGGTA-1" "pbmc_1#TTGGAGGCAGGCTTCG-1" "pbmc_1#CATAGACTCCCTGGAA-1"
[4] "pbmc_1#GGTTGCGGTAAACAAG-1" "pbmc_1#GGTGAGTAGGCGTAAA-1" "pbmc_1#ATTTGCAAGCCGCAAC-1"


getFragmentsFromArrow Input-Parameters$verbose: length = 1
[1] FALSE


getFragmentsFromArrow Input-Parameters$logFile: length = 1
[1] "ArchRLogs/ArchR-plotTSSEnrichment-dff7dbdf447-Date-2022-04-12_Time-08-35-38.log"


2022-04-12 08:36:31 : Reading Chr 1 of 1, 0 mins elapsed.
###########
2022-04-12 08:36:31 : Merging, 0.011 mins elapsed.
###########

2022-04-12 08:36:35 : pbmc_1 : Cov : chr8, Class = Rle

pbmc_1 : Cov : chr8: length = 145076001
integer-Rle of length 6 with 1 run
  Lengths: 6
  Values : 0



2022-04-12 08:36:35 : pbmc_1 : SumTSS : chr8, Class = integer

pbmc_1 : SumTSS : chr8: length = 4001
[1] 28827 27599 27193 28019 28184 28024



2022-04-12 08:36:35 : getFragmentsFromArrow Input-Parameters, Class = list

getFragmentsFromArrow Input-Parameters$ArrowFile: length = 1
                                                                                                               pbmc_1 
"/home/philipp/Bioinfo_Playground/10x_pbmc_multiome_processing_output/ConsensusQC_ArchR_PROJ/ArrowFiles/pbmc_1.arrow" 


getFragmentsFromArrow Input-Parameters$chr: length = 1
[1] "chr9"


getFragmentsFromArrow Input-Parameters$cellNames: length = 10098
[1] "pbmc_1#TAGCTAGGTTTGGGTA-1" "pbmc_1#TTGGAGGCAGGCTTCG-1" "pbmc_1#CATAGACTCCCTGGAA-1"
[4] "pbmc_1#GGTTGCGGTAAACAAG-1" "pbmc_1#GGTGAGTAGGCGTAAA-1" "pbmc_1#ATTTGCAAGCCGCAAC-1"


getFragmentsFromArrow Input-Parameters$verbose: length = 1
[1] FALSE


getFragmentsFromArrow Input-Parameters$logFile: length = 1
[1] "ArchRLogs/ArchR-plotTSSEnrichment-dff7dbdf447-Date-2022-04-12_Time-08-35-38.log"


2022-04-12 08:36:35 : Reading Chr 1 of 1, 0 mins elapsed.
###########
2022-04-12 08:36:36 : Merging, 0.014 mins elapsed.
###########

2022-04-12 08:36:41 : pbmc_1 : Cov : chr9, Class = Rle

pbmc_1 : Cov : chr9: length = 138228039
integer-Rle of length 6 with 1 run
  Lengths: 6
  Values : 0



2022-04-12 08:36:41 : pbmc_1 : SumTSS : chr9, Class = integer

pbmc_1 : SumTSS : chr9: length = 4001
[1] 30887 29558 29352 30400 30473 30270



2022-04-12 08:36:41 : getFragmentsFromArrow Input-Parameters, Class = list

getFragmentsFromArrow Input-Parameters$ArrowFile: length = 1
                                                                                                               pbmc_1 
"/home/philipp/Bioinfo_Playground/10x_pbmc_multiome_processing_output/ConsensusQC_ArchR_PROJ/ArrowFiles/pbmc_1.arrow" 


getFragmentsFromArrow Input-Parameters$chr: length = 1
[1] "chr10"


getFragmentsFromArrow Input-Parameters$cellNames: length = 10098
[1] "pbmc_1#TAGCTAGGTTTGGGTA-1" "pbmc_1#TTGGAGGCAGGCTTCG-1" "pbmc_1#CATAGACTCCCTGGAA-1"
[4] "pbmc_1#GGTTGCGGTAAACAAG-1" "pbmc_1#GGTGAGTAGGCGTAAA-1" "pbmc_1#ATTTGCAAGCCGCAAC-1"


getFragmentsFromArrow Input-Parameters$verbose: length = 1
[1] FALSE


getFragmentsFromArrow Input-Parameters$logFile: length = 1
[1] "ArchRLogs/ArchR-plotTSSEnrichment-dff7dbdf447-Date-2022-04-12_Time-08-35-38.log"


2022-04-12 08:36:41 : Reading Chr 1 of 1, 0.001 mins elapsed.
###########
2022-04-12 08:36:41 : Merging, 0.013 mins elapsed.
###########

2022-04-12 08:36:46 : pbmc_1 : Cov : chr10, Class = Rle

pbmc_1 : Cov : chr10: length = 133787382
integer-Rle of length 6 with 1 run
  Lengths: 6
  Values : 0



2022-04-12 08:36:46 : pbmc_1 : SumTSS : chr10, Class = integer

pbmc_1 : SumTSS : chr10: length = 4001
[1] 32972 31681 31341 32341 32663 32366



2022-04-12 08:36:46 : getFragmentsFromArrow Input-Parameters, Class = list

getFragmentsFromArrow Input-Parameters$ArrowFile: length = 1
                                                                                                               pbmc_1 
"/home/philipp/Bioinfo_Playground/10x_pbmc_multiome_processing_output/ConsensusQC_ArchR_PROJ/ArrowFiles/pbmc_1.arrow" 


getFragmentsFromArrow Input-Parameters$chr: length = 1
[1] "chr11"


getFragmentsFromArrow Input-Parameters$cellNames: length = 10098
[1] "pbmc_1#TAGCTAGGTTTGGGTA-1" "pbmc_1#TTGGAGGCAGGCTTCG-1" "pbmc_1#CATAGACTCCCTGGAA-1"
[4] "pbmc_1#GGTTGCGGTAAACAAG-1" "pbmc_1#GGTGAGTAGGCGTAAA-1" "pbmc_1#ATTTGCAAGCCGCAAC-1"


getFragmentsFromArrow Input-Parameters$verbose: length = 1
[1] FALSE


getFragmentsFromArrow Input-Parameters$logFile: length = 1
[1] "ArchRLogs/ArchR-plotTSSEnrichment-dff7dbdf447-Date-2022-04-12_Time-08-35-38.log"


2022-04-12 08:36:46 : Reading Chr 1 of 1, 0 mins elapsed.
###########
2022-04-12 08:36:47 : Merging, 0.014 mins elapsed.
###########

2022-04-12 08:36:52 : pbmc_1 : Cov : chr11, Class = Rle

pbmc_1 : Cov : chr11: length = 135076613
integer-Rle of length 6 with 1 run
  Lengths: 6
  Values : 0



2022-04-12 08:36:52 : pbmc_1 : SumTSS : chr11, Class = integer

pbmc_1 : SumTSS : chr11: length = 4001
[1] 39389 37942 37678 38780 39255 38619



2022-04-12 08:36:52 : getFragmentsFromArrow Input-Parameters, Class = list

getFragmentsFromArrow Input-Parameters$ArrowFile: length = 1
                                                                                                               pbmc_1 
"/home/philipp/Bioinfo_Playground/10x_pbmc_multiome_processing_output/ConsensusQC_ArchR_PROJ/ArrowFiles/pbmc_1.arrow" 


getFragmentsFromArrow Input-Parameters$chr: length = 1
[1] "chr12"


getFragmentsFromArrow Input-Parameters$cellNames: length = 10098
[1] "pbmc_1#TAGCTAGGTTTGGGTA-1" "pbmc_1#TTGGAGGCAGGCTTCG-1" "pbmc_1#CATAGACTCCCTGGAA-1"
[4] "pbmc_1#GGTTGCGGTAAACAAG-1" "pbmc_1#GGTGAGTAGGCGTAAA-1" "pbmc_1#ATTTGCAAGCCGCAAC-1"


getFragmentsFromArrow Input-Parameters$verbose: length = 1
[1] FALSE


getFragmentsFromArrow Input-Parameters$logFile: length = 1
[1] "ArchRLogs/ArchR-plotTSSEnrichment-dff7dbdf447-Date-2022-04-12_Time-08-35-38.log"


2022-04-12 08:36:52 : Reading Chr 1 of 1, 0 mins elapsed.
###########
2022-04-12 08:36:53 : Merging, 0.017 mins elapsed.
###########

2022-04-12 08:36:59 : pbmc_1 : Cov : chr12, Class = Rle

pbmc_1 : Cov : chr12: length = 133265307
integer-Rle of length 6 with 1 run
  Lengths: 6
  Values : 0



2022-04-12 08:37:00 : pbmc_1 : SumTSS : chr12, Class = integer

pbmc_1 : SumTSS : chr12: length = 4001
[1] 43533 42243 42122 43408 43913 43082



2022-04-12 08:37:00 : getFragmentsFromArrow Input-Parameters, Class = list

getFragmentsFromArrow Input-Parameters$ArrowFile: length = 1
                                                                                                               pbmc_1 
"/home/philipp/Bioinfo_Playground/10x_pbmc_multiome_processing_output/ConsensusQC_ArchR_PROJ/ArrowFiles/pbmc_1.arrow" 


getFragmentsFromArrow Input-Parameters$chr: length = 1
[1] "chr13"


getFragmentsFromArrow Input-Parameters$cellNames: length = 10098
[1] "pbmc_1#TAGCTAGGTTTGGGTA-1" "pbmc_1#TTGGAGGCAGGCTTCG-1" "pbmc_1#CATAGACTCCCTGGAA-1"
[4] "pbmc_1#GGTTGCGGTAAACAAG-1" "pbmc_1#GGTGAGTAGGCGTAAA-1" "pbmc_1#ATTTGCAAGCCGCAAC-1"


getFragmentsFromArrow Input-Parameters$verbose: length = 1
[1] FALSE


getFragmentsFromArrow Input-Parameters$logFile: length = 1
[1] "ArchRLogs/ArchR-plotTSSEnrichment-dff7dbdf447-Date-2022-04-12_Time-08-35-38.log"


2022-04-12 08:37:00 : Reading Chr 1 of 1, 0 mins elapsed.
###########
2022-04-12 08:37:00 : Merging, 0.006 mins elapsed.
###########

2022-04-12 08:37:02 : pbmc_1 : Cov : chr13, Class = Rle

pbmc_1 : Cov : chr13: length = 114354208
integer-Rle of length 6 with 1 run
  Lengths: 6
  Values : 0



2022-04-12 08:37:02 : pbmc_1 : SumTSS : chr13, Class = integer

pbmc_1 : SumTSS : chr13: length = 4001
[1] 44549 43353 43190 44404 44835 43946



2022-04-12 08:37:02 : getFragmentsFromArrow Input-Parameters, Class = list

getFragmentsFromArrow Input-Parameters$ArrowFile: length = 1
                                                                                                               pbmc_1 
"/home/philipp/Bioinfo_Playground/10x_pbmc_multiome_processing_output/ConsensusQC_ArchR_PROJ/ArrowFiles/pbmc_1.arrow" 


getFragmentsFromArrow Input-Parameters$chr: length = 1
[1] "chr14"


getFragmentsFromArrow Input-Parameters$cellNames: length = 10098
[1] "pbmc_1#TAGCTAGGTTTGGGTA-1" "pbmc_1#TTGGAGGCAGGCTTCG-1" "pbmc_1#CATAGACTCCCTGGAA-1"
[4] "pbmc_1#GGTTGCGGTAAACAAG-1" "pbmc_1#GGTGAGTAGGCGTAAA-1" "pbmc_1#ATTTGCAAGCCGCAAC-1"


getFragmentsFromArrow Input-Parameters$verbose: length = 1
[1] FALSE


getFragmentsFromArrow Input-Parameters$logFile: length = 1
[1] "ArchRLogs/ArchR-plotTSSEnrichment-dff7dbdf447-Date-2022-04-12_Time-08-35-38.log"


2022-04-12 08:37:02 : Reading Chr 1 of 1, 0 mins elapsed.
###########
2022-04-12 08:37:03 : Merging, 0.009 mins elapsed.
###########

2022-04-12 08:37:07 : pbmc_1 : Cov : chr14, Class = Rle

pbmc_1 : Cov : chr14: length = 106883743
integer-Rle of length 6 with 1 run
  Lengths: 6
  Values : 0



2022-04-12 08:37:07 : pbmc_1 : SumTSS : chr14, Class = integer

pbmc_1 : SumTSS : chr14: length = 4001
[1] 47341 46213 45880 46995 47586 46766



2022-04-12 08:37:07 : getFragmentsFromArrow Input-Parameters, Class = list

getFragmentsFromArrow Input-Parameters$ArrowFile: length = 1
                                                                                                               pbmc_1 
"/home/philipp/Bioinfo_Playground/10x_pbmc_multiome_processing_output/ConsensusQC_ArchR_PROJ/ArrowFiles/pbmc_1.arrow" 


getFragmentsFromArrow Input-Parameters$chr: length = 1
[1] "chr15"


getFragmentsFromArrow Input-Parameters$cellNames: length = 10098
[1] "pbmc_1#TAGCTAGGTTTGGGTA-1" "pbmc_1#TTGGAGGCAGGCTTCG-1" "pbmc_1#CATAGACTCCCTGGAA-1"
[4] "pbmc_1#GGTTGCGGTAAACAAG-1" "pbmc_1#GGTGAGTAGGCGTAAA-1" "pbmc_1#ATTTGCAAGCCGCAAC-1"


getFragmentsFromArrow Input-Parameters$verbose: length = 1
[1] FALSE


getFragmentsFromArrow Input-Parameters$logFile: length = 1
[1] "ArchRLogs/ArchR-plotTSSEnrichment-dff7dbdf447-Date-2022-04-12_Time-08-35-38.log"


2022-04-12 08:37:07 : Reading Chr 1 of 1, 0 mins elapsed.
###########
2022-04-12 08:37:07 : Merging, 0.009 mins elapsed.
###########

2022-04-12 08:37:10 : pbmc_1 : Cov : chr15, Class = Rle

pbmc_1 : Cov : chr15: length = 101981182
integer-Rle of length 6 with 1 run
  Lengths: 6
  Values : 0



2022-04-12 08:37:10 : pbmc_1 : SumTSS : chr15, Class = integer

pbmc_1 : SumTSS : chr15: length = 4001
[1] 49399 48463 48104 49198 49774 48917



2022-04-12 08:37:10 : getFragmentsFromArrow Input-Parameters, Class = list

getFragmentsFromArrow Input-Parameters$ArrowFile: length = 1
                                                                                                               pbmc_1 
"/home/philipp/Bioinfo_Playground/10x_pbmc_multiome_processing_output/ConsensusQC_ArchR_PROJ/ArrowFiles/pbmc_1.arrow" 


getFragmentsFromArrow Input-Parameters$chr: length = 1
[1] "chr16"


getFragmentsFromArrow Input-Parameters$cellNames: length = 10098
[1] "pbmc_1#TAGCTAGGTTTGGGTA-1" "pbmc_1#TTGGAGGCAGGCTTCG-1" "pbmc_1#CATAGACTCCCTGGAA-1"
[4] "pbmc_1#GGTTGCGGTAAACAAG-1" "pbmc_1#GGTGAGTAGGCGTAAA-1" "pbmc_1#ATTTGCAAGCCGCAAC-1"


getFragmentsFromArrow Input-Parameters$verbose: length = 1
[1] FALSE


getFragmentsFromArrow Input-Parameters$logFile: length = 1
[1] "ArchRLogs/ArchR-plotTSSEnrichment-dff7dbdf447-Date-2022-04-12_Time-08-35-38.log"


2022-04-12 08:37:10 : Reading Chr 1 of 1, 0 mins elapsed.
###########
2022-04-12 08:37:11 : Merging, 0.014 mins elapsed.
###########

2022-04-12 08:37:16 : pbmc_1 : Cov : chr16, Class = Rle

pbmc_1 : Cov : chr16: length = 90224792
integer-Rle of length 6 with 1 run
  Lengths: 6
  Values : 0



2022-04-12 08:37:16 : pbmc_1 : SumTSS : chr16, Class = integer

pbmc_1 : SumTSS : chr16: length = 4001
[1] 54166 52947 52487 53646 54892 53722



2022-04-12 08:37:16 : getFragmentsFromArrow Input-Parameters, Class = list

getFragmentsFromArrow Input-Parameters$ArrowFile: length = 1
                                                                                                               pbmc_1 
"/home/philipp/Bioinfo_Playground/10x_pbmc_multiome_processing_output/ConsensusQC_ArchR_PROJ/ArrowFiles/pbmc_1.arrow" 


getFragmentsFromArrow Input-Parameters$chr: length = 1
[1] "chr17"


getFragmentsFromArrow Input-Parameters$cellNames: length = 10098
[1] "pbmc_1#TAGCTAGGTTTGGGTA-1" "pbmc_1#TTGGAGGCAGGCTTCG-1" "pbmc_1#CATAGACTCCCTGGAA-1"
[4] "pbmc_1#GGTTGCGGTAAACAAG-1" "pbmc_1#GGTGAGTAGGCGTAAA-1" "pbmc_1#ATTTGCAAGCCGCAAC-1"


getFragmentsFromArrow Input-Parameters$verbose: length = 1
[1] FALSE


getFragmentsFromArrow Input-Parameters$logFile: length = 1
[1] "ArchRLogs/ArchR-plotTSSEnrichment-dff7dbdf447-Date-2022-04-12_Time-08-35-38.log"


2022-04-12 08:37:16 : Reading Chr 1 of 1, 0 mins elapsed.
###########
2022-04-12 08:37:17 : Merging, 0.017 mins elapsed.
###########

2022-04-12 08:37:23 : pbmc_1 : Cov : chr17, Class = Rle

pbmc_1 : Cov : chr17: length = 83247387
integer-Rle of length 6 with 1 run
  Lengths: 6
  Values : 0



2022-04-12 08:37:24 : pbmc_1 : SumTSS : chr17, Class = integer

pbmc_1 : SumTSS : chr17: length = 4001
[1] 60555 59374 58914 60154 61763 60233



2022-04-12 08:37:24 : getFragmentsFromArrow Input-Parameters, Class = list

getFragmentsFromArrow Input-Parameters$ArrowFile: length = 1
                                                                                                               pbmc_1 
"/home/philipp/Bioinfo_Playground/10x_pbmc_multiome_processing_output/ConsensusQC_ArchR_PROJ/ArrowFiles/pbmc_1.arrow" 


getFragmentsFromArrow Input-Parameters$chr: length = 1
[1] "chr18"


getFragmentsFromArrow Input-Parameters$cellNames: length = 10098
[1] "pbmc_1#TAGCTAGGTTTGGGTA-1" "pbmc_1#TTGGAGGCAGGCTTCG-1" "pbmc_1#CATAGACTCCCTGGAA-1"
[4] "pbmc_1#GGTTGCGGTAAACAAG-1" "pbmc_1#GGTGAGTAGGCGTAAA-1" "pbmc_1#ATTTGCAAGCCGCAAC-1"


getFragmentsFromArrow Input-Parameters$verbose: length = 1
[1] FALSE


getFragmentsFromArrow Input-Parameters$logFile: length = 1
[1] "ArchRLogs/ArchR-plotTSSEnrichment-dff7dbdf447-Date-2022-04-12_Time-08-35-38.log"


2022-04-12 08:37:24 : Reading Chr 1 of 1, 0 mins elapsed.
###########
2022-04-12 08:37:24 : Merging, 0.004 mins elapsed.
###########

2022-04-12 08:37:26 : pbmc_1 : Cov : chr18, Class = Rle

pbmc_1 : Cov : chr18: length = 80263214
integer-Rle of length 6 with 1 run
  Lengths: 6
  Values : 0



2022-04-12 08:37:26 : pbmc_1 : SumTSS : chr18, Class = integer

pbmc_1 : SumTSS : chr18: length = 4001
[1] 61415 60490 59903 61046 62684 61032



2022-04-12 08:37:26 : getFragmentsFromArrow Input-Parameters, Class = list

getFragmentsFromArrow Input-Parameters$ArrowFile: length = 1
                                                                                                               pbmc_1 
"/home/philipp/Bioinfo_Playground/10x_pbmc_multiome_processing_output/ConsensusQC_ArchR_PROJ/ArrowFiles/pbmc_1.arrow" 


getFragmentsFromArrow Input-Parameters$chr: length = 1
[1] "chr19"


getFragmentsFromArrow Input-Parameters$cellNames: length = 10098
[1] "pbmc_1#TAGCTAGGTTTGGGTA-1" "pbmc_1#TTGGAGGCAGGCTTCG-1" "pbmc_1#CATAGACTCCCTGGAA-1"
[4] "pbmc_1#GGTTGCGGTAAACAAG-1" "pbmc_1#GGTGAGTAGGCGTAAA-1" "pbmc_1#ATTTGCAAGCCGCAAC-1"


getFragmentsFromArrow Input-Parameters$verbose: length = 1
[1] FALSE


getFragmentsFromArrow Input-Parameters$logFile: length = 1
[1] "ArchRLogs/ArchR-plotTSSEnrichment-dff7dbdf447-Date-2022-04-12_Time-08-35-38.log"


2022-04-12 08:37:26 : Reading Chr 1 of 1, 0 mins elapsed.
###########
2022-04-12 08:37:27 : Merging, 0.017 mins elapsed.
###########

2022-04-12 08:37:31 : pbmc_1 : Cov : chr19, Class = Rle

pbmc_1 : Cov : chr19: length = 58607586
integer-Rle of length 6 with 1 run
  Lengths: 6
  Values : 0



2022-04-12 08:37:31 : pbmc_1 : SumTSS : chr19, Class = integer

pbmc_1 : SumTSS : chr19: length = 4001
[1] 70735 69843 69103 69965 71692 69869



2022-04-12 08:37:31 : getFragmentsFromArrow Input-Parameters, Class = list

getFragmentsFromArrow Input-Parameters$ArrowFile: length = 1
                                                                                                               pbmc_1 
"/home/philipp/Bioinfo_Playground/10x_pbmc_multiome_processing_output/ConsensusQC_ArchR_PROJ/ArrowFiles/pbmc_1.arrow" 


getFragmentsFromArrow Input-Parameters$chr: length = 1
[1] "chr20"


getFragmentsFromArrow Input-Parameters$cellNames: length = 10098
[1] "pbmc_1#TAGCTAGGTTTGGGTA-1" "pbmc_1#TTGGAGGCAGGCTTCG-1" "pbmc_1#CATAGACTCCCTGGAA-1"
[4] "pbmc_1#GGTTGCGGTAAACAAG-1" "pbmc_1#GGTGAGTAGGCGTAAA-1" "pbmc_1#ATTTGCAAGCCGCAAC-1"


getFragmentsFromArrow Input-Parameters$verbose: length = 1
[1] FALSE


getFragmentsFromArrow Input-Parameters$logFile: length = 1
[1] "ArchRLogs/ArchR-plotTSSEnrichment-dff7dbdf447-Date-2022-04-12_Time-08-35-38.log"


2022-04-12 08:37:31 : Reading Chr 1 of 1, 0 mins elapsed.
###########
2022-04-12 08:37:32 : Merging, 0.009 mins elapsed.
###########

2022-04-12 08:37:35 : pbmc_1 : Cov : chr20, Class = Rle

pbmc_1 : Cov : chr20: length = 64333285
integer-Rle of length 6 with 1 run
  Lengths: 6
  Values : 0



2022-04-12 08:37:35 : pbmc_1 : SumTSS : chr20, Class = integer

pbmc_1 : SumTSS : chr20: length = 4001
[1] 72267 71499 70796 71528 73387 71495



2022-04-12 08:37:35 : getFragmentsFromArrow Input-Parameters, Class = list

getFragmentsFromArrow Input-Parameters$ArrowFile: length = 1
                                                                                                               pbmc_1 
"/home/philipp/Bioinfo_Playground/10x_pbmc_multiome_processing_output/ConsensusQC_ArchR_PROJ/ArrowFiles/pbmc_1.arrow" 


getFragmentsFromArrow Input-Parameters$chr: length = 1
[1] "chr21"


getFragmentsFromArrow Input-Parameters$cellNames: length = 10098
[1] "pbmc_1#TAGCTAGGTTTGGGTA-1" "pbmc_1#TTGGAGGCAGGCTTCG-1" "pbmc_1#CATAGACTCCCTGGAA-1"
[4] "pbmc_1#GGTTGCGGTAAACAAG-1" "pbmc_1#GGTGAGTAGGCGTAAA-1" "pbmc_1#ATTTGCAAGCCGCAAC-1"


getFragmentsFromArrow Input-Parameters$verbose: length = 1
[1] FALSE


getFragmentsFromArrow Input-Parameters$logFile: length = 1
[1] "ArchRLogs/ArchR-plotTSSEnrichment-dff7dbdf447-Date-2022-04-12_Time-08-35-38.log"


2022-04-12 08:37:35 : Reading Chr 1 of 1, 0 mins elapsed.
###########
2022-04-12 08:37:35 : Merging, 0.007 mins elapsed.
###########

2022-04-12 08:37:37 : pbmc_1 : Cov : chr21, Class = Rle

pbmc_1 : Cov : chr21: length = 46699978
integer-Rle of length 6 with 1 run
  Lengths: 6
  Values : 0



2022-04-12 08:37:37 : pbmc_1 : SumTSS : chr21, Class = integer

pbmc_1 : SumTSS : chr21: length = 4001
[1] 72844 71997 71296 72146 73880 72091



2022-04-12 08:37:37 : getFragmentsFromArrow Input-Parameters, Class = list

getFragmentsFromArrow Input-Parameters$ArrowFile: length = 1
                                                                                                               pbmc_1 
"/home/philipp/Bioinfo_Playground/10x_pbmc_multiome_processing_output/ConsensusQC_ArchR_PROJ/ArrowFiles/pbmc_1.arrow" 


getFragmentsFromArrow Input-Parameters$chr: length = 1
[1] "chr22"


getFragmentsFromArrow Input-Parameters$cellNames: length = 10098
[1] "pbmc_1#TAGCTAGGTTTGGGTA-1" "pbmc_1#TTGGAGGCAGGCTTCG-1" "pbmc_1#CATAGACTCCCTGGAA-1"
[4] "pbmc_1#GGTTGCGGTAAACAAG-1" "pbmc_1#GGTGAGTAGGCGTAAA-1" "pbmc_1#ATTTGCAAGCCGCAAC-1"


getFragmentsFromArrow Input-Parameters$verbose: length = 1
[1] FALSE


getFragmentsFromArrow Input-Parameters$logFile: length = 1
[1] "ArchRLogs/ArchR-plotTSSEnrichment-dff7dbdf447-Date-2022-04-12_Time-08-35-38.log"


2022-04-12 08:37:37 : Reading Chr 1 of 1, 0 mins elapsed.
###########
2022-04-12 08:37:37 : Merging, 0.007 mins elapsed.
###########

2022-04-12 08:37:40 : pbmc_1 : Cov : chr22, Class = Rle

pbmc_1 : Cov : chr22: length = 50808425
integer-Rle of length 6 with 1 run
  Lengths: 6
  Values : 0



2022-04-12 08:37:40 : pbmc_1 : SumTSS : chr22, Class = integer

pbmc_1 : SumTSS : chr22: length = 4001
[1] 74539 73845 72967 73922 75580 73789



2022-04-12 08:37:40 : getFragmentsFromArrow Input-Parameters, Class = list

getFragmentsFromArrow Input-Parameters$ArrowFile: length = 1
                                                                                                               pbmc_1 
"/home/philipp/Bioinfo_Playground/10x_pbmc_multiome_processing_output/ConsensusQC_ArchR_PROJ/ArrowFiles/pbmc_1.arrow" 


getFragmentsFromArrow Input-Parameters$chr: length = 1
[1] "chrX"


getFragmentsFromArrow Input-Parameters$cellNames: length = 10098
[1] "pbmc_1#TAGCTAGGTTTGGGTA-1" "pbmc_1#TTGGAGGCAGGCTTCG-1" "pbmc_1#CATAGACTCCCTGGAA-1"
[4] "pbmc_1#GGTTGCGGTAAACAAG-1" "pbmc_1#GGTGAGTAGGCGTAAA-1" "pbmc_1#ATTTGCAAGCCGCAAC-1"


getFragmentsFromArrow Input-Parameters$verbose: length = 1
[1] FALSE


getFragmentsFromArrow Input-Parameters$logFile: length = 1
[1] "ArchRLogs/ArchR-plotTSSEnrichment-dff7dbdf447-Date-2022-04-12_Time-08-35-38.log"


2022-04-12 08:37:40 : Reading Chr 1 of 1, 0 mins elapsed.
###########
2022-04-12 08:37:40 : Merging, 0.007 mins elapsed.
###########

2022-04-12 08:37:43 : pbmc_1 : Cov : chrX, Class = Rle

pbmc_1 : Cov : chrX: length = 156030794
integer-Rle of length 6 with 1 run
  Lengths: 6
  Values : 0



2022-04-12 08:37:43 : pbmc_1 : SumTSS : chrX, Class = integer

pbmc_1 : SumTSS : chrX: length = 4001
[1] 75790 75234 74212 75120 76948 75027



2022-04-12 08:37:43 : getFragmentsFromArrow Input-Parameters, Class = list

getFragmentsFromArrow Input-Parameters$ArrowFile: length = 1
                                                                                                               pbmc_1 
"/home/philipp/Bioinfo_Playground/10x_pbmc_multiome_processing_output/ConsensusQC_ArchR_PROJ/ArrowFiles/pbmc_1.arrow" 


getFragmentsFromArrow Input-Parameters$chr: length = 1
[1] "chrY"


getFragmentsFromArrow Input-Parameters$cellNames: length = 10098
[1] "pbmc_1#TAGCTAGGTTTGGGTA-1" "pbmc_1#TTGGAGGCAGGCTTCG-1" "pbmc_1#CATAGACTCCCTGGAA-1"
[4] "pbmc_1#GGTTGCGGTAAACAAG-1" "pbmc_1#GGTGAGTAGGCGTAAA-1" "pbmc_1#ATTTGCAAGCCGCAAC-1"


getFragmentsFromArrow Input-Parameters$verbose: length = 1
[1] FALSE


getFragmentsFromArrow Input-Parameters$logFile: length = 1
[1] "ArchRLogs/ArchR-plotTSSEnrichment-dff7dbdf447-Date-2022-04-12_Time-08-35-38.log"


2022-04-12 08:37:43 : Reading Chr 1 of 1, 0 mins elapsed.
###########
2022-04-12 08:37:43 : Merging, 0.001 mins elapsed.
###########

2022-04-12 08:37:43 : pbmc_1 : Cov : chrY, Class = Rle

pbmc_1 : Cov : chrY: length = 56885271
integer-Rle of length 6 with 1 run
  Lengths: 6
  Values : 0



2022-04-12 08:37:43 : pbmc_1 : SumTSS : chrY, Class = integer

pbmc_1 : SumTSS : chrY: length = 4001
[1] 75790 75234 74212 75120 76948 75027



2022-04-12 08:37:43 : pbmc_1 : TSSDf, Class = DFrame
DataFrame with 4001 rows and 5 columns
           group         x     value normValue smoothValue
     <character> <numeric> <integer> <numeric>   <numeric>
1         pbmc_1     -2000     75790   1.17785     1.16676
2         pbmc_1     -1999     75234   1.16921     1.16676
3         pbmc_1     -1998     74212   1.15332     1.16676
4         pbmc_1     -1997     75120   1.16743     1.16676
5         pbmc_1     -1996     76948   1.19584     1.16676
...          ...       ...       ...       ...         ...
3997      pbmc_1      1996     50774  0.789075    0.811726
3998      pbmc_1      1997     52209  0.811376    0.811726
3999      pbmc_1      1998     52065  0.809138    0.811726
4000      pbmc_1      1999     53472  0.831004    0.811726
4001      pbmc_1      2000     52507  0.816007    0.811726

2022-04-12 08:37:43 : pbmc_1 Finished Computing TSS (1 of 1)!, 2.093 mins elapsed.

2022-04-12 08:37:43 : All : TSSDf, Class = DFrame
DataFrame with 4001 rows and 5 columns
           group         x     value normValue smoothValue
     <character> <numeric> <integer> <numeric>   <numeric>
1         pbmc_1     -2000     75790   1.17785     1.16676
2         pbmc_1     -1999     75234   1.16921     1.16676
3         pbmc_1     -1998     74212   1.15332     1.16676
4         pbmc_1     -1997     75120   1.16743     1.16676
5         pbmc_1     -1996     76948   1.19584     1.16676
...          ...       ...       ...       ...         ...
3997      pbmc_1      1996     50774  0.789075    0.811726
3998      pbmc_1      1997     52209  0.811376    0.811726
3999      pbmc_1      1998     52065  0.809138    0.811726
4000      pbmc_1      1999     53472  0.831004    0.811726
4001      pbmc_1      2000     52507  0.816007    0.811726


------- Completed

End Time : 2022-04-12 08:37:43
Elapsed Time Minutes = 2.09389907121658
Elapsed Time Hours = 0.0348983477221595

-------



